This is pdfTeX, Version 3.141592653-2.6-1.40.25 (TeX Live 2023/Debian) (preloaded format=pdflatex 2025.11.27)  12 MAY 2026 19:33
entering extended mode
 restricted \write18 enabled.
 %&-line parsing enabled.
**Lecture_Note_on_Precision_Physics_at_the_FCC_updated.tex
(./Lecture_Note_on_Precision_Physics_at_the_FCC_updated.tex
LaTeX2e <2023-11-01> patch level 1
L3 programming layer <2024-01-22>
(/usr/share/texlive/texmf-dist/tex/latex/base/article.cls
Document Class: article 2023/05/17 v1.4n Standard LaTeX document class
(/usr/share/texlive/texmf-dist/tex/latex/base/size11.clo
File: size11.clo 2023/05/17 v1.4n Standard LaTeX file (size option)
)
\c@part=\count187
\c@section=\count188
\c@subsection=\count189
\c@subsubsection=\count190
\c@paragraph=\count191
\c@subparagraph=\count192
\c@figure=\count193
\c@table=\count194
\abovecaptionskip=\skip48
\belowcaptionskip=\skip49
\bibindent=\dimen140
)
(/usr/share/texlive/texmf-dist/tex/latex/geometry/geometry.sty
Package: geometry 2020/01/02 v5.9 Page Geometry

(/usr/share/texlive/texmf-dist/tex/latex/graphics/keyval.sty
Package: keyval 2022/05/29 v1.15 key=value parser (DPC)
\KV@toks@=\toks17
)
(/usr/share/texlive/texmf-dist/tex/generic/iftex/ifvtex.sty
Package: ifvtex 2019/10/25 v1.7 ifvtex legacy package. Use iftex instead.

(/usr/share/texlive/texmf-dist/tex/generic/iftex/iftex.sty
Package: iftex 2022/02/03 v1.0f TeX engine tests
))
\Gm@cnth=\count195
\Gm@cntv=\count196
\c@Gm@tempcnt=\count197
\Gm@bindingoffset=\dimen141
\Gm@wd@mp=\dimen142
\Gm@odd@mp=\dimen143
\Gm@even@mp=\dimen144
\Gm@layoutwidth=\dimen145
\Gm@layoutheight=\dimen146
\Gm@layouthoffset=\dimen147
\Gm@layoutvoffset=\dimen148
\Gm@dimlist=\toks18
)
(/usr/share/texlive/texmf-dist/tex/latex/base/fontenc.sty
Package: fontenc 2021/04/29 v2.0v Standard LaTeX package
)
(/usr/share/texlive/texmf-dist/tex/latex/base/inputenc.sty
Package: inputenc 2021/02/14 v1.3d Input encoding file
\inpenc@prehook=\toks19
\inpenc@posthook=\toks20
)
(/usr/share/texlive/texmf-dist/tex/latex/newtx/newtxtext.sty
Package: newtxtext 2024/01/11 v1.737(Michael Sharpe) latex and unicode latex su
pport for TeXGyreTermesX

`newtxtext' v1.737, 2024/01/11 Text macros taking advantage of TeXGyre Termes a
nd its extensions (msharpe)
(/usr/share/texlive/texmf-dist/tex/latex/xpatch/xpatch.sty
(/usr/share/texlive/texmf-dist/tex/latex/l3kernel/expl3.sty
Package: expl3 2024-01-22 L3 programming layer (loader) 

(/usr/share/texlive/texmf-dist/tex/latex/l3backend/l3backend-pdftex.def
File: l3backend-pdftex.def 2024-01-04 L3 backend support: PDF output (pdfTeX)
\l__color_backend_stack_int=\count198
\l__pdf_internal_box=\box51
))
Package: xpatch 2020/03/25 v0.3a Extending etoolbox patching commands

(/usr/share/texlive/texmf-dist/tex/latex/l3packages/xparse/xparse.sty
Package: xparse 2023-10-10 L3 Experimental document command parser
)
(/usr/share/texlive/texmf-dist/tex/latex/etoolbox/etoolbox.sty
Package: etoolbox 2020/10/05 v2.5k e-TeX tools for LaTeX (JAW)
\etb@tempcnta=\count199
))
(/usr/share/texlive/texmf-dist/tex/latex/xcolor/xcolor.sty
Package: xcolor 2023/11/15 v3.01 LaTeX color extensions (UK)

(/usr/share/texlive/texmf-dist/tex/latex/graphics-cfg/color.cfg
File: color.cfg 2016/01/02 v1.6 sample color configuration
)
Package xcolor Info: Driver file: pdftex.def on input line 274.

(/usr/share/texlive/texmf-dist/tex/latex/graphics-def/pdftex.def
File: pdftex.def 2022/09/22 v1.2b Graphics/color driver for pdftex
)
(/usr/share/texlive/texmf-dist/tex/latex/graphics/mathcolor.ltx)
Package xcolor Info: Model `cmy' substituted by `cmy0' on input line 1350.
Package xcolor Info: Model `hsb' substituted by `rgb' on input line 1354.
Package xcolor Info: Model `RGB' extended on input line 1366.
Package xcolor Info: Model `HTML' substituted by `rgb' on input line 1368.
Package xcolor Info: Model `Hsb' substituted by `hsb' on input line 1369.
Package xcolor Info: Model `tHsb' substituted by `hsb' on input line 1370.
Package xcolor Info: Model `HSB' substituted by `hsb' on input line 1371.
Package xcolor Info: Model `Gray' substituted by `gray' on input line 1372.
Package xcolor Info: Model `wave' substituted by `hsb' on input line 1373.
)
(/usr/share/texlive/texmf-dist/tex/latex/xkeyval/xkeyval.sty
Package: xkeyval 2022/06/16 v2.9 package option processing (HA)

(/usr/share/texlive/texmf-dist/tex/generic/xkeyval/xkeyval.tex
(/usr/share/texlive/texmf-dist/tex/generic/xkeyval/xkvutils.tex
\XKV@toks=\toks21
\XKV@tempa@toks=\toks22
)
\XKV@depth=\count266
File: xkeyval.tex 2014/12/03 v2.7a key=value parser (HA)
))
(/usr/share/texlive/texmf-dist/tex/latex/base/textcomp.sty
Package: textcomp 2020/02/02 v2.0n Standard LaTeX package
)
(/usr/share/texlive/texmf-dist/tex/generic/xstring/xstring.sty
(/usr/share/texlive/texmf-dist/tex/generic/xstring/xstring.tex
\xs_counta=\count267
\xs_countb=\count268
)
Package: xstring 2023/08/22 v1.86 String manipulations (CT)
)
(/usr/share/texlive/texmf-dist/tex/latex/base/ifthen.sty
Package: ifthen 2022/04/13 v1.1d Standard LaTeX ifthen package (DPC)
)
(/usr/share/texlive/texmf-dist/tex/latex/carlisle/scalefnt.sty)
LaTeX Font Info:    Setting ntxLF sub-encoding to TS1/0 on input line 24.
LaTeX Font Info:    Setting ntxTLF sub-encoding to TS1/0 on input line 24.
LaTeX Font Info:    Setting ntxOsF sub-encoding to TS1/0 on input line 24.
LaTeX Font Info:    Setting ntxTOsF sub-encoding to TS1/0 on input line 24.

(/usr/share/texlive/texmf-dist/tex/generic/kastrup/binhex.tex)
\ntx@tmpcnta=\count269
\ntx@cnt=\count270

(/usr/share/texlive/texmf-dist/tex/latex/fontaxes/fontaxes.sty
Package: fontaxes 2020/07/21 v1.0e Font selection axes
LaTeX Info: Redefining \upshape on input line 29.
LaTeX Info: Redefining \itshape on input line 31.
LaTeX Info: Redefining \slshape on input line 33.
LaTeX Info: Redefining \swshape on input line 35.
LaTeX Info: Redefining \scshape on input line 37.
LaTeX Info: Redefining \sscshape on input line 39.
LaTeX Info: Redefining \ulcshape on input line 41.
LaTeX Info: Redefining \textsw on input line 47.
LaTeX Info: Redefining \textssc on input line 48.
LaTeX Info: Redefining \textulc on input line 49.
)
\tx@sixem=\dimen149
\tx@y=\dimen150
\tx@x=\dimen151
\tx@tmpdima=\dimen152
\tx@tmpdimb=\dimen153
\tx@tmpdimc=\dimen154
\tx@tmpdimd=\dimen155
\tx@tmpdime=\dimen156
\tx@tmpdimf=\dimen157
\tx@dimA=\dimen158
\tx@dimAA=\dimen159
\tx@dimB=\dimen160
\tx@dimBB=\dimen161
\tx@dimC=\dimen162
LaTeX Info: Redefining \oldstylenums on input line 893.
)
(/usr/share/texlive/texmf-dist/tex/latex/newtx/newtxmath.sty
Package: newtxmath 2023/11/05 v1.732

`newtxmath' v1.732, 2023/11/05 Math macros based originally on txfonts (msharpe
) (/usr/share/texlive/texmf-dist/tex/latex/amsmath/amsmath.sty
Package: amsmath 2023/05/13 v2.17o AMS math features
\@mathmargin=\skip50

For additional information on amsmath, use the `?' option.
(/usr/share/texlive/texmf-dist/tex/latex/amsmath/amstext.sty
Package: amstext 2021/08/26 v2.01 AMS text

(/usr/share/texlive/texmf-dist/tex/latex/amsmath/amsgen.sty
File: amsgen.sty 1999/11/30 v2.0 generic functions
\@emptytoks=\toks23
\ex@=\dimen163
))
(/usr/share/texlive/texmf-dist/tex/latex/amsmath/amsbsy.sty
Package: amsbsy 1999/11/29 v1.2d Bold Symbols
\pmbraise@=\dimen164
)
(/usr/share/texlive/texmf-dist/tex/latex/amsmath/amsopn.sty
Package: amsopn 2022/04/08 v2.04 operator names
)
\inf@bad=\count271
LaTeX Info: Redefining \frac on input line 234.
\uproot@=\count272
\leftroot@=\count273
LaTeX Info: Redefining \overline on input line 399.
LaTeX Info: Redefining \colon on input line 410.
\classnum@=\count274
\DOTSCASE@=\count275
LaTeX Info: Redefining \ldots on input line 496.
LaTeX Info: Redefining \dots on input line 499.
LaTeX Info: Redefining \cdots on input line 620.
\Mathstrutbox@=\box52
\strutbox@=\box53
LaTeX Info: Redefining \big on input line 722.
LaTeX Info: Redefining \Big on input line 723.
LaTeX Info: Redefining \bigg on input line 724.
LaTeX Info: Redefining \Bigg on input line 725.
\big@size=\dimen165
LaTeX Font Info:    Redeclaring font encoding OML on input line 743.
LaTeX Font Info:    Redeclaring font encoding OMS on input line 744.
\macc@depth=\count276
LaTeX Info: Redefining \bmod on input line 905.
LaTeX Info: Redefining \pmod on input line 910.
LaTeX Info: Redefining \smash on input line 940.
LaTeX Info: Redefining \relbar on input line 970.
LaTeX Info: Redefining \Relbar on input line 971.
\c@MaxMatrixCols=\count277
\dotsspace@=\muskip16
\c@parentequation=\count278
\dspbrk@lvl=\count279
\tag@help=\toks24
\row@=\count280
\column@=\count281
\maxfields@=\count282
\andhelp@=\toks25
\eqnshift@=\dimen166
\alignsep@=\dimen167
\tagshift@=\dimen168
\tagwidth@=\dimen169
\totwidth@=\dimen170
\lineht@=\dimen171
\@envbody=\toks26
\multlinegap=\skip51
\multlinetaggap=\skip52
\mathdisplay@stack=\toks27
LaTeX Info: Redefining \[ on input line 2953.
LaTeX Info: Redefining \] on input line 2954.
)
(/usr/share/texlive/texmf-dist/tex/latex/oberdiek/centernot.sty
Package: centernot 2016/05/16 v1.4 Centers the not symbol horizontally (HO)
)
\tx@cntz=\count283

(/usr/share/texlive/texmf-dist/tex/generic/kastrup/binhex.tex)
\tx@Isdigit=\count284
\tx@IsAlNum=\count285
\tx@tA=\toks28
\tx@tB=\toks29
\tx@su=\read2

amsthm NOT loaded
LaTeX Font Info:    Redeclaring symbol font `operators' on input line 390.
LaTeX Font Info:    Overwriting symbol font `operators' in version `normal'
(Font)                  OT1/cmr/m/n --> OT1/minntx/m/n on input line 390.
LaTeX Font Info:    Overwriting symbol font `operators' in version `bold'
(Font)                  OT1/cmr/bx/n --> OT1/minntx/m/n on input line 390.
LaTeX Font Info:    Overwriting symbol font `operators' in version `bold'
(Font)                  OT1/minntx/m/n --> OT1/minntx/b/n on input line 391.
LaTeX Font Info:    Redeclaring math alphabet \mathsf on input line 397.
LaTeX Font Info:    Overwriting math alphabet `\mathsf' in version `normal'
(Font)                  OT1/cmss/m/n --> T1/qhv/m/n on input line 397.
LaTeX Font Info:    Overwriting math alphabet `\mathsf' in version `bold'
(Font)                  OT1/cmss/bx/n --> T1/qhv/m/n on input line 397.
LaTeX Font Info:    Redeclaring math alphabet \mathit on input line 398.
LaTeX Font Info:    Overwriting math alphabet `\mathit' in version `normal'
(Font)                  OT1/cmr/m/it --> OT1/minntx/m/it on input line 398.
LaTeX Font Info:    Overwriting math alphabet `\mathit' in version `bold'
(Font)                  OT1/cmr/bx/it --> OT1/minntx/m/it on input line 398.
LaTeX Font Info:    Redeclaring math alphabet \mathtt on input line 399.
LaTeX Font Info:    Overwriting math alphabet `\mathtt' in version `normal'
(Font)                  OT1/cmtt/m/n --> T1/ntxtt/m/n on input line 399.
LaTeX Font Info:    Overwriting math alphabet `\mathtt' in version `bold'
(Font)                  OT1/cmtt/m/n --> T1/ntxtt/m/n on input line 399.
LaTeX Font Info:    Redeclaring math alphabet \mathbf on input line 401.
LaTeX Font Info:    Overwriting math alphabet `\mathbf' in version `normal'
(Font)                  OT1/cmr/bx/n --> OT1/minntx/b/n on input line 401.
LaTeX Font Info:    Overwriting math alphabet `\mathbf' in version `bold'
(Font)                  OT1/cmr/bx/n --> OT1/minntx/b/n on input line 401.
LaTeX Font Info:    Overwriting math alphabet `\mathit' in version `bold'
(Font)                  OT1/minntx/m/it --> OT1/minntx/b/it on input line 402.
LaTeX Font Info:    Overwriting math alphabet `\mathsf' in version `bold'
(Font)                  T1/qhv/m/n --> T1/qhv/b/n on input line 403.
LaTeX Font Info:    Overwriting math alphabet `\mathtt' in version `bold'
(Font)                  T1/ntxtt/m/n --> T1/ntxtt/b/n on input line 404.
LaTeX Font Info:    Redeclaring symbol font `letters' on input line 506.
LaTeX Font Info:    Overwriting symbol font `letters' in version `normal'
(Font)                  OML/cmm/m/it --> OML/ntxmi/m/it on input line 506.
LaTeX Font Info:    Overwriting symbol font `letters' in version `bold'
(Font)                  OML/cmm/b/it --> OML/ntxmi/m/it on input line 506.
LaTeX Font Info:    Overwriting symbol font `letters' in version `bold'
(Font)                  OML/ntxmi/m/it --> OML/ntxmi/b/it on input line 507.
\symlettersA=\mathgroup4
LaTeX Font Info:    Overwriting symbol font `lettersA' in version `bold'
(Font)                  U/ntxmia/m/it --> U/ntxmia/b/it on input line 562.
Now handling font encoding LMS ...
... no UTF-8 mapping file for font encoding LMS
LaTeX Font Info:    Redeclaring symbol font `symbols' on input line 583.
LaTeX Font Info:    Encoding `OMS' has changed to `LMS' for symbol font
(Font)              `symbols' in the math version `normal' on input line 583.
LaTeX Font Info:    Overwriting symbol font `symbols' in version `normal'
(Font)                  OMS/cmsy/m/n --> LMS/ntxsy/m/n on input line 583.
LaTeX Font Info:    Encoding `OMS' has changed to `LMS' for symbol font
(Font)              `symbols' in the math version `bold' on input line 583.
LaTeX Font Info:    Overwriting symbol font `symbols' in version `bold'
(Font)                  OMS/cmsy/b/n --> LMS/ntxsy/m/n on input line 583.
LaTeX Font Info:    Overwriting symbol font `symbols' in version `bold'
(Font)                  LMS/ntxsy/m/n --> LMS/ntxsy/b/n on input line 584.
\symAMSm=\mathgroup5
LaTeX Font Info:    Overwriting symbol font `AMSm' in version `bold'
(Font)                  U/ntxsym/m/n --> U/ntxsym/b/n on input line 609.
\symsymbolsC=\mathgroup6
LaTeX Font Info:    Overwriting symbol font `symbolsC' in version `bold'
(Font)                  U/ntxsyc/m/n --> U/ntxsyc/b/n on input line 630.
Now handling font encoding LMX ...
... no UTF-8 mapping file for font encoding LMX
LaTeX Font Info:    Redeclaring symbol font `largesymbols' on input line 643.
LaTeX Font Info:    Encoding `OMX' has changed to `LMX' for symbol font
(Font)              `largesymbols' in the math version `normal' on input line 6
43.
LaTeX Font Info:    Overwriting symbol font `largesymbols' in version `normal'
(Font)                  OMX/cmex/m/n --> LMX/ntxexx/m/n on input line 643.
LaTeX Font Info:    Encoding `OMX' has changed to `LMX' for symbol font
(Font)              `largesymbols' in the math version `bold' on input line 643
.
LaTeX Font Info:    Overwriting symbol font `largesymbols' in version `bold'
(Font)                  OMX/cmex/m/n --> LMX/ntxexx/m/n on input line 643.
LaTeX Font Info:    Overwriting symbol font `largesymbols' in version `bold'
(Font)                  LMX/ntxexx/m/n --> LMX/ntxexx/b/n on input line 644.
\symlargesymbolsTXA=\mathgroup7
LaTeX Font Info:    Overwriting symbol font `largesymbolsTXA' in version `bold'

(Font)                  U/ntxexa/m/n --> U/ntxexa/b/n on input line 658.
\tx@sbptoks=\toks30
LaTeX Font Info:    Redeclaring math delimiter \lfloor on input line 881.
LaTeX Font Info:    Redeclaring math delimiter \rfloor on input line 882.
LaTeX Font Info:    Redeclaring math delimiter \lceil on input line 883.
LaTeX Font Info:    Redeclaring math delimiter \rceil on input line 884.
LaTeX Font Info:    Redeclaring math delimiter \lbrace on input line 889.
LaTeX Font Info:    Redeclaring math delimiter \rbrace on input line 890.
LaTeX Font Info:    Redeclaring math delimiter \langle on input line 892.
LaTeX Font Info:    Redeclaring math delimiter \rangle on input line 894.
LaTeX Font Info:    Redeclaring math delimiter \arrowvert on input line 898.
LaTeX Font Info:    Redeclaring math delimiter \vert on input line 899.
LaTeX Font Info:    Redeclaring math symbol \hbar on input line 945.
LaTeX Font Info:    Redeclaring math accent \dot on input line 970.
LaTeX Font Info:    Redeclaring math accent \ddot on input line 971.
LaTeX Font Info:    Redeclaring math accent \vec on input line 2044.
LaTeX Info: Redefining \Bbbk on input line 2834.
LaTeX Info: Redefining \not on input line 2982.
) (/usr/share/texlive/texmf-dist/tex/latex/microtype/microtype.sty
Package: microtype 2023/03/13 v3.1a Micro-typographical refinements (RS)
\MT@toks=\toks31
\MT@tempbox=\box54
\MT@count=\count286
LaTeX Info: Redefining \noprotrusionifhmode on input line 1059.
LaTeX Info: Redefining \leftprotrusion on input line 1060.
\MT@prot@toks=\toks32
LaTeX Info: Redefining \rightprotrusion on input line 1078.
LaTeX Info: Redefining \textls on input line 1368.
\MT@outer@kern=\dimen172
LaTeX Info: Redefining \textmicrotypecontext on input line 1988.
\MT@listname@count=\count287

(/usr/share/texlive/texmf-dist/tex/latex/microtype/microtype-pdftex.def
File: microtype-pdftex.def 2023/03/13 v3.1a Definitions specific to pdftex (RS)

LaTeX Info: Redefining \lsstyle on input line 902.
LaTeX Info: Redefining \lslig on input line 902.
\MT@outer@space=\skip53
)
Package microtype Info: Loading configuration file microtype.cfg.

(/usr/share/texlive/texmf-dist/tex/latex/microtype/microtype.cfg
File: microtype.cfg 2023/03/13 v3.1a microtype main configuration file (RS)
))
(/usr/share/texlive/texmf-dist/tex/latex/graphics/graphicx.sty
Package: graphicx 2021/09/16 v1.2d Enhanced LaTeX Graphics (DPC,SPQR)

(/usr/share/texlive/texmf-dist/tex/latex/graphics/graphics.sty
Package: graphics 2022/03/10 v1.4e Standard LaTeX Graphics (DPC,SPQR)

(/usr/share/texlive/texmf-dist/tex/latex/graphics/trig.sty
Package: trig 2021/08/11 v1.11 sin cos tan (DPC)
)
(/usr/share/texlive/texmf-dist/tex/latex/graphics-cfg/graphics.cfg
File: graphics.cfg 2016/06/04 v1.11 sample graphics configuration
)
Package graphics Info: Driver file: pdftex.def on input line 107.
)
\Gin@req@height=\dimen173
\Gin@req@width=\dimen174
)
(/usr/share/texlive/texmf-dist/tex/latex/pgf/frontendlayer/tikz.sty
(/usr/share/texlive/texmf-dist/tex/latex/pgf/basiclayer/pgf.sty
(/usr/share/texlive/texmf-dist/tex/latex/pgf/utilities/pgfrcs.sty
(/usr/share/texlive/texmf-dist/tex/generic/pgf/utilities/pgfutil-common.tex
\pgfutil@everybye=\toks33
\pgfutil@tempdima=\dimen175
\pgfutil@tempdimb=\dimen176
)
(/usr/share/texlive/texmf-dist/tex/generic/pgf/utilities/pgfutil-latex.def
\pgfutil@abb=\box55
)
(/usr/share/texlive/texmf-dist/tex/generic/pgf/utilities/pgfrcs.code.tex
(/usr/share/texlive/texmf-dist/tex/generic/pgf/pgf.revision.tex)
Package: pgfrcs 2023-01-15 v3.1.10 (3.1.10)
))
Package: pgf 2023-01-15 v3.1.10 (3.1.10)

(/usr/share/texlive/texmf-dist/tex/latex/pgf/basiclayer/pgfcore.sty
(/usr/share/texlive/texmf-dist/tex/latex/pgf/systemlayer/pgfsys.sty
(/usr/share/texlive/texmf-dist/tex/generic/pgf/systemlayer/pgfsys.code.tex
Package: pgfsys 2023-01-15 v3.1.10 (3.1.10)

(/usr/share/texlive/texmf-dist/tex/generic/pgf/utilities/pgfkeys.code.tex
\pgfkeys@pathtoks=\toks34
\pgfkeys@temptoks=\toks35

(/usr/share/texlive/texmf-dist/tex/generic/pgf/utilities/pgfkeyslibraryfiltered
.code.tex
\pgfkeys@tmptoks=\toks36
))
\pgf@x=\dimen177
\pgf@y=\dimen178
\pgf@xa=\dimen179
\pgf@ya=\dimen180
\pgf@xb=\dimen181
\pgf@yb=\dimen182
\pgf@xc=\dimen183
\pgf@yc=\dimen184
\pgf@xd=\dimen185
\pgf@yd=\dimen186
\w@pgf@writea=\write3
\r@pgf@reada=\read3
\c@pgf@counta=\count288
\c@pgf@countb=\count289
\c@pgf@countc=\count290
\c@pgf@countd=\count291
\t@pgf@toka=\toks37
\t@pgf@tokb=\toks38
\t@pgf@tokc=\toks39
\pgf@sys@id@count=\count292
 (/usr/share/texlive/texmf-dist/tex/generic/pgf/systemlayer/pgf.cfg
File: pgf.cfg 2023-01-15 v3.1.10 (3.1.10)
)
Driver file for pgf: pgfsys-pdftex.def
(/usr/share/texlive/texmf-dist/tex/generic/pgf/systemlayer/pgfsys-pdftex.def
File: pgfsys-pdftex.def 2023-01-15 v3.1.10 (3.1.10)

(/usr/share/texlive/texmf-dist/tex/generic/pgf/systemlayer/pgfsys-common-pdf.de
f
File: pgfsys-common-pdf.def 2023-01-15 v3.1.10 (3.1.10)
)))
(/usr/share/texlive/texmf-dist/tex/generic/pgf/systemlayer/pgfsyssoftpath.code.
tex
File: pgfsyssoftpath.code.tex 2023-01-15 v3.1.10 (3.1.10)
\pgfsyssoftpath@smallbuffer@items=\count293
\pgfsyssoftpath@bigbuffer@items=\count294
)
(/usr/share/texlive/texmf-dist/tex/generic/pgf/systemlayer/pgfsysprotocol.code.
tex
File: pgfsysprotocol.code.tex 2023-01-15 v3.1.10 (3.1.10)
))
(/usr/share/texlive/texmf-dist/tex/generic/pgf/basiclayer/pgfcore.code.tex
Package: pgfcore 2023-01-15 v3.1.10 (3.1.10)

(/usr/share/texlive/texmf-dist/tex/generic/pgf/math/pgfmath.code.tex
(/usr/share/texlive/texmf-dist/tex/generic/pgf/math/pgfmathutil.code.tex)
(/usr/share/texlive/texmf-dist/tex/generic/pgf/math/pgfmathparser.code.tex
\pgfmath@dimen=\dimen187
\pgfmath@count=\count295
\pgfmath@box=\box56
\pgfmath@toks=\toks40
\pgfmath@stack@operand=\toks41
\pgfmath@stack@operation=\toks42
)
(/usr/share/texlive/texmf-dist/tex/generic/pgf/math/pgfmathfunctions.code.tex)
(/usr/share/texlive/texmf-dist/tex/generic/pgf/math/pgfmathfunctions.basic.code
.tex)
(/usr/share/texlive/texmf-dist/tex/generic/pgf/math/pgfmathfunctions.trigonomet
ric.code.tex)
(/usr/share/texlive/texmf-dist/tex/generic/pgf/math/pgfmathfunctions.random.cod
e.tex)
(/usr/share/texlive/texmf-dist/tex/generic/pgf/math/pgfmathfunctions.comparison
.code.tex)
(/usr/share/texlive/texmf-dist/tex/generic/pgf/math/pgfmathfunctions.base.code.
tex)
(/usr/share/texlive/texmf-dist/tex/generic/pgf/math/pgfmathfunctions.round.code
.tex)
(/usr/share/texlive/texmf-dist/tex/generic/pgf/math/pgfmathfunctions.misc.code.
tex)
(/usr/share/texlive/texmf-dist/tex/generic/pgf/math/pgfmathfunctions.integerari
thmetics.code.tex)
(/usr/share/texlive/texmf-dist/tex/generic/pgf/math/pgfmathcalc.code.tex)
(/usr/share/texlive/texmf-dist/tex/generic/pgf/math/pgfmathfloat.code.tex
\c@pgfmathroundto@lastzeros=\count296
))
(/usr/share/texlive/texmf-dist/tex/generic/pgf/math/pgfint.code.tex)
(/usr/share/texlive/texmf-dist/tex/generic/pgf/basiclayer/pgfcorepoints.code.te
x
File: pgfcorepoints.code.tex 2023-01-15 v3.1.10 (3.1.10)
\pgf@picminx=\dimen188
\pgf@picmaxx=\dimen189
\pgf@picminy=\dimen190
\pgf@picmaxy=\dimen191
\pgf@pathminx=\dimen192
\pgf@pathmaxx=\dimen193
\pgf@pathminy=\dimen194
\pgf@pathmaxy=\dimen195
\pgf@xx=\dimen196
\pgf@xy=\dimen197
\pgf@yx=\dimen198
\pgf@yy=\dimen199
\pgf@zx=\dimen256
\pgf@zy=\dimen257
)
(/usr/share/texlive/texmf-dist/tex/generic/pgf/basiclayer/pgfcorepathconstruct.
code.tex
File: pgfcorepathconstruct.code.tex 2023-01-15 v3.1.10 (3.1.10)
\pgf@path@lastx=\dimen258
\pgf@path@lasty=\dimen259
)
(/usr/share/texlive/texmf-dist/tex/generic/pgf/basiclayer/pgfcorepathusage.code
.tex
File: pgfcorepathusage.code.tex 2023-01-15 v3.1.10 (3.1.10)
\pgf@shorten@end@additional=\dimen260
\pgf@shorten@start@additional=\dimen261
)
(/usr/share/texlive/texmf-dist/tex/generic/pgf/basiclayer/pgfcorescopes.code.te
x
File: pgfcorescopes.code.tex 2023-01-15 v3.1.10 (3.1.10)
\pgfpic=\box57
\pgf@hbox=\box58
\pgf@layerbox@main=\box59
\pgf@picture@serial@count=\count297
)
(/usr/share/texlive/texmf-dist/tex/generic/pgf/basiclayer/pgfcoregraphicstate.c
ode.tex
File: pgfcoregraphicstate.code.tex 2023-01-15 v3.1.10 (3.1.10)
\pgflinewidth=\dimen262
)
(/usr/share/texlive/texmf-dist/tex/generic/pgf/basiclayer/pgfcoretransformation
s.code.tex
File: pgfcoretransformations.code.tex 2023-01-15 v3.1.10 (3.1.10)
\pgf@pt@x=\dimen263
\pgf@pt@y=\dimen264
\pgf@pt@temp=\dimen265
)
(/usr/share/texlive/texmf-dist/tex/generic/pgf/basiclayer/pgfcorequick.code.tex
File: pgfcorequick.code.tex 2023-01-15 v3.1.10 (3.1.10)
)
(/usr/share/texlive/texmf-dist/tex/generic/pgf/basiclayer/pgfcoreobjects.code.t
ex
File: pgfcoreobjects.code.tex 2023-01-15 v3.1.10 (3.1.10)
)
(/usr/share/texlive/texmf-dist/tex/generic/pgf/basiclayer/pgfcorepathprocessing
.code.tex
File: pgfcorepathprocessing.code.tex 2023-01-15 v3.1.10 (3.1.10)
)
(/usr/share/texlive/texmf-dist/tex/generic/pgf/basiclayer/pgfcorearrows.code.te
x
File: pgfcorearrows.code.tex 2023-01-15 v3.1.10 (3.1.10)
\pgfarrowsep=\dimen266
)
(/usr/share/texlive/texmf-dist/tex/generic/pgf/basiclayer/pgfcoreshade.code.tex
File: pgfcoreshade.code.tex 2023-01-15 v3.1.10 (3.1.10)
\pgf@max=\dimen267
\pgf@sys@shading@range@num=\count298
\pgf@shadingcount=\count299
)
(/usr/share/texlive/texmf-dist/tex/generic/pgf/basiclayer/pgfcoreimage.code.tex
File: pgfcoreimage.code.tex 2023-01-15 v3.1.10 (3.1.10)
)
(/usr/share/texlive/texmf-dist/tex/generic/pgf/basiclayer/pgfcoreexternal.code.
tex
File: pgfcoreexternal.code.tex 2023-01-15 v3.1.10 (3.1.10)
\pgfexternal@startupbox=\box60
)
(/usr/share/texlive/texmf-dist/tex/generic/pgf/basiclayer/pgfcorelayers.code.te
x
File: pgfcorelayers.code.tex 2023-01-15 v3.1.10 (3.1.10)
)
(/usr/share/texlive/texmf-dist/tex/generic/pgf/basiclayer/pgfcoretransparency.c
ode.tex
File: pgfcoretransparency.code.tex 2023-01-15 v3.1.10 (3.1.10)
)
(/usr/share/texlive/texmf-dist/tex/generic/pgf/basiclayer/pgfcorepatterns.code.
tex
File: pgfcorepatterns.code.tex 2023-01-15 v3.1.10 (3.1.10)
)
(/usr/share/texlive/texmf-dist/tex/generic/pgf/basiclayer/pgfcorerdf.code.tex
File: pgfcorerdf.code.tex 2023-01-15 v3.1.10 (3.1.10)
)))
(/usr/share/texlive/texmf-dist/tex/generic/pgf/modules/pgfmoduleshapes.code.tex
File: pgfmoduleshapes.code.tex 2023-01-15 v3.1.10 (3.1.10)
\pgfnodeparttextbox=\box61
) (/usr/share/texlive/texmf-dist/tex/generic/pgf/modules/pgfmoduleplot.code.tex
File: pgfmoduleplot.code.tex 2023-01-15 v3.1.10 (3.1.10)
)
(/usr/share/texlive/texmf-dist/tex/latex/pgf/compatibility/pgfcomp-version-0-65
.sty
Package: pgfcomp-version-0-65 2023-01-15 v3.1.10 (3.1.10)
\pgf@nodesepstart=\dimen268
\pgf@nodesepend=\dimen269
)
(/usr/share/texlive/texmf-dist/tex/latex/pgf/compatibility/pgfcomp-version-1-18
.sty
Package: pgfcomp-version-1-18 2023-01-15 v3.1.10 (3.1.10)
)) (/usr/share/texlive/texmf-dist/tex/latex/pgf/utilities/pgffor.sty
(/usr/share/texlive/texmf-dist/tex/latex/pgf/utilities/pgfkeys.sty
(/usr/share/texlive/texmf-dist/tex/generic/pgf/utilities/pgfkeys.code.tex))
(/usr/share/texlive/texmf-dist/tex/latex/pgf/math/pgfmath.sty
(/usr/share/texlive/texmf-dist/tex/generic/pgf/math/pgfmath.code.tex))
(/usr/share/texlive/texmf-dist/tex/generic/pgf/utilities/pgffor.code.tex
Package: pgffor 2023-01-15 v3.1.10 (3.1.10)
\pgffor@iter=\dimen270
\pgffor@skip=\dimen271
\pgffor@stack=\toks43
\pgffor@toks=\toks44
))
(/usr/share/texlive/texmf-dist/tex/generic/pgf/frontendlayer/tikz/tikz.code.tex
Package: tikz 2023-01-15 v3.1.10 (3.1.10)

(/usr/share/texlive/texmf-dist/tex/generic/pgf/libraries/pgflibraryplothandlers
.code.tex
File: pgflibraryplothandlers.code.tex 2023-01-15 v3.1.10 (3.1.10)
\pgf@plot@mark@count=\count300
\pgfplotmarksize=\dimen272
)
\tikz@lastx=\dimen273
\tikz@lasty=\dimen274
\tikz@lastxsaved=\dimen275
\tikz@lastysaved=\dimen276
\tikz@lastmovetox=\dimen277
\tikz@lastmovetoy=\dimen278
\tikzleveldistance=\dimen279
\tikzsiblingdistance=\dimen280
\tikz@figbox=\box62
\tikz@figbox@bg=\box63
\tikz@tempbox=\box64
\tikz@tempbox@bg=\box65
\tikztreelevel=\count301
\tikznumberofchildren=\count302
\tikznumberofcurrentchild=\count303
\tikz@fig@count=\count304

(/usr/share/texlive/texmf-dist/tex/generic/pgf/modules/pgfmodulematrix.code.tex
File: pgfmodulematrix.code.tex 2023-01-15 v3.1.10 (3.1.10)
\pgfmatrixcurrentrow=\count305
\pgfmatrixcurrentcolumn=\count306
\pgf@matrix@numberofcolumns=\count307
)
\tikz@expandcount=\count308

(/usr/share/texlive/texmf-dist/tex/generic/pgf/frontendlayer/tikz/libraries/tik
zlibrarytopaths.code.tex
File: tikzlibrarytopaths.code.tex 2023-01-15 v3.1.10 (3.1.10)
)))
(/usr/share/texlive/texmf-dist/tex/generic/pgf/frontendlayer/tikz/libraries/tik
zlibrarymatrix.code.tex
File: tikzlibrarymatrix.code.tex 2023-01-15 v3.1.10 (3.1.10)
)
(/usr/share/texlive/texmf-dist/tex/generic/pgf/libraries/pgflibraryarrows.meta.
code.tex
File: pgflibraryarrows.meta.code.tex 2023-01-15 v3.1.10 (3.1.10)
\pgfarrowinset=\dimen281
\pgfarrowlength=\dimen282
\pgfarrowwidth=\dimen283
\pgfarrowlinewidth=\dimen284
)
(/usr/share/texlive/texmf-dist/tex/generic/pgf/frontendlayer/tikz/libraries/tik
zlibrarypositioning.code.tex
File: tikzlibrarypositioning.code.tex 2023-01-15 v3.1.10 (3.1.10)
)
(/usr/share/texlive/texmf-dist/tex/generic/pgf/frontendlayer/tikz/libraries/tik
zlibrarycalc.code.tex
File: tikzlibrarycalc.code.tex 2023-01-15 v3.1.10 (3.1.10)
)
(/usr/share/texlive/texmf-dist/tex/generic/pgf/frontendlayer/tikz/libraries/tik
zlibraryfit.code.tex
File: tikzlibraryfit.code.tex 2023-01-15 v3.1.10 (3.1.10)
)
(/usr/share/texlive/texmf-dist/tex/generic/pgf/frontendlayer/tikz/libraries/tik
zlibraryshapes.geometric.code.tex
File: tikzlibraryshapes.geometric.code.tex 2023-01-15 v3.1.10 (3.1.10)

(/usr/share/texlive/texmf-dist/tex/generic/pgf/libraries/shapes/pgflibraryshape
s.geometric.code.tex
File: pgflibraryshapes.geometric.code.tex 2023-01-15 v3.1.10 (3.1.10)
))
(/usr/share/texlive/texmf-dist/tex/generic/pgf/frontendlayer/tikz/libraries/tik
zlibrarydecorations.pathmorphing.code.tex
(/usr/share/texlive/texmf-dist/tex/generic/pgf/frontendlayer/tikz/libraries/tik
zlibrarydecorations.code.tex
(/usr/share/texlive/texmf-dist/tex/generic/pgf/modules/pgfmoduledecorations.cod
e.tex
\pgfdecoratedcompleteddistance=\dimen285
\pgfdecoratedremainingdistance=\dimen286
\pgfdecoratedinputsegmentcompleteddistance=\dimen287
\pgfdecoratedinputsegmentremainingdistance=\dimen288
\pgf@decorate@distancetomove=\dimen289
\pgf@decorate@repeatstate=\count309
\pgfdecorationsegmentamplitude=\dimen290
\pgfdecorationsegmentlength=\dimen291
)
\tikz@lib@dec@box=\box66
)
(/usr/share/texlive/texmf-dist/tex/generic/pgf/libraries/decorations/pgflibrary
decorations.pathmorphing.code.tex))
(/usr/share/texlive/texmf-dist/tex/generic/pgf/frontendlayer/tikz/libraries/tik
zlibrarybackgrounds.code.tex
File: tikzlibrarybackgrounds.code.tex 2023-01-15 v3.1.10 (3.1.10)
\pgf@layerbox@background=\box67
\pgf@layerboxsaved@background=\box68
)
(/usr/share/texlive/texmf-dist/tex/latex/mathtools/mathtools.sty
Package: mathtools 2022/06/29 v1.29 mathematical typesetting tools

(/usr/share/texlive/texmf-dist/tex/latex/tools/calc.sty
Package: calc 2023/07/08 v4.3 Infix arithmetic (KKT,FJ)
\calc@Acount=\count310
\calc@Bcount=\count311
\calc@Adimen=\dimen292
\calc@Bdimen=\dimen293
\calc@Askip=\skip54
\calc@Bskip=\skip55
LaTeX Info: Redefining \setlength on input line 80.
LaTeX Info: Redefining \addtolength on input line 81.
\calc@Ccount=\count312
\calc@Cskip=\skip56
)
(/usr/share/texlive/texmf-dist/tex/latex/mathtools/mhsetup.sty
Package: mhsetup 2021/03/18 v1.4 programming setup (MH)
)
\g_MT_multlinerow_int=\count313
\l_MT_multwidth_dim=\dimen294
\origjot=\skip57
\l_MT_shortvdotswithinadjustabove_dim=\dimen295
\l_MT_shortvdotswithinadjustbelow_dim=\dimen296
\l_MT_above_intertext_sep=\dimen297
\l_MT_below_intertext_sep=\dimen298
\l_MT_above_shortintertext_sep=\dimen299
\l_MT_below_shortintertext_sep=\dimen300
\xmathstrut@box=\box69
\xmathstrut@dim=\dimen301
)
(/usr/share/texlive/texmf-dist/tex/latex/tools/bm.sty
Package: bm 2023/07/08 v1.2f Bold Symbol Support (DPC/FMi)
\symboldoperators=\mathgroup8
\symboldletters=\mathgroup9
\symboldsymbols=\mathgroup10
\symboldlargesymbols=\mathgroup11
LaTeX Font Info:    Redeclaring math alphabet \mathbf on input line 149.
)
(/usr/share/texlive/texmf-dist/tex/latex/enumitem/enumitem.sty
Package: enumitem 2019/06/20 v3.9 Customized lists
\labelindent=\skip58
\enit@outerparindent=\dimen302
\enit@toks=\toks45
\enit@inbox=\box70
\enit@count@id=\count314
\enitdp@description=\count315
)
(/usr/share/texlive/texmf-dist/tex/latex/booktabs/booktabs.sty
Package: booktabs 2020/01/12 v1.61803398 Publication quality tables
\heavyrulewidth=\dimen303
\lightrulewidth=\dimen304
\cmidrulewidth=\dimen305
\belowrulesep=\dimen306
\belowbottomsep=\dimen307
\aboverulesep=\dimen308
\abovetopsep=\dimen309
\cmidrulesep=\dimen310
\cmidrulekern=\dimen311
\defaultaddspace=\dimen312
\@cmidla=\count316
\@cmidlb=\count317
\@aboverulesep=\dimen313
\@belowrulesep=\dimen314
\@thisruleclass=\count318
\@lastruleclass=\count319
\@thisrulewidth=\dimen315
)
(/usr/share/texlive/texmf-dist/tex/latex/tools/tabularx.sty
Package: tabularx 2023/07/08 v2.11c `tabularx' package (DPC)

(/usr/share/texlive/texmf-dist/tex/latex/tools/array.sty
Package: array 2023/10/16 v2.5g Tabular extension package (FMi)
\col@sep=\dimen316
\ar@mcellbox=\box71
\extrarowheight=\dimen317
\NC@list=\toks46
\extratabsurround=\skip59
\backup@length=\skip60
\ar@cellbox=\box72
)
\TX@col@width=\dimen318
\TX@old@table=\dimen319
\TX@old@col=\dimen320
\TX@target=\dimen321
\TX@delta=\dimen322
\TX@cols=\count320
\TX@ftn=\toks47
)
(/usr/share/texlive/texmf-dist/tex/latex/tools/longtable.sty
Package: longtable 2023-11-01 v4.19 Multi-page Table package (DPC)
\LTleft=\skip61
\LTright=\skip62
\LTpre=\skip63
\LTpost=\skip64
\LTchunksize=\count321
\LTcapwidth=\dimen323
\LT@head=\box73
\LT@firsthead=\box74
\LT@foot=\box75
\LT@lastfoot=\box76
\LT@gbox=\box77
\LT@cols=\count322
\LT@rows=\count323
\c@LT@tables=\count324
\c@LT@chunks=\count325
\LT@p@ftn=\toks48
)
(/usr/share/texlive/texmf-dist/tex/latex/multirow/multirow.sty
Package: multirow 2021/03/15 v2.8 Span multiple rows of a table
\multirow@colwidth=\skip65
\multirow@cntb=\count326
\multirow@dima=\skip66
\bigstrutjot=\dimen324
)
(/usr/share/texlive/texmf-dist/tex/latex/caption/caption.sty
Package: caption 2023/08/05 v3.6o Customizing captions (AR)

(/usr/share/texlive/texmf-dist/tex/latex/caption/caption3.sty
Package: caption3 2023/07/31 v2.4d caption3 kernel (AR)
\caption@tempdima=\dimen325
\captionmargin=\dimen326
\caption@leftmargin=\dimen327
\caption@rightmargin=\dimen328
\caption@width=\dimen329
\caption@indent=\dimen330
\caption@parindent=\dimen331
\caption@hangindent=\dimen332
Package caption Info: Standard document class detected.
)
\c@caption@flags=\count327
\c@continuedfloat=\count328
Package caption Info: longtable package is loaded.

(/usr/share/texlive/texmf-dist/tex/latex/caption/ltcaption.sty
Package: ltcaption 2021/01/08 v1.4c longtable captions (AR)
))
(/usr/share/texlive/texmf-dist/tex/latex/titlesec/titlesec.sty
Package: titlesec 2023/10/27 v2.16 Sectioning titles
\ttl@box=\box78
\beforetitleunit=\skip67
\aftertitleunit=\skip68
\ttl@plus=\dimen333
\ttl@minus=\dimen334
\ttl@toksa=\toks49
\titlewidth=\dimen335
\titlewidthlast=\dimen336
\titlewidthfirst=\dimen337
)
(/usr/share/texlive/texmf-dist/tex/latex/fancyhdr/fancyhdr.sty
Package: fancyhdr 2022/11/09 v4.1 Extensive control of page headers and footers

\f@nch@headwidth=\skip69
\f@nch@O@elh=\skip70
\f@nch@O@erh=\skip71
\f@nch@O@olh=\skip72
\f@nch@O@orh=\skip73
\f@nch@O@elf=\skip74
\f@nch@O@erf=\skip75
\f@nch@O@olf=\skip76
\f@nch@O@orf=\skip77
)
(/usr/share/texlive/texmf-dist/tex/latex/hyperref/hyperref.sty
Package: hyperref 2024-01-20 v7.01h Hypertext links for LaTeX

(/usr/share/texlive/texmf-dist/tex/latex/kvsetkeys/kvsetkeys.sty
Package: kvsetkeys 2022-10-05 v1.19 Key value parser (HO)
)
(/usr/share/texlive/texmf-dist/tex/generic/kvdefinekeys/kvdefinekeys.sty
Package: kvdefinekeys 2019-12-19 v1.6 Define keys (HO)
)
(/usr/share/texlive/texmf-dist/tex/generic/pdfescape/pdfescape.sty
Package: pdfescape 2019/12/09 v1.15 Implements pdfTeX's escape features (HO)

(/usr/share/texlive/texmf-dist/tex/generic/ltxcmds/ltxcmds.sty
Package: ltxcmds 2023-12-04 v1.26 LaTeX kernel commands for general use (HO)
)
(/usr/share/texlive/texmf-dist/tex/generic/pdftexcmds/pdftexcmds.sty
Package: pdftexcmds 2020-06-27 v0.33 Utility functions of pdfTeX for LuaTeX (HO
)

(/usr/share/texlive/texmf-dist/tex/generic/infwarerr/infwarerr.sty
Package: infwarerr 2019/12/03 v1.5 Providing info/warning/error messages (HO)
)
Package pdftexcmds Info: \pdf@primitive is available.
Package pdftexcmds Info: \pdf@ifprimitive is available.
Package pdftexcmds Info: \pdfdraftmode found.
))
(/usr/share/texlive/texmf-dist/tex/latex/hycolor/hycolor.sty
Package: hycolor 2020-01-27 v1.10 Color options for hyperref/bookmark (HO)
)
(/usr/share/texlive/texmf-dist/tex/latex/auxhook/auxhook.sty
Package: auxhook 2019-12-17 v1.6 Hooks for auxiliary files (HO)
)
(/usr/share/texlive/texmf-dist/tex/latex/hyperref/nameref.sty
Package: nameref 2023-11-26 v2.56 Cross-referencing by name of section

(/usr/share/texlive/texmf-dist/tex/latex/refcount/refcount.sty
Package: refcount 2019/12/15 v3.6 Data extraction from label references (HO)
)
(/usr/share/texlive/texmf-dist/tex/generic/gettitlestring/gettitlestring.sty
Package: gettitlestring 2019/12/15 v1.6 Cleanup title references (HO)

(/usr/share/texlive/texmf-dist/tex/latex/kvoptions/kvoptions.sty
Package: kvoptions 2022-06-15 v3.15 Key value format for package options (HO)
))
\c@section@level=\count329
)
\@linkdim=\dimen338
\Hy@linkcounter=\count330
\Hy@pagecounter=\count331

(/usr/share/texlive/texmf-dist/tex/latex/hyperref/pd1enc.def
File: pd1enc.def 2024-01-20 v7.01h Hyperref: PDFDocEncoding definition (HO)
Now handling font encoding PD1 ...
... no UTF-8 mapping file for font encoding PD1
)
(/usr/share/texlive/texmf-dist/tex/generic/intcalc/intcalc.sty
Package: intcalc 2019/12/15 v1.3 Expandable calculations with integers (HO)
)
\Hy@SavedSpaceFactor=\count332

(/usr/share/texlive/texmf-dist/tex/latex/hyperref/puenc.def
File: puenc.def 2024-01-20 v7.01h Hyperref: PDF Unicode definition (HO)
Now handling font encoding PU ...
... no UTF-8 mapping file for font encoding PU
)
Package hyperref Info: Hyper figures OFF on input line 4179.
Package hyperref Info: Link nesting OFF on input line 4184.
Package hyperref Info: Hyper index ON on input line 4187.
Package hyperref Info: Plain pages OFF on input line 4194.
Package hyperref Info: Backreferencing OFF on input line 4199.
Package hyperref Info: Implicit mode ON; LaTeX internals redefined.
Package hyperref Info: Bookmarks ON on input line 4446.
\c@Hy@tempcnt=\count333

(/usr/share/texlive/texmf-dist/tex/latex/url/url.sty
\Urlmuskip=\muskip17
Package: url 2013/09/16  ver 3.4  Verb mode for urls, etc.
)
LaTeX Info: Redefining \url on input line 4784.
\XeTeXLinkMargin=\dimen339

(/usr/share/texlive/texmf-dist/tex/generic/bitset/bitset.sty
Package: bitset 2019/12/09 v1.3 Handle bit-vector datatype (HO)

(/usr/share/texlive/texmf-dist/tex/generic/bigintcalc/bigintcalc.sty
Package: bigintcalc 2019/12/15 v1.5 Expandable calculations on big integers (HO
)
))
\Fld@menulength=\count334
\Field@Width=\dimen340
\Fld@charsize=\dimen341
Package hyperref Info: Hyper figures OFF on input line 6063.
Package hyperref Info: Link nesting OFF on input line 6068.
Package hyperref Info: Hyper index ON on input line 6071.
Package hyperref Info: backreferencing OFF on input line 6078.
Package hyperref Info: Link coloring OFF on input line 6083.
Package hyperref Info: Link coloring with OCG OFF on input line 6088.
Package hyperref Info: PDF/A mode OFF on input line 6093.

(/usr/share/texlive/texmf-dist/tex/latex/base/atbegshi-ltx.sty
Package: atbegshi-ltx 2021/01/10 v1.0c Emulation of the original atbegshi
package with kernel methods
)
\Hy@abspage=\count335
\c@Item=\count336
\c@Hfootnote=\count337
)
Package hyperref Info: Driver (autodetected): hpdftex.

(/usr/share/texlive/texmf-dist/tex/latex/hyperref/hpdftex.def
File: hpdftex.def 2024-01-20 v7.01h Hyperref driver for pdfTeX

(/usr/share/texlive/texmf-dist/tex/latex/base/atveryend-ltx.sty
Package: atveryend-ltx 2020/08/19 v1.0a Emulation of the original atveryend pac
kage
with kernel methods
)
\Fld@listcount=\count338
\c@bookmark@seq@number=\count339

(/usr/share/texlive/texmf-dist/tex/latex/rerunfilecheck/rerunfilecheck.sty
Package: rerunfilecheck 2022-07-10 v1.10 Rerun checks for auxiliary files (HO)

(/usr/share/texlive/texmf-dist/tex/generic/uniquecounter/uniquecounter.sty
Package: uniquecounter 2019/12/15 v1.4 Provide unlimited unique counter (HO)
)
Package uniquecounter Info: New unique counter `rerunfilecheck' on input line 2
85.
)
\Hy@SectionHShift=\skip78
)
(/usr/share/texlive/texmf-dist/tex/latex/tcolorbox/tcolorbox.sty
Package: tcolorbox 2024/01/10 version 6.2.0 text color boxes

(/usr/share/texlive/texmf-dist/tex/latex/tools/verbatim.sty
Package: verbatim 2023-11-06 v1.5v LaTeX2e package for verbatim enhancements
\every@verbatim=\toks50
\verbatim@line=\toks51
\verbatim@in@stream=\read4
)
(/usr/share/texlive/texmf-dist/tex/latex/environ/environ.sty
Package: environ 2014/05/04 v0.3 A new way to define environments

(/usr/share/texlive/texmf-dist/tex/latex/trimspaces/trimspaces.sty
Package: trimspaces 2009/09/17 v1.1 Trim spaces around a token list
))
\tcb@titlebox=\box79
\tcb@upperbox=\box80
\tcb@lowerbox=\box81
\tcb@phantombox=\box82
\c@tcbbreakpart=\count340
\c@tcblayer=\count341
\c@tcolorbox@number=\count342
\l__tcobox_tmpa_box=\box83
\l__tcobox_tmpa_dim=\dimen342
\tcb@temp=\box84
\tcb@temp=\box85
\tcb@temp=\box86
\tcb@temp=\box87

(/usr/share/texlive/texmf-dist/tex/latex/tcolorbox/tcbraster.code.tex
Library (tcolorbox): 'tcbraster.code.tex' version '6.2.0'
\c@tcbrastercolumn=\count343
\c@tcbrasterrow=\count344
\c@tcbrasternum=\count345
\c@tcbraster=\count346
) (/usr/share/texlive/texmf-dist/tex/latex/tcolorbox/tcbskins.code.tex
Library (tcolorbox): 'tcbskins.code.tex' version '6.2.0'
(/usr/share/texlive/texmf-dist/tex/latex/tikzfill/tikzfill.image.sty
Package: tikzfill.image 2023/08/08 v1.0.1 Image filling library for TikZ

(/usr/share/texlive/texmf-dist/tex/latex/tikzfill/tikzfill-common.sty
Package: tikzfill-common 2023/08/08 v1.0.1 Auxiliary code for tikzfill
)
(/usr/share/texlive/texmf-dist/tex/latex/tikzfill/tikzlibraryfill.image.code.te
x
File: tikzlibraryfill.image.code.tex 2023/08/08 v1.0.1 Image filling library
\l__tikzfill_img_box=\box88
)) (/usr/share/texlive/texmf-dist/tex/latex/tcolorbox/tcbskinsjigsaw.code.tex
Library (tcolorbox): 'tcbskinsjigsaw.code.tex' version '6.2.0'
)) (/usr/share/texlive/texmf-dist/tex/latex/tcolorbox/tcbbreakable.code.tex
Library (tcolorbox): 'tcbbreakable.code.tex' version '6.2.0'
(/usr/share/texlive/texmf-dist/tex/latex/pdfcol/pdfcol.sty
Package: pdfcol 2022-09-21 v1.7 Handle new color stacks for pdfTeX (HO)
)
Package pdfcol Info: New color stack `tcb@breakable' = 1 on input line 23.
\tcb@testbox=\box89
\tcb@totalupperbox=\box90
\tcb@totallowerbox=\box91
)
(/usr/share/texlive/texmf-dist/tex/latex/tcolorbox/tcbhooks.code.tex
Library (tcolorbox): 'tcbhooks.code.tex' version '6.2.0'
) (/usr/share/texlive/texmf-dist/tex/latex/tcolorbox/tcbtheorems.code.tex
Library (tcolorbox): 'tcbtheorems.code.tex' version '6.2.0'
) (/usr/share/texlive/texmf-dist/tex/latex/tcolorbox/tcbfitting.code.tex
Library (tcolorbox): 'tcbfitting.code.tex' version '6.2.0'
\tcbfitdim=\dimen343
\tcb@lowerfitdim=\dimen344
\tcb@upperfitdim=\dimen345
\tcb@cur@hbadness=\count347
) (/usr/share/texlive/texmf-dist/tex/latex/tcolorbox/tcblistingsutf8.code.tex
Library (tcolorbox): 'tcblistingsutf8.code.tex' version '6.2.0'
(/usr/share/texlive/texmf-dist/tex/latex/tcolorbox/tcblistings.code.tex
Library (tcolorbox): 'tcblistings.code.tex' version '6.2.0'
(/usr/share/texlive/texmf-dist/tex/latex/listings/listings.sty
\lst@mode=\count348
\lst@gtempboxa=\box92
\lst@token=\toks52
\lst@length=\count349
\lst@currlwidth=\dimen346
\lst@column=\count350
\lst@pos=\count351
\lst@lostspace=\dimen347
\lst@width=\dimen348
\lst@newlines=\count352
\lst@lineno=\count353
\lst@maxwidth=\dimen349

(/usr/share/texlive/texmf-dist/tex/latex/listings/lstmisc.sty
File: lstmisc.sty 2023/02/27 1.9 (Carsten Heinz)
\c@lstnumber=\count354
\lst@skipnumbers=\count355
\lst@framebox=\box93
)
(/usr/share/texlive/texmf-dist/tex/latex/listings/listings.cfg
File: listings.cfg 2023/02/27 1.9 listings configuration
))
Package: listings 2023/02/27 1.9 (Carsten Heinz)

(/usr/share/texlive/texmf-dist/tex/latex/tcolorbox/tcblistingscore.code.tex
Library (tcolorbox): 'tcblistingscore.code.tex' version '6.2.0'
(/usr/share/texlive/texmf-dist/tex/latex/tcolorbox/tcbprocessing.code.tex
Library (tcolorbox): 'tcbprocessing.code.tex' version '6.2.0'
)
\c@tcblisting=\count356
)) (/usr/share/texlive/texmf-dist/tex/latex/listingsutf8/listingsutf8.sty
Package: listingsutf8 2019-12-10 v1.5 Allow UTF-8 in listings input (HO)

(/usr/share/texlive/texmf-dist/tex/generic/stringenc/stringenc.sty
Package: stringenc 2019/11/29 v1.12 Convert strings between diff. encodings (HO
)
)))
(/usr/share/texlive/texmf-dist/tex/latex/tcolorbox/tcbexternal.code.tex
Library (tcolorbox): 'tcbexternal.code.tex' version '6.2.0'
) (/usr/share/texlive/texmf-dist/tex/latex/tcolorbox/tcbmagazine.code.tex
Library (tcolorbox): 'tcbmagazine.code.tex' version '6.2.0'
) (/usr/share/texlive/texmf-dist/tex/latex/tcolorbox/tcbvignette.code.tex
Library (tcolorbox): 'tcbvignette.code.tex' version '6.2.0'

(/usr/share/texlive/texmf-dist/tex/generic/pgf/frontendlayer/tikz/libraries/tik
zlibraryfadings.code.tex
File: tikzlibraryfadings.code.tex 2023-01-15 v3.1.10 (3.1.10)

(/usr/share/texlive/texmf-dist/tex/generic/pgf/libraries/pgflibraryfadings.code
.tex
File: pgflibraryfadings.code.tex 2023-01-15 v3.1.10 (3.1.10)
))) (/usr/share/texlive/texmf-dist/tex/latex/tcolorbox/tcbposter.code.tex
Library (tcolorbox): 'tcbposter.code.tex' version '6.2.0'
)) (/usr/share/texlive/texmf-dist/tex/latex/float/float.sty
Package: float 2001/11/08 v1.3d Float enhancements (AL)
\c@float@type=\count357
\float@exts=\toks53
\float@box=\box94
\@float@everytoks=\toks54
\@floatcapt=\box95
)
(/usr/share/texlive/texmf-dist/tex/latex/csquotes/csquotes.sty
Package: csquotes 2022-09-14 v5.2n context-sensitive quotations (JAW)
\csq@reset=\count358
\csq@gtype=\count359
\csq@glevel=\count360
\csq@qlevel=\count361
\csq@maxlvl=\count362
\csq@tshold=\count363
\csq@ltx@everypar=\toks55

(/usr/share/texlive/texmf-dist/tex/latex/csquotes/csquotes.def
File: csquotes.def 2022-09-14 v5.2n csquotes generic definitions (JAW)
)
Package csquotes Info: Trying to load configuration file 'csquotes.cfg'...
Package csquotes Info: ... configuration file loaded successfully.

(/usr/share/texlive/texmf-dist/tex/latex/csquotes/csquotes.cfg
File: csquotes.cfg 
))
(/usr/share/texlive/texmf-dist/tex/latex/setspace/setspace.sty
Package: setspace 2022/12/04 v6.7b set line spacing
)
Package hyperref Info: Option `colorlinks' set `true' on input line 32.
\c@tcb@cnt@definition=\count364
\c@tcb@cnt@remarkbox=\count365
\c@tcb@cnt@examplebox=\count366
LaTeX Font Info:    Trying to load font information for T1+ntxtlf on input line
 177.

(/usr/share/texlive/texmf-dist/tex/latex/newtx/t1ntxtlf.fd
File: t1ntxtlf.fd 2021/05/24 v1.1 font definition file for T1/ntx/tlf
)
LaTeX Font Info:    Font shape `T1/ntxtlf/m/n' will be
(Font)              scaled to size 10.95pt on input line 177.
Package csquotes Info: Checking for multilingual support...
Package csquotes Info: ... none found.

(./Lecture_Note_on_Precision_Physics_at_the_FCC_updated.aux)
\openout1 = `Lecture_Note_on_Precision_Physics_at_the_FCC_updated.aux'.

LaTeX Font Info:    Checking defaults for OML/ntxmi/m/it on input line 177.
LaTeX Font Info:    Trying to load font information for OML+ntxmi on input line
 177.

(/usr/share/texlive/texmf-dist/tex/latex/newtx/omlntxmi.fd
File: omlntxmi.fd 2015/08/25 Fontinst v1.933 font definitions for OML/ntxmi.
)
LaTeX Font Info:    ... okay on input line 177.
LaTeX Font Info:    Checking defaults for OMS/cmsy/m/n on input line 177.
LaTeX Font Info:    ... okay on input line 177.
LaTeX Font Info:    Checking defaults for OT1/cmr/m/n on input line 177.
LaTeX Font Info:    ... okay on input line 177.
LaTeX Font Info:    Checking defaults for T1/cmr/m/n on input line 177.
LaTeX Font Info:    ... okay on input line 177.
LaTeX Font Info:    Checking defaults for TS1/cmr/m/n on input line 177.
LaTeX Font Info:    ... okay on input line 177.
LaTeX Font Info:    Checking defaults for OMX/cmex/m/n on input line 177.
LaTeX Font Info:    ... okay on input line 177.
LaTeX Font Info:    Checking defaults for U/ntxexa/m/n on input line 177.
LaTeX Font Info:    Trying to load font information for U+ntxexa on input line 
177.

(/usr/share/texlive/texmf-dist/tex/latex/newtx/untxexa.fd
File: untxexa.fd 2012/04/16 Fontinst v1.933 font definitions for U/ntxexa.
)
LaTeX Font Info:    ... okay on input line 177.
LaTeX Font Info:    Checking defaults for LMS/ntxsy/m/n on input line 177.
LaTeX Font Info:    Trying to load font information for LMS+ntxsy on input line
 177.

(/usr/share/texlive/texmf-dist/tex/latex/newtx/lmsntxsy.fd
File: lmsntxsy.fd 2016/07/02 Fontinst v1.933 font definitions for LMS/ntxsy.
)
LaTeX Font Info:    ... okay on input line 177.
LaTeX Font Info:    Checking defaults for LMX/ntxexx/m/n on input line 177.
LaTeX Font Info:    Trying to load font information for LMX+ntxexx on input lin
e 177.

(/usr/share/texlive/texmf-dist/tex/latex/newtx/lmxntxexx.fd
File: lmxntxexx.fd 2016/07/03 Fontinst v1.933 font definitions for LMX/ntxexx.
)
LaTeX Font Info:    ... okay on input line 177.
LaTeX Font Info:    Checking defaults for PD1/pdf/m/n on input line 177.
LaTeX Font Info:    ... okay on input line 177.
LaTeX Font Info:    Checking defaults for PU/pdf/m/n on input line 177.
LaTeX Font Info:    ... okay on input line 177.

*geometry* driver: auto-detecting
*geometry* detected driver: pdftex
*geometry* verbose mode - [ preamble ] result:
* driver: pdftex
* paper: a4paper
* layout: <same size as paper>
* layoutoffset:(h,v)=(0.0pt,0.0pt)
* modes: 
* h-part:(L,W,R)=(72.26999pt, 452.9679pt, 72.26999pt)
* v-part:(T,H,B)=(72.26999pt, 700.50687pt, 72.26999pt)
* \paperwidth=597.50787pt
* \paperheight=845.04684pt
* \textwidth=452.9679pt
* \textheight=700.50687pt
* \oddsidemargin=0.0pt
* \evensidemargin=0.0pt
* \topmargin=-37.0pt
* \headheight=12.0pt
* \headsep=25.0pt
* \topskip=11.0pt
* \footskip=30.0pt
* \marginparwidth=50.0pt
* \marginparsep=10.0pt
* \columnsep=10.0pt
* \skip\footins=10.0pt plus 4.0pt minus 2.0pt
* \hoffset=0.0pt
* \voffset=0.0pt
* \mag=1000
* \@twocolumnfalse
* \@twosidefalse
* \@mparswitchfalse
* \@reversemarginfalse
* (1in=72.27pt=25.4mm, 1cm=28.453pt)

(/usr/share/texlive/texmf-dist/tex/context/base/mkii/supp-pdf.mkii
[Loading MPS to PDF converter (version 2006.09.02).]
\scratchcounter=\count367
\scratchdimen=\dimen350
\scratchbox=\box96
\nofMPsegments=\count368
\nofMParguments=\count369
\everyMPshowfont=\toks56
\MPscratchCnt=\count370
\MPscratchDim=\dimen351
\MPnumerator=\count371
\makeMPintoPDFobject=\count372
\everyMPtoPDFconversion=\toks57
) (/usr/share/texlive/texmf-dist/tex/latex/epstopdf-pkg/epstopdf-base.sty
Package: epstopdf-base 2020-01-24 v2.11 Base part for package epstopdf
Package epstopdf-base Info: Redefining graphics rule for `.eps' on input line 4
85.

(/usr/share/texlive/texmf-dist/tex/latex/latexconfig/epstopdf-sys.cfg
File: epstopdf-sys.cfg 2010/07/13 v1.3 Configuration of (r)epstopdf for TeX Liv
e
))
\c@mv@tabular=\count373
\c@mv@boldtabular=\count374
LaTeX Info: Command `\dddot' is already robust on input line 177.
LaTeX Info: Command `\ddddot' is already robust on input line 177.
LaTeX Info: Redefining \microtypecontext on input line 177.
Package microtype Info: Applying patch `item' on input line 177.
Package microtype Info: Applying patch `toc' on input line 177.
Package microtype Info: Applying patch `eqnum' on input line 177.


Package microtype Warning: Unable to apply patch `footnote' on input line 177.

Package microtype Info: Applying patch `verbatim' on input line 177.
Package microtype Info: Generating PDF output.
Package microtype Info: Character protrusion enabled (level 2).
Package microtype Info: Using default protrusion set `alltext'.
Package microtype Info: Automatic font expansion enabled (level 2),
(microtype)             stretch: 20, shrink: 20, step: 1, non-selected.
Package microtype Info: Using default expansion set `alltext-nott'.
LaTeX Info: Redefining \showhyphens on input line 177.
Package microtype Info: No adjustment of tracking.
Package microtype Info: No adjustment of interword spacing.
Package microtype Info: No adjustment of character kerning.
(/usr/share/texlive/texmf-dist/tex/latex/microtype/mt-ptm.cfg
File: mt-ptm.cfg 2006/04/20 v1.7 microtype config. file: Times (RS)
)
Package caption Info: Begin \AtBeginDocument code.
Package caption Info: float package is loaded.
Package caption Info: hyperref package is loaded.
Package caption Info: listings package is loaded.
Package caption Info: End \AtBeginDocument code.
Package hyperref Info: Link coloring ON on input line 177.

(./Lecture_Note_on_Precision_Physics_at_the_FCC_updated.out)
(./Lecture_Note_on_Precision_Physics_at_the_FCC_updated.out)
\@outlinefile=\write4
\openout4 = `Lecture_Note_on_Precision_Physics_at_the_FCC_updated.out'.

\c@lstlisting=\count375
LaTeX Font Info:    Font shape `T1/ntxtlf/b/n' will be
(Font)              scaled to size 10.95pt on input line 182.
LaTeX Font Info:    Font shape `T1/ntxtlf/m/n' will be
(Font)              scaled to size 14.4pt on input line 188.
LaTeX Font Info:    Font shape `T1/ntxtlf/b/n' will be
(Font)              scaled to size 17.0pt on input line 189.
LaTeX Font Info:    Font shape `T1/ntxtlf/m/n' will be
(Font)              scaled to size 12.0pt on input line 195.
LaTeX Font Info:    Font shape `T1/ntxtlf/m/it' will be
(Font)              scaled to size 10.95pt on input line 200.
LaTeX Font Info:    Trying to load font information for T1+ntxtt on input line 
207.

(/usr/share/texlive/texmf-dist/tex/latex/newtx/t1ntxtt.fd
File: t1ntxtt.fd 2012/04/20 v3.1
)
LaTeX Font Info:    Font shape `T1/ntxtt/m/n' will be
(Font)              scaled to size 10.95pt on input line 207.
Package microtype Info: Loading generic protrusion settings for font family
(microtype)             `ntxtt' (encoding: T1).
(microtype)             For optimal results, create family-specific settings.
(microtype)             See the microtype manual for details.
 [1

{/var/lib/texmf/fonts/map/pdftex/updmap/pdftex.map}{/usr/share/texlive/texmf-di
st/fonts/enc/dvips/newtx/ntx-ec-tlf.enc}]
LaTeX Font Info:    Font shape `T1/ntxtlf/b/n' will be
(Font)              scaled to size 14.4pt on input line 212.

(./Lecture_Note_on_Precision_Physics_at_the_FCC_updated.toc
LaTeX Font Info:    Trying to load font information for OT1+minntx on input lin
e 4.

(/usr/share/texlive/texmf-dist/tex/latex/newtx/ot1minntx.fd
File: ot1minntx.fd 2023/09/09 v1.1 font definition file for OT1/minntx
)
Package microtype Info: Loading generic protrusion settings for font family
(microtype)             `minntx' (encoding: OT1).
(microtype)             For optimal results, create family-specific settings.
(microtype)             See the microtype manual for details.
LaTeX Font Info:    Trying to load font information for U+ntxmia on input line 
4.

(/usr/share/texlive/texmf-dist/tex/latex/newtx/untxmia.fd
File: untxmia.fd 2018/04/14 Fontinst v1.933 font definitions for U/ntxmia.
)
LaTeX Font Info:    Trying to load font information for U+ntxsym on input line 
4.

(/usr/share/texlive/texmf-dist/tex/latex/newtx/untxsym.fd
File: untxsym.fd 2023/08/16 Fontinst v1.933 font definitions for U/ntxsym.
)
LaTeX Font Info:    Trying to load font information for U+ntxsyc on input line 
4.

(/usr/share/texlive/texmf-dist/tex/latex/newtx/untxsyc.fd
File: untxsyc.fd 2012/04/12 Fontinst v1.933 font definitions for U/ntxsyc.
)
LaTeX Font Info:    Font shape `T1/ntxtlf/m/n' will be
(Font)              scaled to size 10.0pt on input line 29.
LaTeX Font Info:    Font shape `T1/ntxtlf/m/it' will be
(Font)              scaled to size 10.0pt on input line 29.

pdfTeX warning (ext4): destination with the same identifier (name{page.1}) has 
been already used, duplicate ignored
<to be read again> 
                   \relax 
l.29 ....1}Z-pole observables}{36}{subsection.5.1}
                                                  % [1] [2])
\tf@toc=\write5
\openout5 = `Lecture_Note_on_Precision_Physics_at_the_FCC_updated.toc'.

 [3]
LaTeX Font Info:    Trying to load font information for TS1+ntxtlf on input lin
e 224.

(/usr/share/texlive/texmf-dist/tex/latex/newtx/ts1ntxtlf.fd
File: ts1ntxtlf.fd 2015/01/18 v1.0 fd file for TS1/ntxtlf
)
LaTeX Font Info:    Font shape `TS1/ntxtlf/m/n' will be
(Font)              scaled to size 10.95pt on input line 224.
 [4{/usr/share/texmf/fonts/enc/dvips/tex-gyre/q-ts1.enc}{/usr/share/texlive/tex
mf-dist/fonts/enc/dvips/newtx/ntx-ot1-tlf.enc}]
LaTeX Font Info:    Font shape `T1/ntxtlf/b/n' will be
(Font)              scaled to size 12.0pt on input line 239.
LaTeX Font Info:    Font shape `T1/ntxtlf/m/n' will be
(Font)              scaled to size 8.0pt on input line 250.
LaTeX Font Info:    Font shape `T1/ntxtlf/m/n' will be
(Font)              scaled to size 6.1pt on input line 250.

Overfull \hbox (136.51295pt too wide) detected at line 257
[][][][] [][]\LMS/ntxsy/m/n/10.95 ! [] [][]! [] [][]! []\OML/ntxmi/m/it/10.95 :

 []

[5]
<Figs/FCC-ee_RunSequence_2024_09_26.pdf, id=511, 845.1575pt x 597.23125pt>
File: Figs/FCC-ee_RunSequence_2024_09_26.pdf Graphic file (type pdf)
<use Figs/FCC-ee_RunSequence_2024_09_26.pdf>
Package pdftex.def Info: Figs/FCC-ee_RunSequence_2024_09_26.pdf  used on input 
line 292.
(pdftex.def)             Requested size: 430.31812pt x 304.0918pt.
 [6]
<Figs/circos_FCCee_nomargin_newFSR.pdf, id=524, 2619.7875pt x 2810.5pt>
File: Figs/circos_FCCee_nomargin_newFSR.pdf Graphic file (type pdf)
<use Figs/circos_FCCee_nomargin_newFSR.pdf>
Package pdftex.def Info: Figs/circos_FCCee_nomargin_newFSR.pdf  used on input l
ine 301.
(pdftex.def)             Requested size: 416.72963pt x 447.03033pt.
 [7 <./Figs/FCC-ee_RunSequence_2024_09_26.pdf, page is rotated 90 degrees>] [8 
<./Figs/circos_FCCee_nomargin_newFSR.pdf>] [9]
<Figs/FCC-runs.pdf, id=558, 1927.2pt x 1084.05pt>
File: Figs/FCC-runs.pdf Graphic file (type pdf)
<use Figs/FCC-runs.pdf>
Package pdftex.def Info: Figs/FCC-runs.pdf  used on input line 358.
(pdftex.def)             Requested size: 430.31812pt x 242.04811pt.
 [10 <./Figs/FCC-runs.pdf>]
<Figs/FCCeeLumis2024.png, id=587, 1614.03pt x 878.28125pt>
File: Figs/FCCeeLumis2024.png Graphic file (type png)
<use Figs/FCCeeLumis2024.png>
Package pdftex.def Info: Figs/FCCeeLumis2024.png  used on input line 367.
(pdftex.def)             Requested size: 430.31812pt x 234.15057pt.
<Figs/FCCtunnel.png, id=592, 1805.76pt x 635.58pt>
File: Figs/FCCtunnel.png Graphic file (type png)
<use Figs/FCCtunnel.png>
Package pdftex.def Info: Figs/FCCtunnel.png  used on input line 376.
(pdftex.def)             Requested size: 362.37569pt x 127.54047pt.
 [11 <./Figs/FCCeeLumis2024.png> <./Figs/FCCtunnel.png (PNG copy)>] [12]
[13]
<Figs/Global_Interpretations/coefficient_bar_final.pdf, id=628, 722.7pt x 1084.
05pt>
File: Figs/Global_Interpretations/coefficient_bar_final.pdf Graphic file (type 
pdf)
<use Figs/Global_Interpretations/coefficient_bar_final.pdf>
Package pdftex.def Info: Figs/Global_Interpretations/coefficient_bar_final.pdf 
 used on input line 476.
(pdftex.def)             Requested size: 416.72963pt x 625.09383pt.
 [14] [15 <./Figs/Global_Interpretations/coefficient_bar_final.pdf>]
<Figs/Global_Interpretations/barplotsnow-xo1-smpar.pdf, id=701, 794.97pt x 616.
3025pt>
File: Figs/Global_Interpretations/barplotsnow-xo1-smpar.pdf Graphic file (type 
pdf)
<use Figs/Global_Interpretations/barplotsnow-xo1-smpar.pdf>
Package pdftex.def Info: Figs/Global_Interpretations/barplotsnow-xo1-smpar.pdf 
 used on input line 485.
(pdftex.def)             Requested size: 416.72963pt x 323.07465pt.

[16 <./Figs/Global_Interpretations/barplotsnow-xo1-smpar.pdf>]
<Figs/Global_Interpretations/spider_plot_Quad_Effects.pdf, id=741, 664.88402pt 
x 724.0575pt>
File: Figs/Global_Interpretations/spider_plot_Quad_Effects.pdf Graphic file (ty
pe pdf)
<use Figs/Global_Interpretations/spider_plot_Quad_Effects.pdf>
Package pdftex.def Info: Figs/Global_Interpretations/spider_plot_Quad_Effects.p
df  used on input line 509.
(pdftex.def)             Requested size: 398.61395pt x 434.0843pt.
 [17 <./Figs/Global_Interpretations/spider_plot_Quad_Effects.pdf>]
<Figs/Global_Interpretations/spider_plot_uv.pdf, id=795, 773.89125pt x 751.8087
5pt>
File: Figs/Global_Interpretations/spider_plot_uv.pdf Graphic file (type pdf)
<use Figs/Global_Interpretations/spider_plot_uv.pdf>
Package pdftex.def Info: Figs/Global_Interpretations/spider_plot_uv.pdf  used o
n input line 518.
(pdftex.def)             Requested size: 398.61395pt x 387.23744pt.
 [18 <./Figs/Global_Interpretations/spider_plot_uv.pdf>]

pdfTeX warning: /usr/bin/pdflatex (file ./Figs/Global_Interpretations/newscalar
s.pdf): PDF inclusion: found PDF version <1.7>, but at most version <1.5> allow
ed
<Figs/Global_Interpretations/newscalars.pdf, id=864, 416.55624pt x 290.08376pt>

File: Figs/Global_Interpretations/newscalars.pdf Graphic file (type pdf)
<use Figs/Global_Interpretations/newscalars.pdf>
Package pdftex.def Info: Figs/Global_Interpretations/newscalars.pdf  used on in
put line 538.
(pdftex.def)             Requested size: 398.61395pt x 277.60081pt.


pdfTeX warning: /usr/bin/pdflatex (file ./Figs/Global_Interpretations/newfermio
ns.pdf): PDF inclusion: found PDF version <1.7>, but at most version <1.5> allo
wed
<Figs/Global_Interpretations/newfermions.pdf, id=868, 416.55624pt x 291.0875pt>

File: Figs/Global_Interpretations/newfermions.pdf Graphic file (type pdf)
<use Figs/Global_Interpretations/newfermions.pdf>
Package pdftex.def Info: Figs/Global_Interpretations/newfermions.pdf  used on i
nput line 547.
(pdftex.def)             Requested size: 398.61395pt x 278.56137pt.
[19 <./Figs/Global_Interpretations/newscalars.pdf>]

pdfTeX warning: /usr/bin/pdflatex (file ./Figs/Global_Interpretations/newvector
slog.pdf): PDF inclusion: found PDF version <1.7>, but at most version <1.5> al
lowed
<Figs/Global_Interpretations/newvectorslog.pdf, id=891, 416.55624pt x 290.08376
pt>
File: Figs/Global_Interpretations/newvectorslog.pdf Graphic file (type pdf)
<use Figs/Global_Interpretations/newvectorslog.pdf>
Package pdftex.def Info: Figs/Global_Interpretations/newvectorslog.pdf  used on
 input line 556.
(pdftex.def)             Requested size: 398.61395pt x 277.60081pt.
[20 <./Figs/Global_Interpretations/newfermions.pdf>] [21 <./Figs/Global_Interpr
etations/newvectorslog.pdf>] [22]
<Figs/Higgs/higgsstrahlung.jpg, id=943, 1002.74625pt x 610.28pt>
File: Figs/Higgs/higgsstrahlung.jpg Graphic file (type jpg)
<use Figs/Higgs/higgsstrahlung.jpg>
Package pdftex.def Info: Figs/Higgs/higgsstrahlung.jpg  used on input line 604.

(pdftex.def)             Requested size: 317.07614pt x 192.97487pt.
 [23 <./Figs/Higgs/higgsstrahlung.jpg>]
<Figs/Higgs/recoil.pdf, id=958, 569.12625pt x 546.04pt>
File: Figs/Higgs/recoil.pdf Graphic file (type pdf)
<use Figs/Higgs/recoil.pdf>
Package pdftex.def Info: Figs/Higgs/recoil.pdf  used on input line 633.
(pdftex.def)             Requested size: 353.31439pt x 338.99956pt.

[24]
<Figs/Higgs/RecoZ_mass.pdf, id=972, 569.12625pt x 552.0625pt>
File: Figs/Higgs/RecoZ_mass.pdf Graphic file (type pdf)
<use Figs/Higgs/RecoZ_mass.pdf>
Package pdftex.def Info: Figs/Higgs/RecoZ_mass.pdf  used on input line 642.
(pdftex.def)             Requested size: 339.72592pt x 329.55528pt.
 [25 <./Figs/Higgs/recoil.pdf, page is rotated 90 degrees>] [26 <./Figs/Higgs/R
ecoZ_mass.pdf, page is rotated 90 degrees>]
<Figs/Higgs/ATLAS_CMS_Higgs_couplings.pdf, id=1077, 504.88625pt x 569.12625pt>
File: Figs/Higgs/ATLAS_CMS_Higgs_couplings.pdf Graphic file (type pdf)
<use Figs/Higgs/ATLAS_CMS_Higgs_couplings.pdf>
Package pdftex.def Info: Figs/Higgs/ATLAS_CMS_Higgs_couplings.pdf  used on inpu
t line 680.
(pdftex.def)             Requested size: 398.61395pt x 449.3356pt.
 [27]
<Figs/Higgs_to_fermion_effective_couplings.pdf, id=1088, 448.46869pt x 333.1647
2pt>
File: Figs/Higgs_to_fermion_effective_couplings.pdf Graphic file (type pdf)
<use Figs/Higgs_to_fermion_effective_couplings.pdf>
Package pdftex.def Info: Figs/Higgs_to_fermion_effective_couplings.pdf  used on
 input line 689.
(pdftex.def)             Requested size: 353.31439pt x 262.4906pt.
 [28 <./Figs/Higgs/ATLAS_CMS_Higgs_couplings.pdf>]
<Figs/Higgs_to_vector_boson_effective_couplings.pdf, id=1141, 448.54141pt x 333
.16472pt>
File: Figs/Higgs_to_vector_boson_effective_couplings.pdf Graphic file (type pdf
)
<use Figs/Higgs_to_vector_boson_effective_couplings.pdf>
Package pdftex.def Info: Figs/Higgs_to_vector_boson_effective_couplings.pdf  us
ed on input line 698.
(pdftex.def)             Requested size: 353.31439pt x 262.43468pt.
 [29 <./Figs/Higgs_to_fermion_effective_couplings.pdf>]
[30 <./Figs/Higgs_to_vector_boson_effective_couplings.pdf>]
<Figs/kappa2025/k_universal.pdf, id=1229, 448.45726pt x 333.16472pt>
File: Figs/kappa2025/k_universal.pdf Graphic file (type pdf)
<use Figs/kappa2025/k_universal.pdf>
Package pdftex.def Info: Figs/kappa2025/k_universal.pdf  used on input line 740
.
(pdftex.def)             Requested size: 353.31439pt x 262.4906pt.
 [31 <./Figs/kappa2025/k_universal.pdf>]
<Figs/Hself/HH-Feynman-all_v2.pdf, id=1267, 959.78522pt x 330.6203pt>
File: Figs/Hself/HH-Feynman-all_v2.pdf Graphic file (type pdf)
<use Figs/Hself/HH-Feynman-all_v2.pdf>
Package pdftex.def Info: Figs/Hself/HH-Feynman-all_v2.pdf  used on input line 7
68.
(pdftex.def)             Requested size: 362.37569pt x 124.8248pt.
<Figs/Hself/CrossSectionPlot.pdf, id=1271, 569.12625pt x 388.45125pt>
File: Figs/Hself/CrossSectionPlot.pdf Graphic file (type pdf)
<use Figs/Hself/CrossSectionPlot.pdf>
Package pdftex.def Info: Figs/Hself/CrossSectionPlot.pdf  used on input line 77
7.
(pdftex.def)             Requested size: 385.02547pt x 262.80377pt.
 [32 <./Figs/Hself/HH-Feynman-all_v2.pdf>]
<Figs/Hself/KappaLambdaHEFT_FCCee.pdf, id=1345, 361.35pt x 353.32pt>
File: Figs/Hself/KappaLambdaHEFT_FCCee.pdf Graphic file (type pdf)
<use Figs/Hself/KappaLambdaHEFT_FCCee.pdf>
Package pdftex.def Info: Figs/Hself/KappaLambdaHEFT_FCCee.pdf  used on input li
ne 786.
(pdftex.def)             Requested size: 362.37569pt x 354.32729pt.
 [33 <./Figs/Hself/CrossSectionPlot.pdf, page is rotated 90 degrees>]
<Figs/Hself/HHH_ECM_Combined_new.pdf, id=1397, 569.12625pt x 387.4475pt>
File: Figs/Hself/HHH_ECM_Combined_new.pdf Graphic file (type pdf)
<use Figs/Hself/HHH_ECM_Combined_new.pdf>
Package pdftex.def Info: Figs/Hself/HHH_ECM_Combined_new.pdf  used on input lin
e 795.
(pdftex.def)             Requested size: 371.43698pt x 252.87839pt.
 [34 <./Figs/Hself/KappaLambdaHEFT_FCCee.pdf>] [35 <./Figs/Hself/HHH_ECM_Combin
ed_new.pdf, page is rotated 90 degrees>]
<Figs/commontools/Z_mass_pole.pdf, id=1488, 337.50089pt x 304.2567pt>
File: Figs/commontools/Z_mass_pole.pdf Graphic file (type pdf)
<use Figs/commontools/Z_mass_pole.pdf>
Package pdftex.def Info: Figs/commontools/Z_mass_pole.pdf  used on input line 8
48.
(pdftex.def)             Requested size: 362.37569pt x 326.6796pt.
 [36] [37 <./Figs/commontools/Z_mass_pole.pdf>]
<Figs/EWfit/MWmtplot_FCCee.pdf, id=1531, 361.35pt x 343.2825pt>
File: Figs/EWfit/MWmtplot_FCCee.pdf Graphic file (type pdf)
<use Figs/EWfit/MWmtplot_FCCee.pdf>
Package pdftex.def Info: Figs/EWfit/MWmtplot_FCCee.pdf  used on input line 878.

(pdftex.def)             Requested size: 362.37569pt x 344.26115pt.
<Figs/EWfit/mt_mW_uncert.pdf, id=1535, 722.7pt x 722.7pt>
File: Figs/EWfit/mt_mW_uncert.pdf Graphic file (type pdf)
<use Figs/EWfit/mt_mW_uncert.pdf>
Package pdftex.def Info: Figs/EWfit/mt_mW_uncert.pdf  used on input line 887.
(pdftex.def)             Requested size: 353.31439pt x 353.31006pt.
 [38 <./Figs/EWfit/MWmtplot_FCCee.pdf>]
<Figs/MWmtplot_FCCee_New.png, id=1569, 501.875pt x 478.78876pt>
File: Figs/MWmtplot_FCCee_New.png Graphic file (type png)
<use Figs/MWmtplot_FCCee_New.png>
Package pdftex.def Info: Figs/MWmtplot_FCCee_New.png  used on input line 907.
(pdftex.def)             Requested size: 362.37569pt x 345.7212pt.
 [39 <./Figs/EWfit/mt_mW_uncert.pdf>]
<Figs/Effective_couplings_of_the_W_boson.pdf, id=1626, 448.54141pt x 333.16472p
t>
File: Figs/Effective_couplings_of_the_W_boson.pdf Graphic file (type pdf)
<use Figs/Effective_couplings_of_the_W_boson.pdf>
Package pdftex.def Info: Figs/Effective_couplings_of_the_W_boson.pdf  used on i
nput line 923.
(pdftex.def)             Requested size: 353.31439pt x 262.43468pt.
 [40 <./Figs/MWmtplot_FCCee_New.png (PNG copy)>]
<Figs/Electroweak_left-handed_effective_couplings.pdf, id=1636, 448.54141pt x 3
33.16472pt>
File: Figs/Electroweak_left-handed_effective_couplings.pdf Graphic file (type p
df)
<use Figs/Electroweak_left-handed_effective_couplings.pdf>
Package pdftex.def Info: Figs/Electroweak_left-handed_effective_couplings.pdf  
used on input line 932.
(pdftex.def)             Requested size: 353.31439pt x 262.43468pt.
 [41 <./Figs/Effective_couplings_of_the_W_boson.pdf>]
<Figs/Electroweak_right-handed_effective_couplings.pdf, id=1682, 448.54141pt x 
333.16472pt>
File: Figs/Electroweak_right-handed_effective_couplings.pdf Graphic file (type 
pdf)
<use Figs/Electroweak_right-handed_effective_couplings.pdf>
Package pdftex.def Info: Figs/Electroweak_right-handed_effective_couplings.pdf 
 used on input line 941.
(pdftex.def)             Requested size: 353.31439pt x 262.43468pt.
[42 <./Figs/Electroweak_left-handed_effective_couplings.pdf> <./Figs/Electrowea
k_right-handed_effective_couplings.pdf>] [43]
<Figs/scan/plot_PS.pdf, id=1777, 722.7pt x 722.7pt>
File: Figs/scan/plot_PS.pdf Graphic file (type pdf)
<use Figs/scan/plot_PS.pdf>
Package pdftex.def Info: Figs/scan/plot_PS.pdf  used on input line 1000.
(pdftex.def)             Requested size: 385.02547pt x 385.02515pt.
 [44]
<Figs/scan/ISR_comparison_N3LO.pdf, id=1789, 722.7pt x 722.7pt>
File: Figs/scan/ISR_comparison_N3LO.pdf Graphic file (type pdf)
<use Figs/scan/ISR_comparison_N3LO.pdf>
Package pdftex.def Info: Figs/scan/ISR_comparison_N3LO.pdf  used on input line 
1009.
(pdftex.def)             Requested size: 385.02547pt x 385.02515pt.
 [45 <./Figs/scan/plot_PS.pdf>]
<Figs/scan/plot_N3LO_PS_yukawa_alphaS_ratio.pdf, id=1862, 722.7pt x 722.7pt>
File: Figs/scan/plot_N3LO_PS_yukawa_alphaS_ratio.pdf Graphic file (type pdf)
<use Figs/scan/plot_N3LO_PS_yukawa_alphaS_ratio.pdf>
Package pdftex.def Info: Figs/scan/plot_N3LO_PS_yukawa_alphaS_ratio.pdf  used o
n input line 1018.
(pdftex.def)             Requested size: 385.02547pt x 385.02515pt.
 [46 <./Figs/scan/ISR_comparison_N3LO.pdf>] [47 <./Figs/scan/plot_N3LO_PS_yukaw
a_alphaS_ratio.pdf>]
<Figs/scan/chi2_scan_mass_width.pdf, id=2005, 722.7pt x 722.7pt>
File: Figs/scan/chi2_scan_mass_width.pdf Graphic file (type pdf)
<use Figs/scan/chi2_scan_mass_width.pdf>
Package pdftex.def Info: Figs/scan/chi2_scan_mass_width.pdf  used on input line
 1038.
(pdftex.def)             Requested size: 339.72592pt x 339.72418pt.
<Figs/scan/uncert_mass_width_vs_alphas.pdf, id=2009, 722.7pt x 722.7pt>
File: Figs/scan/uncert_mass_width_vs_alphas.pdf Graphic file (type pdf)
<use Figs/scan/uncert_mass_width_vs_alphas.pdf>
Package pdftex.def Info: Figs/scan/uncert_mass_width_vs_alphas.pdf  used on inp
ut line 1047.
(pdftex.def)             Requested size: 339.72592pt x 339.72418pt.
 [48 <./Figs/scan/chi2_scan_mass_width.pdf>]
<Figs/reco/njgt1_effp9_twob_njets_R5_had_345_log.pdf, id=2094, 569.12625pt x 54
6.04pt>
File: Figs/reco/njgt1_effp9_twob_njets_R5_had_345_log.pdf Graphic file (type pd
f)
<use Figs/reco/njgt1_effp9_twob_njets_R5_had_345_log.pdf>
Package pdftex.def Info: Figs/reco/njgt1_effp9_twob_njets_R5_had_345_log.pdf  u
sed on input line 1067.
(pdftex.def)             Requested size: 353.31439pt x 338.99956pt.
 [49 <./Figs/scan/uncert_mass_width_vs_alphas.pdf>]
<Figs/Global_Interpretations/top-higgs-interplay-fcc.pdf, id=2172, 722.7pt x 10
84.05pt>
File: Figs/Global_Interpretations/top-higgs-interplay-fcc.pdf Graphic file (typ
e pdf)
<use Figs/Global_Interpretations/top-higgs-interplay-fcc.pdf>
Package pdftex.def Info: Figs/Global_Interpretations/top-higgs-interplay-fcc.pd
f  used on input line 1076.
(pdftex.def)             Requested size: 385.02547pt x 577.53773pt.
 [50 <./Figs/reco/njgt1_effp9_twob_njets_R5_had_345_log.pdf, page is rotated 90
 degrees>] [51 <./Figs/Global_Interpretations/top-higgs-interplay-fcc.pdf>] [52
]
File: Figs/Global_Interpretations/coefficient_bar_final.pdf Graphic file (type 
pdf)
<use Figs/Global_Interpretations/coefficient_bar_final.pdf>
Package pdftex.def Info: Figs/Global_Interpretations/coefficient_bar_final.pdf 
 used on input line 1142.
(pdftex.def)             Requested size: 416.72963pt x 625.09383pt.
 [53] [54]
File: Figs/Global_Interpretations/barplotsnow-xo1-smpar.pdf Graphic file (type 
pdf)
<use Figs/Global_Interpretations/barplotsnow-xo1-smpar.pdf>
Package pdftex.def Info: Figs/Global_Interpretations/barplotsnow-xo1-smpar.pdf 
 used on input line 1151.
(pdftex.def)             Requested size: 416.72963pt x 323.07465pt.
File: Figs/Global_Interpretations/spider_plot_uv.pdf Graphic file (type pdf)
<use Figs/Global_Interpretations/spider_plot_uv.pdf>
Package pdftex.def Info: Figs/Global_Interpretations/spider_plot_uv.pdf  used o
n input line 1160.
(pdftex.def)             Requested size: 398.61395pt x 387.23744pt.
 [55] [56]
File: Figs/Higgs_to_fermion_effective_couplings.pdf Graphic file (type pdf)
<use Figs/Higgs_to_fermion_effective_couplings.pdf>
Package pdftex.def Info: Figs/Higgs_to_fermion_effective_couplings.pdf  used on
 input line 1196.
(pdftex.def)             Requested size: 353.31439pt x 262.4906pt.
File: Figs/Higgs_to_vector_boson_effective_couplings.pdf Graphic file (type pdf
)
<use Figs/Higgs_to_vector_boson_effective_couplings.pdf>
Package pdftex.def Info: Figs/Higgs_to_vector_boson_effective_couplings.pdf  us
ed on input line 1205.
(pdftex.def)             Requested size: 353.31439pt x 262.43468pt.
 [57]
File: Figs/Effective_couplings_of_the_W_boson.pdf Graphic file (type pdf)
<use Figs/Effective_couplings_of_the_W_boson.pdf>
Package pdftex.def Info: Figs/Effective_couplings_of_the_W_boson.pdf  used on i
nput line 1214.
(pdftex.def)             Requested size: 353.31439pt x 262.43468pt.
 [58]
File: Figs/Global_Interpretations/newscalars.pdf Graphic file (type pdf)
<use Figs/Global_Interpretations/newscalars.pdf>
Package pdftex.def Info: Figs/Global_Interpretations/newscalars.pdf  used on in
put line 1226.
(pdftex.def)             Requested size: 398.61395pt x 277.60081pt.
 [59]
File: Figs/Global_Interpretations/newfermions.pdf Graphic file (type pdf)
<use Figs/Global_Interpretations/newfermions.pdf>
Package pdftex.def Info: Figs/Global_Interpretations/newfermions.pdf  used on i
nput line 1235.
(pdftex.def)             Requested size: 398.61395pt x 278.56137pt.

[60]
File: Figs/Global_Interpretations/newvectorslog.pdf Graphic file (type pdf)
<use Figs/Global_Interpretations/newvectorslog.pdf>
Package pdftex.def Info: Figs/Global_Interpretations/newvectorslog.pdf  used on
 input line 1244.
(pdftex.def)             Requested size: 398.61395pt x 277.60081pt.
 [61] [62] [63]

pdfTeX warning: /usr/bin/pdflatex (file ./Figs/rarezdecays-crop.pdf): PDF inclu
sion: found PDF version <1.7>, but at most version <1.5> allowed
<Figs/rarezdecays-crop.pdf, id=2375, 796.9775pt x 179.67125pt>
File: Figs/rarezdecays-crop.pdf Graphic file (type pdf)
<use Figs/rarezdecays-crop.pdf>
Package pdftex.def Info: Figs/rarezdecays-crop.pdf  used on input line 1304.
(pdftex.def)             Requested size: 371.43698pt x 83.73541pt.
<Figs/Tau_LFV.png, id=2379, 345.54094pt x 344.41171pt>
File: Figs/Tau_LFV.png Graphic file (type png)
<use Figs/Tau_LFV.png>
Package pdftex.def Info: Figs/Tau_LFV.png  used on input line 1313.
(pdftex.def)             Requested size: 371.43698pt x 370.23012pt.
[64 <./Figs/rarezdecays-crop.pdf>]
<Figs/tau_LFU_exp.png, id=2399, 861.2175pt x 855.195pt>
File: Figs/tau_LFU_exp.png Graphic file (type png)
<use Figs/tau_LFU_exp.png>
Package pdftex.def Info: Figs/tau_LFU_exp.png  used on input line 1322.
(pdftex.def)             Requested size: 371.43698pt x 368.84892pt.
 [65 <./Figs/Tau_LFV.png>] [66 <./Figs/tau_LFU_exp.png>] [67]
<Figs/TypeISeesaw_FSR.pdf, id=2431, 1084.64046pt x 376.29784pt>
File: Figs/TypeISeesaw_FSR.pdf Graphic file (type pdf)
<use Figs/TypeISeesaw_FSR.pdf>
Package pdftex.def Info: Figs/TypeISeesaw_FSR.pdf  used on input line 1387.
(pdftex.def)             Requested size: 389.55266pt x 135.14557pt.
 [68 <./Figs/TypeISeesaw_FSR.pdf>]
<Figs/alp_final_FCCeehh_col_FSR.png, id=2478, 1038.88126pt x 720.6925pt>
File: Figs/alp_final_FCCeehh_col_FSR.png Graphic file (type png)
<use Figs/alp_final_FCCeehh_col_FSR.png>
Package pdftex.def Info: Figs/alp_final_FCCeehh_col_FSR.png  used on input line
 1409.
(pdftex.def)             Requested size: 389.55266pt x 270.23703pt.
<Figs/fcc_lines_LLP_FSR.pdf, id=2482, 1011.78pt x 722.7pt>
File: Figs/fcc_lines_LLP_FSR.pdf Graphic file (type pdf)
<use Figs/fcc_lines_LLP_FSR.pdf>
Package pdftex.def Info: Figs/fcc_lines_LLP_FSR.pdf  used on input line 1418.
(pdftex.def)             Requested size: 389.55266pt x 278.2569pt.
 [69 <./Figs/alp_final_FCCeehh_col_FSR.png>]
<Figs/ExoticHiggsLLP_FSR.pdf, id=2494, 416.55624pt x 254.9525pt>
File: Figs/ExoticHiggsLLP_FSR.pdf Graphic file (type pdf)
<use Figs/ExoticHiggsLLP_FSR.pdf>
Package pdftex.def Info: Figs/ExoticHiggsLLP_FSR.pdf  used on input line 1436.
(pdftex.def)             Requested size: 389.55266pt x 238.43771pt.
 [70 <./Figs/fcc_lines_LLP_FSR.pdf>]
<Figs/HtoSS/h2ss_dia.pdf, id=2556, 597.23125pt x 845.1575pt>
File: Figs/HtoSS/h2ss_dia.pdf Graphic file (type pdf)
<use Figs/HtoSS/h2ss_dia.pdf>
Package pdftex.def Info: Figs/HtoSS/h2ss_dia.pdf  used on input line 1445.
(pdftex.def)             Requested size: 317.07614pt x 448.70511pt.
 [71 <./Figs/ExoticHiggsLLP_FSR.pdf>]
<Figs/HtoSS/h2ss_weak.pdf, id=2592, 597.23125pt x 845.1575pt>
File: Figs/HtoSS/h2ss_weak.pdf Graphic file (type pdf)
<use Figs/HtoSS/h2ss_weak.pdf>
Package pdftex.def Info: Figs/HtoSS/h2ss_weak.pdf  used on input line 1454.
(pdftex.def)             Requested size: 371.43698pt x 525.63004pt.
 [72 <./Figs/HtoSS/h2ss_dia.pdf>] [73 <./Figs/HtoSS/h2ss_weak.pdf>]
[74]
<Figs/VacuumPolarization.png, id=2637, 340.27126pt x 513.92pt>
File: Figs/VacuumPolarization.png Graphic file (type png)
<use Figs/VacuumPolarization.png>
Package pdftex.def Info: Figs/VacuumPolarization.png  used on input line 1497.
(pdftex.def)             Requested size: 262.7222pt x 396.81746pt.
 [75]
pdfTeX warning (ext1): too large image resolution ignored
<Figs/LbL_diphoton_diag.png, id=2647, 770.88pt x 659.46375pt>
File: Figs/LbL_diphoton_diag.png Graphic file (type png)
<use Figs/LbL_diphoton_diag.png>
Package pdftex.def Info: Figs/LbL_diphoton_diag.png  used on input line 1506.
(pdftex.def)             Requested size: 262.7222pt x 224.74802pt.
[76 <./Figs/VacuumPolarization.png>]
<Figs/gg_lbl.png, id=2657, 161.10187pt x 131.74219pt>
File: Figs/gg_lbl.png Graphic file (type png)
<use Figs/gg_lbl.png>
Package pdftex.def Info: Figs/gg_lbl.png  used on input line 1515.
(pdftex.def)             Requested size: 262.7222pt x 214.85243pt.
 [77 <./Figs/LbL_diphoton_diag.png> <./Figs/gg_lbl.png (PNG copy)>] [78] [79]
<Figs/commontools/CLD_iso_View.pdf, id=2688, 3268.8273pt x 3113.16885pt>
File: Figs/commontools/CLD_iso_View.pdf Graphic file (type pdf)
<use Figs/commontools/CLD_iso_View.pdf>
Package pdftex.def Info: Figs/commontools/CLD_iso_View.pdf  used on input line 
1582.
(pdftex.def)             Requested size: 371.43698pt x 353.70787pt.
 [80 <./Figs/commontools/CLD_iso_View.pdf>]

pdfTeX warning: /usr/bin/pdflatex (file ./Figs/commontools/allegro-compressed.p
df): PDF inclusion: found PDF version <1.6>, but at most version <1.5> allowed
<Figs/commontools/allegro-compressed.pdf, id=2708, 1525.7pt x 1134.2375pt>
File: Figs/commontools/allegro-compressed.pdf Graphic file (type pdf)
<use Figs/commontools/allegro-compressed.pdf>
Package pdftex.def Info: Figs/commontools/allegro-compressed.pdf  used on input
 line 1591.
(pdftex.def)             Requested size: 371.43698pt x 276.13396pt.
<Figs/commontools/dp_vs_p.pdf, id=2712, 569.12625pt x 549.05125pt>
File: Figs/commontools/dp_vs_p.pdf Graphic file (type pdf)
<use Figs/commontools/dp_vs_p.pdf>
Package pdftex.def Info: Figs/commontools/dp_vs_p.pdf  used on input line 1600.

(pdftex.def)             Requested size: 339.72592pt x 327.75772pt.
[81 <./Figs/commontools/allegro-compressed.pdf>] [82 <./Figs/commontools/dp_vs_
p.pdf>]
<Figs/commontools/edm4hep_diagram_v99.pdf, id=2740, 813.80943pt x 414.82986pt>
File: Figs/commontools/edm4hep_diagram_v99.pdf Graphic file (type pdf)
<use Figs/commontools/edm4hep_diagram_v99.pdf>
Package pdftex.def Info: Figs/commontools/edm4hep_diagram_v99.pdf  used on inpu
t line 1623.
(pdftex.def)             Requested size: 371.43698pt x 189.33655pt.
<Figs/commontools/key4hep_chain_gaudi.png, id=2744, 1217.54875pt x 913.4125pt>
File: Figs/commontools/key4hep_chain_gaudi.png Graphic file (type png)
<use Figs/commontools/key4hep_chain_gaudi.png>
Package pdftex.def Info: Figs/commontools/key4hep_chain_gaudi.png  used on inpu
t line 1632.
(pdftex.def)             Requested size: 389.55266pt x 292.24222pt.
 [83 <./Figs/commontools/edm4hep_diagram_v99.pdf>] [84 <./Figs/commontools/key4
hep_chain_gaudi.png>] [85]
<Figs/FCCHHschannelreach.png, id=2887, 614.295pt x 577.15625pt>
File: Figs/FCCHHschannelreach.png Graphic file (type png)
<use Figs/FCCHHschannelreach.png>
Package pdftex.def Info: Figs/FCCHHschannelreach.png  used on input line 1677.
(pdftex.def)             Requested size: 389.55266pt x 366.00577pt.
 [86]
<Figs/PairComp.pdf, id=2897, 361.35pt x 266.9975pt>
File: Figs/PairComp.pdf Graphic file (type pdf)
<use Figs/PairComp.pdf>
Package pdftex.def Info: Figs/PairComp.pdf  used on input line 1686.
(pdftex.def)             Requested size: 389.55266pt x 287.83965pt.
 [87 <./Figs/FCCHHschannelreach.png>]
<Figs/ResonanceComp.pdf, id=2907, 361.35pt x 266.9975pt>
File: Figs/ResonanceComp.pdf Graphic file (type pdf)
<use Figs/ResonanceComp.pdf>
Package pdftex.def Info: Figs/ResonanceComp.pdf  used on input line 1695.
(pdftex.def)             Requested size: 389.55266pt x 287.83965pt.

[88 <./Figs/PairComp.pdf>]
<Figs/Hselfcoupling-precision-1b.pdf, id=3038, 961.70314pt x 540.60239pt>
File: Figs/Hselfcoupling-precision-1b.pdf Graphic file (type pdf)
<use Figs/Hselfcoupling-precision-1b.pdf>
Package pdftex.def Info: Figs/Hselfcoupling-precision-1b.pdf  used on input lin
e 1715.
(pdftex.def)             Requested size: 389.55266pt x 218.97575pt.
 [89 <./Figs/ResonanceComp.pdf>]
<Figs/NeutrinoSpectra.pdf, id=3171, 939.51pt x 469.755pt>
File: Figs/NeutrinoSpectra.pdf Graphic file (type pdf)
<use Figs/NeutrinoSpectra.pdf>
Package pdftex.def Info: Figs/NeutrinoSpectra.pdf  used on input line 1724.
(pdftex.def)             Requested size: 362.37569pt x 181.18237pt.
 [90 <./Figs/Hselfcoupling-precision-1b.pdf> <./Figs/NeutrinoSpectra.pdf>] [91]
<Figs/PED_e-groups.pdf, id=3315, 850.27495pt x 696.02202pt>
File: Figs/PED_e-groups.pdf Graphic file (type pdf)
<use Figs/PED_e-groups.pdf>
Package pdftex.def Info: Figs/PED_e-groups.pdf  used on input line 1777.
(pdftex.def)             Requested size: 362.37569pt x 296.63914pt.
 [92]
Overfull \hbox (20.0617pt too wide) in paragraph at lines 1799--1799
[]|$\OML/ntxmi/m/it/10.95 m[]; \U/ntxmia/m/it/10.95 ^^@[]\OML/ntxmi/m/it/10.95 
; ^^[[]; [][] ^^R[]; m[]$| 
 []


Underfull \hbox (badness 10000) in paragraph at lines 1799--1799
[]|$\OML/ntxmi/m/it/10.95 m[]; \U/ntxmia/m/it/10.95 ^^@[]\OML/ntxmi/m/it/10.95 
; y[]; t[]Z$ \T1/ntxtlf/m/n/10.95 (+20) cou-
 []


Underfull \hbox (badness 2277) in paragraph at lines 1799--1799
[]|\T1/ntxtlf/m/n/10.95 (+20) Rare $\OML/ntxmi/m/it/10.95 b; c; ^^\$ \T1/ntxtlf
/m/n/10.95 (+20) de-cays,
 []


Underfull \hbox (badness 1275) in paragraph at lines 1799--1799
\T1/ntxtlf/m/n/10.95 (+20) duc-tion, $\OML/ntxmi/m/it/10.95 HH$\T1/ntxtlf/m/n/1
0.95 (+20) , high-
 []

[93 <./Figs/PED_e-groups.pdf>] [94] [95] [96] [97] [98] [99] [100] [101]
(./Lecture_Note_on_Precision_Physics_at_the_FCC_updated.aux)
 ***********
LaTeX2e <2023-11-01> patch level 1
L3 programming layer <2020/03/25>
 ***********
Package rerunfilecheck Info: File `Lecture_Note_on_Precision_Physics_at_the_FCC
_updated.out' has not changed.
(rerunfilecheck)             Checksum: 632219590D4C8DCD6933D642A39A2229;16370.
 ) 
Here is how much of TeX's memory you used:
 39808 strings out of 474222
 781713 string characters out of 5748732
 1948975 words of memory out of 5000000
 60712 multiletter control sequences out of 15000+600000
 655365 words of font info for 238 fonts, out of 8000000 for 9000
 1141 hyphenation exceptions out of 8191
 84i,14n,117p,1049b,1361s stack positions out of 10000i,1000n,20000p,200000b,200000s
</usr/share/texlive/texmf-dist/fonts/type1/public/newtx/NewTXMI.pfb></usr/sha
re/texlive/texmf-dist/fonts/type1/public/newtx/NewTXMI7.pfb></usr/share/texlive
/texmf-dist/fonts/type1/public/stix/STIXGeneral-Regular.pfb></usr/share/texlive
/texmf-dist/fonts/type1/public/amsfonts/cm/cmbx10.pfb></usr/share/texlive/texmf
-dist/fonts/type1/public/amsfonts/cm/cmex10.pfb></usr/share/texlive/texmf-dist/
fonts/type1/public/amsfonts/cm/cmmi10.pfb></usr/share/texlive/texmf-dist/fonts/
type1/public/amsfonts/cm/cmmi12.pfb></usr/share/texlive/texmf-dist/fonts/type1/
public/amsfonts/cm/cmmi7.pfb></usr/share/texlive/texmf-dist/fonts/type1/public/
amsfonts/cm/cmmi9.pfb></usr/share/texlive/texmf-dist/fonts/type1/public/amsfont
s/cm/cmr10.pfb></usr/share/texlive/texmf-dist/fonts/type1/public/amsfonts/cm/cm
r12.pfb></usr/share/texlive/texmf-dist/fonts/type1/public/amsfonts/cm/cmr17.pfb
></usr/share/texlive/texmf-dist/fonts/type1/public/amsfonts/cm/cmr6.pfb></usr/s
hare/texlive/texmf-dist/fonts/type1/public/amsfonts/cm/cmr7.pfb></usr/share/tex
live/texmf-dist/fonts/type1/public/amsfonts/cm/cmr8.pfb></usr/share/texlive/tex
mf-dist/fonts/type1/public/amsfonts/cm/cmr9.pfb></usr/share/texlive/texmf-dist/
fonts/type1/public/amsfonts/cm/cmsy10.pfb></usr/share/texlive/texmf-dist/fonts/
type1/public/amsfonts/cm/cmsy7.pfb></usr/share/texlive/texmf-dist/fonts/type1/p
ublic/amsfonts/cm/cmsy9.pfb></usr/share/texlive/texmf-dist/fonts/type1/public/m
athpazo/fplmri.pfb></usr/share/texlive/texmf-dist/fonts/type1/public/amsfonts/l
atxfont/lcmss8.pfb></usr/share/texlive/texmf-dist/fonts/type1/public/amsfonts/s
ymbols/msam10.pfb></usr/share/texlive/texmf-dist/fonts/type1/public/amsfonts/sy
mbols/msam7.pfb></usr/share/texmf/fonts/type1/public/tex-gyre/qtmr.pfb></usr/sh
are/texlive/texmf-dist/fonts/type1/public/txfonts/t1xtt.pfb></usr/share/texlive
/texmf-dist/fonts/type1/public/newtx/txexs.pfb></usr/share/texlive/texmf-dist/f
onts/type1/public/newtx/txmiaX.pfb></usr/share/texlive/texmf-dist/fonts/type1/p
ublic/newtx/txsym.pfb></usr/share/texlive/texmf-dist/fonts/type1/public/newtx/t
xsys.pfb></usr/share/texlive/texmf-dist/fonts/type1/urw/palatino/uplr8a.pfb></u
sr/share/texlive/texmf-dist/fonts/type1/urw/palatino/uplri8a.pfb></usr/share/te
xlive/texmf-dist/fonts/type1/public/newtx/ztmb.pfb></usr/share/texlive/texmf-di
st/fonts/type1/public/newtx/ztmr.pfb></usr/share/texlive/texmf-dist/fonts/type1
/public/newtx/ztmri.pfb>
Output written on Lecture_Note_on_Precision_Physics_at_the_FCC_updated.pdf (102
 pages, 11344799 bytes).
PDF statistics:
 3658 PDF objects out of 4296 (max. 8388607)
 2399 compressed objects within 24 object streams
 534 named destinations out of 1000 (max. 500000)
 35441 words of extra memory for PDF output out of 35830 (max. 10000000)

