This is pdfTeX, Version 3.141592653-2.6-1.40.29 (TeX Live 2026) (preloaded format=pdflatex 2026.4.19)  12 MAY 2026 21:42
entering extended mode
 restricted \write18 enabled.
 %&-line parsing enabled.
**Lecture_Note_on_Precision_Physics_at_the_FCC_final.tex
(./Lecture_Note_on_Precision_Physics_at_the_FCC_final.tex
LaTeX2e <2025-11-01>
L3 programming layer <2026-01-19>
(c:/texlive/2026/texmf-dist/tex/latex/base/article.cls
Document Class: article 2025/01/22 v1.4n Standard LaTeX document class
(c:/texlive/2026/texmf-dist/tex/latex/base/size11.clo
File: size11.clo 2025/01/22 v1.4n Standard LaTeX file (size option)
)
\c@part=\count275
\c@section=\count276
\c@subsection=\count277
\c@subsubsection=\count278
\c@paragraph=\count279
\c@subparagraph=\count280
\c@figure=\count281
\c@table=\count282
\abovecaptionskip=\skip49
\belowcaptionskip=\skip50
\bibindent=\dimen148
)
(c:/texlive/2026/texmf-dist/tex/latex/geometry/geometry.sty
Package: geometry 2020/01/02 v5.9 Page Geometry

(c:/texlive/2026/texmf-dist/tex/latex/graphics/keyval.sty
Package: keyval 2022/05/29 v1.15 key=value parser (DPC)
\KV@toks@=\toks17
)
(c:/texlive/2026/texmf-dist/tex/generic/iftex/ifvtex.sty
Package: ifvtex 2019/10/25 v1.7 ifvtex legacy package. Use iftex instead.

(c:/texlive/2026/texmf-dist/tex/generic/iftex/iftex.sty
Package: iftex 2024/12/12 v1.0g TeX engine tests
))
\Gm@cnth=\count283
\Gm@cntv=\count284
\c@Gm@tempcnt=\count285
\Gm@bindingoffset=\dimen149
\Gm@wd@mp=\dimen150
\Gm@odd@mp=\dimen151
\Gm@even@mp=\dimen152
\Gm@layoutwidth=\dimen153
\Gm@layoutheight=\dimen154
\Gm@layouthoffset=\dimen155
\Gm@layoutvoffset=\dimen156
\Gm@dimlist=\toks18
)
(c:/texlive/2026/texmf-dist/tex/latex/base/fontenc.sty
Package: fontenc 2025/07/18 v2.1d Standard LaTeX package
)
(c:/texlive/2026/texmf-dist/tex/latex/base/inputenc.sty
Package: inputenc 2024/02/08 v1.3d Input encoding file
\inpenc@prehook=\toks19
\inpenc@posthook=\toks20
)
(c:/texlive/2026/texmf-dist/tex/latex/newtx/newtxtext.sty
Package: newtxtext 2024/04/01 v1.744(Michael Sharpe) latex and unicode latex su
pport for TeXGyreTermesX

`newtxtext' v1.744, 2024/04/01 Text macros taking advantage of TeXGyre Termes a
nd its extensions (msharpe)
(c:/texlive/2026/texmf-dist/tex/latex/xpatch/xpatch.sty
(c:/texlive/2026/texmf-dist/tex/latex/l3kernel/expl3.sty
Package: expl3 2026-01-19 L3 programming layer (loader) 

(c:/texlive/2026/texmf-dist/tex/latex/l3backend/l3backend-pdftex.def
File: l3backend-pdftex.def 2025-10-09 L3 backend support: PDF output (pdfTeX)
\l__color_backend_stack_int=\count286
))
Package: xpatch 2020/03/25 v0.3a Extending etoolbox patching commands

(c:/texlive/2026/texmf-dist/tex/latex/l3packages/xparse/xparse.sty
Package: xparse 2025-10-09 L3 Experimental document command parser
)
(c:/texlive/2026/texmf-dist/tex/latex/etoolbox/etoolbox.sty
Package: etoolbox 2025/10/02 v2.5m e-TeX tools for LaTeX (JAW)
\etb@tempcnta=\count287
))
(c:/texlive/2026/texmf-dist/tex/latex/xcolor/xcolor.sty
Package: xcolor 2024/09/29 v3.02 LaTeX color extensions (UK)

(c:/texlive/2026/texmf-dist/tex/latex/graphics-cfg/color.cfg
File: color.cfg 2016/01/02 v1.6 sample color configuration
)
Package xcolor Info: Driver file: pdftex.def on input line 274.

(c:/texlive/2026/texmf-dist/tex/latex/graphics-def/pdftex.def
File: pdftex.def 2025/09/29 v1.2d Graphics/color driver for pdftex
)
(c:/texlive/2026/texmf-dist/tex/latex/graphics/mathcolor.ltx)
Package xcolor Info: Model `cmy' substituted by `cmy0' on input line 1349.
Package xcolor Info: Model `hsb' substituted by `rgb' on input line 1353.
Package xcolor Info: Model `RGB' extended on input line 1365.
Package xcolor Info: Model `HTML' substituted by `rgb' on input line 1367.
Package xcolor Info: Model `Hsb' substituted by `hsb' on input line 1368.
Package xcolor Info: Model `tHsb' substituted by `hsb' on input line 1369.
Package xcolor Info: Model `HSB' substituted by `hsb' on input line 1370.
Package xcolor Info: Model `Gray' substituted by `gray' on input line 1371.
Package xcolor Info: Model `wave' substituted by `hsb' on input line 1372.
)
(c:/texlive/2026/texmf-dist/tex/latex/xkeyval/xkeyval.sty
Package: xkeyval 2025/11/04 v2.10 package option processing (HA)

(c:/texlive/2026/texmf-dist/tex/generic/xkeyval/xkeyval.tex
(c:/texlive/2026/texmf-dist/tex/generic/xkeyval/xkvutils.tex
\XKV@toks=\toks21
\XKV@tempa@toks=\toks22
\XKV@tempb@toks=\toks23
)
\XKV@depth=\count288
File: xkeyval.tex 2014/12/03 v2.7a key=value parser (HA)
))
(c:/texlive/2026/texmf-dist/tex/latex/base/textcomp.sty
Package: textcomp 2024/04/24 v2.1b Standard LaTeX package
)
(c:/texlive/2026/texmf-dist/tex/generic/xstring/xstring.sty
(c:/texlive/2026/texmf-dist/tex/generic/xstring/xstring.tex
\xs_counta=\count289
\xs_countb=\count290
)
Package: xstring 2023/08/22 v1.86 String manipulations (CT)
)
(c:/texlive/2026/texmf-dist/tex/latex/base/ifthen.sty
Package: ifthen 2024/03/16 v1.1e Standard LaTeX ifthen package (DPC)
)
(c:/texlive/2026/texmf-dist/tex/latex/carlisle/scalefnt.sty)
LaTeX Font Info:    Setting ntxLF sub-encoding to TS1/0 on input line 24.
LaTeX Font Info:    Setting ntxTLF sub-encoding to TS1/0 on input line 24.
LaTeX Font Info:    Setting ntxOsF sub-encoding to TS1/0 on input line 24.
LaTeX Font Info:    Setting ntxTOsF sub-encoding to TS1/0 on input line 24.

(c:/texlive/2026/texmf-dist/tex/generic/kastrup/binhex.tex)
\ntx@tmpcnta=\count291
\ntx@cnt=\count292

(c:/texlive/2026/texmf-dist/tex/latex/fontaxes/fontaxes.sty
Package: fontaxes 2026-01-02 v2.0.2 Font selection axes (deprecated)
Applying: [2024-11-01] Use figureversions if present on input line 74.

(c:/texlive/2026/texmf-dist/tex/latex/figureversions/figureversions.sty
Package: figureversions 2025-04-29 v1.0.1 Figure versions
)
Already applied: [0000-00-00] Fall back to v1 on input line 76.
)
\tx@sixem=\dimen157
\tx@y=\dimen158
\tx@x=\dimen159
\tx@tmpdima=\dimen160
\tx@tmpdimb=\dimen161
\tx@tmpdimc=\dimen162
\tx@tmpdimd=\dimen163
\tx@tmpdime=\dimen164
\tx@tmpdimf=\dimen165
\tx@dimA=\dimen166
\tx@dimAA=\dimen167
\tx@dimB=\dimen168
\tx@dimBB=\dimen169
\tx@dimC=\dimen170
LaTeX Info: Redefining \oldstylenums on input line 902.
)
(c:/texlive/2026/texmf-dist/tex/latex/newtx/newtxmath.sty
Package: newtxmath 2024/09/22 v1.754

`newtxmath' v1.754, 2024/09/22 Math macros based originally on txfonts (msharpe
) (c:/texlive/2026/texmf-dist/tex/latex/amsmath/amsmath.sty
Package: amsmath 2025/07/09 v2.17z AMS math features
\@mathmargin=\skip51

For additional information on amsmath, use the `?' option.
(c:/texlive/2026/texmf-dist/tex/latex/amsmath/amstext.sty
Package: amstext 2024/11/17 v2.01 AMS text

(c:/texlive/2026/texmf-dist/tex/latex/amsmath/amsgen.sty
File: amsgen.sty 1999/11/30 v2.0 generic functions
\@emptytoks=\toks24
\ex@=\dimen171
))
(c:/texlive/2026/texmf-dist/tex/latex/amsmath/amsbsy.sty
Package: amsbsy 1999/11/29 v1.2d Bold Symbols
\pmbraise@=\dimen172
)
(c:/texlive/2026/texmf-dist/tex/latex/amsmath/amsopn.sty
Package: amsopn 2022/04/08 v2.04 operator names
)
\inf@bad=\count293
LaTeX Info: Redefining \frac on input line 233.
\uproot@=\count294
\leftroot@=\count295
LaTeX Info: Redefining \overline on input line 398.
LaTeX Info: Redefining \colon on input line 409.
\classnum@=\count296
\DOTSCASE@=\count297
LaTeX Info: Redefining \ldots on input line 495.
LaTeX Info: Redefining \dots on input line 498.
LaTeX Info: Redefining \cdots on input line 619.
\Mathstrutbox@=\box53
\strutbox@=\box54
LaTeX Info: Redefining \big on input line 721.
LaTeX Info: Redefining \Big on input line 722.
LaTeX Info: Redefining \bigg on input line 723.
LaTeX Info: Redefining \Bigg on input line 724.
\big@size=\dimen173
LaTeX Font Info:    Redeclaring font encoding OML on input line 742.
LaTeX Font Info:    Redeclaring font encoding OMS on input line 743.
\macc@depth=\count298
LaTeX Info: Redefining \bmod on input line 904.
LaTeX Info: Redefining \pmod on input line 909.
LaTeX Info: Redefining \smash on input line 939.
LaTeX Info: Redefining \relbar on input line 969.
LaTeX Info: Redefining \Relbar on input line 970.
\c@MaxMatrixCols=\count299
\dotsspace@=\muskip17
\c@parentequation=\count300
\dspbrk@lvl=\count301
\tag@help=\toks25
\row@=\count302
\column@=\count303
\maxfields@=\count304
\andhelp@=\toks26
\eqnshift@=\dimen174
\alignsep@=\dimen175
\tagshift@=\dimen176
\tagwidth@=\dimen177
\totwidth@=\dimen178
\lineht@=\dimen179
\@envbody=\toks27
\multlinegap=\skip52
\multlinetaggap=\skip53
\mathdisplay@stack=\toks28
LaTeX Info: Redefining \[ on input line 2950.
LaTeX Info: Redefining \] on input line 2951.
)
(c:/texlive/2026/texmf-dist/tex/latex/oberdiek/centernot.sty
Package: centernot 2016/05/16 v1.4 Centers the not symbol horizontally (HO)
)
\tx@cntz=\count305

(c:/texlive/2026/texmf-dist/tex/generic/kastrup/binhex.tex)
\tx@Isdigit=\count306
\tx@IsAlNum=\count307
\tx@tA=\toks29
\tx@tB=\toks30
\tx@su=\read2

amsthm NOT loaded
LaTeX Font Info:    Redeclaring symbol font `operators' on input line 402.
LaTeX Font Info:    Overwriting symbol font `operators' in version `normal'
(Font)                  OT1/cmr/m/n --> OT1/minntx/m/n on input line 402.
LaTeX Font Info:    Overwriting symbol font `operators' in version `bold'
(Font)                  OT1/cmr/bx/n --> OT1/minntx/m/n on input line 402.
LaTeX Font Info:    Overwriting symbol font `operators' in version `bold'
(Font)                  OT1/minntx/m/n --> OT1/minntx/b/n on input line 403.
LaTeX Font Info:    Redeclaring math alphabet \mathsf on input line 410.
LaTeX Font Info:    Overwriting math alphabet `\mathsf' in version `normal'
(Font)                  OT1/cmss/m/n --> OT1/qhv/m/n on input line 410.
LaTeX Font Info:    Overwriting math alphabet `\mathsf' in version `bold'
(Font)                  OT1/cmss/bx/n --> OT1/qhv/m/n on input line 410.
LaTeX Font Info:    Overwriting math alphabet `\mathsf' in version `bold'
(Font)                  OT1/qhv/m/n --> OT1/qhv/b/n on input line 412.
LaTeX Font Info:    Redeclaring math alphabet \mathit on input line 419.
LaTeX Font Info:    Overwriting math alphabet `\mathit' in version `normal'
(Font)                  OT1/cmr/m/it --> OT1/minntx/m/it on input line 419.
LaTeX Font Info:    Overwriting math alphabet `\mathit' in version `bold'
(Font)                  OT1/cmr/bx/it --> OT1/minntx/m/it on input line 419.
LaTeX Font Info:    Redeclaring math alphabet \mathtt on input line 420.
LaTeX Font Info:    Overwriting math alphabet `\mathtt' in version `normal'
(Font)                  OT1/cmtt/m/n --> T1/ntxtt/m/n on input line 420.
LaTeX Font Info:    Overwriting math alphabet `\mathtt' in version `bold'
(Font)                  OT1/cmtt/m/n --> T1/ntxtt/m/n on input line 420.
LaTeX Font Info:    Redeclaring math alphabet \mathbf on input line 422.
LaTeX Font Info:    Overwriting math alphabet `\mathbf' in version `normal'
(Font)                  OT1/cmr/bx/n --> OT1/minntx/b/n on input line 422.
LaTeX Font Info:    Overwriting math alphabet `\mathbf' in version `bold'
(Font)                  OT1/cmr/bx/n --> OT1/minntx/b/n on input line 422.
LaTeX Font Info:    Overwriting math alphabet `\mathit' in version `bold'
(Font)                  OT1/minntx/m/it --> OT1/minntx/b/it on input line 423.
LaTeX Font Info:    Overwriting math alphabet `\mathtt' in version `bold'
(Font)                  T1/ntxtt/m/n --> T1/ntxtt/b/n on input line 426.
LaTeX Font Info:    Redeclaring symbol font `letters' on input line 534.
LaTeX Font Info:    Overwriting symbol font `letters' in version `normal'
(Font)                  OML/cmm/m/it --> OML/ntxmi/m/it on input line 534.
LaTeX Font Info:    Overwriting symbol font `letters' in version `bold'
(Font)                  OML/cmm/b/it --> OML/ntxmi/m/it on input line 534.
LaTeX Font Info:    Overwriting symbol font `letters' in version `bold'
(Font)                  OML/ntxmi/m/it --> OML/ntxmi/b/it on input line 535.
\symlettersA=\mathgroup4
LaTeX Font Info:    Overwriting symbol font `lettersA' in version `bold'
(Font)                  U/ntxmia/m/it --> U/ntxmia/b/it on input line 582.
Now handling font encoding LMS ...
... no UTF-8 mapping file for font encoding LMS
LaTeX Font Info:    Redeclaring symbol font `symbols' on input line 604.
LaTeX Font Info:    Encoding `OMS' has changed to `LMS' for symbol font
(Font)              `symbols' in the math version `normal' on input line 604.
LaTeX Font Info:    Overwriting symbol font `symbols' in version `normal'
(Font)                  OMS/cmsy/m/n --> LMS/ntxsy/m/n on input line 604.
LaTeX Font Info:    Encoding `OMS' has changed to `LMS' for symbol font
(Font)              `symbols' in the math version `bold' on input line 604.
LaTeX Font Info:    Overwriting symbol font `symbols' in version `bold'
(Font)                  OMS/cmsy/b/n --> LMS/ntxsy/m/n on input line 604.
LaTeX Font Info:    Overwriting symbol font `symbols' in version `bold'
(Font)                  LMS/ntxsy/m/n --> LMS/ntxsy/b/n on input line 605.
\symAMSm=\mathgroup5
LaTeX Font Info:    Overwriting symbol font `AMSm' in version `bold'
(Font)                  U/ntxsym/m/n --> U/ntxsym/b/n on input line 630.
\symsymbolsC=\mathgroup6
LaTeX Font Info:    Overwriting symbol font `symbolsC' in version `bold'
(Font)                  U/ntxsyc/m/n --> U/ntxsyc/b/n on input line 651.
Now handling font encoding LMX ...
... no UTF-8 mapping file for font encoding LMX
LaTeX Font Info:    Redeclaring symbol font `largesymbols' on input line 664.
LaTeX Font Info:    Encoding `OMX' has changed to `LMX' for symbol font
(Font)              `largesymbols' in the math version `normal' on input line 6
64.
LaTeX Font Info:    Overwriting symbol font `largesymbols' in version `normal'
(Font)                  OMX/cmex/m/n --> LMX/ntxexx/m/n on input line 664.
LaTeX Font Info:    Encoding `OMX' has changed to `LMX' for symbol font
(Font)              `largesymbols' in the math version `bold' on input line 664
.
LaTeX Font Info:    Overwriting symbol font `largesymbols' in version `bold'
(Font)                  OMX/cmex/m/n --> LMX/ntxexx/m/n on input line 664.
LaTeX Font Info:    Overwriting symbol font `largesymbols' in version `bold'
(Font)                  LMX/ntxexx/m/n --> LMX/ntxexx/b/n on input line 665.
\symlargesymbolsTXA=\mathgroup7
LaTeX Font Info:    Overwriting symbol font `largesymbolsTXA' in version `bold'

(Font)                  U/ntxexa/m/n --> U/ntxexa/b/n on input line 679.
\tx@sbptoks=\toks31
LaTeX Font Info:    Redeclaring math delimiter \lfloor on input line 902.
LaTeX Font Info:    Redeclaring math delimiter \rfloor on input line 903.
LaTeX Font Info:    Redeclaring math delimiter \lceil on input line 904.
LaTeX Font Info:    Redeclaring math delimiter \rceil on input line 905.
LaTeX Font Info:    Redeclaring math delimiter \lbrace on input line 910.
LaTeX Font Info:    Redeclaring math delimiter \rbrace on input line 911.
LaTeX Font Info:    Redeclaring math delimiter \langle on input line 913.
LaTeX Font Info:    Redeclaring math delimiter \rangle on input line 915.
LaTeX Font Info:    Redeclaring math delimiter \arrowvert on input line 919.
LaTeX Font Info:    Redeclaring math delimiter \vert on input line 920.
LaTeX Font Info:    Redeclaring math symbol \hbar on input line 966.
LaTeX Font Info:    Redeclaring math accent \dot on input line 991.
LaTeX Font Info:    Redeclaring math accent \ddot on input line 992.
LaTeX Font Info:    Redeclaring math accent \vec on input line 2057.
LaTeX Info: Redefining \Bbbk on input line 2847.
LaTeX Info: Redefining \not on input line 2995.
) (c:/texlive/2026/texmf-dist/tex/latex/microtype/microtype.sty
Package: microtype 2026/03/01 v3.2d Micro-typographical refinements (RS)
\MT@toks=\toks32
\MT@tempbox=\box55
\MT@count=\count308
LaTeX Info: Redefining \noprotrusionifhmode on input line 1084.
LaTeX Info: Redefining \leftprotrusion on input line 1085.
\MT@prot@toks=\toks33
LaTeX Info: Redefining \rightprotrusion on input line 1104.
LaTeX Info: Redefining \textls on input line 1449.
\MT@outer@kern=\dimen180
LaTeX Info: Redefining \microtypecontext on input line 2053.
LaTeX Info: Redefining \textmicrotypecontext on input line 2070.
\MT@listname@count=\count309

(c:/texlive/2026/texmf-dist/tex/latex/microtype/microtype-pdftex.def
File: microtype-pdftex.def 2026/03/01 v3.2d Definitions specific to pdftex (RS)

LaTeX Info: Redefining \lsstyle on input line 944.
LaTeX Info: Redefining \lslig on input line 944.
\MT@outer@space=\skip54
)
Package microtype Info: Loading configuration file microtype.cfg.

(c:/texlive/2026/texmf-dist/tex/latex/microtype/microtype.cfg
File: microtype.cfg 2026/03/01 v3.2d microtype main configuration file (RS)
)
LaTeX Info: Redefining \microtypesetup on input line 3065.
)
(c:/texlive/2026/texmf-dist/tex/latex/graphics/graphicx.sty
Package: graphicx 2024/12/31 v1.2e Enhanced LaTeX Graphics (DPC,SPQR)

(c:/texlive/2026/texmf-dist/tex/latex/graphics/graphics.sty
Package: graphics 2024/08/06 v1.4g Standard LaTeX Graphics (DPC,SPQR)

(c:/texlive/2026/texmf-dist/tex/latex/graphics/trig.sty
Package: trig 2023/12/02 v1.11 sin cos tan (DPC)
)
(c:/texlive/2026/texmf-dist/tex/latex/graphics-cfg/graphics.cfg
File: graphics.cfg 2016/06/04 v1.11 sample graphics configuration
)
Package graphics Info: Driver file: pdftex.def on input line 106.
)
\Gin@req@height=\dimen181
\Gin@req@width=\dimen182
)
(c:/texlive/2026/texmf-dist/tex/latex/pgf/frontendlayer/tikz.sty
(c:/texlive/2026/texmf-dist/tex/latex/pgf/basiclayer/pgf.sty
(c:/texlive/2026/texmf-dist/tex/latex/pgf/utilities/pgfrcs.sty
(c:/texlive/2026/texmf-dist/tex/generic/pgf/utilities/pgfutil-common.tex
\pgfutil@everybye=\toks34
\pgfutil@tempdima=\dimen183
\pgfutil@tempdimb=\dimen184
)
(c:/texlive/2026/texmf-dist/tex/generic/pgf/utilities/pgfutil-latex.def
\pgfutil@abb=\box56
)
(c:/texlive/2026/texmf-dist/tex/generic/pgf/utilities/pgfrcs.code.tex
(c:/texlive/2026/texmf-dist/tex/generic/pgf/pgf.revision.tex)
Package: pgfrcs 2025-08-29 v3.1.11a (3.1.11a)
))
Package: pgf 2025-08-29 v3.1.11a (3.1.11a)

(c:/texlive/2026/texmf-dist/tex/latex/pgf/basiclayer/pgfcore.sty
(c:/texlive/2026/texmf-dist/tex/latex/pgf/systemlayer/pgfsys.sty
(c:/texlive/2026/texmf-dist/tex/generic/pgf/systemlayer/pgfsys.code.tex
Package: pgfsys 2025-08-29 v3.1.11a (3.1.11a)

(c:/texlive/2026/texmf-dist/tex/generic/pgf/utilities/pgfkeys.code.tex
\pgfkeys@pathtoks=\toks35
\pgfkeys@temptoks=\toks36

(c:/texlive/2026/texmf-dist/tex/generic/pgf/utilities/pgfkeyslibraryfiltered.co
de.tex
\pgfkeys@tmptoks=\toks37
))
\pgf@x=\dimen185
\pgf@y=\dimen186
\pgf@xa=\dimen187
\pgf@ya=\dimen188
\pgf@xb=\dimen189
\pgf@yb=\dimen190
\pgf@xc=\dimen191
\pgf@yc=\dimen192
\pgf@xd=\dimen193
\pgf@yd=\dimen194
\w@pgf@writea=\write3
\r@pgf@reada=\read3
\c@pgf@counta=\count310
\c@pgf@countb=\count311
\c@pgf@countc=\count312
\c@pgf@countd=\count313
\t@pgf@toka=\toks38
\t@pgf@tokb=\toks39
\t@pgf@tokc=\toks40
\pgf@sys@id@count=\count314
 (c:/texlive/2026/texmf-dist/tex/generic/pgf/systemlayer/pgf.cfg
File: pgf.cfg 2025-08-29 v3.1.11a (3.1.11a)
)
Driver file for pgf: pgfsys-pdftex.def

(c:/texlive/2026/texmf-dist/tex/generic/pgf/systemlayer/pgfsys-pdftex.def
File: pgfsys-pdftex.def 2025-08-29 v3.1.11a (3.1.11a)

(c:/texlive/2026/texmf-dist/tex/generic/pgf/systemlayer/pgfsys-common-pdf.def
File: pgfsys-common-pdf.def 2025-08-29 v3.1.11a (3.1.11a)
)))
(c:/texlive/2026/texmf-dist/tex/generic/pgf/systemlayer/pgfsyssoftpath.code.tex
File: pgfsyssoftpath.code.tex 2025-08-29 v3.1.11a (3.1.11a)
\pgfsyssoftpath@smallbuffer@items=\count315
\pgfsyssoftpath@bigbuffer@items=\count316
)
(c:/texlive/2026/texmf-dist/tex/generic/pgf/systemlayer/pgfsysprotocol.code.tex
File: pgfsysprotocol.code.tex 2025-08-29 v3.1.11a (3.1.11a)
)) (c:/texlive/2026/texmf-dist/tex/generic/pgf/basiclayer/pgfcore.code.tex
Package: pgfcore 2025-08-29 v3.1.11a (3.1.11a)

(c:/texlive/2026/texmf-dist/tex/generic/pgf/math/pgfmath.code.tex
(c:/texlive/2026/texmf-dist/tex/generic/pgf/math/pgfmathutil.code.tex)
(c:/texlive/2026/texmf-dist/tex/generic/pgf/math/pgfmathparser.code.tex
\pgfmath@dimen=\dimen195
\pgfmath@count=\count317
\pgfmath@box=\box57
\pgfmath@toks=\toks41
\pgfmath@stack@operand=\toks42
\pgfmath@stack@operation=\toks43
)
(c:/texlive/2026/texmf-dist/tex/generic/pgf/math/pgfmathfunctions.code.tex)
(c:/texlive/2026/texmf-dist/tex/generic/pgf/math/pgfmathfunctions.basic.code.te
x)
(c:/texlive/2026/texmf-dist/tex/generic/pgf/math/pgfmathfunctions.trigonometric
.code.tex)
(c:/texlive/2026/texmf-dist/tex/generic/pgf/math/pgfmathfunctions.random.code.t
ex)
(c:/texlive/2026/texmf-dist/tex/generic/pgf/math/pgfmathfunctions.comparison.co
de.tex)
(c:/texlive/2026/texmf-dist/tex/generic/pgf/math/pgfmathfunctions.base.code.tex
)
(c:/texlive/2026/texmf-dist/tex/generic/pgf/math/pgfmathfunctions.round.code.te
x)
(c:/texlive/2026/texmf-dist/tex/generic/pgf/math/pgfmathfunctions.misc.code.tex
)
(c:/texlive/2026/texmf-dist/tex/generic/pgf/math/pgfmathfunctions.integerarithm
etics.code.tex)
(c:/texlive/2026/texmf-dist/tex/generic/pgf/math/pgfmathcalc.code.tex)
(c:/texlive/2026/texmf-dist/tex/generic/pgf/math/pgfmathfloat.code.tex
\c@pgfmathroundto@lastzeros=\count318
))
(c:/texlive/2026/texmf-dist/tex/generic/pgf/math/pgfint.code.tex)
(c:/texlive/2026/texmf-dist/tex/generic/pgf/basiclayer/pgfcorepoints.code.tex
File: pgfcorepoints.code.tex 2025-08-29 v3.1.11a (3.1.11a)
\pgf@picminx=\dimen196
\pgf@picmaxx=\dimen197
\pgf@picminy=\dimen198
\pgf@picmaxy=\dimen199
\pgf@pathminx=\dimen256
\pgf@pathmaxx=\dimen257
\pgf@pathminy=\dimen258
\pgf@pathmaxy=\dimen259
\pgf@xx=\dimen260
\pgf@xy=\dimen261
\pgf@yx=\dimen262
\pgf@yy=\dimen263
\pgf@zx=\dimen264
\pgf@zy=\dimen265
)
(c:/texlive/2026/texmf-dist/tex/generic/pgf/basiclayer/pgfcorepathconstruct.cod
e.tex
File: pgfcorepathconstruct.code.tex 2025-08-29 v3.1.11a (3.1.11a)
\pgf@path@lastx=\dimen266
\pgf@path@lasty=\dimen267
)
(c:/texlive/2026/texmf-dist/tex/generic/pgf/basiclayer/pgfcorepathusage.code.te
x
File: pgfcorepathusage.code.tex 2025-08-29 v3.1.11a (3.1.11a)
\pgf@shorten@end@additional=\dimen268
\pgf@shorten@start@additional=\dimen269
)
(c:/texlive/2026/texmf-dist/tex/generic/pgf/basiclayer/pgfcorescopes.code.tex
File: pgfcorescopes.code.tex 2025-08-29 v3.1.11a (3.1.11a)
\pgfpic=\box58
\pgf@hbox=\box59
\pgf@layerbox@main=\box60
\pgf@picture@serial@count=\count319
)
(c:/texlive/2026/texmf-dist/tex/generic/pgf/basiclayer/pgfcoregraphicstate.code
.tex
File: pgfcoregraphicstate.code.tex 2025-08-29 v3.1.11a (3.1.11a)
\pgflinewidth=\dimen270
)
(c:/texlive/2026/texmf-dist/tex/generic/pgf/basiclayer/pgfcoretransformations.c
ode.tex
File: pgfcoretransformations.code.tex 2025-08-29 v3.1.11a (3.1.11a)
\pgf@pt@x=\dimen271
\pgf@pt@y=\dimen272
\pgf@pt@temp=\dimen273
)
(c:/texlive/2026/texmf-dist/tex/generic/pgf/basiclayer/pgfcorequick.code.tex
File: pgfcorequick.code.tex 2025-08-29 v3.1.11a (3.1.11a)
)
(c:/texlive/2026/texmf-dist/tex/generic/pgf/basiclayer/pgfcoreobjects.code.tex
File: pgfcoreobjects.code.tex 2025-08-29 v3.1.11a (3.1.11a)
)
(c:/texlive/2026/texmf-dist/tex/generic/pgf/basiclayer/pgfcorepathprocessing.co
de.tex
File: pgfcorepathprocessing.code.tex 2025-08-29 v3.1.11a (3.1.11a)
)
(c:/texlive/2026/texmf-dist/tex/generic/pgf/basiclayer/pgfcorearrows.code.tex
File: pgfcorearrows.code.tex 2025-08-29 v3.1.11a (3.1.11a)
\pgfarrowsep=\dimen274
)
(c:/texlive/2026/texmf-dist/tex/generic/pgf/basiclayer/pgfcoreshade.code.tex
File: pgfcoreshade.code.tex 2025-08-29 v3.1.11a (3.1.11a)
\pgf@max=\dimen275
\pgf@sys@shading@range@num=\count320
\pgf@shadingcount=\count321
)
(c:/texlive/2026/texmf-dist/tex/generic/pgf/basiclayer/pgfcoreimage.code.tex
File: pgfcoreimage.code.tex 2025-08-29 v3.1.11a (3.1.11a)
)
(c:/texlive/2026/texmf-dist/tex/generic/pgf/basiclayer/pgfcoreexternal.code.tex
File: pgfcoreexternal.code.tex 2025-08-29 v3.1.11a (3.1.11a)
\pgfexternal@startupbox=\box61
) (c:/texlive/2026/texmf-dist/tex/generic/pgf/basiclayer/pgfcorelayers.code.tex
File: pgfcorelayers.code.tex 2025-08-29 v3.1.11a (3.1.11a)
)
(c:/texlive/2026/texmf-dist/tex/generic/pgf/basiclayer/pgfcoretransparency.code
.tex
File: pgfcoretransparency.code.tex 2025-08-29 v3.1.11a (3.1.11a)
)
(c:/texlive/2026/texmf-dist/tex/generic/pgf/basiclayer/pgfcorepatterns.code.tex
File: pgfcorepatterns.code.tex 2025-08-29 v3.1.11a (3.1.11a)
) (c:/texlive/2026/texmf-dist/tex/generic/pgf/basiclayer/pgfcorerdf.code.tex
File: pgfcorerdf.code.tex 2025-08-29 v3.1.11a (3.1.11a)
))) (c:/texlive/2026/texmf-dist/tex/generic/pgf/modules/pgfmoduleshapes.code.te
x
File: pgfmoduleshapes.code.tex 2025-08-29 v3.1.11a (3.1.11a)
\pgfnodeparttextbox=\box62
)
(c:/texlive/2026/texmf-dist/tex/generic/pgf/modules/pgfmoduleplot.code.tex
File: pgfmoduleplot.code.tex 2025-08-29 v3.1.11a (3.1.11a)
)
(c:/texlive/2026/texmf-dist/tex/latex/pgf/compatibility/pgfcomp-version-0-65.st
y
Package: pgfcomp-version-0-65 2025-08-29 v3.1.11a (3.1.11a)
\pgf@nodesepstart=\dimen276
\pgf@nodesepend=\dimen277
)
(c:/texlive/2026/texmf-dist/tex/latex/pgf/compatibility/pgfcomp-version-1-18.st
y
Package: pgfcomp-version-1-18 2025-08-29 v3.1.11a (3.1.11a)
)) (c:/texlive/2026/texmf-dist/tex/latex/pgf/utilities/pgffor.sty
(c:/texlive/2026/texmf-dist/tex/latex/pgf/utilities/pgfkeys.sty
(c:/texlive/2026/texmf-dist/tex/generic/pgf/utilities/pgfkeys.code.tex))
(c:/texlive/2026/texmf-dist/tex/latex/pgf/math/pgfmath.sty
(c:/texlive/2026/texmf-dist/tex/generic/pgf/math/pgfmath.code.tex))
(c:/texlive/2026/texmf-dist/tex/generic/pgf/utilities/pgffor.code.tex
Package: pgffor 2025-08-29 v3.1.11a (3.1.11a)
\pgffor@iter=\dimen278
\pgffor@skip=\dimen279
\pgffor@stack=\toks44
\pgffor@toks=\toks45
))
(c:/texlive/2026/texmf-dist/tex/generic/pgf/frontendlayer/tikz/tikz.code.tex
Package: tikz 2025-08-29 v3.1.11a (3.1.11a)

(c:/texlive/2026/texmf-dist/tex/generic/pgf/libraries/pgflibraryplothandlers.co
de.tex
File: pgflibraryplothandlers.code.tex 2025-08-29 v3.1.11a (3.1.11a)
\pgf@plot@mark@count=\count322
\pgfplotmarksize=\dimen280
)
\tikz@lastx=\dimen281
\tikz@lasty=\dimen282
\tikz@lastxsaved=\dimen283
\tikz@lastysaved=\dimen284
\tikz@lastmovetox=\dimen285
\tikz@lastmovetoy=\dimen286
\tikzleveldistance=\dimen287
\tikzsiblingdistance=\dimen288
\tikz@figbox=\box63
\tikz@figbox@bg=\box64
\tikz@tempbox=\box65
\tikz@tempbox@bg=\box66
\tikztreelevel=\count323
\tikznumberofchildren=\count324
\tikznumberofcurrentchild=\count325
\tikz@fig@count=\count326

(c:/texlive/2026/texmf-dist/tex/generic/pgf/modules/pgfmodulematrix.code.tex
File: pgfmodulematrix.code.tex 2025-08-29 v3.1.11a (3.1.11a)
\pgfmatrixcurrentrow=\count327
\pgfmatrixcurrentcolumn=\count328
\pgf@matrix@numberofcolumns=\count329
)
\tikz@expandcount=\count330

(c:/texlive/2026/texmf-dist/tex/generic/pgf/frontendlayer/tikz/libraries/tikzli
brarytopaths.code.tex
File: tikzlibrarytopaths.code.tex 2025-08-29 v3.1.11a (3.1.11a)
)))
(c:/texlive/2026/texmf-dist/tex/generic/pgf/frontendlayer/tikz/libraries/tikzli
brarymatrix.code.tex
File: tikzlibrarymatrix.code.tex 2025-08-29 v3.1.11a (3.1.11a)
)
(c:/texlive/2026/texmf-dist/tex/generic/pgf/libraries/pgflibraryarrows.meta.cod
e.tex
File: pgflibraryarrows.meta.code.tex 2025-08-29 v3.1.11a (3.1.11a)
\pgfarrowinset=\dimen289
\pgfarrowlength=\dimen290
\pgfarrowwidth=\dimen291
\pgfarrowlinewidth=\dimen292
)
(c:/texlive/2026/texmf-dist/tex/generic/pgf/frontendlayer/tikz/libraries/tikzli
brarypositioning.code.tex
File: tikzlibrarypositioning.code.tex 2025-08-29 v3.1.11a (3.1.11a)
)
(c:/texlive/2026/texmf-dist/tex/generic/pgf/frontendlayer/tikz/libraries/tikzli
brarycalc.code.tex
File: tikzlibrarycalc.code.tex 2025-08-29 v3.1.11a (3.1.11a)
)
(c:/texlive/2026/texmf-dist/tex/generic/pgf/frontendlayer/tikz/libraries/tikzli
braryfit.code.tex
File: tikzlibraryfit.code.tex 2025-08-29 v3.1.11a (3.1.11a)
)
(c:/texlive/2026/texmf-dist/tex/generic/pgf/frontendlayer/tikz/libraries/tikzli
braryshapes.geometric.code.tex
File: tikzlibraryshapes.geometric.code.tex 2025-08-29 v3.1.11a (3.1.11a)

(c:/texlive/2026/texmf-dist/tex/generic/pgf/libraries/shapes/pgflibraryshapes.g
eometric.code.tex
File: pgflibraryshapes.geometric.code.tex 2025-08-29 v3.1.11a (3.1.11a)
))
(c:/texlive/2026/texmf-dist/tex/generic/pgf/frontendlayer/tikz/libraries/tikzli
brarydecorations.pathmorphing.code.tex
(c:/texlive/2026/texmf-dist/tex/generic/pgf/frontendlayer/tikz/libraries/tikzli
brarydecorations.code.tex
(c:/texlive/2026/texmf-dist/tex/generic/pgf/modules/pgfmoduledecorations.code.t
ex
\pgfdecoratedcompleteddistance=\dimen293
\pgfdecoratedremainingdistance=\dimen294
\pgfdecoratedinputsegmentcompleteddistance=\dimen295
\pgfdecoratedinputsegmentremainingdistance=\dimen296
\pgf@decorate@distancetomove=\dimen297
\pgf@decorate@repeatstate=\count331
\pgfdecorationsegmentamplitude=\dimen298
\pgfdecorationsegmentlength=\dimen299
)
\tikz@lib@dec@box=\box67
)
(c:/texlive/2026/texmf-dist/tex/generic/pgf/libraries/decorations/pgflibrarydec
orations.pathmorphing.code.tex))
(c:/texlive/2026/texmf-dist/tex/generic/pgf/frontendlayer/tikz/libraries/tikzli
brarybackgrounds.code.tex
File: tikzlibrarybackgrounds.code.tex 2025-08-29 v3.1.11a (3.1.11a)
\pgf@layerbox@background=\box68
\pgf@layerboxsaved@background=\box69
)
(c:/texlive/2026/texmf-dist/tex/latex/mathtools/mathtools.sty
Package: mathtools 2024/10/04 v1.31 mathematical typesetting tools

(c:/texlive/2026/texmf-dist/tex/latex/tools/calc.sty
Package: calc 2025/03/01 v4.3b Infix arithmetic (KKT,FJ)
\calc@Acount=\count332
\calc@Bcount=\count333
\calc@Adimen=\dimen300
\calc@Bdimen=\dimen301
\calc@Askip=\skip55
\calc@Bskip=\skip56
LaTeX Info: Redefining \setlength on input line 86.
LaTeX Info: Redefining \addtolength on input line 87.
\calc@Ccount=\count334
\calc@Cskip=\skip57
)
(c:/texlive/2026/texmf-dist/tex/latex/mathtools/mhsetup.sty
Package: mhsetup 2021/03/18 v1.4 programming setup (MH)
)
\g_MT_multlinerow_int=\count335
\l_MT_multwidth_dim=\dimen302
\origjot=\skip58
\l_MT_shortvdotswithinadjustabove_dim=\dimen303
\l_MT_shortvdotswithinadjustbelow_dim=\dimen304
\l_MT_above_intertext_sep=\dimen305
\l_MT_below_intertext_sep=\dimen306
\l_MT_above_shortintertext_sep=\dimen307
\l_MT_below_shortintertext_sep=\dimen308
\xmathstrut@box=\box70
\xmathstrut@dim=\dimen309
)
(c:/texlive/2026/texmf-dist/tex/latex/tools/bm.sty
Package: bm 2025/10/21 v1.2g Bold Symbol Support (DPC/FMi)
\symboldoperators=\mathgroup8
\symboldletters=\mathgroup9
\symboldsymbols=\mathgroup10
\symboldlargesymbols=\mathgroup11
LaTeX Font Info:    Redeclaring math alphabet \mathbf on input line 149.
)
(c:/texlive/2026/texmf-dist/tex/latex/enumitem/enumitem.sty
Package: enumitem 2025/02/06 v3.11 Customized lists
\labelindent=\skip59
\enit@outerparindent=\dimen310
\enit@toks=\toks46
\enit@inbox=\box71
\enit@count@id=\count336
\enitdp@description=\count337
)
(c:/texlive/2026/texmf-dist/tex/latex/booktabs/booktabs.sty
Package: booktabs 2020/01/12 v1.61803398 Publication quality tables
\heavyrulewidth=\dimen311
\lightrulewidth=\dimen312
\cmidrulewidth=\dimen313
\belowrulesep=\dimen314
\belowbottomsep=\dimen315
\aboverulesep=\dimen316
\abovetopsep=\dimen317
\cmidrulesep=\dimen318
\cmidrulekern=\dimen319
\defaultaddspace=\dimen320
\@cmidla=\count338
\@cmidlb=\count339
\@aboverulesep=\dimen321
\@belowrulesep=\dimen322
\@thisruleclass=\count340
\@lastruleclass=\count341
\@thisrulewidth=\dimen323
)
(c:/texlive/2026/texmf-dist/tex/latex/tools/tabularx.sty
Package: tabularx 2023/12/11 v2.12a `tabularx' package (DPC)

(c:/texlive/2026/texmf-dist/tex/latex/tools/array.sty
Package: array 2025/09/25 v2.6n Tabular extension package (FMi)
\col@sep=\dimen324
\ar@mcellbox=\box72
\extrarowheight=\dimen325
\NC@list=\toks47
\extratabsurround=\skip60
\backup@length=\skip61
\ar@cellbox=\box73
)
\TX@col@width=\dimen326
\TX@old@table=\dimen327
\TX@old@col=\dimen328
\TX@target=\dimen329
\TX@delta=\dimen330
\TX@cols=\count342
\TX@ftn=\toks48
)
(c:/texlive/2026/texmf-dist/tex/latex/tools/longtable.sty
Package: longtable 2025-10-13 v4.24 Multi-page Table package (DPC)
\LTleft=\skip62
\LTright=\skip63
\LTpre=\skip64
\LTpost=\skip65
\LTchunksize=\count343
\LTcapwidth=\dimen331
\LT@head=\box74
\LT@firsthead=\box75
\LT@foot=\box76
\LT@lastfoot=\box77
\LT@gbox=\box78
\LT@cols=\count344
\LT@rows=\count345
\c@LT@tables=\count346
\c@LT@chunks=\count347
\LT@p@ftn=\toks49
)
(c:/texlive/2026/texmf-dist/tex/latex/multirow/multirow.sty
Package: multirow 2024/11/12 v2.9 Span multiple rows of a table
\multirow@colwidth=\skip66
\multirow@cntb=\count348
\multirow@dima=\skip67
\bigstrutjot=\dimen332
)
(c:/texlive/2026/texmf-dist/tex/latex/caption/caption.sty
Package: caption 2023/08/05 v3.6o Customizing captions (AR)

(c:/texlive/2026/texmf-dist/tex/latex/caption/caption3.sty
Package: caption3 2023/07/31 v2.4d caption3 kernel (AR)
\caption@tempdima=\dimen333
\captionmargin=\dimen334
\caption@leftmargin=\dimen335
\caption@rightmargin=\dimen336
\caption@width=\dimen337
\caption@indent=\dimen338
\caption@parindent=\dimen339
\caption@hangindent=\dimen340
Package caption Info: Standard document class detected.
)
\c@caption@flags=\count349
\c@continuedfloat=\count350
Package caption Info: longtable package is loaded.

(c:/texlive/2026/texmf-dist/tex/latex/caption/ltcaption.sty
Package: ltcaption 2021/01/08 v1.4c longtable captions (AR)
))
(c:/texlive/2026/texmf-dist/tex/latex/titlesec/titlesec.sty
Package: titlesec 2025/01/04 v2.17 Sectioning titles
\ttl@box=\box79
\beforetitleunit=\skip68
\aftertitleunit=\skip69
\ttl@plus=\dimen341
\ttl@minus=\dimen342
\ttl@toksa=\toks50
\titlewidth=\dimen343
\titlewidthlast=\dimen344
\titlewidthfirst=\dimen345
)
(c:/texlive/2026/texmf-dist/tex/latex/fancyhdr/fancyhdr.sty
Package: fancyhdr 2025/02/07 v5.2 Extensive control of page headers and footers

\f@nch@headwidth=\skip70
\f@nch@offset@elh=\skip71
\f@nch@offset@erh=\skip72
\f@nch@offset@olh=\skip73
\f@nch@offset@orh=\skip74
\f@nch@offset@elf=\skip75
\f@nch@offset@erf=\skip76
\f@nch@offset@olf=\skip77
\f@nch@offset@orf=\skip78
\f@nch@height=\skip79
\f@nch@footalignment=\skip80
\f@nch@widthL=\skip81
\f@nch@widthC=\skip82
\f@nch@widthR=\skip83
\@temptokenb=\toks51
)
(c:/texlive/2026/texmf-dist/tex/latex/hyperref/hyperref.sty
Package: hyperref 2026-01-29 v7.01p Hypertext links for LaTeX

(c:/texlive/2026/texmf-dist/tex/latex/kvsetkeys/kvsetkeys.sty
Package: kvsetkeys 2022-10-05 v1.19 Key value parser (HO)
)
(c:/texlive/2026/texmf-dist/tex/generic/kvdefinekeys/kvdefinekeys.sty
Package: kvdefinekeys 2019-12-19 v1.6 Define keys (HO)
)
(c:/texlive/2026/texmf-dist/tex/generic/pdfescape/pdfescape.sty
Package: pdfescape 2019/12/09 v1.15 Implements pdfTeX's escape features (HO)

(c:/texlive/2026/texmf-dist/tex/generic/ltxcmds/ltxcmds.sty
Package: ltxcmds 2023-12-04 v1.26 LaTeX kernel commands for general use (HO)
)
(c:/texlive/2026/texmf-dist/tex/generic/pdftexcmds/pdftexcmds.sty
Package: pdftexcmds 2020-06-27 v0.33 Utility functions of pdfTeX for LuaTeX (HO
)

(c:/texlive/2026/texmf-dist/tex/generic/infwarerr/infwarerr.sty
Package: infwarerr 2019/12/03 v1.5 Providing info/warning/error messages (HO)
)
Package pdftexcmds Info: \pdf@primitive is available.
Package pdftexcmds Info: \pdf@ifprimitive is available.
Package pdftexcmds Info: \pdfdraftmode found.
))
(c:/texlive/2026/texmf-dist/tex/latex/hycolor/hycolor.sty
Package: hycolor 2020-01-27 v1.10 Color options for hyperref/bookmark (HO)
)
(c:/texlive/2026/texmf-dist/tex/latex/hyperref/nameref.sty
Package: nameref 2026-01-29 v2.58 Cross-referencing by name of section

(c:/texlive/2026/texmf-dist/tex/latex/refcount/refcount.sty
Package: refcount 2019/12/15 v3.6 Data extraction from label references (HO)
)
(c:/texlive/2026/texmf-dist/tex/generic/gettitlestring/gettitlestring.sty
Package: gettitlestring 2019/12/15 v1.6 Cleanup title references (HO)

(c:/texlive/2026/texmf-dist/tex/latex/kvoptions/kvoptions.sty
Package: kvoptions 2022-06-15 v3.15 Key value format for package options (HO)
))
\c@section@level=\count351
)
(c:/texlive/2026/texmf-dist/tex/generic/stringenc/stringenc.sty
Package: stringenc 2019/11/29 v1.12 Convert strings between diff. encodings (HO
)
)
\@linkdim=\dimen346
\Hy@linkcounter=\count352
\Hy@pagecounter=\count353

(c:/texlive/2026/texmf-dist/tex/latex/hyperref/pd1enc.def
File: pd1enc.def 2026-01-29 v7.01p Hyperref: PDFDocEncoding definition (HO)
Now handling font encoding PD1 ...
... no UTF-8 mapping file for font encoding PD1
)
(c:/texlive/2026/texmf-dist/tex/generic/intcalc/intcalc.sty
Package: intcalc 2019/12/15 v1.3 Expandable calculations with integers (HO)
)
\Hy@SavedSpaceFactor=\count354

(c:/texlive/2026/texmf-dist/tex/latex/hyperref/puenc.def
File: puenc.def 2026-01-29 v7.01p Hyperref: PDF Unicode definition (HO)
Now handling font encoding PU ...
... no UTF-8 mapping file for font encoding PU
)
Package hyperref Info: Hyper figures OFF on input line 4201.
Package hyperref Info: Link nesting OFF on input line 4206.
Package hyperref Info: Hyper index ON on input line 4209.
Package hyperref Info: Plain pages OFF on input line 4216.
Package hyperref Info: Backreferencing OFF on input line 4221.
Package hyperref Info: Implicit mode ON; LaTeX internals redefined.
Package hyperref Info: Bookmarks ON on input line 4468.
\c@Hy@tempcnt=\count355

(c:/texlive/2026/texmf-dist/tex/latex/url/url.sty
\Urlmuskip=\muskip18
Package: url 2013/09/16  ver 3.4  Verb mode for urls, etc.
)
LaTeX Info: Redefining \url on input line 4807.
\XeTeXLinkMargin=\dimen347

(c:/texlive/2026/texmf-dist/tex/generic/bitset/bitset.sty
Package: bitset 2019/12/09 v1.3 Handle bit-vector datatype (HO)

(c:/texlive/2026/texmf-dist/tex/generic/bigintcalc/bigintcalc.sty
Package: bigintcalc 2019/12/15 v1.5 Expandable calculations on big integers (HO
)
))
\Fld@menulength=\count356
\Field@Width=\dimen348
\Fld@charsize=\dimen349
Package hyperref Info: Hyper figures OFF on input line 6084.
Package hyperref Info: Link nesting OFF on input line 6089.
Package hyperref Info: Hyper index ON on input line 6092.
Package hyperref Info: backreferencing OFF on input line 6099.
Package hyperref Info: Link coloring OFF on input line 6104.
Package hyperref Info: Link coloring with OCG OFF on input line 6109.
Package hyperref Info: PDF/A mode OFF on input line 6114.
\Hy@abspage=\count357
\c@Item=\count358
\c@Hfootnote=\count359
)
Package hyperref Info: Driver (autodetected): hpdftex.

(c:/texlive/2026/texmf-dist/tex/latex/hyperref/hpdftex.def
File: hpdftex.def 2026-01-29 v7.01p Hyperref driver for pdfTeX
\Fld@listcount=\count360
\c@bookmark@seq@number=\count361

(c:/texlive/2026/texmf-dist/tex/latex/rerunfilecheck/rerunfilecheck.sty
Package: rerunfilecheck 2025-06-21 v1.11 Rerun checks for auxiliary files (HO)

(c:/texlive/2026/texmf-dist/tex/generic/uniquecounter/uniquecounter.sty
Package: uniquecounter 2019/12/15 v1.4 Provide unlimited unique counter (HO)
)
Package uniquecounter Info: New unique counter `rerunfilecheck' on input line 2
84.
)
\Hy@SectionHShift=\skip84
)
(c:/texlive/2026/texmf-dist/tex/latex/tcolorbox/tcolorbox.sty
Package: tcolorbox 2025/11/28 version 6.9.0 text color boxes

(c:/texlive/2026/texmf-dist/tex/latex/tools/verbatim.sty
Package: verbatim 2024-01-22 v1.5x LaTeX2e package for verbatim enhancements
\every@verbatim=\toks52
\verbatim@line=\toks53
\verbatim@in@stream=\read4
)
(c:/texlive/2026/texmf-dist/tex/latex/environ/environ.sty
Package: environ 2014/05/04 v0.3 A new way to define environments

(c:/texlive/2026/texmf-dist/tex/latex/trimspaces/trimspaces.sty
Package: trimspaces 2009/09/17 v1.1 Trim spaces around a token list
))
\tcb@titlebox=\box80
\tcb@upperbox=\box81
\tcb@lowerbox=\box82
\tcb@phantombox=\box83
\c@tcbbreakpart=\count362
\c@tcblayer=\count363
\c@tcolorbox@number=\count364
\l__tcobox_tmpa_box=\box84
\l__tcobox_tmpa_dim=\dimen350
\tcb@temp=\box85
\tcb@temp=\box86
\tcb@temp=\box87
\tcb@temp=\box88

(c:/texlive/2026/texmf-dist/tex/latex/tcolorbox/tcbraster.code.tex
Library (tcolorbox): 'tcbraster.code.tex' version '6.9.0'
\c@tcbrastercolumn=\count365
\c@tcbrasterrow=\count366
\c@tcbrasternum=\count367
\c@tcbraster=\count368
) (c:/texlive/2026/texmf-dist/tex/latex/tcolorbox/tcbskins.code.tex
Library (tcolorbox): 'tcbskins.code.tex' version '6.9.0'
(c:/texlive/2026/texmf-dist/tex/latex/tikzfill/tikzfill.image.sty
Package: tikzfill.image 2023/08/08 v1.0.1 Image filling library for TikZ

(c:/texlive/2026/texmf-dist/tex/latex/tikzfill/tikzfill-common.sty
Package: tikzfill-common 2023/08/08 v1.0.1 Auxiliary code for tikzfill
)
(c:/texlive/2026/texmf-dist/tex/latex/tikzfill/tikzlibraryfill.image.code.tex
File: tikzlibraryfill.image.code.tex 2023/08/08 v1.0.1 Image filling library
\l__tikzfill_img_box=\box89
)) (c:/texlive/2026/texmf-dist/tex/latex/tcolorbox/tcbskinsjigsaw.code.tex
Library (tcolorbox): 'tcbskinsjigsaw.code.tex' version '6.9.0'
)) (c:/texlive/2026/texmf-dist/tex/latex/tcolorbox/tcbbreakable.code.tex
Library (tcolorbox): 'tcbbreakable.code.tex' version '6.9.0'
(c:/texlive/2026/texmf-dist/tex/latex/pdfcol/pdfcol.sty
Package: pdfcol 2022-09-21 v1.7 Handle new color stacks for pdfTeX (HO)
)
Package pdfcol Info: New color stack `tcb@breakable' = 1 on input line 23.
\tcb@testbox=\box90
\tcb@totalupperbox=\box91
\tcb@totallowerbox=\box92
)
(c:/texlive/2026/texmf-dist/tex/latex/tcolorbox/tcbhooks.code.tex
Library (tcolorbox): 'tcbhooks.code.tex' version '6.9.0'
) (c:/texlive/2026/texmf-dist/tex/latex/tcolorbox/tcbtheorems.code.tex
Library (tcolorbox): 'tcbtheorems.code.tex' version '6.9.0'
) (c:/texlive/2026/texmf-dist/tex/latex/tcolorbox/tcbfitting.code.tex
Library (tcolorbox): 'tcbfitting.code.tex' version '6.9.0'
\tcbfitdim=\dimen351
\tcb@lowerfitdim=\dimen352
\tcb@upperfitdim=\dimen353
\tcb@cur@hbadness=\count369
) (c:/texlive/2026/texmf-dist/tex/latex/tcolorbox/tcblistingsutf8.code.tex
Library (tcolorbox): 'tcblistingsutf8.code.tex' version '6.9.0'
(c:/texlive/2026/texmf-dist/tex/latex/tcolorbox/tcblistings.code.tex
Library (tcolorbox): 'tcblistings.code.tex' version '6.9.0'
(c:/texlive/2026/texmf-dist/tex/latex/listings/listings.sty
\lst@mode=\count370
\lst@gtempboxa=\box93
\lst@token=\toks54
\lst@length=\count371
\lst@currlwidth=\dimen354
\lst@column=\count372
\lst@pos=\count373
\lst@lostspace=\dimen355
\lst@width=\dimen356
\lst@newlines=\count374
\lst@lineno=\count375
\lst@maxwidth=\dimen357

(c:/texlive/2026/texmf-dist/tex/latex/listings/lstpatch.sty
File: lstpatch.sty 2025/11/14 1.11b (Carsten Heinz)
)
(c:/texlive/2026/texmf-dist/tex/latex/listings/lstmisc.sty
File: lstmisc.sty 2025/11/14 1.11b (Carsten Heinz)
\c@lstnumber=\count376
\lst@skipnumbers=\count377
\lst@framebox=\box94
)
(c:/texlive/2026/texmf-dist/tex/latex/listings/listings.cfg
File: listings.cfg 2025/11/14 1.11b listings configuration
))
Package: listings 2025/11/14 1.11b (Carsten Heinz)

==> First Aid for listings.sty no longer applied!
    Expected:
        2024/09/23 1.10c (Carsten Heinz)
    but found:
        2025/11/14 1.11b (Carsten Heinz)
    so I'm assuming it got fixed.
(c:/texlive/2026/texmf-dist/tex/latex/tcolorbox/tcblistingscore.code.tex
Library (tcolorbox): 'tcblistingscore.code.tex' version '6.9.0'
(c:/texlive/2026/texmf-dist/tex/latex/tcolorbox/tcbprocessing.code.tex
Library (tcolorbox): 'tcbprocessing.code.tex' version '6.9.0'
)
\c@tcblisting=\count378
)) (c:/texlive/2026/texmf-dist/tex/latex/listingsutf8/listingsutf8.sty
Package: listingsutf8 2019-12-10 v1.5 Allow UTF-8 in listings input (HO)
))
(c:/texlive/2026/texmf-dist/tex/latex/tcolorbox/tcbexternal.code.tex
Library (tcolorbox): 'tcbexternal.code.tex' version '6.9.0'
) (c:/texlive/2026/texmf-dist/tex/latex/tcolorbox/tcbmagazine.code.tex
Library (tcolorbox): 'tcbmagazine.code.tex' version '6.9.0'
) (c:/texlive/2026/texmf-dist/tex/latex/tcolorbox/tcbvignette.code.tex
Library (tcolorbox): 'tcbvignette.code.tex' version '6.9.0'

(c:/texlive/2026/texmf-dist/tex/generic/pgf/frontendlayer/tikz/libraries/tikzli
braryfadings.code.tex
File: tikzlibraryfadings.code.tex 2025-08-29 v3.1.11a (3.1.11a)

(c:/texlive/2026/texmf-dist/tex/generic/pgf/libraries/pgflibraryfadings.code.te
x
File: pgflibraryfadings.code.tex 2025-08-29 v3.1.11a (3.1.11a)
))) (c:/texlive/2026/texmf-dist/tex/latex/tcolorbox/tcbposter.code.tex
Library (tcolorbox): 'tcbposter.code.tex' version '6.9.0'
)) (c:/texlive/2026/texmf-dist/tex/latex/float/float.sty
Package: float 2001/11/08 v1.3d Float enhancements (AL)
\c@float@type=\count379
\float@exts=\toks55
\float@box=\box95
\@float@everytoks=\toks56
\@floatcapt=\box96
)
(c:/texlive/2026/texmf-dist/tex/latex/csquotes/csquotes.sty
Package: csquotes 2024-04-04 v5.2o context-sensitive quotations (JAW)
\csq@reset=\count380
\csq@gtype=\count381
\csq@glevel=\count382
\csq@qlevel=\count383
\csq@maxlvl=\count384
\csq@tshold=\count385
\csq@ltx@everypar=\toks57

(c:/texlive/2026/texmf-dist/tex/latex/csquotes/csquotes.def
File: csquotes.def 2024-04-04 v5.2o csquotes generic definitions (JAW)
)
Package csquotes Info: Trying to load configuration file 'csquotes.cfg'...
Package csquotes Info: ... configuration file loaded successfully.

(c:/texlive/2026/texmf-dist/tex/latex/csquotes/csquotes.cfg
File: csquotes.cfg 
))
(c:/texlive/2026/texmf-dist/tex/latex/setspace/setspace.sty
Package: setspace 2022/12/04 v6.7b set line spacing
)
Package hyperref Info: Option `colorlinks' set `true' on input line 32.
\c@tcb@cnt@definition=\count386
\c@tcb@cnt@remarkbox=\count387
\c@tcb@cnt@examplebox=\count388
LaTeX Font Info:    Trying to load font information for T1+ntxtlf on input line
 178.

(c:/texlive/2026/texmf-dist/tex/latex/newtx/t1ntxtlf.fd
File: t1ntxtlf.fd 2021/05/24 v1.1 font definition file for T1/ntx/tlf
)
LaTeX Font Info:    Font shape `T1/ntxtlf/m/n' will be
(Font)              scaled to size 10.95pt on input line 178.
Package csquotes Info: Checking for multilingual support...
Package csquotes Info: ... none found.

(./Lecture_Note_on_Precision_Physics_at_the_FCC_final.aux)
\openout1 = `Lecture_Note_on_Precision_Physics_at_the_FCC_final.aux'.

LaTeX Font Info:    Checking defaults for OML/ntxmi/m/it on input line 178.
LaTeX Font Info:    Trying to load font information for OML+ntxmi on input line
 178.

(c:/texlive/2026/texmf-dist/tex/latex/newtx/omlntxmi.fd
File: omlntxmi.fd 2015/08/25 Fontinst v1.933 font definitions for OML/ntxmi.
)
LaTeX Font Info:    ... okay on input line 178.
LaTeX Font Info:    Checking defaults for OMS/cmsy/m/n on input line 178.
LaTeX Font Info:    ... okay on input line 178.
LaTeX Font Info:    Checking defaults for OT1/cmr/m/n on input line 178.
LaTeX Font Info:    ... okay on input line 178.
LaTeX Font Info:    Checking defaults for T1/cmr/m/n on input line 178.
LaTeX Font Info:    ... okay on input line 178.
LaTeX Font Info:    Checking defaults for TS1/cmr/m/n on input line 178.
LaTeX Font Info:    ... okay on input line 178.
LaTeX Font Info:    Checking defaults for OMX/cmex/m/n on input line 178.
LaTeX Font Info:    ... okay on input line 178.
LaTeX Font Info:    Checking defaults for U/ntxexa/m/n on input line 178.
LaTeX Font Info:    Trying to load font information for U+ntxexa on input line 
178.

(c:/texlive/2026/texmf-dist/tex/latex/newtx/untxexa.fd
File: untxexa.fd 2012/04/16 Fontinst v1.933 font definitions for U/ntxexa.
)
LaTeX Font Info:    ... okay on input line 178.
LaTeX Font Info:    Checking defaults for LMS/ntxsy/m/n on input line 178.
LaTeX Font Info:    Trying to load font information for LMS+ntxsy on input line
 178.

(c:/texlive/2026/texmf-dist/tex/latex/newtx/lmsntxsy.fd
File: lmsntxsy.fd 2016/07/02 Fontinst v1.933 font definitions for LMS/ntxsy.
)
LaTeX Font Info:    ... okay on input line 178.
LaTeX Font Info:    Checking defaults for LMX/ntxexx/m/n on input line 178.
LaTeX Font Info:    Trying to load font information for LMX+ntxexx on input lin
e 178.

(c:/texlive/2026/texmf-dist/tex/latex/newtx/lmxntxexx.fd
File: lmxntxexx.fd 2016/07/03 Fontinst v1.933 font definitions for LMX/ntxexx.
)
LaTeX Font Info:    ... okay on input line 178.
LaTeX Font Info:    Checking defaults for PD1/pdf/m/n on input line 178.
LaTeX Font Info:    ... okay on input line 178.
LaTeX Font Info:    Checking defaults for PU/pdf/m/n on input line 178.
LaTeX Font Info:    ... okay on input line 178.

*geometry* driver: auto-detecting
*geometry* detected driver: pdftex
*geometry* verbose mode - [ preamble ] result:
* driver: pdftex
* paper: a4paper
* layout: <same size as paper>
* layoutoffset:(h,v)=(0.0pt,0.0pt)
* modes: 
* h-part:(L,W,R)=(72.26999pt, 452.9679pt, 72.26999pt)
* v-part:(T,H,B)=(72.26999pt, 700.50687pt, 72.26999pt)
* \paperwidth=597.50787pt
* \paperheight=845.04684pt
* \textwidth=452.9679pt
* \textheight=700.50687pt
* \oddsidemargin=0.0pt
* \evensidemargin=0.0pt
* \topmargin=-37.0pt
* \headheight=12.0pt
* \headsep=25.0pt
* \topskip=11.0pt
* \footskip=30.0pt
* \marginparwidth=50.0pt
* \marginparsep=10.0pt
* \columnsep=10.0pt
* \skip\footins=10.0pt plus 4.0pt minus 2.0pt
* \hoffset=0.0pt
* \voffset=0.0pt
* \mag=1000
* \@twocolumnfalse
* \@twosidefalse
* \@mparswitchfalse
* \@reversemarginfalse
* (1in=72.27pt=25.4mm, 1cm=28.453pt)

(c:/texlive/2026/texmf-dist/tex/context/base/mkii/supp-pdf.mkii
[Loading MPS to PDF converter (version 2006.09.02).]
\scratchcounter=\count389
\scratchdimen=\dimen358
\scratchbox=\box97
\nofMPsegments=\count390
\nofMParguments=\count391
\everyMPshowfont=\toks58
\MPscratchCnt=\count392
\MPscratchDim=\dimen359
\MPnumerator=\count393
\makeMPintoPDFobject=\count394
\everyMPtoPDFconversion=\toks59
) (c:/texlive/2026/texmf-dist/tex/latex/epstopdf-pkg/epstopdf-base.sty
Package: epstopdf-base 2020-01-24 v2.11 Base part for package epstopdf
Package epstopdf-base Info: Redefining graphics rule for `.eps' on input line 4
85.

(c:/texlive/2026/texmf-dist/tex/latex/latexconfig/epstopdf-sys.cfg
File: epstopdf-sys.cfg 2010/07/13 v1.3 Configuration of (r)epstopdf for TeX Liv
e
))
\c@mv@tabular=\count395
\c@mv@boldtabular=\count396
LaTeX Info: Command `\dddot' is already robust on input line 178.
LaTeX Info: Command `\ddddot' is already robust on input line 178.
LaTeX Info: Redefining \microtypecontext on input line 178.
Package microtype Info: Applying patch `item' on input line 178.
Package microtype Info: Applying patch `toc' on input line 178.
Package microtype Info: Applying patch `eqnum' on input line 178.


Package microtype Warning: Unable to apply patch `footnote' on input line 178.

Package microtype Info: Applying patch `verbatim' on input line 178.
LaTeX Info: Redefining \microtypesetup on input line 178.
Package microtype Info: Generating PDF output.
Package microtype Info: Character protrusion enabled (level 2).
Package microtype Info: Using default protrusion set `alltext'.
Package microtype Info: Automatic font expansion enabled (level 2),
(microtype)             stretch: 20, shrink: 20, step: 1, non-selected.
Package microtype Info: Using default expansion set `alltext-nott'.
Package microtype Info: Patching command `\showhyphens'.
Package microtype Info: No adjustment of tracking.
Package microtype Info: No adjustment of interword spacing.
Package microtype Info: No adjustment of character kerning.
(c:/texlive/2026/texmf-dist/tex/latex/microtype/mt-ptm.cfg
File: mt-ptm.cfg 2006/04/20 v1.7 microtype config. file: Times (RS)
)
Package caption Info: Begin \AtBeginDocument code.
Package caption Info: float package is loaded.
Package caption Info: hyperref package is loaded.
Package caption Info: listings package is loaded.
Package caption Info: End \AtBeginDocument code.
Package hyperref Info: Link coloring ON on input line 178.

(./Lecture_Note_on_Precision_Physics_at_the_FCC_final.out)
(./Lecture_Note_on_Precision_Physics_at_the_FCC_final.out)
\@outlinefile=\write4
\openout4 = `Lecture_Note_on_Precision_Physics_at_the_FCC_final.out'.

\c@lstlisting=\count397
LaTeX Font Info:    Font shape `T1/ntxtlf/b/n' will be
(Font)              scaled to size 10.95pt on input line 183.
LaTeX Font Info:    Font shape `T1/ntxtlf/m/n' will be
(Font)              scaled to size 14.4pt on input line 189.
LaTeX Font Info:    Font shape `T1/ntxtlf/b/n' will be
(Font)              scaled to size 17.0pt on input line 190.
LaTeX Font Info:    Font shape `T1/ntxtlf/m/n' will be
(Font)              scaled to size 12.0pt on input line 196.
LaTeX Font Info:    Font shape `T1/ntxtlf/m/it' will be
(Font)              scaled to size 10.95pt on input line 203.
LaTeX Font Info:    Trying to load font information for T1+ntxtt on input line 
212.

(c:/texlive/2026/texmf-dist/tex/latex/newtx/t1ntxtt.fd
File: t1ntxtt.fd 2012/04/20 v3.1
)
LaTeX Font Info:    Font shape `T1/ntxtt/m/n' will be
(Font)              scaled to size 10.95pt on input line 212.
Package microtype Info: Loading generic protrusion settings for font family
(microtype)             `ntxtt' (encoding: T1).
(microtype)             For optimal results, create family-specific settings.
(microtype)             See the microtype manual for details.
 [1

{c:/texlive/2026/texmf-var/fonts/map/pdftex/updmap/pdftex.map}{c:/texlive/2026/
texmf-dist/fonts/enc/dvips/newtx/ntx-ec-tlf.enc}]
LaTeX Font Info:    Font shape `T1/ntxtlf/b/n' will be
(Font)              scaled to size 14.4pt on input line 220.

(./Lecture_Note_on_Precision_Physics_at_the_FCC_final.toc
LaTeX Font Info:    Trying to load font information for OT1+minntx on input lin
e 4.

(c:/texlive/2026/texmf-dist/tex/latex/newtx/ot1minntx.fd
File: ot1minntx.fd 2023/09/09 v1.1 font definition file for OT1/minntx
)
LaTeX Font Info:    Font shape `OT1/minntx/m/n' will be
(Font)              scaled to size 10.95pt on input line 4.
Package microtype Info: Loading generic protrusion settings for font family
(microtype)             `minntx' (encoding: OT1).
(microtype)             For optimal results, create family-specific settings.
(microtype)             See the microtype manual for details.
LaTeX Font Info:    Font shape `OT1/minntx/m/n' will be
(Font)              scaled to size 8.0pt on input line 4.
LaTeX Font Info:    Font shape `OT1/minntx/m/n' will be
(Font)              scaled to size 6.1pt on input line 4.
LaTeX Font Info:    Font shape `OML/ntxmi/m/it' will be
(Font)              scaled to size 10.95pt on input line 4.
LaTeX Font Info:    Font shape `OML/ntxmi/m/it' will be
(Font)              scaled to size 8.0pt on input line 4.
LaTeX Font Info:    Font shape `OML/ntxmi/m/it' will be
(Font)              scaled to size 6.1pt on input line 4.
LaTeX Font Info:    Font shape `LMS/ntxsy/m/n' will be
(Font)              scaled to size 10.95pt on input line 4.
LaTeX Font Info:    Font shape `LMS/ntxsy/m/n' will be
(Font)              scaled to size 8.0pt on input line 4.
LaTeX Font Info:    Font shape `LMS/ntxsy/m/n' will be
(Font)              scaled to size 6.1pt on input line 4.
LaTeX Font Info:    Font shape `LMX/ntxexx/m/n' will be
(Font)              scaled to size 10.95pt on input line 4.
LaTeX Font Info:    Font shape `LMX/ntxexx/m/n' will be
(Font)              scaled to size 8.0pt on input line 4.
LaTeX Font Info:    Font shape `LMX/ntxexx/m/n' will be
(Font)              scaled to size 6.1pt on input line 4.
LaTeX Font Info:    Trying to load font information for U+ntxmia on input line 
4.

(c:/texlive/2026/texmf-dist/tex/latex/newtx/untxmia.fd
File: untxmia.fd 2024/04/09 Fontinst v1.933 font definitions for U/ntxmia.
)
LaTeX Font Info:    Font shape `U/ntxmia/m/it' will be
(Font)              scaled to size 10.95pt on input line 4.
LaTeX Font Info:    Font shape `U/ntxmia/m/it' will be
(Font)              scaled to size 8.0pt on input line 4.
LaTeX Font Info:    Font shape `U/ntxmia/m/it' will be
(Font)              scaled to size 6.1pt on input line 4.
LaTeX Font Info:    Trying to load font information for U+ntxsym on input line 
4.

(c:/texlive/2026/texmf-dist/tex/latex/newtx/untxsym.fd
File: untxsym.fd 2023/08/16 Fontinst v1.933 font definitions for U/ntxsym.
)
LaTeX Font Info:    Font shape `U/ntxsym/m/n' will be
(Font)              scaled to size 10.95pt on input line 4.
LaTeX Font Info:    Font shape `U/ntxsym/m/n' will be
(Font)              scaled to size 8.0pt on input line 4.
LaTeX Font Info:    Font shape `U/ntxsym/m/n' will be
(Font)              scaled to size 6.1pt on input line 4.
LaTeX Font Info:    Trying to load font information for U+ntxsyc on input line 
4.

(c:/texlive/2026/texmf-dist/tex/latex/newtx/untxsyc.fd
File: untxsyc.fd 2012/04/12 Fontinst v1.933 font definitions for U/ntxsyc.
)
LaTeX Font Info:    Font shape `U/ntxsyc/m/n' will be
(Font)              scaled to size 10.95pt on input line 4.
LaTeX Font Info:    Font shape `U/ntxsyc/m/n' will be
(Font)              scaled to size 8.0pt on input line 4.
LaTeX Font Info:    Font shape `U/ntxsyc/m/n' will be
(Font)              scaled to size 6.1pt on input line 4.
LaTeX Font Info:    Font shape `U/ntxexa/m/n' will be
(Font)              scaled to size 10.95pt on input line 4.
LaTeX Font Info:    Font shape `U/ntxexa/m/n' will be
(Font)              scaled to size 8.0pt on input line 4.
LaTeX Font Info:    Font shape `U/ntxexa/m/n' will be
(Font)              scaled to size 6.1pt on input line 4.
LaTeX Font Info:    Font shape `OT1/minntx/b/n' will be
(Font)              scaled to size 10.95pt on input line 4.
LaTeX Font Info:    Font shape `OT1/minntx/b/n' will be
(Font)              scaled to size 8.0pt on input line 4.
LaTeX Font Info:    Font shape `OT1/minntx/b/n' will be
(Font)              scaled to size 6.1pt on input line 4.
LaTeX Font Info:    Font shape `OML/ntxmi/b/it' will be
(Font)              scaled to size 10.95pt on input line 4.
LaTeX Font Info:    Font shape `OML/ntxmi/b/it' will be
(Font)              scaled to size 8.0pt on input line 4.
LaTeX Font Info:    Font shape `OML/ntxmi/b/it' will be
(Font)              scaled to size 6.1pt on input line 4.
LaTeX Font Info:    Font shape `LMS/ntxsy/b/n' will be
(Font)              scaled to size 10.95pt on input line 4.
LaTeX Font Info:    Font shape `LMS/ntxsy/b/n' will be
(Font)              scaled to size 8.0pt on input line 4.
LaTeX Font Info:    Font shape `LMS/ntxsy/b/n' will be
(Font)              scaled to size 6.1pt on input line 4.
LaTeX Font Info:    Font shape `LMX/ntxexx/b/n' will be
(Font)              scaled to size 10.95pt on input line 4.
LaTeX Font Info:    Font shape `LMX/ntxexx/b/n' will be
(Font)              scaled to size 8.0pt on input line 4.
LaTeX Font Info:    Font shape `LMX/ntxexx/b/n' will be
(Font)              scaled to size 6.1pt on input line 4.
LaTeX Font Info:    Font shape `T1/ntxtlf/m/n' will be
(Font)              scaled to size 10.0pt on input line 29.
LaTeX Font Info:    Font shape `T1/ntxtlf/m/it' will be
(Font)              scaled to size 10.0pt on input line 29.

pdfTeX warning (ext4): destination with the same identifier (name{page.1}) has 
been already used, duplicate ignored
<to be read again> 
                   \relax 
l.29 ....1}Z-pole observables}{36}{subsection.5.1}
                                                  % [1] [2])
\tf@toc=\write5
\openout5 = `Lecture_Note_on_Precision_Physics_at_the_FCC_final.toc'.

 [3]
LaTeX Font Info:    Trying to load font information for TS1+ntxtlf on input lin
e 235.

(c:/texlive/2026/texmf-dist/tex/latex/newtx/ts1ntxtlf.fd
File: ts1ntxtlf.fd 2015/01/18 v1.0 fd file for TS1/ntxtlf
)
LaTeX Font Info:    Font shape `TS1/ntxtlf/m/n' will be
(Font)              scaled to size 10.95pt on input line 235.
 [4{c:/texlive/2026/texmf-dist/fonts/enc/dvips/tex-gyre/q-ts1.enc}{c:/texlive/2
026/texmf-dist/fonts/enc/dvips/newtx/ntx-ot1-tlf.enc}]
LaTeX Font Info:    Font shape `T1/ntxtlf/b/n' will be
(Font)              scaled to size 12.0pt on input line 251.
LaTeX Font Info:    Font shape `T1/ntxtlf/m/n' will be
(Font)              scaled to size 8.0pt on input line 263.
LaTeX Font Info:    Font shape `T1/ntxtlf/m/n' will be
(Font)              scaled to size 6.1pt on input line 263.
 [5]
<Figs/FCC-ee_RunSequence_2024_09_26.pdf, id=522, 845.1575pt x 597.23125pt>
File: Figs/FCC-ee_RunSequence_2024_09_26.pdf Graphic file (type pdf)
<use Figs/FCC-ee_RunSequence_2024_09_26.pdf>
Package pdftex.def Info: Figs/FCC-ee_RunSequence_2024_09_26.pdf  used on input 
line 303.
(pdftex.def)             Requested size: 430.31812pt x 304.0918pt.
 [6]
<Figs/circos_FCCee_nomargin_newFSR.pdf, id=535, 2619.7875pt x 2810.5pt>
File: Figs/circos_FCCee_nomargin_newFSR.pdf Graphic file (type pdf)
<use Figs/circos_FCCee_nomargin_newFSR.pdf>
Package pdftex.def Info: Figs/circos_FCCee_nomargin_newFSR.pdf  used on input l
ine 312.
(pdftex.def)             Requested size: 416.72963pt x 447.03033pt.
 [7 <./Figs/FCC-ee_RunSequence_2024_09_26.pdf, page is rotated 90 degrees>] [8 
<./Figs/circos_FCCee_nomargin_newFSR.pdf>] [9]
<Figs/FCC-runs.pdf, id=569, 1927.2pt x 1084.05pt>
File: Figs/FCC-runs.pdf Graphic file (type pdf)
<use Figs/FCC-runs.pdf>
Package pdftex.def Info: Figs/FCC-runs.pdf  used on input line 374.
(pdftex.def)             Requested size: 430.31812pt x 242.04811pt.
 [10 <./Figs/FCC-runs.pdf>]
<Figs/FCCeeLumis2024.png, id=598, 1614.03pt x 878.28125pt>
File: Figs/FCCeeLumis2024.png Graphic file (type png)
<use Figs/FCCeeLumis2024.png>
Package pdftex.def Info: Figs/FCCeeLumis2024.png  used on input line 383.
(pdftex.def)             Requested size: 430.31812pt x 234.15057pt.
<Figs/FCCtunnel.png, id=603, 1805.76pt x 635.58pt>
File: Figs/FCCtunnel.png Graphic file (type png)
<use Figs/FCCtunnel.png>
Package pdftex.def Info: Figs/FCCtunnel.png  used on input line 392.
(pdftex.def)             Requested size: 362.37569pt x 127.54047pt.
 [11 <./Figs/FCCeeLumis2024.png> <./Figs/FCCtunnel.png (PNG copy)>] [12] [13]
<Figs/Global_Interpretations/coefficient_bar_final.pdf, id=640, 722.7pt x 1084.
05pt>
File: Figs/Global_Interpretations/coefficient_bar_final.pdf Graphic file (type 
pdf)
<use Figs/Global_Interpretations/coefficient_bar_final.pdf>
Package pdftex.def Info: Figs/Global_Interpretations/coefficient_bar_final.pdf 
 used on input line 497.
(pdftex.def)             Requested size: 416.72963pt x 625.09383pt.
 [14] [15 <./Figs/Global_Interpretations/coefficient_bar_final.pdf>]
<Figs/Global_Interpretations/barplotsnow-xo1-smpar.pdf, id=713, 794.97pt x 616.
3025pt>
File: Figs/Global_Interpretations/barplotsnow-xo1-smpar.pdf Graphic file (type 
pdf)
<use Figs/Global_Interpretations/barplotsnow-xo1-smpar.pdf>
Package pdftex.def Info: Figs/Global_Interpretations/barplotsnow-xo1-smpar.pdf 
 used on input line 506.
(pdftex.def)             Requested size: 416.72963pt x 323.07465pt.
 [16 <./Figs/Global_Interpretations/barplotsnow-xo1-smpar.pdf>]
<Figs/Global_Interpretations/spider_plot_Quad_Effects.pdf, id=753, 664.88402pt 
x 724.0575pt>
File: Figs/Global_Interpretations/spider_plot_Quad_Effects.pdf Graphic file (ty
pe pdf)
<use Figs/Global_Interpretations/spider_plot_Quad_Effects.pdf>
Package pdftex.def Info: Figs/Global_Interpretations/spider_plot_Quad_Effects.p
df  used on input line 530.
(pdftex.def)             Requested size: 398.61395pt x 434.0843pt.
<Figs/Global_Interpretations/spider_plot_uv.pdf, id=757, 773.89125pt x 751.8087
5pt>
File: Figs/Global_Interpretations/spider_plot_uv.pdf Graphic file (type pdf)
<use Figs/Global_Interpretations/spider_plot_uv.pdf>
Package pdftex.def Info: Figs/Global_Interpretations/spider_plot_uv.pdf  used o
n input line 539.
(pdftex.def)             Requested size: 398.61395pt x 387.23744pt.
 [17 <./Figs/Global_Interpretations/spider_plot_Quad_Effects.pdf>]
<Figs/Global_Interpretations/newscalars.pdf, id=813, 416.55624pt x 290.08376pt>

File: Figs/Global_Interpretations/newscalars.pdf Graphic file (type pdf)
<use Figs/Global_Interpretations/newscalars.pdf>
Package pdftex.def Info: Figs/Global_Interpretations/newscalars.pdf  used on in
put line 559.
(pdftex.def)             Requested size: 398.61395pt x 277.60081pt.

[18 <./Figs/Global_Interpretations/spider_plot_uv.pdf>]
<Figs/Global_Interpretations/newfermions.pdf, id=880, 416.55624pt x 291.0875pt>

File: Figs/Global_Interpretations/newfermions.pdf Graphic file (type pdf)
<use Figs/Global_Interpretations/newfermions.pdf>
Package pdftex.def Info: Figs/Global_Interpretations/newfermions.pdf  used on i
nput line 568.
(pdftex.def)             Requested size: 398.61395pt x 278.56137pt.
 [19 <./Figs/Global_Interpretations/newscalars.pdf>]
<Figs/Global_Interpretations/newvectorslog.pdf, id=903, 416.55624pt x 290.08376
pt>
File: Figs/Global_Interpretations/newvectorslog.pdf Graphic file (type pdf)
<use Figs/Global_Interpretations/newvectorslog.pdf>
Package pdftex.def Info: Figs/Global_Interpretations/newvectorslog.pdf  used on
 input line 577.
(pdftex.def)             Requested size: 398.61395pt x 277.60081pt.
 [20 <./Figs/Global_Interpretations/newfermions.pdf>] [21 <./Figs/Global_Interp
retations/newvectorslog.pdf>] [22]
<Figs/Higgs/higgsstrahlung.jpg, id=956, 1002.74625pt x 610.28pt>
File: Figs/Higgs/higgsstrahlung.jpg Graphic file (type jpg)
<use Figs/Higgs/higgsstrahlung.jpg>
Package pdftex.def Info: Figs/Higgs/higgsstrahlung.jpg  used on input line 625.

(pdftex.def)             Requested size: 317.07614pt x 192.97487pt.
 [23 <./Figs/Higgs/higgsstrahlung.jpg>]
<Figs/Higgs/recoil.pdf, id=970, 569.12625pt x 546.04pt>
File: Figs/Higgs/recoil.pdf Graphic file (type pdf)
<use Figs/Higgs/recoil.pdf>
Package pdftex.def Info: Figs/Higgs/recoil.pdf  used on input line 654.
(pdftex.def)             Requested size: 353.31439pt x 338.99956pt.
 [24]
<Figs/Higgs/RecoZ_mass.pdf, id=984, 569.12625pt x 552.0625pt>
File: Figs/Higgs/RecoZ_mass.pdf Graphic file (type pdf)
<use Figs/Higgs/RecoZ_mass.pdf>
Package pdftex.def Info: Figs/Higgs/RecoZ_mass.pdf  used on input line 663.
(pdftex.def)             Requested size: 339.72592pt x 329.55528pt.
 [25 <./Figs/Higgs/recoil.pdf, page is rotated 90 degrees>] [26 <./Figs/Higgs/R
ecoZ_mass.pdf, page is rotated 90 degrees>]
<Figs/Higgs/ATLAS_CMS_Higgs_couplings.pdf, id=1089, 504.88625pt x 569.12625pt>
File: Figs/Higgs/ATLAS_CMS_Higgs_couplings.pdf Graphic file (type pdf)
<use Figs/Higgs/ATLAS_CMS_Higgs_couplings.pdf>
Package pdftex.def Info: Figs/Higgs/ATLAS_CMS_Higgs_couplings.pdf  used on inpu
t line 701.
(pdftex.def)             Requested size: 398.61395pt x 449.3356pt.
 [27]
[28 <./Figs/Higgs/ATLAS_CMS_Higgs_couplings.pdf>]
<Figs/Higgs_to_fermion_effective_couplings.pdf, id=1150, 448.46869pt x 333.1647
2pt>
File: Figs/Higgs_to_fermion_effective_couplings.pdf Graphic file (type pdf)
<use Figs/Higgs_to_fermion_effective_couplings.pdf>
Package pdftex.def Info: Figs/Higgs_to_fermion_effective_couplings.pdf  used on
 input line 736.
(pdftex.def)             Requested size: 353.31439pt x 262.4906pt.
<Figs/Higgs_to_vector_boson_effective_couplings.pdf, id=1154, 448.54141pt x 333
.16472pt>
File: Figs/Higgs_to_vector_boson_effective_couplings.pdf Graphic file (type pdf
)
<use Figs/Higgs_to_vector_boson_effective_couplings.pdf>
Package pdftex.def Info: Figs/Higgs_to_vector_boson_effective_couplings.pdf  us
ed on input line 745.
(pdftex.def)             Requested size: 353.31439pt x 262.43468pt.
 [29 <./Figs/Higgs_to_fermion_effective_couplings.pdf>] [30 <./Figs/Higgs_to_ve
ctor_boson_effective_couplings.pdf>]
<Figs/kappa2025/k_universal.pdf, id=1244, 448.45726pt x 333.16472pt>
File: Figs/kappa2025/k_universal.pdf Graphic file (type pdf)
<use Figs/kappa2025/k_universal.pdf>
Package pdftex.def Info: Figs/kappa2025/k_universal.pdf  used on input line 787
.
(pdftex.def)             Requested size: 353.31439pt x 262.4906pt.
 [31 <./Figs/kappa2025/k_universal.pdf>]
<Figs/Hself/HH-Feynman-all_v2.pdf, id=1282, 959.78522pt x 330.6203pt>
File: Figs/Hself/HH-Feynman-all_v2.pdf Graphic file (type pdf)
<use Figs/Hself/HH-Feynman-all_v2.pdf>
Package pdftex.def Info: Figs/Hself/HH-Feynman-all_v2.pdf  used on input line 8
15.
(pdftex.def)             Requested size: 362.37569pt x 124.8248pt.
<Figs/Hself/CrossSectionPlot.pdf, id=1286, 569.12625pt x 388.45125pt>
File: Figs/Hself/CrossSectionPlot.pdf Graphic file (type pdf)
<use Figs/Hself/CrossSectionPlot.pdf>
Package pdftex.def Info: Figs/Hself/CrossSectionPlot.pdf  used on input line 82
4.
(pdftex.def)             Requested size: 385.02547pt x 262.80377pt.
 [32 <./Figs/Hself/HH-Feynman-all_v2.pdf>]
<Figs/Hself/KappaLambdaHEFT_FCCee.pdf, id=1360, 361.35pt x 353.32pt>
File: Figs/Hself/KappaLambdaHEFT_FCCee.pdf Graphic file (type pdf)
<use Figs/Hself/KappaLambdaHEFT_FCCee.pdf>
Package pdftex.def Info: Figs/Hself/KappaLambdaHEFT_FCCee.pdf  used on input li
ne 833.
(pdftex.def)             Requested size: 362.37569pt x 354.32729pt.
 [33 <./Figs/Hself/CrossSectionPlot.pdf, page is rotated 90 degrees>]
<Figs/Hself/HHH_ECM_Combined_new.pdf, id=1412, 569.12625pt x 387.4475pt>
File: Figs/Hself/HHH_ECM_Combined_new.pdf Graphic file (type pdf)
<use Figs/Hself/HHH_ECM_Combined_new.pdf>
Package pdftex.def Info: Figs/Hself/HHH_ECM_Combined_new.pdf  used on input lin
e 842.
(pdftex.def)             Requested size: 371.43698pt x 252.87839pt.

[34 <./Figs/Hself/KappaLambdaHEFT_FCCee.pdf>] [35 <./Figs/Hself/HHH_ECM_Combine
d_new.pdf, page is rotated 90 degrees>]
<Figs/commontools/Z_mass_pole.pdf, id=1506, 337.50089pt x 304.2567pt>
File: Figs/commontools/Z_mass_pole.pdf Graphic file (type pdf)
<use Figs/commontools/Z_mass_pole.pdf>
Package pdftex.def Info: Figs/commontools/Z_mass_pole.pdf  used on input line 8
95.
(pdftex.def)             Requested size: 362.37569pt x 326.6796pt.
 [36]
Underfull \hbox (badness 6364) in paragraph at lines 917--917
[]|\T1/ntxtlf/m/n/10 (+20) Current pre-ci-
 []


Underfull \hbox (badness 1242) in paragraph at lines 917--917
[]|\T1/ntxtlf/m/n/10 (+20) FCC-ee pro-jected
 []


Underfull \hbox (badness 6961) in paragraph at lines 917--917
[]|$\OT1/minntx/m/n/10 4\OML/ntxmi/m/it/10 :\OT1/minntx/m/n/10 2\LMS/ntxsy/m/n/
10 ą\OT1/minntx/m/n/10 4\OML/ntxmi/m/it/10 :\OT1/minntx/m/n/10 9\LMS/ntxsy/m/n/
10 ş []$ \T1/ntxtlf/m/n/10 (+20) ex-
 []

[37 <./Figs/commontools/Z_mass_pole.pdf>]
<Figs/EWfit/MWmtplot_FCCee.pdf, id=1549, 361.35pt x 343.2825pt>
File: Figs/EWfit/MWmtplot_FCCee.pdf Graphic file (type pdf)
<use Figs/EWfit/MWmtplot_FCCee.pdf>
Package pdftex.def Info: Figs/EWfit/MWmtplot_FCCee.pdf  used on input line 945.

(pdftex.def)             Requested size: 362.37569pt x 344.26115pt.
 [38]
<Figs/EWfit/mt_mW_uncert.pdf, id=1562, 722.7pt x 722.7pt>
File: Figs/EWfit/mt_mW_uncert.pdf Graphic file (type pdf)
<use Figs/EWfit/mt_mW_uncert.pdf>
Package pdftex.def Info: Figs/EWfit/mt_mW_uncert.pdf  used on input line 954.
(pdftex.def)             Requested size: 353.31439pt x 353.31006pt.
 [39 <./Figs/EWfit/MWmtplot_FCCee.pdf>]
<Figs/MWmtplot_FCCee_New.png, id=1594, 501.875pt x 478.78876pt>
File: Figs/MWmtplot_FCCee_New.png Graphic file (type png)
<use Figs/MWmtplot_FCCee_New.png>
Package pdftex.def Info: Figs/MWmtplot_FCCee_New.png  used on input line 974.
(pdftex.def)             Requested size: 362.37569pt x 345.7212pt.
 [40 <./Figs/EWfit/mt_mW_uncert.pdf>]
<Figs/Effective_couplings_of_the_W_boson.pdf, id=1652, 448.54141pt x 333.16472p
t>
File: Figs/Effective_couplings_of_the_W_boson.pdf Graphic file (type pdf)
<use Figs/Effective_couplings_of_the_W_boson.pdf>
Package pdftex.def Info: Figs/Effective_couplings_of_the_W_boson.pdf  used on i
nput line 990.
(pdftex.def)             Requested size: 353.31439pt x 262.43468pt.
 [41 <./Figs/MWmtplot_FCCee_New.png (PNG copy)>]
<Figs/Electroweak_left-handed_effective_couplings.pdf, id=1662, 448.54141pt x 3
33.16472pt>
File: Figs/Electroweak_left-handed_effective_couplings.pdf Graphic file (type p
df)
<use Figs/Electroweak_left-handed_effective_couplings.pdf>
Package pdftex.def Info: Figs/Electroweak_left-handed_effective_couplings.pdf  
used on input line 999.
(pdftex.def)             Requested size: 353.31439pt x 262.43468pt.
 [42 <./Figs/Effective_couplings_of_the_W_boson.pdf> <./Figs/Electroweak_left-h
anded_effective_couplings.pdf>]
<Figs/Electroweak_right-handed_effective_couplings.pdf, id=1744, 448.54141pt x 
333.16472pt>
File: Figs/Electroweak_right-handed_effective_couplings.pdf Graphic file (type 
pdf)
<use Figs/Electroweak_right-handed_effective_couplings.pdf>
Package pdftex.def Info: Figs/Electroweak_right-handed_effective_couplings.pdf 
 used on input line 1008.
(pdftex.def)             Requested size: 353.31439pt x 262.43468pt.
 [43 <./Figs/Electroweak_right-handed_effective_couplings.pdf>] [44]
<Figs/scan/plot_PS.pdf, id=1803, 722.7pt x 722.7pt>
File: Figs/scan/plot_PS.pdf Graphic file (type pdf)
<use Figs/scan/plot_PS.pdf>
Package pdftex.def Info: Figs/scan/plot_PS.pdf  used on input line 1066.
(pdftex.def)             Requested size: 385.02547pt x 385.02515pt.
 [45]
<Figs/scan/ISR_comparison_N3LO.pdf, id=1815, 722.7pt x 722.7pt>
File: Figs/scan/ISR_comparison_N3LO.pdf Graphic file (type pdf)
<use Figs/scan/ISR_comparison_N3LO.pdf>
Package pdftex.def Info: Figs/scan/ISR_comparison_N3LO.pdf  used on input line 
1075.
(pdftex.def)             Requested size: 385.02547pt x 385.02515pt.
 [46 <./Figs/scan/plot_PS.pdf>]
<Figs/scan/plot_N3LO_PS_yukawa_alphaS_ratio.pdf, id=1887, 722.7pt x 722.7pt>
File: Figs/scan/plot_N3LO_PS_yukawa_alphaS_ratio.pdf Graphic file (type pdf)
<use Figs/scan/plot_N3LO_PS_yukawa_alphaS_ratio.pdf>
Package pdftex.def Info: Figs/scan/plot_N3LO_PS_yukawa_alphaS_ratio.pdf  used o
n input line 1084.
(pdftex.def)             Requested size: 385.02547pt x 385.02515pt.
 [47 <./Figs/scan/ISR_comparison_N3LO.pdf>] [48 <./Figs/scan/plot_N3LO_PS_yukaw
a_alphaS_ratio.pdf>]
<Figs/scan/chi2_scan_mass_width.pdf, id=2031, 722.7pt x 722.7pt>
File: Figs/scan/chi2_scan_mass_width.pdf Graphic file (type pdf)
<use Figs/scan/chi2_scan_mass_width.pdf>
Package pdftex.def Info: Figs/scan/chi2_scan_mass_width.pdf  used on input line
 1123.
(pdftex.def)             Requested size: 339.72592pt x 339.72418pt.
 [49]
<Figs/scan/uncert_mass_width_vs_alphas.pdf, id=2043, 722.7pt x 722.7pt>
File: Figs/scan/uncert_mass_width_vs_alphas.pdf Graphic file (type pdf)
<use Figs/scan/uncert_mass_width_vs_alphas.pdf>
Package pdftex.def Info: Figs/scan/uncert_mass_width_vs_alphas.pdf  used on inp
ut line 1132.
(pdftex.def)             Requested size: 339.72592pt x 339.72418pt.
 [50 <./Figs/scan/chi2_scan_mass_width.pdf>]
<Figs/reco/njgt1_effp9_twob_njets_R5_had_345_log.pdf, id=2126, 569.12625pt x 54
6.04pt>
File: Figs/reco/njgt1_effp9_twob_njets_R5_had_345_log.pdf Graphic file (type pd
f)
<use Figs/reco/njgt1_effp9_twob_njets_R5_had_345_log.pdf>
Package pdftex.def Info: Figs/reco/njgt1_effp9_twob_njets_R5_had_345_log.pdf  u
sed on input line 1152.
(pdftex.def)             Requested size: 353.31439pt x 338.99956pt.
 [51 <./Figs/scan/uncert_mass_width_vs_alphas.pdf>]
<Figs/Global_Interpretations/top-higgs-interplay-fcc.pdf, id=2204, 722.7pt x 10
84.05pt>
File: Figs/Global_Interpretations/top-higgs-interplay-fcc.pdf Graphic file (typ
e pdf)
<use Figs/Global_Interpretations/top-higgs-interplay-fcc.pdf>
Package pdftex.def Info: Figs/Global_Interpretations/top-higgs-interplay-fcc.pd
f  used on input line 1161.
(pdftex.def)             Requested size: 385.02547pt x 577.53773pt.
 [52 <./Figs/reco/njgt1_effp9_twob_njets_R5_had_345_log.pdf, page is rotated 90
 degrees>] [53 <./Figs/Global_Interpretations/top-higgs-interplay-fcc.pdf>] [54
]
File: Figs/Global_Interpretations/coefficient_bar_final.pdf Graphic file (type 
pdf)
<use Figs/Global_Interpretations/coefficient_bar_final.pdf>
Package pdftex.def Info: Figs/Global_Interpretations/coefficient_bar_final.pdf 
 used on input line 1227.
(pdftex.def)             Requested size: 416.72963pt x 625.09383pt.
 [55] [56]
File: Figs/Global_Interpretations/barplotsnow-xo1-smpar.pdf Graphic file (type 
pdf)
<use Figs/Global_Interpretations/barplotsnow-xo1-smpar.pdf>
Package pdftex.def Info: Figs/Global_Interpretations/barplotsnow-xo1-smpar.pdf 
 used on input line 1236.
(pdftex.def)             Requested size: 416.72963pt x 323.07465pt.
File: Figs/Global_Interpretations/spider_plot_uv.pdf Graphic file (type pdf)
<use Figs/Global_Interpretations/spider_plot_uv.pdf>
Package pdftex.def Info: Figs/Global_Interpretations/spider_plot_uv.pdf  used o
n input line 1245.
(pdftex.def)             Requested size: 398.61395pt x 387.23744pt.
 [57] [58]
File: Figs/Higgs_to_fermion_effective_couplings.pdf Graphic file (type pdf)
<use Figs/Higgs_to_fermion_effective_couplings.pdf>
Package pdftex.def Info: Figs/Higgs_to_fermion_effective_couplings.pdf  used on
 input line 1281.
(pdftex.def)             Requested size: 353.31439pt x 262.4906pt.
File: Figs/Higgs_to_vector_boson_effective_couplings.pdf Graphic file (type pdf
)
<use Figs/Higgs_to_vector_boson_effective_couplings.pdf>
Package pdftex.def Info: Figs/Higgs_to_vector_boson_effective_couplings.pdf  us
ed on input line 1290.
(pdftex.def)             Requested size: 353.31439pt x 262.43468pt.
 [59]
File: Figs/Effective_couplings_of_the_W_boson.pdf Graphic file (type pdf)
<use Figs/Effective_couplings_of_the_W_boson.pdf>
Package pdftex.def Info: Figs/Effective_couplings_of_the_W_boson.pdf  used on i
nput line 1299.
(pdftex.def)             Requested size: 353.31439pt x 262.43468pt.
 [60]
File: Figs/Global_Interpretations/newscalars.pdf Graphic file (type pdf)
<use Figs/Global_Interpretations/newscalars.pdf>
Package pdftex.def Info: Figs/Global_Interpretations/newscalars.pdf  used on in
put line 1311.
(pdftex.def)             Requested size: 398.61395pt x 277.60081pt.
 [61]
File: Figs/Global_Interpretations/newfermions.pdf Graphic file (type pdf)
<use Figs/Global_Interpretations/newfermions.pdf>
Package pdftex.def Info: Figs/Global_Interpretations/newfermions.pdf  used on i
nput line 1320.
(pdftex.def)             Requested size: 398.61395pt x 278.56137pt.
 [62]
File: Figs/Global_Interpretations/newvectorslog.pdf Graphic file (type pdf)
<use Figs/Global_Interpretations/newvectorslog.pdf>
Package pdftex.def Info: Figs/Global_Interpretations/newvectorslog.pdf  used on
 input line 1329.
(pdftex.def)             Requested size: 398.61395pt x 277.60081pt.

[63] [64]
<Figs/rarezdecays-crop.pdf, id=2406, 796.9775pt x 179.67125pt>
File: Figs/rarezdecays-crop.pdf Graphic file (type pdf)
<use Figs/rarezdecays-crop.pdf>
Package pdftex.def Info: Figs/rarezdecays-crop.pdf  used on input line 1389.
(pdftex.def)             Requested size: 371.43698pt x 83.73541pt.
<Figs/Tau_LFV.png, id=2410, 345.54094pt x 344.41171pt>
File: Figs/Tau_LFV.png Graphic file (type png)
<use Figs/Tau_LFV.png>
Package pdftex.def Info: Figs/Tau_LFV.png  used on input line 1398.
(pdftex.def)             Requested size: 371.43698pt x 370.23012pt.
 [65 <./Figs/rarezdecays-crop.pdf>]
<Figs/tau_LFU_exp.png, id=2433, 861.2175pt x 855.195pt>
File: Figs/tau_LFU_exp.png Graphic file (type png)
<use Figs/tau_LFU_exp.png>
Package pdftex.def Info: Figs/tau_LFU_exp.png  used on input line 1407.
(pdftex.def)             Requested size: 371.43698pt x 368.84892pt.
 [66 <./Figs/Tau_LFV.png>] [67 <./Figs/tau_LFU_exp.png>] [68]
<Figs/TypeISeesaw_FSR.pdf, id=2467, 1084.64046pt x 376.29784pt>
File: Figs/TypeISeesaw_FSR.pdf Graphic file (type pdf)
<use Figs/TypeISeesaw_FSR.pdf>
Package pdftex.def Info: Figs/TypeISeesaw_FSR.pdf  used on input line 1472.
(pdftex.def)             Requested size: 389.55266pt x 135.14557pt.
 [69 <./Figs/TypeISeesaw_FSR.pdf>]
<Figs/alp_final_FCCeehh_col_FSR.png, id=2517, 1038.88126pt x 720.6925pt>
File: Figs/alp_final_FCCeehh_col_FSR.png Graphic file (type png)
<use Figs/alp_final_FCCeehh_col_FSR.png>
Package pdftex.def Info: Figs/alp_final_FCCeehh_col_FSR.png  used on input line
 1494.
(pdftex.def)             Requested size: 389.55266pt x 270.23703pt.
<Figs/fcc_lines_LLP_FSR.pdf, id=2521, 1011.78pt x 722.7pt>
File: Figs/fcc_lines_LLP_FSR.pdf Graphic file (type pdf)
<use Figs/fcc_lines_LLP_FSR.pdf>
Package pdftex.def Info: Figs/fcc_lines_LLP_FSR.pdf  used on input line 1503.
(pdftex.def)             Requested size: 389.55266pt x 278.2569pt.
 [70 <./Figs/alp_final_FCCeehh_col_FSR.png>]
<Figs/ExoticHiggsLLP_FSR.pdf, id=2533, 416.55624pt x 254.9525pt>
File: Figs/ExoticHiggsLLP_FSR.pdf Graphic file (type pdf)
<use Figs/ExoticHiggsLLP_FSR.pdf>
Package pdftex.def Info: Figs/ExoticHiggsLLP_FSR.pdf  used on input line 1521.
(pdftex.def)             Requested size: 389.55266pt x 238.43771pt.
 [71 <./Figs/fcc_lines_LLP_FSR.pdf>]
<Figs/HtoSS/h2ss_dia.pdf, id=2595, 597.23125pt x 845.1575pt>
File: Figs/HtoSS/h2ss_dia.pdf Graphic file (type pdf)
<use Figs/HtoSS/h2ss_dia.pdf>
Package pdftex.def Info: Figs/HtoSS/h2ss_dia.pdf  used on input line 1530.
(pdftex.def)             Requested size: 317.07614pt x 448.70511pt.
 [72 <./Figs/ExoticHiggsLLP_FSR.pdf>]
<Figs/HtoSS/h2ss_weak.pdf, id=2632, 597.23125pt x 845.1575pt>
File: Figs/HtoSS/h2ss_weak.pdf Graphic file (type pdf)
<use Figs/HtoSS/h2ss_weak.pdf>
Package pdftex.def Info: Figs/HtoSS/h2ss_weak.pdf  used on input line 1539.
(pdftex.def)             Requested size: 371.43698pt x 525.63004pt.
 [73 <./Figs/HtoSS/h2ss_dia.pdf>] [74 <./Figs/HtoSS/h2ss_weak.pdf>] [75]
<Figs/VacuumPolarization.png, id=2676, 340.27126pt x 513.92pt>
File: Figs/VacuumPolarization.png Graphic file (type png)
<use Figs/VacuumPolarization.png>
Package pdftex.def Info: Figs/VacuumPolarization.png  used on input line 1582.
(pdftex.def)             Requested size: 262.7222pt x 396.81746pt.
 [76]
pdfTeX warning (ext1): too large image resolution ignored
<Figs/LbL_diphoton_diag.png, id=2686, 770.88pt x 659.46375pt>
File: Figs/LbL_diphoton_diag.png Graphic file (type png)
<use Figs/LbL_diphoton_diag.png>
Package pdftex.def Info: Figs/LbL_diphoton_diag.png  used on input line 1591.
(pdftex.def)             Requested size: 262.7222pt x 224.74802pt.
[77 <./Figs/VacuumPolarization.png>]
<Figs/gg_lbl.png, id=2696, 161.10187pt x 131.74219pt>
File: Figs/gg_lbl.png Graphic file (type png)
<use Figs/gg_lbl.png>
Package pdftex.def Info: Figs/gg_lbl.png  used on input line 1600.
(pdftex.def)             Requested size: 262.7222pt x 214.85243pt.
 [78 <./Figs/LbL_diphoton_diag.png> <./Figs/gg_lbl.png (PNG copy)>] [79] [80]
<Figs/commontools/CLD_iso_View.pdf, id=2731, 3268.8273pt x 3113.16885pt>
File: Figs/commontools/CLD_iso_View.pdf Graphic file (type pdf)
<use Figs/commontools/CLD_iso_View.pdf>
Package pdftex.def Info: Figs/commontools/CLD_iso_View.pdf  used on input line 
1667.
(pdftex.def)             Requested size: 371.43698pt x 353.70787pt.
 [81]
<Figs/commontools/allegro-compressed.pdf, id=2745, 1525.7pt x 1134.2375pt>
File: Figs/commontools/allegro-compressed.pdf Graphic file (type pdf)
<use Figs/commontools/allegro-compressed.pdf>
Package pdftex.def Info: Figs/commontools/allegro-compressed.pdf  used on input
 line 1676.
(pdftex.def)             Requested size: 371.43698pt x 276.13396pt.
 [82 <./Figs/commontools/CLD_iso_View.pdf>]
<Figs/commontools/dp_vs_p.pdf, id=2765, 569.12625pt x 549.05125pt>
File: Figs/commontools/dp_vs_p.pdf Graphic file (type pdf)
<use Figs/commontools/dp_vs_p.pdf>
Package pdftex.def Info: Figs/commontools/dp_vs_p.pdf  used on input line 1685.

(pdftex.def)             Requested size: 339.72592pt x 327.75772pt.
 [83 <./Figs/commontools/allegro-compressed.pdf>] [84 <./Figs/commontools/dp_vs
_p.pdf>]
<Figs/commontools/edm4hep_diagram_v99.pdf, id=2793, 813.80943pt x 414.82986pt>
File: Figs/commontools/edm4hep_diagram_v99.pdf Graphic file (type pdf)
<use Figs/commontools/edm4hep_diagram_v99.pdf>
Package pdftex.def Info: Figs/commontools/edm4hep_diagram_v99.pdf  used on inpu
t line 1708.
(pdftex.def)             Requested size: 371.43698pt x 189.33655pt.
<Figs/commontools/key4hep_chain_gaudi.png, id=2797, 1217.54875pt x 913.4125pt>
File: Figs/commontools/key4hep_chain_gaudi.png Graphic file (type png)
<use Figs/commontools/key4hep_chain_gaudi.png>
Package pdftex.def Info: Figs/commontools/key4hep_chain_gaudi.png  used on inpu
t line 1717.
(pdftex.def)             Requested size: 389.55266pt x 292.24222pt.
 [85 <./Figs/commontools/edm4hep_diagram_v99.pdf>] [86 <./Figs/commontools/key4
hep_chain_gaudi.png>] [87]
<Figs/FCCHHschannelreach.png, id=2941, 614.295pt x 577.15625pt>
File: Figs/FCCHHschannelreach.png Graphic file (type png)
<use Figs/FCCHHschannelreach.png>
Package pdftex.def Info: Figs/FCCHHschannelreach.png  used on input line 1762.
(pdftex.def)             Requested size: 389.55266pt x 366.00577pt.
 [88]
<Figs/PairComp.pdf, id=2953, 361.35pt x 266.9975pt>
File: Figs/PairComp.pdf Graphic file (type pdf)
<use Figs/PairComp.pdf>
Package pdftex.def Info: Figs/PairComp.pdf  used on input line 1771.
(pdftex.def)             Requested size: 389.55266pt x 287.83965pt.
 [89 <./Figs/FCCHHschannelreach.png>]
<Figs/ResonanceComp.pdf, id=2963, 361.35pt x 266.9975pt>
File: Figs/ResonanceComp.pdf Graphic file (type pdf)
<use Figs/ResonanceComp.pdf>
Package pdftex.def Info: Figs/ResonanceComp.pdf  used on input line 1780.
(pdftex.def)             Requested size: 389.55266pt x 287.83965pt.
[90 <./Figs/PairComp.pdf>]
<Figs/Hselfcoupling-precision-1b.pdf, id=3095, 961.70314pt x 540.60239pt>
File: Figs/Hselfcoupling-precision-1b.pdf Graphic file (type pdf)
<use Figs/Hselfcoupling-precision-1b.pdf>
Package pdftex.def Info: Figs/Hselfcoupling-precision-1b.pdf  used on input lin
e 1800.
(pdftex.def)             Requested size: 389.55266pt x 218.97575pt.
 [91 <./Figs/ResonanceComp.pdf>]
<Figs/NeutrinoSpectra.pdf, id=3228, 939.51pt x 469.755pt>
File: Figs/NeutrinoSpectra.pdf Graphic file (type pdf)
<use Figs/NeutrinoSpectra.pdf>
Package pdftex.def Info: Figs/NeutrinoSpectra.pdf  used on input line 1809.
(pdftex.def)             Requested size: 362.37569pt x 181.18237pt.
 [92 <./Figs/Hselfcoupling-precision-1b.pdf> <./Figs/NeutrinoSpectra.pdf>] [93]
<Figs/PED_e-groups.pdf, id=3370, 850.27495pt x 696.02202pt>
File: Figs/PED_e-groups.pdf Graphic file (type pdf)
<use Figs/PED_e-groups.pdf>
Package pdftex.def Info: Figs/PED_e-groups.pdf  used on input line 1862.
(pdftex.def)             Requested size: 362.37569pt x 296.63914pt.
 [94] [95 <./Figs/PED_e-groups.pdf>] [96] [97] [98] [99] [100] [101] [102] [103
]
(./Lecture_Note_on_Precision_Physics_at_the_FCC_final.aux)
 ***********
LaTeX2e <2025-11-01>
L3 programming layer <2020/03/25>
 ***********
Package rerunfilecheck Info: File `Lecture_Note_on_Precision_Physics_at_the_FCC
_final.out' has not changed.
(rerunfilecheck)             Checksum: 632219590D4C8DCD6933D642A39A2229;16370.
 ) 
Here is how much of TeX's memory you used:
 40097 strings out of 467525
 788141 string characters out of 5423209
 1240331 words of memory out of 5000000
 67631 multiletter control sequences out of 15000+600000
 745580 words of font info for 286 fonts, out of 8000000 for 9000
 1141 hyphenation exceptions out of 8191
 84i,14n,117p,1047b,1378s stack positions out of 10000i,1000n,20000p,200000b,200000s
<c:/texlive/2026/texmf-dist/fonts/type1/public/newtx/NewTXMI.pfb><c:/texlive/
2026/texmf-dist/fonts/type1/public/newtx/NewTXMI5.pfb><c:/texlive/2026/texmf-di
st/fonts/type1/public/newtx/NewTXMI7.pfb><c:/texlive/2026/texmf-dist/fonts/type
1/public/stix/STIXGeneral-Regular.pfb><c:/texlive/2026/texmf-dist/fonts/type1/p
ublic/amsfonts/cm/cmbx10.pfb><c:/texlive/2026/texmf-dist/fonts/type1/public/ams
fonts/cm/cmex10.pfb><c:/texlive/2026/texmf-dist/fonts/type1/public/amsfonts/cm/
cmmi10.pfb><c:/texlive/2026/texmf-dist/fonts/type1/public/amsfonts/cm/cmmi12.pf
b><c:/texlive/2026/texmf-dist/fonts/type1/public/amsfonts/cm/cmmi7.pfb><c:/texl
ive/2026/texmf-dist/fonts/type1/public/amsfonts/cm/cmmi9.pfb><c:/texlive/2026/t
exmf-dist/fonts/type1/public/amsfonts/cm/cmr10.pfb><c:/texlive/2026/texmf-dist/
fonts/type1/public/amsfonts/cm/cmr12.pfb><c:/texlive/2026/texmf-dist/fonts/type
1/public/amsfonts/cm/cmr17.pfb><c:/texlive/2026/texmf-dist/fonts/type1/public/a
msfonts/cm/cmr6.pfb><c:/texlive/2026/texmf-dist/fonts/type1/public/amsfonts/cm/
cmr7.pfb><c:/texlive/2026/texmf-dist/fonts/type1/public/amsfonts/cm/cmr8.pfb><c
:/texlive/2026/texmf-dist/fonts/type1/public/amsfonts/cm/cmr9.pfb><c:/texlive/2
026/texmf-dist/fonts/type1/public/amsfonts/cm/cmsy10.pfb><c:/texlive/2026/texmf
-dist/fonts/type1/public/amsfonts/cm/cmsy7.pfb><c:/texlive/2026/texmf-dist/font
s/type1/public/amsfonts/cm/cmsy9.pfb><c:/texlive/2026/texmf-dist/fonts/type1/pu
blic/mathpazo/fplmri.pfb><c:/texlive/2026/texmf-dist/fonts/type1/public/amsfont
s/latxfont/lcmss8.pfb><c:/texlive/2026/texmf-dist/fonts/type1/public/amsfonts/s
ymbols/msam10.pfb><c:/texlive/2026/texmf-dist/fonts/type1/public/amsfonts/symbo
ls/msam7.pfb><c:/texlive/2026/texmf-dist/fonts/type1/public/tex-gyre/qtmr.pfb><
c:/texlive/2026/texmf-dist/fonts/type1/public/txfonts/t1xtt.pfb><c:/texlive/202
6/texmf-dist/fonts/type1/public/newtx/txexs.pfb><c:/texlive/2026/texmf-dist/fon
ts/type1/public/newtx/txmiaX.pfb><c:/texlive/2026/texmf-dist/fonts/type1/public
/newtx/txsym.pfb><c:/texlive/2026/texmf-dist/fonts/type1/public/newtx/txsys.pfb
><c:/texlive/2026/texmf-dist/fonts/type1/urw/palatino/uplr8a.pfb><c:/texlive/20
26/texmf-dist/fonts/type1/urw/palatino/uplri8a.pfb><c:/texlive/2026/texmf-dist/
fonts/type1/public/newtx/ztmb.pfb><c:/texlive/2026/texmf-dist/fonts/type1/publi
c/newtx/ztmr.pfb><c:/texlive/2026/texmf-dist/fonts/type1/public/newtx/ztmri.pfb
>
Output written on Lecture_Note_on_Precision_Physics_at_the_FCC_final.pdf (104 p
ages, 11356281 bytes).
PDF statistics:
 3704 PDF objects out of 4296 (max. 8388607)
 2438 compressed objects within 25 object streams
 540 named destinations out of 1000 (max. 500000)
 37489 words of extra memory for PDF output out of 42996 (max. 10000000)

