\BOOKMARK [1][-]{Doc-Start}{\376\377\000P\000r\000e\000f\000a\000c\000e}{}% 1
\BOOKMARK [1][-]{Doc-Start}{\376\377\000C\000o\000n\000v\000e\000n\000t\000i\000o\000n\000s\000\040\000a\000n\000d\000\040\000n\000o\000t\000a\000t\000i\000o\000n}{}% 2
\BOOKMARK [1][-]{section.1}{\376\377\000M\000o\000t\000i\000v\000a\000t\000i\000o\000n\000\040\000a\000n\000d\000\040\000p\000h\000y\000s\000i\000c\000s\000\040\000l\000a\000n\000d\000s\000c\000a\000p\000e}{}% 3
\BOOKMARK [2][-]{subsection.1.1}{\376\377\000L\000e\000a\000r\000n\000i\000n\000g\000\040\000g\000o\000a\000l\000s\000\040\000a\000n\000d\000\040\000k\000e\000y\000\040\000q\000u\000e\000s\000t\000i\000o\000n\000s}{section.1}% 4
\BOOKMARK [2][-]{subsection.1.2}{\376\377\000F\000r\000o\000m\000\040\000d\000i\000r\000e\000c\000t\000\040\000d\000i\000s\000c\000o\000v\000e\000r\000y\000\040\000t\000o\000\040\000p\000r\000e\000c\000i\000s\000i\000o\000n\000\040\000d\000i\000s\000c\000o\000v\000e\000r\000y}{section.1}% 5
\BOOKMARK [2][-]{subsection.1.3}{\376\377\000T\000h\000e\000\040\000F\000C\000C\000\040\000a\000s\000\040\000a\000n\000\040\000i\000n\000t\000e\000g\000r\000a\000t\000e\000d\000\040\000p\000r\000o\000g\000r\000a\000m\000m\000e}{section.1}% 6
\BOOKMARK [2][-]{subsection.1.4}{\376\377\000A\000\040\000m\000a\000p\000\040\000o\000f\000\040\000t\000h\000e\000\040\000l\000e\000c\000t\000u\000r\000e\000\040\000n\000o\000t\000e}{section.1}% 7
\BOOKMARK [2][-]{subsection.1.5}{\376\377\000E\000x\000e\000r\000c\000i\000s\000e\000s}{section.1}% 8
\BOOKMARK [1][-]{section.2}{\376\377\000F\000C\000C\000\040\000m\000a\000c\000h\000i\000n\000e\000\040\000c\000o\000n\000c\000e\000p\000t\000\040\000a\000n\000d\000\040\000r\000u\000n\000\040\000p\000l\000a\000n}{}% 9
\BOOKMARK [2][-]{subsection.2.1}{\376\377\000L\000e\000a\000r\000n\000i\000n\000g\000\040\000g\000o\000a\000l\000s\000\040\000a\000n\000d\000\040\000r\000u\000n\000-\000p\000l\000a\000n\000\040\000l\000o\000g\000i\000c}{section.2}% 10
\BOOKMARK [2][-]{subsection.2.2}{\376\377\000B\000a\000s\000e\000l\000i\000n\000e\000\040\000w\000o\000r\000k\000i\000n\000g\000\040\000p\000o\000i\000n\000t\000s\000\040\000a\000n\000d\000\040\000t\000a\000r\000g\000e\000t\000\040\000s\000a\000m\000p\000l\000e\000s}{section.2}% 11
\BOOKMARK [2][-]{subsection.2.3}{\376\377\000F\000o\000u\000r\000\040\000i\000n\000t\000e\000r\000a\000c\000t\000i\000o\000n\000\040\000p\000o\000i\000n\000t\000s\000\040\000a\000n\000d\000\040\000r\000e\000d\000u\000n\000d\000a\000n\000c\000y}{section.2}% 12
\BOOKMARK [2][-]{subsection.2.4}{\376\377\000C\000o\000l\000l\000i\000d\000e\000r\000\040\000p\000r\000o\000c\000e\000s\000s\000\040\000m\000a\000p}{section.2}% 13
\BOOKMARK [2][-]{subsection.2.5}{\376\377\000E\000x\000e\000r\000c\000i\000s\000e\000s}{section.2}% 14
\BOOKMARK [1][-]{section.3}{\376\377\000P\000r\000e\000c\000i\000s\000i\000o\000n\000\040\000a\000s\000\040\000a\000n\000\040\000i\000n\000d\000i\000r\000e\000c\000t\000\040\000d\000i\000s\000c\000o\000v\000e\000r\000y\000\040\000t\000o\000o\000l}{}% 15
\BOOKMARK [2][-]{subsection.3.1}{\376\377\000T\000h\000e\000\040\000E\000F\000T\000\040\000e\000x\000p\000a\000n\000s\000i\000o\000n}{section.3}% 16
\BOOKMARK [2][-]{subsection.3.2}{\376\377\000W\000h\000y\000\040\000g\000l\000o\000b\000a\000l\000\040\000f\000i\000t\000s\000\040\000a\000r\000e\000\040\000n\000e\000c\000e\000s\000s\000a\000r\000y}{section.3}% 17
\BOOKMARK [2][-]{subsection.3.3}{\376\377\000F\000r\000o\000m\000\040\000W\000i\000l\000s\000o\000n\000\040\000c\000o\000e\000f\000f\000i\000c\000i\000e\000n\000t\000s\000\040\000t\000o\000\040\000m\000a\000s\000s\000\040\000r\000e\000a\000c\000h}{section.3}% 18
\BOOKMARK [2][-]{subsection.3.4}{\376\377\000E\000x\000e\000r\000c\000i\000s\000e\000s}{section.3}% 19
\BOOKMARK [1][-]{section.4}{\376\377\000H\000i\000g\000g\000s\000\040\000p\000r\000e\000c\000i\000s\000i\000o\000n\000\040\000p\000h\000y\000s\000i\000c\000s\000\040\000a\000t\000\040\000F\000C\000C\000-\000e\000e}{}% 20
\BOOKMARK [2][-]{subsection.4.1}{\376\377\000P\000r\000o\000c\000e\000s\000s\000e\000s\000\040\000a\000n\000d\000\040\000l\000e\000a\000r\000n\000i\000n\000g\000\040\000g\000o\000a\000l\000s}{section.4}% 21
\BOOKMARK [2][-]{subsection.4.2}{\376\377\000T\000h\000e\000\040\000r\000e\000c\000o\000i\000l\000-\000m\000a\000s\000s\000\040\000m\000e\000t\000h\000o\000d}{section.4}% 22
\BOOKMARK [2][-]{subsection.4.3}{\376\377\000F\000r\000o\000m\000\040\000r\000a\000t\000e\000s\000\040\000t\000o\000\040\000c\000o\000u\000p\000l\000i\000n\000g\000s}{section.4}% 23
\BOOKMARK [2][-]{subsection.4.4}{\376\377\000T\000h\000e\000\040\000t\000o\000t\000a\000l\000\040\000H\000i\000g\000g\000s\000\040\000w\000i\000d\000t\000h}{section.4}% 24
\BOOKMARK [2][-]{subsection.4.5}{\376\377\000T\000h\000e\000\040\000k\000a\000p\000p\000a\000\040\000f\000r\000a\000m\000e\000w\000o\000r\000k}{section.4}% 25
\BOOKMARK [2][-]{subsection.4.6}{\376\377\000H\000i\000g\000g\000s\000\040\000s\000e\000l\000f\000-\000c\000o\000u\000p\000l\000i\000n\000g}{section.4}% 26
\BOOKMARK [2][-]{subsection.4.7}{\376\377\000E\000x\000e\000r\000c\000i\000s\000e\000s}{section.4}% 27
\BOOKMARK [1][-]{section.5}{\376\377\000E\000l\000e\000c\000t\000r\000o\000w\000e\000a\000k\000\040\000p\000r\000e\000c\000i\000s\000i\000o\000n\000\040\000p\000h\000y\000s\000i\000c\000s}{}% 28
\BOOKMARK [2][-]{subsection.5.1}{\376\377\000Z\000-\000p\000o\000l\000e\000\040\000o\000b\000s\000e\000r\000v\000a\000b\000l\000e\000s}{section.5}% 29
\BOOKMARK [2][-]{subsection.5.2}{\376\377\000A\000s\000y\000m\000m\000e\000t\000r\000i\000e\000s\000\040\000a\000n\000d\000\040\000e\000f\000f\000e\000c\000t\000i\000v\000e\000\040\000w\000e\000a\000k\000\040\000m\000i\000x\000i\000n\000g\000\040\000a\000n\000g\000l\000e}{section.5}% 30
\BOOKMARK [2][-]{subsection.5.3}{\376\377\000W\000W\000\040\000t\000h\000r\000e\000s\000h\000o\000l\000d}{section.5}% 31
\BOOKMARK [2][-]{subsection.5.4}{\376\377\000B\000e\000a\000m\000-\000e\000n\000e\000r\000g\000y\000\040\000c\000a\000l\000i\000b\000r\000a\000t\000i\000o\000n\000\040\000a\000n\000d\000\040\000r\000e\000s\000o\000n\000a\000n\000t\000\040\000d\000e\000p\000o\000l\000a\000r\000i\000s\000a\000t\000i\000o\000n}{section.5}% 32
\BOOKMARK [2][-]{subsection.5.5}{\376\377\000E\000x\000e\000r\000c\000i\000s\000e\000s}{section.5}% 33
\BOOKMARK [1][-]{section.6}{\376\377\000T\000o\000p\000-\000q\000u\000a\000r\000k\000\040\000p\000r\000e\000c\000i\000s\000i\000o\000n\000\040\000p\000h\000y\000s\000i\000c\000s}{}% 34
\BOOKMARK [2][-]{subsection.6.1}{\376\377\000P\000r\000o\000c\000e\000s\000s\000e\000s\000\040\000a\000n\000d\000\040\000o\000b\000s\000e\000r\000v\000a\000b\000l\000e\000s}{section.6}% 35
\BOOKMARK [2][-]{subsection.6.2}{\376\377\000W\000h\000y\000\040\000t\000h\000e\000\040\000t\000h\000r\000e\000s\000h\000o\000l\000d\000\040\000i\000s\000\040\000s\000p\000e\000c\000i\000a\000l}{section.6}% 36
\BOOKMARK [2][-]{subsection.6.3}{\376\377\000T\000o\000p\000\040\000e\000l\000e\000c\000t\000r\000o\000w\000e\000a\000k\000\040\000c\000o\000u\000p\000l\000i\000n\000g\000s\000\040\000a\000t\000\040\000h\000i\000g\000h\000e\000r\000\040\000e\000n\000e\000r\000g\000y}{section.6}% 37
\BOOKMARK [2][-]{subsection.6.4}{\376\377\000T\000o\000p\000\040\000F\000C\000N\000C\000\040\000a\000s\000\040\000a\000\040\000r\000a\000r\000e\000-\000p\000r\000o\000c\000e\000s\000s\000\040\000c\000a\000s\000e\000\040\000s\000t\000u\000d\000y}{section.6}% 38
\BOOKMARK [2][-]{subsection.6.5}{\376\377\000E\000x\000e\000r\000c\000i\000s\000e\000s}{section.6}% 39
\BOOKMARK [1][-]{section.7}{\376\377\000S\000M\000E\000F\000T\000\040\000a\000n\000d\000\040\000g\000l\000o\000b\000a\000l\000\040\000i\000n\000t\000e\000r\000p\000r\000e\000t\000a\000t\000i\000o\000n\000s}{}% 40
\BOOKMARK [2][-]{subsection.7.1}{\376\377\000O\000p\000e\000r\000a\000t\000o\000r\000\040\000c\000l\000a\000s\000s\000e\000s}{section.7}% 41
\BOOKMARK [2][-]{subsection.7.2}{\376\377\000O\000b\000s\000e\000r\000v\000a\000b\000l\000e\000\040\000e\000x\000p\000a\000n\000s\000i\000o\000n\000\040\000a\000n\000d\000\040\000f\000i\000t\000\040\000l\000o\000g\000i\000c}{section.7}% 42
\BOOKMARK [2][-]{subsection.7.3}{\376\377\000E\000f\000f\000e\000c\000t\000i\000v\000e\000\040\000c\000o\000u\000p\000l\000i\000n\000g\000s\000\040\000a\000n\000d\000\040\000p\000s\000e\000u\000d\000o\000-\000o\000b\000s\000e\000r\000v\000a\000b\000l\000e\000s}{section.7}% 43
\BOOKMARK [2][-]{subsection.7.4}{\376\377\000U\000V\000\040\000m\000a\000t\000c\000h\000i\000n\000g\000\040\000a\000n\000d\000\040\000m\000o\000d\000e\000l\000\040\000i\000n\000t\000e\000r\000p\000r\000e\000t\000a\000t\000i\000o\000n}{section.7}% 44
\BOOKMARK [2][-]{subsection.7.5}{\376\377\000E\000x\000e\000r\000c\000i\000s\000e\000s}{section.7}% 45
\BOOKMARK [1][-]{section.8}{\376\377\000F\000l\000a\000v\000o\000u\000r\000\040\000a\000n\000d\000\040\000t\000a\000u\000\040\000p\000h\000y\000s\000i\000c\000s\000\040\000a\000t\000\040\000t\000h\000e\000\040\000Z\000\040\000p\000o\000l\000e}{}% 46
\BOOKMARK [2][-]{subsection.8.1}{\376\377\000H\000e\000a\000v\000y\000\040\000f\000l\000a\000v\000o\000u\000r\000\040\000a\000t\000\040\000t\000h\000e\000\040\000Z\000\040\000p\000o\000l\000e}{section.8}% 47
\BOOKMARK [2][-]{subsection.8.2}{\376\377\000T\000a\000u\000\040\000p\000h\000y\000s\000i\000c\000s}{section.8}% 48
\BOOKMARK [2][-]{subsection.8.3}{\376\377\000E\000x\000e\000r\000c\000i\000s\000e\000s}{section.8}% 49
\BOOKMARK [1][-]{section.9}{\376\377\000B\000S\000M\000\040\000s\000e\000a\000r\000c\000h\000e\000s\000\040\000e\000n\000a\000b\000l\000e\000d\000\040\000b\000y\000\040\000p\000r\000e\000c\000i\000s\000i\000o\000n\000\040\000a\000n\000d\000\040\000l\000u\000m\000i\000n\000o\000s\000i\000t\000y}{}% 50
\BOOKMARK [2][-]{subsection.9.1}{\376\377\000H\000e\000a\000v\000y\000\040\000n\000e\000u\000t\000r\000a\000l\000\040\000l\000e\000p\000t\000o\000n\000s}{section.9}% 51
\BOOKMARK [2][-]{subsection.9.2}{\376\377\000A\000x\000i\000o\000n\000-\000l\000i\000k\000e\000\040\000p\000a\000r\000t\000i\000c\000l\000e\000s\000\040\000a\000n\000d\000\040\000d\000a\000r\000k\000\040\000s\000e\000c\000t\000o\000r\000s}{section.9}% 52
\BOOKMARK [2][-]{subsection.9.3}{\376\377\000E\000x\000o\000t\000i\000c\000\040\000H\000i\000g\000g\000s\000\040\000d\000e\000c\000a\000y\000s}{section.9}% 53
\BOOKMARK [2][-]{subsection.9.4}{\376\377\000E\000x\000e\000r\000c\000i\000s\000e\000s}{section.9}% 54
\BOOKMARK [1][-]{section.10}{\376\377\000T\000h\000e\000o\000r\000y\000\040\000p\000r\000e\000c\000i\000s\000i\000o\000n\000\040\000r\000e\000q\000u\000i\000r\000e\000m\000e\000n\000t\000s}{}% 55
\BOOKMARK [2][-]{subsection.10.1}{\376\377\000T\000h\000e\000\040\000p\000r\000e\000c\000i\000s\000i\000o\000n\000\040\000b\000u\000d\000g\000e\000t}{section.10}% 56
\BOOKMARK [2][-]{subsection.10.2}{\376\377\000R\000u\000n\000n\000i\000n\000g\000\040\000e\000l\000e\000c\000t\000r\000o\000m\000a\000g\000n\000e\000t\000i\000c\000\040\000c\000o\000u\000p\000l\000i\000n\000g}{section.10}% 57
\BOOKMARK [2][-]{subsection.10.3}{\376\377\000Q\000C\000D\000\040\000a\000n\000d\000\040\000n\000o\000n\000-\000p\000e\000r\000t\000u\000r\000b\000a\000t\000i\000v\000e\000\040\000e\000f\000f\000e\000c\000t\000s}{section.10}% 58
\BOOKMARK [2][-]{subsection.10.4}{\376\377\000M\000o\000n\000t\000e\000\040\000C\000a\000r\000l\000o\000\040\000g\000e\000n\000e\000r\000a\000t\000o\000r\000s\000\040\000a\000n\000d\000\040\000r\000a\000d\000i\000a\000t\000i\000o\000n}{section.10}% 59
\BOOKMARK [2][-]{subsection.10.5}{\376\377\000E\000x\000e\000r\000c\000i\000s\000e\000s}{section.10}% 60
\BOOKMARK [1][-]{section.11}{\376\377\000D\000e\000t\000e\000c\000t\000o\000r\000\040\000a\000n\000d\000\040\000r\000e\000c\000o\000n\000s\000t\000r\000u\000c\000t\000i\000o\000n\000\040\000r\000e\000q\000u\000i\000r\000e\000m\000e\000n\000t\000s}{}% 61
\BOOKMARK [2][-]{subsection.11.1}{\376\377\000F\000r\000o\000m\000\040\000p\000h\000y\000s\000i\000c\000s\000\040\000g\000o\000a\000l\000s\000\040\000t\000o\000\040\000d\000e\000t\000e\000c\000t\000o\000r\000\040\000r\000e\000q\000u\000i\000r\000e\000m\000e\000n\000t\000s}{section.11}% 62
\BOOKMARK [2][-]{subsection.11.2}{\376\377\000T\000r\000a\000c\000k\000i\000n\000g\000,\000\040\000v\000e\000r\000t\000e\000x\000i\000n\000g\000\040\000a\000n\000d\000\040\000p\000a\000r\000t\000i\000c\000l\000e\000\040\000i\000d\000e\000n\000t\000i\000f\000i\000c\000a\000t\000i\000o\000n}{section.11}% 63
\BOOKMARK [2][-]{subsection.11.3}{\376\377\000C\000a\000l\000o\000r\000i\000m\000e\000t\000r\000y\000\040\000a\000n\000d\000\040\000p\000a\000r\000t\000i\000c\000l\000e\000\040\000f\000l\000o\000w}{section.11}% 64
\BOOKMARK [2][-]{subsection.11.4}{\376\377\000S\000o\000f\000t\000w\000a\000r\000e\000:\000\040\000K\000e\000y\0004\000h\000e\000p\000\040\000a\000n\000d\000\040\000E\000D\000M\0004\000h\000e\000p}{section.11}% 65
\BOOKMARK [2][-]{subsection.11.5}{\376\377\000E\000x\000e\000r\000c\000i\000s\000e\000s}{section.11}% 66
\BOOKMARK [1][-]{section.12}{\376\377\000F\000C\000C\000-\000h\000h\000\040\000a\000n\000d\000\040\000t\000h\000e\000\040\000i\000n\000t\000e\000g\000r\000a\000t\000e\000d\000\040\000p\000r\000o\000g\000r\000a\000m\000m\000e}{}% 67
\BOOKMARK [2][-]{subsection.12.1}{\376\377\000D\000i\000r\000e\000c\000t\000\040\000s\000e\000a\000r\000c\000h\000\040\000r\000e\000a\000c\000h}{section.12}% 68
\BOOKMARK [2][-]{subsection.12.2}{\376\377\000H\000i\000g\000g\000s\000\040\000s\000e\000l\000f\000-\000c\000o\000u\000p\000l\000i\000n\000g\000\040\000a\000t\000\040\000F\000C\000C\000-\000h\000h}{section.12}% 69
\BOOKMARK [2][-]{subsection.12.3}{\376\377\000H\000i\000g\000h\000-\000e\000n\000e\000r\000g\000y\000\040\000p\000r\000e\000c\000i\000s\000i\000o\000n\000\040\000a\000n\000d\000\040\000S\000M\000E\000F\000T\000\040\000t\000a\000i\000l\000s}{section.12}% 70
\BOOKMARK [2][-]{subsection.12.4}{\376\377\000E\000x\000e\000r\000c\000i\000s\000e\000s}{section.12}% 71
\BOOKMARK [1][-]{section.13}{\376\377\000S\000u\000m\000m\000a\000r\000y\000\040\000a\000n\000d\000\040\000o\000u\000t\000l\000o\000o\000k}{}% 72
\BOOKMARK [2][-]{subsection.13.1}{\376\377\000C\000o\000r\000e\000\040\000m\000e\000s\000s\000a\000g\000e\000s}{section.13}% 73
\BOOKMARK [2][-]{subsection.13.2}{\376\377\000S\000u\000m\000m\000a\000r\000y\000\040\000t\000a\000b\000l\000e\000\040\000o\000f\000\040\000p\000h\000y\000s\000i\000c\000s\000\040\000p\000i\000l\000l\000a\000r\000s}{section.13}% 74
\BOOKMARK [2][-]{subsection.13.3}{\376\377\000O\000p\000e\000n\000\040\000r\000e\000s\000e\000a\000r\000c\000h\000\040\000d\000i\000r\000e\000c\000t\000i\000o\000n\000s\000\040\000f\000o\000r\000\040\000s\000t\000u\000d\000e\000n\000t\000s}{section.13}% 75
\BOOKMARK [2][-]{subsection.13.4}{\376\377\000F\000i\000n\000a\000l\000\040\000e\000x\000e\000r\000c\000i\000s\000e\000s}{section.13}% 76
\BOOKMARK [1][-]{appendix.A}{\376\377\000F\000o\000r\000m\000u\000l\000a\000\040\000c\000o\000m\000p\000e\000n\000d\000i\000u\000m}{}% 77
\BOOKMARK [2][-]{subsection.A.1}{\376\377\000C\000o\000l\000l\000i\000d\000e\000r\000\040\000k\000i\000n\000e\000m\000a\000t\000i\000c\000s}{appendix.A}% 78
\BOOKMARK [2][-]{subsection.A.2}{\376\377\000H\000i\000g\000g\000s\000\040\000r\000a\000t\000e\000s\000\040\000a\000n\000d\000\040\000c\000o\000u\000p\000l\000i\000n\000g\000\040\000m\000o\000d\000i\000f\000i\000e\000r\000s}{appendix.A}% 79
\BOOKMARK [2][-]{subsection.A.3}{\376\377\000E\000l\000e\000c\000t\000r\000o\000w\000e\000a\000k\000\040\000p\000s\000e\000u\000d\000o\000-\000o\000b\000s\000e\000r\000v\000a\000b\000l\000e\000s}{appendix.A}% 80
\BOOKMARK [2][-]{subsection.A.4}{\376\377\000S\000M\000E\000F\000T\000\040\000e\000x\000p\000a\000n\000s\000i\000o\000n\000s}{appendix.A}% 81
\BOOKMARK [2][-]{subsection.A.5}{\376\377\000U\000n\000c\000e\000r\000t\000a\000i\000n\000t\000y\000\040\000b\000o\000o\000k\000k\000e\000e\000p\000i\000n\000g}{appendix.A}% 82
\BOOKMARK [1][-]{appendix.B}{\376\377\000E\000x\000t\000e\000n\000d\000e\000d\000\040\000g\000u\000i\000d\000e\000d\000\040\000p\000r\000o\000b\000l\000e\000m\000\040\000s\000e\000t}{}% 83
\BOOKMARK [1][-]{appendix.C}{\376\377\000F\000i\000g\000u\000r\000e\000-\000r\000e\000a\000d\000i\000n\000g\000\040\000g\000u\000i\000d\000e}{}% 84
\BOOKMARK [1][-]{Item.101}{\376\377\000R\000e\000f\000e\000r\000e\000n\000c\000e\000s}{}% 85
