This is pdfTeX, Version 3.141592653-2.6-1.40.25 (TeX Live 2023/Debian) (preloaded format=pdflatex 2025.11.27)  12 APR 2026 17:58
entering extended mode
 restricted \write18 enabled.
 %&-line parsing enabled.
**Top_FCNC.tex
(./Top_FCNC.tex
LaTeX2e <2023-11-01> patch level 1
L3 programming layer <2024-01-22>
(/usr/share/texlive/texmf-dist/tex/latex/beamer/beamer.cls
Document Class: beamer 2024/01/06 v3.71 A class for typesetting presentations
(/usr/share/texlive/texmf-dist/tex/latex/beamer/beamerbasemodes.sty
(/usr/share/texlive/texmf-dist/tex/latex/etoolbox/etoolbox.sty
Package: etoolbox 2020/10/05 v2.5k e-TeX tools for LaTeX (JAW)
\etb@tempcnta=\count187
)
\beamer@tempbox=\box51
\beamer@tempcount=\count188
\c@beamerpauses=\count189

(/usr/share/texlive/texmf-dist/tex/latex/beamer/beamerbasedecode.sty
\beamer@slideinframe=\count190
\beamer@minimum=\count191
\beamer@decode@box=\box52
)
\beamer@commentbox=\box53
\beamer@modecount=\count192
)
(/usr/share/texlive/texmf-dist/tex/generic/iftex/iftex.sty
Package: iftex 2022/02/03 v1.0f TeX engine tests
)
\headdp=\dimen140
\footheight=\dimen141
\sidebarheight=\dimen142
\beamer@tempdim=\dimen143
\beamer@finalheight=\dimen144
\beamer@animht=\dimen145
\beamer@animdp=\dimen146
\beamer@animwd=\dimen147
\beamer@leftmargin=\dimen148
\beamer@rightmargin=\dimen149
\beamer@leftsidebar=\dimen150
\beamer@rightsidebar=\dimen151
\beamer@boxsize=\dimen152
\beamer@vboxoffset=\dimen153
\beamer@descdefault=\dimen154
\beamer@descriptionwidth=\dimen155
\beamer@lastskip=\skip48
\beamer@areabox=\box54
\beamer@animcurrent=\box55
\beamer@animshowbox=\box56
\beamer@sectionbox=\box57
\beamer@logobox=\box58
\beamer@linebox=\box59
\beamer@sectioncount=\count193
\beamer@subsubsectionmax=\count194
\beamer@subsectionmax=\count195
\beamer@sectionmax=\count196
\beamer@totalheads=\count197
\beamer@headcounter=\count198
\beamer@partstartpage=\count199
\beamer@sectionstartpage=\count266
\beamer@subsectionstartpage=\count267
\beamer@animationtempa=\count268
\beamer@animationtempb=\count269
\beamer@xpos=\count270
\beamer@ypos=\count271
\beamer@ypos@offset=\count272
\beamer@showpartnumber=\count273
\beamer@currentsubsection=\count274
\beamer@coveringdepth=\count275
\beamer@sectionadjust=\count276
\beamer@toclastsection=\count277
\beamer@tocsectionnumber=\count278

(/usr/share/texlive/texmf-dist/tex/latex/beamer/beamerbaseoptions.sty
(/usr/share/texlive/texmf-dist/tex/latex/graphics/keyval.sty
Package: keyval 2022/05/29 v1.15 key=value parser (DPC)
\KV@toks@=\toks17
))
\beamer@paperwidth=\skip49
\beamer@paperheight=\skip50

(/usr/share/texlive/texmf-dist/tex/latex/geometry/geometry.sty
Package: geometry 2020/01/02 v5.9 Page Geometry

(/usr/share/texlive/texmf-dist/tex/generic/iftex/ifvtex.sty
Package: ifvtex 2019/10/25 v1.7 ifvtex legacy package. Use iftex instead.
)
\Gm@cnth=\count279
\Gm@cntv=\count280
\c@Gm@tempcnt=\count281
\Gm@bindingoffset=\dimen156
\Gm@wd@mp=\dimen157
\Gm@odd@mp=\dimen158
\Gm@even@mp=\dimen159
\Gm@layoutwidth=\dimen160
\Gm@layoutheight=\dimen161
\Gm@layouthoffset=\dimen162
\Gm@layoutvoffset=\dimen163
\Gm@dimlist=\toks18
)
(/usr/share/texlive/texmf-dist/tex/latex/pgf/math/pgfmath.sty
(/usr/share/texlive/texmf-dist/tex/latex/pgf/utilities/pgfrcs.sty
(/usr/share/texlive/texmf-dist/tex/generic/pgf/utilities/pgfutil-common.tex
\pgfutil@everybye=\toks19
\pgfutil@tempdima=\dimen164
\pgfutil@tempdimb=\dimen165
)
(/usr/share/texlive/texmf-dist/tex/generic/pgf/utilities/pgfutil-latex.def
\pgfutil@abb=\box60
)
(/usr/share/texlive/texmf-dist/tex/generic/pgf/utilities/pgfrcs.code.tex
(/usr/share/texlive/texmf-dist/tex/generic/pgf/pgf.revision.tex)
Package: pgfrcs 2023-01-15 v3.1.10 (3.1.10)
))
(/usr/share/texlive/texmf-dist/tex/latex/pgf/utilities/pgfkeys.sty
(/usr/share/texlive/texmf-dist/tex/generic/pgf/utilities/pgfkeys.code.tex
\pgfkeys@pathtoks=\toks20
\pgfkeys@temptoks=\toks21

(/usr/share/texlive/texmf-dist/tex/generic/pgf/utilities/pgfkeyslibraryfiltered
.code.tex
\pgfkeys@tmptoks=\toks22
)))
(/usr/share/texlive/texmf-dist/tex/generic/pgf/math/pgfmath.code.tex
(/usr/share/texlive/texmf-dist/tex/generic/pgf/math/pgfmathutil.code.tex
\pgf@x=\dimen166
\pgf@xa=\dimen167
\pgf@xb=\dimen168
\pgf@xc=\dimen169
\pgf@y=\dimen170
\pgf@ya=\dimen171
\pgf@yb=\dimen172
\pgf@yc=\dimen173
\c@pgf@counta=\count282
\c@pgf@countb=\count283
\c@pgf@countc=\count284
\c@pgf@countd=\count285
)
(/usr/share/texlive/texmf-dist/tex/generic/pgf/math/pgfmathparser.code.tex
\pgfmath@dimen=\dimen174
\pgfmath@count=\count286
\pgfmath@box=\box61
\pgfmath@toks=\toks23
\pgfmath@stack@operand=\toks24
\pgfmath@stack@operation=\toks25
)
(/usr/share/texlive/texmf-dist/tex/generic/pgf/math/pgfmathfunctions.code.tex)
(/usr/share/texlive/texmf-dist/tex/generic/pgf/math/pgfmathfunctions.basic.code
.tex)
(/usr/share/texlive/texmf-dist/tex/generic/pgf/math/pgfmathfunctions.trigonomet
ric.code.tex)
(/usr/share/texlive/texmf-dist/tex/generic/pgf/math/pgfmathfunctions.random.cod
e.tex)
(/usr/share/texlive/texmf-dist/tex/generic/pgf/math/pgfmathfunctions.comparison
.code.tex)
(/usr/share/texlive/texmf-dist/tex/generic/pgf/math/pgfmathfunctions.base.code.
tex)
(/usr/share/texlive/texmf-dist/tex/generic/pgf/math/pgfmathfunctions.round.code
.tex)
(/usr/share/texlive/texmf-dist/tex/generic/pgf/math/pgfmathfunctions.misc.code.
tex)
(/usr/share/texlive/texmf-dist/tex/generic/pgf/math/pgfmathfunctions.integerari
thmetics.code.tex)
(/usr/share/texlive/texmf-dist/tex/generic/pgf/math/pgfmathcalc.code.tex)
(/usr/share/texlive/texmf-dist/tex/generic/pgf/math/pgfmathfloat.code.tex
\c@pgfmathroundto@lastzeros=\count287
)))
(/usr/share/texlive/texmf-dist/tex/latex/extsizes/size8.clo
File: size8.clo 1999/11/11 v1.4a NON-Standard LaTeX file (size option)
)
(/usr/share/texlive/texmf-dist/tex/latex/pgf/basiclayer/pgfcore.sty
(/usr/share/texlive/texmf-dist/tex/latex/graphics/graphicx.sty
Package: graphicx 2021/09/16 v1.2d Enhanced LaTeX Graphics (DPC,SPQR)

(/usr/share/texlive/texmf-dist/tex/latex/graphics/graphics.sty
Package: graphics 2022/03/10 v1.4e Standard LaTeX Graphics (DPC,SPQR)

(/usr/share/texlive/texmf-dist/tex/latex/graphics/trig.sty
Package: trig 2021/08/11 v1.11 sin cos tan (DPC)
)
(/usr/share/texlive/texmf-dist/tex/latex/graphics-cfg/graphics.cfg
File: graphics.cfg 2016/06/04 v1.11 sample graphics configuration
)
Package graphics Info: Driver file: pdftex.def on input line 107.

(/usr/share/texlive/texmf-dist/tex/latex/graphics-def/pdftex.def
File: pdftex.def 2022/09/22 v1.2b Graphics/color driver for pdftex
))
\Gin@req@height=\dimen175
\Gin@req@width=\dimen176
)
(/usr/share/texlive/texmf-dist/tex/latex/pgf/systemlayer/pgfsys.sty
(/usr/share/texlive/texmf-dist/tex/generic/pgf/systemlayer/pgfsys.code.tex
Package: pgfsys 2023-01-15 v3.1.10 (3.1.10)
\pgf@x=\dimen177
\pgf@y=\dimen178
\pgf@xa=\dimen179
\pgf@ya=\dimen180
\pgf@xb=\dimen181
\pgf@yb=\dimen182
\pgf@xc=\dimen183
\pgf@yc=\dimen184
\pgf@xd=\dimen185
\pgf@yd=\dimen186
\w@pgf@writea=\write3
\r@pgf@reada=\read2
\c@pgf@counta=\count288
\c@pgf@countb=\count289
\c@pgf@countc=\count290
\c@pgf@countd=\count291
\t@pgf@toka=\toks26
\t@pgf@tokb=\toks27
\t@pgf@tokc=\toks28
\pgf@sys@id@count=\count292

(/usr/share/texlive/texmf-dist/tex/generic/pgf/systemlayer/pgf.cfg
File: pgf.cfg 2023-01-15 v3.1.10 (3.1.10)
)
Driver file for pgf: pgfsys-pdftex.def

(/usr/share/texlive/texmf-dist/tex/generic/pgf/systemlayer/pgfsys-pdftex.def
File: pgfsys-pdftex.def 2023-01-15 v3.1.10 (3.1.10)

(/usr/share/texlive/texmf-dist/tex/generic/pgf/systemlayer/pgfsys-common-pdf.de
f
File: pgfsys-common-pdf.def 2023-01-15 v3.1.10 (3.1.10)
)))
(/usr/share/texlive/texmf-dist/tex/generic/pgf/systemlayer/pgfsyssoftpath.code.
tex
File: pgfsyssoftpath.code.tex 2023-01-15 v3.1.10 (3.1.10)
\pgfsyssoftpath@smallbuffer@items=\count293
\pgfsyssoftpath@bigbuffer@items=\count294
)
(/usr/share/texlive/texmf-dist/tex/generic/pgf/systemlayer/pgfsysprotocol.code.
tex
File: pgfsysprotocol.code.tex 2023-01-15 v3.1.10 (3.1.10)
)) (/usr/share/texlive/texmf-dist/tex/latex/xcolor/xcolor.sty
Package: xcolor 2023/11/15 v3.01 LaTeX color extensions (UK)

(/usr/share/texlive/texmf-dist/tex/latex/graphics-cfg/color.cfg
File: color.cfg 2016/01/02 v1.6 sample color configuration
)
Package xcolor Info: Driver file: pdftex.def on input line 274.

(/usr/share/texlive/texmf-dist/tex/latex/graphics/mathcolor.ltx)
Package xcolor Info: Model `cmy' substituted by `cmy0' on input line 1350.
Package xcolor Info: Model `hsb' substituted by `rgb' on input line 1354.
Package xcolor Info: Model `RGB' extended on input line 1366.
Package xcolor Info: Model `HTML' substituted by `rgb' on input line 1368.
Package xcolor Info: Model `Hsb' substituted by `hsb' on input line 1369.
Package xcolor Info: Model `tHsb' substituted by `hsb' on input line 1370.
Package xcolor Info: Model `HSB' substituted by `hsb' on input line 1371.
Package xcolor Info: Model `Gray' substituted by `gray' on input line 1372.
Package xcolor Info: Model `wave' substituted by `hsb' on input line 1373.
)
(/usr/share/texlive/texmf-dist/tex/latex/colortbl/colortbl.sty
Package: colortbl 2022/06/20 v1.0f Color table columns (DPC)

(/usr/share/texlive/texmf-dist/tex/latex/tools/array.sty
Package: array 2023/10/16 v2.5g Tabular extension package (FMi)
\col@sep=\dimen187
\ar@mcellbox=\box62
\extrarowheight=\dimen188
\NC@list=\toks29
\extratabsurround=\skip51
\backup@length=\skip52
\ar@cellbox=\box63
)
\everycr=\toks30
\minrowclearance=\skip53
\rownum=\count295
)
(/usr/share/texlive/texmf-dist/tex/latex/graphics/dvipsnam.def
File: dvipsnam.def 2016/06/17 v3.0m Driver-dependent file (DPC,SPQR)
)
(/usr/share/texlive/texmf-dist/tex/generic/pgf/basiclayer/pgfcore.code.tex
Package: pgfcore 2023-01-15 v3.1.10 (3.1.10)

(/usr/share/texlive/texmf-dist/tex/generic/pgf/math/pgfint.code.tex)
(/usr/share/texlive/texmf-dist/tex/generic/pgf/basiclayer/pgfcorepoints.code.te
x
File: pgfcorepoints.code.tex 2023-01-15 v3.1.10 (3.1.10)
\pgf@picminx=\dimen189
\pgf@picmaxx=\dimen190
\pgf@picminy=\dimen191
\pgf@picmaxy=\dimen192
\pgf@pathminx=\dimen193
\pgf@pathmaxx=\dimen194
\pgf@pathminy=\dimen195
\pgf@pathmaxy=\dimen196
\pgf@xx=\dimen197
\pgf@xy=\dimen198
\pgf@yx=\dimen199
\pgf@yy=\dimen256
\pgf@zx=\dimen257
\pgf@zy=\dimen258
)
(/usr/share/texlive/texmf-dist/tex/generic/pgf/basiclayer/pgfcorepathconstruct.
code.tex
File: pgfcorepathconstruct.code.tex 2023-01-15 v3.1.10 (3.1.10)
\pgf@path@lastx=\dimen259
\pgf@path@lasty=\dimen260
)
(/usr/share/texlive/texmf-dist/tex/generic/pgf/basiclayer/pgfcorepathusage.code
.tex
File: pgfcorepathusage.code.tex 2023-01-15 v3.1.10 (3.1.10)
\pgf@shorten@end@additional=\dimen261
\pgf@shorten@start@additional=\dimen262
)
(/usr/share/texlive/texmf-dist/tex/generic/pgf/basiclayer/pgfcorescopes.code.te
x
File: pgfcorescopes.code.tex 2023-01-15 v3.1.10 (3.1.10)
\pgfpic=\box64
\pgf@hbox=\box65
\pgf@layerbox@main=\box66
\pgf@picture@serial@count=\count296
)
(/usr/share/texlive/texmf-dist/tex/generic/pgf/basiclayer/pgfcoregraphicstate.c
ode.tex
File: pgfcoregraphicstate.code.tex 2023-01-15 v3.1.10 (3.1.10)
\pgflinewidth=\dimen263
)
(/usr/share/texlive/texmf-dist/tex/generic/pgf/basiclayer/pgfcoretransformation
s.code.tex
File: pgfcoretransformations.code.tex 2023-01-15 v3.1.10 (3.1.10)
\pgf@pt@x=\dimen264
\pgf@pt@y=\dimen265
\pgf@pt@temp=\dimen266
)
(/usr/share/texlive/texmf-dist/tex/generic/pgf/basiclayer/pgfcorequick.code.tex
File: pgfcorequick.code.tex 2023-01-15 v3.1.10 (3.1.10)
)
(/usr/share/texlive/texmf-dist/tex/generic/pgf/basiclayer/pgfcoreobjects.code.t
ex
File: pgfcoreobjects.code.tex 2023-01-15 v3.1.10 (3.1.10)
)
(/usr/share/texlive/texmf-dist/tex/generic/pgf/basiclayer/pgfcorepathprocessing
.code.tex
File: pgfcorepathprocessing.code.tex 2023-01-15 v3.1.10 (3.1.10)
)
(/usr/share/texlive/texmf-dist/tex/generic/pgf/basiclayer/pgfcorearrows.code.te
x
File: pgfcorearrows.code.tex 2023-01-15 v3.1.10 (3.1.10)
\pgfarrowsep=\dimen267
)
(/usr/share/texlive/texmf-dist/tex/generic/pgf/basiclayer/pgfcoreshade.code.tex
File: pgfcoreshade.code.tex 2023-01-15 v3.1.10 (3.1.10)
\pgf@max=\dimen268
\pgf@sys@shading@range@num=\count297
\pgf@shadingcount=\count298
)
(/usr/share/texlive/texmf-dist/tex/generic/pgf/basiclayer/pgfcoreimage.code.tex
File: pgfcoreimage.code.tex 2023-01-15 v3.1.10 (3.1.10)
)
(/usr/share/texlive/texmf-dist/tex/generic/pgf/basiclayer/pgfcoreexternal.code.
tex
File: pgfcoreexternal.code.tex 2023-01-15 v3.1.10 (3.1.10)
\pgfexternal@startupbox=\box67
)
(/usr/share/texlive/texmf-dist/tex/generic/pgf/basiclayer/pgfcorelayers.code.te
x
File: pgfcorelayers.code.tex 2023-01-15 v3.1.10 (3.1.10)
)
(/usr/share/texlive/texmf-dist/tex/generic/pgf/basiclayer/pgfcoretransparency.c
ode.tex
File: pgfcoretransparency.code.tex 2023-01-15 v3.1.10 (3.1.10)
)
(/usr/share/texlive/texmf-dist/tex/generic/pgf/basiclayer/pgfcorepatterns.code.
tex
File: pgfcorepatterns.code.tex 2023-01-15 v3.1.10 (3.1.10)
)
(/usr/share/texlive/texmf-dist/tex/generic/pgf/basiclayer/pgfcorerdf.code.tex
File: pgfcorerdf.code.tex 2023-01-15 v3.1.10 (3.1.10)
))) (/usr/share/texlive/texmf-dist/tex/latex/pgf/utilities/xxcolor.sty
Package: xxcolor 2003/10/24 ver 0.1
\XC@nummixins=\count299
\XC@countmixins=\count300
)
(/usr/share/texlive/texmf-dist/tex/latex/base/atbegshi-ltx.sty
Package: atbegshi-ltx 2021/01/10 v1.0c Emulation of the original atbegshi
package with kernel methods
)
(/usr/share/texlive/texmf-dist/tex/latex/hyperref/hyperref.sty
Package: hyperref 2024-01-20 v7.01h Hypertext links for LaTeX

(/usr/share/texlive/texmf-dist/tex/latex/kvsetkeys/kvsetkeys.sty
Package: kvsetkeys 2022-10-05 v1.19 Key value parser (HO)
)
(/usr/share/texlive/texmf-dist/tex/generic/kvdefinekeys/kvdefinekeys.sty
Package: kvdefinekeys 2019-12-19 v1.6 Define keys (HO)
)
(/usr/share/texlive/texmf-dist/tex/generic/pdfescape/pdfescape.sty
Package: pdfescape 2019/12/09 v1.15 Implements pdfTeX's escape features (HO)

(/usr/share/texlive/texmf-dist/tex/generic/ltxcmds/ltxcmds.sty
Package: ltxcmds 2023-12-04 v1.26 LaTeX kernel commands for general use (HO)
)
(/usr/share/texlive/texmf-dist/tex/generic/pdftexcmds/pdftexcmds.sty
Package: pdftexcmds 2020-06-27 v0.33 Utility functions of pdfTeX for LuaTeX (HO
)

(/usr/share/texlive/texmf-dist/tex/generic/infwarerr/infwarerr.sty
Package: infwarerr 2019/12/03 v1.5 Providing info/warning/error messages (HO)
)
Package pdftexcmds Info: \pdf@primitive is available.
Package pdftexcmds Info: \pdf@ifprimitive is available.
Package pdftexcmds Info: \pdfdraftmode found.
))
(/usr/share/texlive/texmf-dist/tex/latex/hycolor/hycolor.sty
Package: hycolor 2020-01-27 v1.10 Color options for hyperref/bookmark (HO)
)
(/usr/share/texlive/texmf-dist/tex/latex/auxhook/auxhook.sty
Package: auxhook 2019-12-17 v1.6 Hooks for auxiliary files (HO)
)
(/usr/share/texlive/texmf-dist/tex/latex/hyperref/nameref.sty
Package: nameref 2023-11-26 v2.56 Cross-referencing by name of section

(/usr/share/texlive/texmf-dist/tex/latex/refcount/refcount.sty
Package: refcount 2019/12/15 v3.6 Data extraction from label references (HO)
)
(/usr/share/texlive/texmf-dist/tex/generic/gettitlestring/gettitlestring.sty
Package: gettitlestring 2019/12/15 v1.6 Cleanup title references (HO)

(/usr/share/texlive/texmf-dist/tex/latex/kvoptions/kvoptions.sty
Package: kvoptions 2022-06-15 v3.15 Key value format for package options (HO)
))
\c@section@level=\count301
)
\@linkdim=\dimen269
\Hy@linkcounter=\count302
\Hy@pagecounter=\count303

(/usr/share/texlive/texmf-dist/tex/latex/hyperref/pd1enc.def
File: pd1enc.def 2024-01-20 v7.01h Hyperref: PDFDocEncoding definition (HO)
Now handling font encoding PD1 ...
... no UTF-8 mapping file for font encoding PD1
)
(/usr/share/texlive/texmf-dist/tex/generic/intcalc/intcalc.sty
Package: intcalc 2019/12/15 v1.3 Expandable calculations with integers (HO)
)
\Hy@SavedSpaceFactor=\count304

(/usr/share/texlive/texmf-dist/tex/latex/hyperref/puenc.def
File: puenc.def 2024-01-20 v7.01h Hyperref: PDF Unicode definition (HO)
Now handling font encoding PU ...
... no UTF-8 mapping file for font encoding PU
)
Package hyperref Info: Option `bookmarks' set `true' on input line 4062.
Package hyperref Info: Option `bookmarksopen' set `true' on input line 4062.
Package hyperref Info: Option `implicit' set `false' on input line 4062.
Package hyperref Info: Hyper figures OFF on input line 4179.
Package hyperref Info: Link nesting OFF on input line 4184.
Package hyperref Info: Hyper index ON on input line 4187.
Package hyperref Info: Plain pages OFF on input line 4194.
Package hyperref Info: Backreferencing OFF on input line 4199.
Package hyperref Info: Implicit mode OFF; no redefinition of LaTeX internals.
Package hyperref Info: Bookmarks ON on input line 4446.
\c@Hy@tempcnt=\count305

(/usr/share/texlive/texmf-dist/tex/latex/url/url.sty
\Urlmuskip=\muskip16
Package: url 2013/09/16  ver 3.4  Verb mode for urls, etc.
)
LaTeX Info: Redefining \url on input line 4784.
\XeTeXLinkMargin=\dimen270

(/usr/share/texlive/texmf-dist/tex/generic/bitset/bitset.sty
Package: bitset 2019/12/09 v1.3 Handle bit-vector datatype (HO)

(/usr/share/texlive/texmf-dist/tex/generic/bigintcalc/bigintcalc.sty
Package: bigintcalc 2019/12/15 v1.5 Expandable calculations on big integers (HO
)
))
\Fld@menulength=\count306
\Field@Width=\dimen271
\Fld@charsize=\dimen272
Package hyperref Info: Hyper figures OFF on input line 6063.
Package hyperref Info: Link nesting OFF on input line 6068.
Package hyperref Info: Hyper index ON on input line 6071.
Package hyperref Info: backreferencing OFF on input line 6078.
Package hyperref Info: Link coloring OFF on input line 6083.
Package hyperref Info: Link coloring with OCG OFF on input line 6088.
Package hyperref Info: PDF/A mode OFF on input line 6093.
\Hy@abspage=\count307


Package hyperref Message: Stopped early.

)
Package hyperref Info: Driver (autodetected): hpdftex.
 (/usr/share/texlive/texmf-dist/tex/latex/hyperref/hpdftex.def
File: hpdftex.def 2024-01-20 v7.01h Hyperref driver for pdfTeX

(/usr/share/texlive/texmf-dist/tex/latex/base/atveryend-ltx.sty
Package: atveryend-ltx 2020/08/19 v1.0a Emulation of the original atveryend pac
kage
with kernel methods
)
\Fld@listcount=\count308
\c@bookmark@seq@number=\count309

(/usr/share/texlive/texmf-dist/tex/latex/rerunfilecheck/rerunfilecheck.sty
Package: rerunfilecheck 2022-07-10 v1.10 Rerun checks for auxiliary files (HO)

(/usr/share/texlive/texmf-dist/tex/generic/uniquecounter/uniquecounter.sty
Package: uniquecounter 2019/12/15 v1.4 Provide unlimited unique counter (HO)
)
Package uniquecounter Info: New unique counter `rerunfilecheck' on input line 2
85.
))
(/usr/share/texlive/texmf-dist/tex/latex/beamer/beamerbaserequires.sty
(/usr/share/texlive/texmf-dist/tex/latex/beamer/beamerbasecompatibility.sty)
(/usr/share/texlive/texmf-dist/tex/latex/beamer/beamerbasefont.sty
(/usr/share/texlive/texmf-dist/tex/latex/amsfonts/amssymb.sty
Package: amssymb 2013/01/14 v3.01 AMS font symbols

(/usr/share/texlive/texmf-dist/tex/latex/amsfonts/amsfonts.sty
Package: amsfonts 2013/01/14 v3.01 Basic AMSFonts support
\@emptytoks=\toks31
\symAMSa=\mathgroup4
\symAMSb=\mathgroup5
LaTeX Font Info:    Redeclaring math symbol \hbar on input line 98.
LaTeX Font Info:    Overwriting math alphabet `\mathfrak' in version `bold'
(Font)                  U/euf/m/n --> U/euf/b/n on input line 106.
))
(/usr/share/texlive/texmf-dist/tex/latex/sansmathaccent/sansmathaccent.sty
Package: sansmathaccent 2020/01/31

(/usr/share/texlive/texmf-dist/tex/latex/koma-script/scrlfile.sty
Package: scrlfile 2023/07/07 v3.41 KOMA-Script package (file load hooks)

(/usr/share/texlive/texmf-dist/tex/latex/koma-script/scrlfile-hook.sty
Package: scrlfile-hook 2023/07/07 v3.41 KOMA-Script package (using LaTeX hooks)


(/usr/share/texlive/texmf-dist/tex/latex/koma-script/scrlogo.sty
Package: scrlogo 2023/07/07 v3.41 KOMA-Script package (logo)
)))))
(/usr/share/texlive/texmf-dist/tex/latex/beamer/beamerbasetranslator.sty
(/usr/share/texlive/texmf-dist/tex/latex/translator/translator.sty
Package: translator 2021-05-31 v1.12d Easy translation of strings in LaTeX
))
(/usr/share/texlive/texmf-dist/tex/latex/beamer/beamerbasemisc.sty)
(/usr/share/texlive/texmf-dist/tex/latex/beamer/beamerbasetwoscreens.sty)
(/usr/share/texlive/texmf-dist/tex/latex/beamer/beamerbaseoverlay.sty
\beamer@argscount=\count310
\beamer@lastskipcover=\skip54
\beamer@trivlistdepth=\count311
)
(/usr/share/texlive/texmf-dist/tex/latex/beamer/beamerbasetitle.sty)
(/usr/share/texlive/texmf-dist/tex/latex/beamer/beamerbasesection.sty
\c@lecture=\count312
\c@part=\count313
\c@section=\count314
\c@subsection=\count315
\c@subsubsection=\count316
)
(/usr/share/texlive/texmf-dist/tex/latex/beamer/beamerbaseframe.sty
\beamer@framebox=\box68
\beamer@frametitlebox=\box69
\beamer@zoombox=\box70
\beamer@zoomcount=\count317
\beamer@zoomframecount=\count318
\beamer@frametextheight=\dimen273
\c@subsectionslide=\count319
\beamer@frametopskip=\skip55
\beamer@framebottomskip=\skip56
\beamer@frametopskipautobreak=\skip57
\beamer@framebottomskipautobreak=\skip58
\beamer@envbody=\toks32
\framewidth=\dimen274
\c@framenumber=\count320
)
(/usr/share/texlive/texmf-dist/tex/latex/beamer/beamerbaseverbatim.sty
\beamer@verbatimfileout=\write4
)
(/usr/share/texlive/texmf-dist/tex/latex/beamer/beamerbaseframesize.sty
\beamer@splitbox=\box71
\beamer@autobreakcount=\count321
\beamer@autobreaklastheight=\dimen275
\beamer@frametitletoks=\toks33
\beamer@framesubtitletoks=\toks34
)
(/usr/share/texlive/texmf-dist/tex/latex/beamer/beamerbaseframecomponents.sty
\beamer@footins=\box72
)
(/usr/share/texlive/texmf-dist/tex/latex/beamer/beamerbasecolor.sty)
(/usr/share/texlive/texmf-dist/tex/latex/beamer/beamerbasenotes.sty
\beamer@frameboxcopy=\box73
)
(/usr/share/texlive/texmf-dist/tex/latex/beamer/beamerbasetoc.sty)
(/usr/share/texlive/texmf-dist/tex/latex/beamer/beamerbasetemplates.sty
\beamer@sbttoks=\toks35

(/usr/share/texlive/texmf-dist/tex/latex/beamer/beamerbaseauxtemplates.sty
(/usr/share/texlive/texmf-dist/tex/latex/beamer/beamerbaseboxes.sty
\bmb@box=\box74
\bmb@colorbox=\box75
\bmb@boxwidth=\dimen276
\bmb@boxheight=\dimen277
\bmb@prevheight=\dimen278
\bmb@temp=\dimen279
\bmb@dima=\dimen280
\bmb@dimb=\dimen281
\bmb@prevheight=\dimen282
)
\beamer@blockheadheight=\dimen283
))
(/usr/share/texlive/texmf-dist/tex/latex/beamer/beamerbaselocalstructure.sty
(/usr/share/texlive/texmf-dist/tex/latex/tools/enumerate.sty
Package: enumerate 2023/07/04 v3.00 enumerate extensions (DPC)
\@enLab=\toks36
)
\beamer@bibiconwidth=\skip59
\c@figure=\count322
\c@table=\count323
\abovecaptionskip=\skip60
\belowcaptionskip=\skip61
)
(/usr/share/texlive/texmf-dist/tex/latex/beamer/beamerbasenavigation.sty
(/usr/share/texlive/texmf-dist/tex/latex/beamer/beamerbasenavigationsymbols.tex
)
\beamer@section@min@dim=\dimen284
) (/usr/share/texlive/texmf-dist/tex/latex/beamer/beamerbasetheorems.sty
(/usr/share/texlive/texmf-dist/tex/latex/amsmath/amsmath.sty
Package: amsmath 2023/05/13 v2.17o AMS math features
\@mathmargin=\skip62

For additional information on amsmath, use the `?' option.
(/usr/share/texlive/texmf-dist/tex/latex/amsmath/amstext.sty
Package: amstext 2021/08/26 v2.01 AMS text

(/usr/share/texlive/texmf-dist/tex/latex/amsmath/amsgen.sty
File: amsgen.sty 1999/11/30 v2.0 generic functions
\@emptytoks=\toks37
\ex@=\dimen285
))
(/usr/share/texlive/texmf-dist/tex/latex/amsmath/amsbsy.sty
Package: amsbsy 1999/11/29 v1.2d Bold Symbols
\pmbraise@=\dimen286
)
(/usr/share/texlive/texmf-dist/tex/latex/amsmath/amsopn.sty
Package: amsopn 2022/04/08 v2.04 operator names
)
\inf@bad=\count324
LaTeX Info: Redefining \frac on input line 234.
\uproot@=\count325
\leftroot@=\count326
LaTeX Info: Redefining \overline on input line 399.
LaTeX Info: Redefining \colon on input line 410.
\classnum@=\count327
\DOTSCASE@=\count328
LaTeX Info: Redefining \ldots on input line 496.
LaTeX Info: Redefining \dots on input line 499.
LaTeX Info: Redefining \cdots on input line 620.
\Mathstrutbox@=\box76
\strutbox@=\box77
LaTeX Info: Redefining \big on input line 722.
LaTeX Info: Redefining \Big on input line 723.
LaTeX Info: Redefining \bigg on input line 724.
LaTeX Info: Redefining \Bigg on input line 725.
\big@size=\dimen287
LaTeX Font Info:    Redeclaring font encoding OML on input line 743.
LaTeX Font Info:    Redeclaring font encoding OMS on input line 744.
\macc@depth=\count329
LaTeX Info: Redefining \bmod on input line 905.
LaTeX Info: Redefining \pmod on input line 910.
LaTeX Info: Redefining \smash on input line 940.
LaTeX Info: Redefining \relbar on input line 970.
LaTeX Info: Redefining \Relbar on input line 971.
\c@MaxMatrixCols=\count330
\dotsspace@=\muskip17
\c@parentequation=\count331
\dspbrk@lvl=\count332
\tag@help=\toks38
\row@=\count333
\column@=\count334
\maxfields@=\count335
\andhelp@=\toks39
\eqnshift@=\dimen288
\alignsep@=\dimen289
\tagshift@=\dimen290
\tagwidth@=\dimen291
\totwidth@=\dimen292
\lineht@=\dimen293
\@envbody=\toks40
\multlinegap=\skip63
\multlinetaggap=\skip64
\mathdisplay@stack=\toks41
LaTeX Info: Redefining \[ on input line 2953.
LaTeX Info: Redefining \] on input line 2954.
)
(/usr/share/texlive/texmf-dist/tex/latex/amscls/amsthm.sty
Package: amsthm 2020/05/29 v2.20.6
\thm@style=\toks42
\thm@bodyfont=\toks43
\thm@headfont=\toks44
\thm@notefont=\toks45
\thm@headpunct=\toks46
\thm@preskip=\skip65
\thm@postskip=\skip66
\thm@headsep=\skip67
\dth@everypar=\toks47
)
\c@theorem=\count336
)
(/usr/share/texlive/texmf-dist/tex/latex/beamer/beamerbasethemes.sty))
(/usr/share/texlive/texmf-dist/tex/latex/beamer/beamerthemedefault.sty
(/usr/share/texlive/texmf-dist/tex/latex/beamer/beamerfontthemedefault.sty)
(/usr/share/texlive/texmf-dist/tex/latex/beamer/beamercolorthemedefault.sty)
(/usr/share/texlive/texmf-dist/tex/latex/beamer/beamerinnerthemedefault.sty
\beamer@dima=\dimen294
\beamer@dimb=\dimen295
)
(/usr/share/texlive/texmf-dist/tex/latex/beamer/beamerouterthemedefault.sty)))
(/usr/share/texlive/texmf-dist/tex/latex/booktabs/booktabs.sty
Package: booktabs 2020/01/12 v1.61803398 Publication quality tables
\heavyrulewidth=\dimen296
\lightrulewidth=\dimen297
\cmidrulewidth=\dimen298
\belowrulesep=\dimen299
\belowbottomsep=\dimen300
\aboverulesep=\dimen301
\abovetopsep=\dimen302
\cmidrulesep=\dimen303
\cmidrulekern=\dimen304
\defaultaddspace=\dimen305
\@cmidla=\count337
\@cmidlb=\count338
\@aboverulesep=\dimen306
\@belowrulesep=\dimen307
\@thisruleclass=\count339
\@lastruleclass=\count340
\@thisrulewidth=\dimen308
)
(./smile_styles.tex
(/usr/share/texlive/texmf-dist/tex/latex/beamer/beamerinnerthemecircles.sty)
(/usr/share/texlive/texmf-dist/tex/latex/beamer/beamerouterthemeinfolines.sty)
(/usr/share/texlive/texmf-dist/tex/latex/beamer/beamerfontthemeserif.sty))
(/usr/share/texlive/texmf-dist/tex/latex/psnfss/palatino.sty
Package: palatino 2020/03/25 PSNFSS-v9.3 (SPQR) 
)
(/usr/share/texlive/texmf-dist/tex/latex/opensans/opensans.sty
Package: opensans 2019/06/20 Style file for Open Sans.

(/usr/share/texlive/texmf-dist/tex/latex/fontaxes/fontaxes.sty
Package: fontaxes 2020/07/21 v1.0e Font selection axes
LaTeX Info: Redefining \upshape on input line 29.
LaTeX Info: Redefining \itshape on input line 31.
LaTeX Info: Redefining \slshape on input line 33.
LaTeX Info: Redefining \swshape on input line 35.
LaTeX Info: Redefining \scshape on input line 37.
LaTeX Info: Redefining \sscshape on input line 39.
LaTeX Info: Redefining \ulcshape on input line 41.
LaTeX Info: Redefining \textsw on input line 47.
LaTeX Info: Redefining \textssc on input line 48.
LaTeX Info: Redefining \textulc on input line 49.
)
(/usr/share/texlive/texmf-dist/tex/generic/iftex/ifluatex.sty
Package: ifluatex 2019/10/25 v1.5 ifluatex legacy package. Use iftex instead.
)
(/usr/share/texlive/texmf-dist/tex/generic/iftex/ifxetex.sty
Package: ifxetex 2019/10/25 v0.7 ifxetex legacy package. Use iftex instead.
)
(/usr/share/texlive/texmf-dist/tex/latex/xkeyval/xkeyval.sty
Package: xkeyval 2022/06/16 v2.9 package option processing (HA)

(/usr/share/texlive/texmf-dist/tex/generic/xkeyval/xkeyval.tex
(/usr/share/texlive/texmf-dist/tex/generic/xkeyval/xkvutils.tex
\XKV@toks=\toks48
\XKV@tempa@toks=\toks49
)
\XKV@depth=\count341
File: xkeyval.tex 2014/12/03 v2.7a key=value parser (HA)
)))
(/usr/share/texlive/texmf-dist/tex/latex/graphics/rotating.sty
Package: rotating 2016/08/11 v2.16d rotated objects in LaTeX

(/usr/share/texlive/texmf-dist/tex/latex/base/ifthen.sty
Package: ifthen 2022/04/13 v1.1d Standard LaTeX ifthen package (DPC)
)
\c@r@tfl@t=\count342
\rotFPtop=\skip68
\rotFPbot=\skip69
\rot@float@box=\box78
\rot@mess@toks=\toks50
)
(/usr/share/texlive/texmf-dist/tex/latex/pgf/frontendlayer/tikz.sty
(/usr/share/texlive/texmf-dist/tex/latex/pgf/basiclayer/pgf.sty
Package: pgf 2023-01-15 v3.1.10 (3.1.10)

(/usr/share/texlive/texmf-dist/tex/generic/pgf/modules/pgfmoduleshapes.code.tex
File: pgfmoduleshapes.code.tex 2023-01-15 v3.1.10 (3.1.10)
\pgfnodeparttextbox=\box79
) (/usr/share/texlive/texmf-dist/tex/generic/pgf/modules/pgfmoduleplot.code.tex
File: pgfmoduleplot.code.tex 2023-01-15 v3.1.10 (3.1.10)
)
(/usr/share/texlive/texmf-dist/tex/latex/pgf/compatibility/pgfcomp-version-0-65
.sty
Package: pgfcomp-version-0-65 2023-01-15 v3.1.10 (3.1.10)
\pgf@nodesepstart=\dimen309
\pgf@nodesepend=\dimen310
)
(/usr/share/texlive/texmf-dist/tex/latex/pgf/compatibility/pgfcomp-version-1-18
.sty
Package: pgfcomp-version-1-18 2023-01-15 v3.1.10 (3.1.10)
)) (/usr/share/texlive/texmf-dist/tex/latex/pgf/utilities/pgffor.sty
(/usr/share/texlive/texmf-dist/tex/generic/pgf/utilities/pgffor.code.tex
Package: pgffor 2023-01-15 v3.1.10 (3.1.10)
\pgffor@iter=\dimen311
\pgffor@skip=\dimen312
\pgffor@stack=\toks51
\pgffor@toks=\toks52
))
(/usr/share/texlive/texmf-dist/tex/generic/pgf/frontendlayer/tikz/tikz.code.tex
Package: tikz 2023-01-15 v3.1.10 (3.1.10)

(/usr/share/texlive/texmf-dist/tex/generic/pgf/libraries/pgflibraryplothandlers
.code.tex
File: pgflibraryplothandlers.code.tex 2023-01-15 v3.1.10 (3.1.10)
\pgf@plot@mark@count=\count343
\pgfplotmarksize=\dimen313
)
\tikz@lastx=\dimen314
\tikz@lasty=\dimen315
\tikz@lastxsaved=\dimen316
\tikz@lastysaved=\dimen317
\tikz@lastmovetox=\dimen318
\tikz@lastmovetoy=\dimen319
\tikzleveldistance=\dimen320
\tikzsiblingdistance=\dimen321
\tikz@figbox=\box80
\tikz@figbox@bg=\box81
\tikz@tempbox=\box82
\tikz@tempbox@bg=\box83
\tikztreelevel=\count344
\tikznumberofchildren=\count345
\tikznumberofcurrentchild=\count346
\tikz@fig@count=\count347

(/usr/share/texlive/texmf-dist/tex/generic/pgf/modules/pgfmodulematrix.code.tex
File: pgfmodulematrix.code.tex 2023-01-15 v3.1.10 (3.1.10)
\pgfmatrixcurrentrow=\count348
\pgfmatrixcurrentcolumn=\count349
\pgf@matrix@numberofcolumns=\count350
)
\tikz@expandcount=\count351

(/usr/share/texlive/texmf-dist/tex/generic/pgf/frontendlayer/tikz/libraries/tik
zlibrarytopaths.code.tex
File: tikzlibrarytopaths.code.tex 2023-01-15 v3.1.10 (3.1.10)
)))
(/usr/share/texlive/texmf-dist/tex/latex/tcolorbox/tcolorbox.sty
Package: tcolorbox 2024/01/10 version 6.2.0 text color boxes

(/usr/share/texlive/texmf-dist/tex/latex/tools/verbatim.sty
Package: verbatim 2023-11-06 v1.5v LaTeX2e package for verbatim enhancements
\every@verbatim=\toks53
\verbatim@line=\toks54
\verbatim@in@stream=\read3
)
(/usr/share/texlive/texmf-dist/tex/latex/environ/environ.sty
Package: environ 2014/05/04 v0.3 A new way to define environments

(/usr/share/texlive/texmf-dist/tex/latex/trimspaces/trimspaces.sty
Package: trimspaces 2009/09/17 v1.1 Trim spaces around a token list
))
\tcb@titlebox=\box84
\tcb@upperbox=\box85
\tcb@lowerbox=\box86
\tcb@phantombox=\box87
\c@tcbbreakpart=\count352
\c@tcblayer=\count353
\c@tcolorbox@number=\count354
\l__tcobox_tmpa_box=\box88
\l__tcobox_tmpa_dim=\dimen322
\tcb@temp=\box89
\tcb@temp=\box90
\tcb@temp=\box91
\tcb@temp=\box92
)
(/usr/share/texlive/texmf-dist/tex/generic/pgf/frontendlayer/tikz/libraries/tik
zlibrarypositioning.code.tex
File: tikzlibrarypositioning.code.tex 2023-01-15 v3.1.10 (3.1.10)
)
(/usr/share/texlive/texmf-dist/tex/latex/tools/tabularx.sty
Package: tabularx 2023/07/08 v2.11c `tabularx' package (DPC)
\TX@col@width=\dimen323
\TX@old@table=\dimen324
\TX@old@col=\dimen325
\TX@target=\dimen326
\TX@delta=\dimen327
\TX@cols=\count355
\TX@ftn=\toks55
)
(/usr/share/texlive/texmf-dist/tex/latex/efbox/efbox.sty
Package: efbox 2014/03/19 1.0 An enhanced fbox command.
Package: efbox 2014/03/19 v1.0 An enhanced fbox command
)
(/usr/share/texlive/texmf-dist/tex/generic/pgf/frontendlayer/tikz/libraries/tik
zlibraryshapes.geometric.code.tex
File: tikzlibraryshapes.geometric.code.tex 2023-01-15 v3.1.10 (3.1.10)

(/usr/share/texlive/texmf-dist/tex/generic/pgf/libraries/shapes/pgflibraryshape
s.geometric.code.tex
File: pgflibraryshapes.geometric.code.tex 2023-01-15 v3.1.10 (3.1.10)
))
(/usr/share/texlive/texmf-dist/tex/generic/pgf/frontendlayer/tikz/libraries/tik
zlibraryarrows.code.tex
File: tikzlibraryarrows.code.tex 2023-01-15 v3.1.10 (3.1.10)

(/usr/share/texlive/texmf-dist/tex/generic/pgf/libraries/pgflibraryarrows.code.
tex
File: pgflibraryarrows.code.tex 2023-01-15 v3.1.10 (3.1.10)
\arrowsize=\dimen328
))
Package hyperref Info: Option `unicode' set `true' on input line 102.
\pgf@layerbox@background layer=\box93
\pgf@layerboxsaved@background layer=\box94


Package hyperref Warning: Token not allowed in a PDF string (Unicode):
(hyperref)                removing `\\' on input line 147.


Package hyperref Warning: Token not allowed in a PDF string (Unicode):
(hyperref)                removing `\new@ifnextchar' on input line 147.


Package hyperref Warning: Token not allowed in a PDF string (Unicode):
(hyperref)                removing `\<let>-command' on input line 147.


Package hyperref Warning: Token not allowed in a PDF string (Unicode):
(hyperref)                removing `\\' on input line 147.


Package hyperref Warning: Token not allowed in a PDF string (Unicode):
(hyperref)                removing `\@centercr' on input line 147.


Package hyperref Warning: Token not allowed in a PDF string (Unicode):
(hyperref)                removing `\rightskip' on input line 147.


Package hyperref Warning: Token not allowed in a PDF string (Unicode):
(hyperref)                removing `\@flushglue' on input line 147.


Package hyperref Warning: Token not allowed in a PDF string (Unicode):
(hyperref)                removing `\leftskip' on input line 147.


Package hyperref Warning: Token not allowed in a PDF string (Unicode):
(hyperref)                removing `\@flushglue' on input line 147.


Package hyperref Warning: Token not allowed in a PDF string (Unicode):
(hyperref)                removing `\finalhyphendemerits' on input line 147.


Package hyperref Warning: Token not allowed in a PDF string (Unicode):
(hyperref)                removing `\z@' on input line 147.


Package hyperref Warning: Token not allowed in a PDF string (Unicode):
(hyperref)                removing `\parindent' on input line 147.


Package hyperref Warning: Token not allowed in a PDF string (Unicode):
(hyperref)                removing `\z@' on input line 147.


Package hyperref Warning: Token not allowed in a PDF string (Unicode):
(hyperref)                removing `\parfillskip' on input line 147.


Package hyperref Warning: Token not allowed in a PDF string (Unicode):
(hyperref)                removing `\z@skip' on input line 147.


Package hyperref Warning: Token not allowed in a PDF string (Unicode):
(hyperref)                removing `\\' on input line 147.


Package hyperref Warning: Token not allowed in a PDF string (Unicode):
(hyperref)                removing `\new@ifnextchar' on input line 147.


Package hyperref Warning: Token not allowed in a PDF string (Unicode):
(hyperref)                removing `\\' on input line 147.


Package hyperref Warning: Token not allowed in a PDF string (Unicode):
(hyperref)                removing `\\' on input line 147.

LaTeX Font Info:    Trying to load font information for OT1+opensans-TLF on inp
ut line 200.
(/usr/share/texlive/texmf-dist/tex/latex/opensans/OT1opensans-TLF.fd
File: OT1opensans-TLF.fd 2019/06/24 Font definitions for OT1/opensans-TLF.
)
LaTeX Font Info:    Font shape `OT1/opensans-TLF/m/n' will be
(Font)              scaled to size 8.0pt on input line 200.

(/usr/share/texlive/texmf-dist/tex/latex/l3backend/l3backend-pdftex.def
File: l3backend-pdftex.def 2024-01-04 L3 backend support: PDF output (pdfTeX)
\l__color_backend_stack_int=\count356
\l__pdf_internal_box=\box95
)
(./Top_FCNC.aux)
\openout1 = `Top_FCNC.aux'.

LaTeX Font Info:    Checking defaults for OML/cmm/m/it on input line 200.
LaTeX Font Info:    ... okay on input line 200.
LaTeX Font Info:    Checking defaults for OMS/cmsy/m/n on input line 200.
LaTeX Font Info:    ... okay on input line 200.
LaTeX Font Info:    Checking defaults for OT1/cmr/m/n on input line 200.
LaTeX Font Info:    ... okay on input line 200.
LaTeX Font Info:    Checking defaults for T1/cmr/m/n on input line 200.
LaTeX Font Info:    ... okay on input line 200.
LaTeX Font Info:    Checking defaults for TS1/cmr/m/n on input line 200.
LaTeX Font Info:    ... okay on input line 200.
LaTeX Font Info:    Checking defaults for OMX/cmex/m/n on input line 200.
LaTeX Font Info:    ... okay on input line 200.
LaTeX Font Info:    Checking defaults for U/cmr/m/n on input line 200.
LaTeX Font Info:    ... okay on input line 200.
LaTeX Font Info:    Checking defaults for PD1/pdf/m/n on input line 200.
LaTeX Font Info:    ... okay on input line 200.
LaTeX Font Info:    Checking defaults for PU/pdf/m/n on input line 200.
LaTeX Font Info:    ... okay on input line 200.

*geometry* driver: auto-detecting
*geometry* detected driver: pdftex
*geometry* verbose mode - [ preamble ] result:
* driver: pdftex
* paper: custom
* layout: <same size as paper>
* layoutoffset:(h,v)=(0.0pt,0.0pt)
* modes: includehead includefoot 
* h-part:(L,W,R)=(8.50012pt, 347.19511pt, 8.50012pt)
* v-part:(T,H,B)=(0.0pt, 273.14662pt, 0.0pt)
* \paperwidth=364.19536pt
* \paperheight=273.14662pt
* \textwidth=347.19511pt
* \textheight=244.6939pt
* \oddsidemargin=-63.76987pt
* \evensidemargin=-63.76987pt
* \topmargin=-72.26999pt
* \headheight=14.22636pt
* \headsep=0.0pt
* \topskip=9.0pt
* \footskip=14.22636pt
* \marginparwidth=4.0pt
* \marginparsep=10.0pt
* \columnsep=10.0pt
* \skip\footins=7.0pt plus 4.0pt minus 2.0pt
* \hoffset=0.0pt
* \voffset=0.0pt
* \mag=1000
* \@twocolumnfalse
* \@twosidefalse
* \@mparswitchfalse
* \@reversemarginfalse
* (1in=72.27pt=25.4mm, 1cm=28.453pt)

(/usr/share/texlive/texmf-dist/tex/context/base/mkii/supp-pdf.mkii
[Loading MPS to PDF converter (version 2006.09.02).]
\scratchcounter=\count357
\scratchdimen=\dimen329
\scratchbox=\box96
\nofMPsegments=\count358
\nofMParguments=\count359
\everyMPshowfont=\toks56
\MPscratchCnt=\count360
\MPscratchDim=\dimen330
\MPnumerator=\count361
\makeMPintoPDFobject=\count362
\everyMPtoPDFconversion=\toks57
) (/usr/share/texlive/texmf-dist/tex/latex/epstopdf-pkg/epstopdf-base.sty
Package: epstopdf-base 2020-01-24 v2.11 Base part for package epstopdf
Package epstopdf-base Info: Redefining graphics rule for `.eps' on input line 4
85.

(/usr/share/texlive/texmf-dist/tex/latex/latexconfig/epstopdf-sys.cfg
File: epstopdf-sys.cfg 2010/07/13 v1.3 Configuration of (r)epstopdf for TeX Liv
e
))
Package hyperref Info: Link coloring OFF on input line 200.

(./Top_FCNC.out) (./Top_FCNC.out)
\@outlinefile=\write5
\openout5 = `Top_FCNC.out'.

\symnumbers=\mathgroup6
\sympureletters=\mathgroup7
LaTeX Font Info:    Overwriting math alphabet `\mathrm' in version `normal'
(Font)                  OT1/cmr/m/n --> OT1/ppl/m/n on input line 200.
LaTeX Font Info:    Redeclaring math alphabet \mathbf on input line 200.
LaTeX Font Info:    Overwriting math alphabet `\mathbf' in version `normal'
(Font)                  OT1/cmr/bx/n --> OT1/ppl/b/n on input line 200.
LaTeX Font Info:    Overwriting math alphabet `\mathbf' in version `bold'
(Font)                  OT1/cmr/bx/n --> OT1/ppl/b/n on input line 200.
LaTeX Font Info:    Redeclaring math alphabet \mathsf on input line 200.
LaTeX Font Info:    Overwriting math alphabet `\mathsf' in version `normal'
(Font)                  OT1/cmss/m/n --> OT1/phv/m/n on input line 200.
LaTeX Font Info:    Overwriting math alphabet `\mathsf' in version `bold'
(Font)                  OT1/cmss/bx/n --> OT1/phv/m/n on input line 200.
LaTeX Font Info:    Redeclaring math alphabet \mathit on input line 200.
LaTeX Font Info:    Overwriting math alphabet `\mathit' in version `normal'
(Font)                  OT1/cmr/m/it --> OT1/ppl/m/it on input line 200.
LaTeX Font Info:    Overwriting math alphabet `\mathit' in version `bold'
(Font)                  OT1/cmr/bx/it --> OT1/ppl/m/it on input line 200.
LaTeX Font Info:    Redeclaring math alphabet \mathtt on input line 200.
LaTeX Font Info:    Overwriting math alphabet `\mathtt' in version `normal'
(Font)                  OT1/cmtt/m/n --> OT1/pcr/m/n on input line 200.
LaTeX Font Info:    Overwriting math alphabet `\mathtt' in version `bold'
(Font)                  OT1/cmtt/m/n --> OT1/pcr/m/n on input line 200.
LaTeX Font Info:    Overwriting symbol font `numbers' in version `bold'
(Font)                  OT1/ppl/m/n --> OT1/ppl/b/n on input line 200.
LaTeX Font Info:    Overwriting symbol font `pureletters' in version `bold'
(Font)                  OT1/ppl/m/it --> OT1/ppl/b/it on input line 200.
LaTeX Font Info:    Overwriting math alphabet `\mathrm' in version `bold'
(Font)                  OT1/cmr/bx/n --> OT1/ppl/b/n on input line 200.
LaTeX Font Info:    Overwriting math alphabet `\mathbf' in version `bold'
(Font)                  OT1/ppl/b/n --> OT1/ppl/b/n on input line 200.
LaTeX Font Info:    Overwriting math alphabet `\mathsf' in version `bold'
(Font)                  OT1/phv/m/n --> OT1/phv/b/n on input line 200.
LaTeX Font Info:    Overwriting math alphabet `\mathit' in version `bold'
(Font)                  OT1/ppl/m/it --> OT1/ppl/b/it on input line 200.
LaTeX Font Info:    Overwriting math alphabet `\mathtt' in version `bold'
(Font)                  OT1/pcr/m/n --> OT1/pcr/b/n on input line 200.

(/usr/share/texlive/texmf-dist/tex/latex/translator/translator-basic-dictionary
-English.dict
Dictionary: translator-basic-dictionary, Language: English 
)
(/usr/share/texlive/texmf-dist/tex/latex/translator/translator-bibliography-dic
tionary-English.dict
Dictionary: translator-bibliography-dictionary, Language: English 
)
(/usr/share/texlive/texmf-dist/tex/latex/translator/translator-environment-dict
ionary-English.dict
Dictionary: translator-environment-dictionary, Language: English 
)
(/usr/share/texlive/texmf-dist/tex/latex/translator/translator-months-dictionar
y-English.dict
Dictionary: translator-months-dictionary, Language: English 
)
(/usr/share/texlive/texmf-dist/tex/latex/translator/translator-numbers-dictiona
ry-English.dict
Dictionary: translator-numbers-dictionary, Language: English 
)
(/usr/share/texlive/texmf-dist/tex/latex/translator/translator-theorem-dictiona
ry-English.dict
Dictionary: translator-theorem-dictionary, Language: English 
)
\c@mv@tabular=\count363
\c@mv@boldtabular=\count364
 (./Top_FCNC.nav)
LaTeX Font Info:    Font shape `OT1/opensans-TLF/m/n' will be
(Font)              scaled to size 5.0pt on input line 200.
LaTeX Font Info:    Trying to load font information for OT1+ppl on input line 2
00.

(/usr/share/texlive/texmf-dist/tex/latex/psnfss/ot1ppl.fd
File: ot1ppl.fd 2001/06/04 font definitions for OT1/ppl.
)
<UDSD_logo.png, id=48, 947.33925pt x 331.83975pt>
File: UDSD_logo.png Graphic file (type png)
<use UDSD_logo.png>
Package pdftex.def Info: UDSD_logo.png  used on input line 209.
(pdftex.def)             Requested size: 68.28644pt x 23.91978pt.
<cern_logo.png, id=49, 301.125pt x 168.63pt>
File: cern_logo.png Graphic file (type png)
<use cern_logo.png>
Package pdftex.def Info: cern_logo.png  used on input line 209.
(pdftex.def)             Requested size: 56.9055pt x 31.86505pt.
<ipmlogo.png, id=50, 1302.8675pt x 677.53125pt>
File: ipmlogo.png Graphic file (type png)
<use ipmlogo.png>
Package pdftex.def Info: ipmlogo.png  used on input line 209.
(pdftex.def)             Requested size: 54.06006pt x 28.10977pt.
<ICTP_logo.png, id=51, 346.896pt x 110.814pt>
File: ICTP_logo.png Graphic file (type png)
<use ICTP_logo.png>
Package pdftex.def Info: ICTP_logo.png  used on input line 209.
(pdftex.def)             Requested size: 113.81102pt x 36.35567pt.
<infn_logo.png, id=53, 152.06813pt x 96.36pt>
File: infn_logo.png Graphic file (type png)
<use infn_logo.png>
Package pdftex.def Info: infn_logo.png  used on input line 209.
(pdftex.def)             Requested size: 56.9055pt x 36.05844pt.
<index_logo.png, id=54, 302.12875pt x 167.62625pt>
File: index_logo.png Graphic file (type png)
<use index_logo.png>
Package pdftex.def Info: index_logo.png  used on input line 209.
(pdftex.def)             Requested size: 42.67912pt x 23.67725pt.
LaTeX Font Info:    Font shape `OT1/opensans-TLF/m/n' will be
(Font)              scaled to size 4.0pt on input line 209.
 [1

{/var/lib/texmf/fonts/map/pdftex/updmap/pdftex.map}{/usr/share/texlive/texmf-di
st/fonts/enc/dvips/base/8r.enc}{/usr/share/texlive/texmf-dist/fonts/enc/dvips/o
pensans/a_n3lhbv.enc} <./index_logo.png> <./UDSD_logo.png> <./cern_logo.png> <.
/ipmlogo.png> <./ICTP_logo.png> <./infn_logo.png>] (./Top_FCNC.toc)
File: index_logo.png Graphic file (type png)
<use index_logo.png>
Package pdftex.def Info: index_logo.png  used on input line 221.
(pdftex.def)             Requested size: 42.67912pt x 23.67725pt.
 [2

]
LaTeX Font Info:    Trying to load font information for U+msa on input line 248
.

(/usr/share/texlive/texmf-dist/tex/latex/amsfonts/umsa.fd
File: umsa.fd 2013/01/14 v3.01 AMS symbols A
)
LaTeX Font Info:    Trying to load font information for U+msb on input line 248
.

(/usr/share/texlive/texmf-dist/tex/latex/amsfonts/umsb.fd
File: umsb.fd 2013/01/14 v3.01 AMS symbols B
)
<FCNC_SM.png, id=135, 641.39626pt x 612.2875pt>
File: FCNC_SM.png Graphic file (type png)
<use FCNC_SM.png>
Package pdftex.def Info: FCNC_SM.png  used on input line 248.
(pdftex.def)             Requested size: 69.43796pt x 66.28676pt.
<FCNC_SM_loop.png, id=136, 629.35126pt x 592.2125pt>
File: FCNC_SM_loop.png Graphic file (type png)
<use FCNC_SM_loop.png>
Package pdftex.def Info: FCNC_SM_loop.png  used on input line 248.
(pdftex.def)             Requested size: 69.43796pt x 65.33333pt.
<FCNC_SM_pin.png, id=137, 551.05875pt x 575.14874pt>
File: FCNC_SM_pin.png Graphic file (type png)
<use FCNC_SM_pin.png>
Package pdftex.def Info: FCNC_SM_pin.png  used on input line 248.
(pdftex.def)             Requested size: 69.43796pt x 72.47263pt.
File: index_logo.png Graphic file (type png)
<use index_logo.png>
Package pdftex.def Info: index_logo.png  used on input line 248.
(pdftex.def)             Requested size: 42.67912pt x 23.67725pt.
 [3

 <./FCNC_SM.png> <./FCNC_SM_loop.png> <./FCNC_SM_pin.png>]
LaTeX Font Info:    Font shape `OT1/opensans-TLF/m/n' will be
(Font)              scaled to size 7.0pt on input line 281.
<recent_limit_FCNC.png, id=173, 1987.425pt x 1777.64125pt>
File: recent_limit_FCNC.png Graphic file (type png)
<use recent_limit_FCNC.png>
Package pdftex.def Info: recent_limit_FCNC.png  used on input line 281.
(pdftex.def)             Requested size: 129.85028pt x 116.12035pt.
<feyn1.png, id=174, 991.705pt x 512.91624pt>
File: feyn1.png Graphic file (type png)
<use feyn1.png>
Package pdftex.def Info: feyn1.png  used on input line 281.
(pdftex.def)             Requested size: 65.68855pt x 33.97466pt.
<feyn2.png, id=175, 1029.8475pt x 489.83pt>
File: feyn2.png Graphic file (type png)
<use feyn2.png>
Package pdftex.def Info: feyn2.png  used on input line 281.
(pdftex.def)             Requested size: 65.68855pt x 31.24213pt.
<FCNC_tt.png, id=176, 280.04625pt x 180.675pt>
File: FCNC_tt.png Graphic file (type png)
<use FCNC_tt.png>
Package pdftex.def Info: FCNC_tt.png  used on input line 281.
(pdftex.def)             Requested size: 67.21771pt x 43.36563pt.
<feyn1_SM_ee.png, id=177, 382.42876pt x 246.9225pt>
File: feyn1_SM_ee.png Graphic file (type png)
<use feyn1_SM_ee.png>
Package pdftex.def Info: feyn1_SM_ee.png  used on input line 281.
(pdftex.def)             Requested size: 65.68855pt x 42.41331pt.
LaTeX Font Info:    Font shape `OT1/opensans-TLF/b/n' will be
(Font)              scaled to size 7.0pt on input line 281.
LaTeX Font Info:    Font shape `OT1/opensans-TLF/m/it' will be
(Font)              scaled to size 7.0pt on input line 281.
File: index_logo.png Graphic file (type png)
<use index_logo.png>
Package pdftex.def Info: index_logo.png  used on input line 281.
(pdftex.def)             Requested size: 42.67912pt x 23.67725pt.
 [4

{/usr/share/texlive/texmf-dist/fonts/enc/dvips/opensans/a_iz27ck.enc} <./recent
_limit_FCNC.png> <./feyn1.png> <./feyn2.png> <./FCNC_tt.png> <./feyn1_SM_ee.png
>]
<lfcnc.png, id=214, 902.37125pt x 197.73875pt>
File: lfcnc.png Graphic file (type png)
<use lfcnc.png>
Package pdftex.def Info: lfcnc.png  used on input line 302.
(pdftex.def)             Requested size: 277.75714pt x 60.86691pt.
<vertex1.png, id=215, 536.0025pt x 391.4625pt>
File: vertex1.png Graphic file (type png)
<use vertex1.png>
Package pdftex.def Info: vertex1.png  used on input line 302.
(pdftex.def)             Requested size: 69.43796pt x 50.7127pt.
<vertex2.png, id=216, 538.01pt x 428.60126pt>
File: vertex2.png Graphic file (type png)
<use vertex2.png>
Package pdftex.def Info: vertex2.png  used on input line 302.
(pdftex.def)             Requested size: 69.43796pt x 55.31464pt.
<vertex3.png, id=217, 521.95pt x 404.51125pt>
File: vertex3.png Graphic file (type png)
<use vertex3.png>
Package pdftex.def Info: vertex3.png  used on input line 302.
(pdftex.def)             Requested size: 69.43796pt x 53.81042pt.
File: index_logo.png Graphic file (type png)
<use index_logo.png>
Package pdftex.def Info: index_logo.png  used on input line 302.
(pdftex.def)             Requested size: 42.67912pt x 23.67725pt.
 [5

 <./lfcnc.png> <./vertex1.png> <./vertex2.png> <./vertex3.png>]
<Feyn.png, id=247, 648.4225pt x 451.6875pt>
File: Feyn.png Graphic file (type png)
<use Feyn.png>
Package pdftex.def Info: Feyn.png  used on input line 337.
(pdftex.def)             Requested size: 121.51775pt x 84.64294pt.
LaTeX Font Info:    Font shape `OT1/opensans-TLF/b/n' will be
(Font)              scaled to size 8.0pt on input line 337.
File: index_logo.png Graphic file (type png)
<use index_logo.png>
Package pdftex.def Info: index_logo.png  used on input line 337.
(pdftex.def)             Requested size: 42.67912pt x 23.67725pt.
 [6

 <./Feyn.png>]
<jet_Alg_mtop.png, id=279, 491.58656pt x 318.43968pt>
File: jet_Alg_mtop.png Graphic file (type png)
<use jet_Alg_mtop.png>
Package pdftex.def Info: jet_Alg_mtop.png  used on input line 365.
(pdftex.def)             Requested size: 138.87856pt x 89.95937pt.
<Rec_scheme.png, id=280, 525.46312pt x 358.33875pt>
File: Rec_scheme.png Graphic file (type png)
<use Rec_scheme.png>
Package pdftex.def Info: Rec_scheme.png  used on input line 365.
(pdftex.def)             Requested size: 138.87856pt x 94.7078pt.
File: index_logo.png Graphic file (type png)
<use index_logo.png>
Package pdftex.def Info: index_logo.png  used on input line 365.
(pdftex.def)             Requested size: 42.67912pt x 23.67725pt.
 [7

 <./jet_Alg_mtop.png> <./Rec_scheme.png>]
File: index_logo.png Graphic file (type png)
<use index_logo.png>
Package pdftex.def Info: index_logo.png  used on input line 432.
(pdftex.def)             Requested size: 42.67912pt x 23.67725pt.
 [8

]
<Plots-240/mtop_electron_240.pdf, id=347, 569.12625pt x 388.45125pt>
File: Plots-240/mtop_electron_240.pdf Graphic file (type pdf)
<use Plots-240/mtop_electron_240.pdf>
Package pdftex.def Info: Plots-240/mtop_electron_240.pdf  used on input line 44
3.
(pdftex.def)             Requested size: 138.87592pt x 94.78906pt.
<Plots-240/mtop_muon_240.pdf, id=348, 569.12625pt x 388.45125pt>
File: Plots-240/mtop_muon_240.pdf Graphic file (type pdf)
<use Plots-240/mtop_muon_240.pdf>
Package pdftex.def Info: Plots-240/mtop_muon_240.pdf  used on input line 443.
(pdftex.def)             Requested size: 138.87592pt x 94.78906pt.
<Plots-240/mW_electron_240.pdf, id=349, 569.12625pt x 388.45125pt>
File: Plots-240/mW_electron_240.pdf Graphic file (type pdf)
<use Plots-240/mW_electron_240.pdf>
Package pdftex.def Info: Plots-240/mW_electron_240.pdf  used on input line 443.

(pdftex.def)             Requested size: 138.87592pt x 94.78906pt.
<Plots-240/mW_muon_240.pdf, id=350, 569.12625pt x 388.45125pt>
File: Plots-240/mW_muon_240.pdf Graphic file (type pdf)
<use Plots-240/mW_muon_240.pdf>
Package pdftex.def Info: Plots-240/mW_muon_240.pdf  used on input line 443.
(pdftex.def)             Requested size: 138.87592pt x 94.78906pt.
File: index_logo.png Graphic file (type png)
<use index_logo.png>
Package pdftex.def Info: index_logo.png  used on input line 443.
(pdftex.def)             Requested size: 42.67912pt x 23.67725pt.
 [9

 <./Plots-240/mtop_electron_240.pdf, page is rotated 90 degrees> <./Plots-240/m
top_muon_240.pdf, page is rotated 90 degrees> <./Plots-240/mW_electron_240.pdf,
 page is rotated 90 degrees> <./Plots-240/mW_muon_240.pdf, page is rotated 90 d
egrees>]
<Plots-365/mtop_electron_365.pdf, id=555, 569.12625pt x 388.45125pt>
File: Plots-365/mtop_electron_365.pdf Graphic file (type pdf)
<use Plots-365/mtop_electron_365.pdf>
Package pdftex.def Info: Plots-365/mtop_electron_365.pdf  used on input line 45
2.
(pdftex.def)             Requested size: 138.87592pt x 94.78906pt.
<Plots-365/mtop_muon_365.pdf, id=556, 569.12625pt x 388.45125pt>
File: Plots-365/mtop_muon_365.pdf Graphic file (type pdf)
<use Plots-365/mtop_muon_365.pdf>
Package pdftex.def Info: Plots-365/mtop_muon_365.pdf  used on input line 452.
(pdftex.def)             Requested size: 138.87592pt x 94.78906pt.
<Plots-365/mW_electron_365.pdf, id=557, 569.12625pt x 388.45125pt>
File: Plots-365/mW_electron_365.pdf Graphic file (type pdf)
<use Plots-365/mW_electron_365.pdf>
Package pdftex.def Info: Plots-365/mW_electron_365.pdf  used on input line 452.

(pdftex.def)             Requested size: 138.87592pt x 94.78906pt.
<Plots-365/mW_muon_365.pdf, id=558, 569.12625pt x 388.45125pt>
File: Plots-365/mW_muon_365.pdf Graphic file (type pdf)
<use Plots-365/mW_muon_365.pdf>
Package pdftex.def Info: Plots-365/mW_muon_365.pdf  used on input line 452.
(pdftex.def)             Requested size: 138.87592pt x 94.78906pt.
File: index_logo.png Graphic file (type png)
<use index_logo.png>
Package pdftex.def Info: index_logo.png  used on input line 452.
(pdftex.def)             Requested size: 42.67912pt x 23.67725pt.
 [10

 <./Plots-365/mtop_electron_365.pdf, page is rotated 90 degrees> <./Plots-365/m
top_muon_365.pdf, page is rotated 90 degrees> <./Plots-365/mW_electron_365.pdf,
 page is rotated 90 degrees> <./Plots-365/mW_muon_365.pdf, page is rotated 90 d
egrees>]
<Plots-240/Eratio_electron_240.pdf, id=763, 569.12625pt x 388.45125pt>
File: Plots-240/Eratio_electron_240.pdf Graphic file (type pdf)
<use Plots-240/Eratio_electron_240.pdf>
Package pdftex.def Info: Plots-240/Eratio_electron_240.pdf  used on input line 
476.
(pdftex.def)             Requested size: 111.10115pt x 75.8277pt.
<Plots-240/Ht_electron_240.pdf, id=764, 569.12625pt x 388.45125pt>
File: Plots-240/Ht_electron_240.pdf Graphic file (type pdf)
<use Plots-240/Ht_electron_240.pdf>
Package pdftex.def Info: Plots-240/Ht_electron_240.pdf  used on input line 476.

(pdftex.def)             Requested size: 111.10115pt x 75.8277pt.
<Plots-365/Eratio_electron_365.pdf, id=765, 569.12625pt x 388.45125pt>
File: Plots-365/Eratio_electron_365.pdf Graphic file (type pdf)
<use Plots-365/Eratio_electron_365.pdf>
Package pdftex.def Info: Plots-365/Eratio_electron_365.pdf  used on input line 
476.
(pdftex.def)             Requested size: 111.10115pt x 75.8277pt.
<Plots-365/Ht_electron_365.pdf, id=766, 569.12625pt x 388.45125pt>
File: Plots-365/Ht_electron_365.pdf Graphic file (type pdf)
<use Plots-365/Ht_electron_365.pdf>
Package pdftex.def Info: Plots-365/Ht_electron_365.pdf  used on input line 476.

(pdftex.def)             Requested size: 111.10115pt x 75.8277pt.
File: index_logo.png Graphic file (type png)
<use index_logo.png>
Package pdftex.def Info: index_logo.png  used on input line 476.
(pdftex.def)             Requested size: 42.67912pt x 23.67725pt.
 [11

 <./Plots-240/Eratio_electron_240.pdf, page is rotated 90 degrees> <./Plots-240
/Ht_electron_240.pdf, page is rotated 90 degrees> <./Plots-365/Eratio_electron_
365.pdf, page is rotated 90 degrees> <./Plots-365/Ht_electron_365.pdf, page is 
rotated 90 degrees>]
<Plots-240/pb_electron_240.pdf, id=971, 569.12625pt x 388.45125pt>
File: Plots-240/pb_electron_240.pdf Graphic file (type pdf)
<use Plots-240/pb_electron_240.pdf>
Package pdftex.def Info: Plots-240/pb_electron_240.pdf  used on input line 511.

(pdftex.def)             Requested size: 95.47917pt x 65.16452pt.
<Plots-240/pL_electron_240.pdf, id=972, 569.12625pt x 388.45125pt>
File: Plots-240/pL_electron_240.pdf Graphic file (type pdf)
<use Plots-240/pL_electron_240.pdf>
Package pdftex.def Info: Plots-240/pL_electron_240.pdf  used on input line 511.

(pdftex.def)             Requested size: 95.47917pt x 65.16452pt.
File: Plots-240/Eratio_electron_240.pdf Graphic file (type pdf)
<use Plots-240/Eratio_electron_240.pdf>
Package pdftex.def Info: Plots-240/Eratio_electron_240.pdf  used on input line 
511.
(pdftex.def)             Requested size: 97.2142pt x 66.34998pt.
<Plots-240/met_electron_240.pdf, id=973, 569.12625pt x 388.45125pt>
File: Plots-240/met_electron_240.pdf Graphic file (type pdf)
<use Plots-240/met_electron_240.pdf>
Package pdftex.def Info: Plots-240/met_electron_240.pdf  used on input line 511
.
(pdftex.def)             Requested size: 97.2142pt x 66.34998pt.
<Plots-240/Drlbjet_electron_240.pdf, id=974, 569.12625pt x 388.45125pt>
File: Plots-240/Drlbjet_electron_240.pdf Graphic file (type pdf)
<use Plots-240/Drlbjet_electron_240.pdf>
Package pdftex.def Info: Plots-240/Drlbjet_electron_240.pdf  used on input line
 511.
(pdftex.def)             Requested size: 97.2142pt x 66.34998pt.
File: index_logo.png Graphic file (type png)
<use index_logo.png>
Package pdftex.def Info: index_logo.png  used on input line 511.
(pdftex.def)             Requested size: 42.67912pt x 23.67725pt.
 [12

 <./Plots-240/pb_electron_240.pdf, page is rotated 90 degrees> <./Plots-240/pL_
electron_240.pdf, page is rotated 90 degrees> <./Plots-240/met_electron_240.pdf
, page is rotated 90 degrees> <./Plots-240/Drlbjet_electron_240.pdf, page is ro
tated 90 degrees>]
<Plots-365/pb_electron_365.pdf, id=1180, 569.12625pt x 388.45125pt>
File: Plots-365/pb_electron_365.pdf Graphic file (type pdf)
<use Plots-365/pb_electron_365.pdf>
Package pdftex.def Info: Plots-365/pb_electron_365.pdf  used on input line 547.

(pdftex.def)             Requested size: 92.00648pt x 62.79361pt.
<Plots-365/pL_electron_365.pdf, id=1181, 569.12625pt x 388.45125pt>
File: Plots-365/pL_electron_365.pdf Graphic file (type pdf)
<use Plots-365/pL_electron_365.pdf>
Package pdftex.def Info: Plots-365/pL_electron_365.pdf  used on input line 547.

(pdftex.def)             Requested size: 92.00648pt x 62.79361pt.
File: Plots-365/Eratio_electron_365.pdf Graphic file (type pdf)
<use Plots-365/Eratio_electron_365.pdf>
Package pdftex.def Info: Plots-365/Eratio_electron_365.pdf  used on input line 
547.
(pdftex.def)             Requested size: 97.2142pt x 66.34998pt.
<Plots-365/met_electron_365.pdf, id=1182, 569.12625pt x 388.45125pt>
File: Plots-365/met_electron_365.pdf Graphic file (type pdf)
<use Plots-365/met_electron_365.pdf>
Package pdftex.def Info: Plots-365/met_electron_365.pdf  used on input line 547
.
(pdftex.def)             Requested size: 97.2142pt x 66.34998pt.
<Plots-365/Drlbjet_electron_365.pdf, id=1183, 569.12625pt x 388.45125pt>
File: Plots-365/Drlbjet_electron_365.pdf Graphic file (type pdf)
<use Plots-365/Drlbjet_electron_365.pdf>
Package pdftex.def Info: Plots-365/Drlbjet_electron_365.pdf  used on input line
 547.
(pdftex.def)             Requested size: 97.2142pt x 66.34998pt.
File: index_logo.png Graphic file (type png)
<use index_logo.png>
Package pdftex.def Info: index_logo.png  used on input line 547.
(pdftex.def)             Requested size: 42.67912pt x 23.67725pt.
 [13

 <./Plots-365/pb_electron_365.pdf, page is rotated 90 degrees> <./Plots-365/pL_
electron_365.pdf, page is rotated 90 degrees> <./Plots-365/met_electron_365.pdf
, page is rotated 90 degrees> <./Plots-365/Drlbjet_electron_365.pdf, page is ro
tated 90 degrees>]
File: index_logo.png Graphic file (type png)
<use index_logo.png>
Package pdftex.def Info: index_logo.png  used on input line 583.
(pdftex.def)             Requested size: 42.67912pt x 23.67725pt.
 [14

]
File: index_logo.png Graphic file (type png)
<use index_logo.png>
Package pdftex.def Info: index_logo.png  used on input line 621.
(pdftex.def)             Requested size: 42.67912pt x 23.67725pt.
 [15

]
<tqa_compare.png, id=1449, 700.6175pt x 472.76625pt>
File: tqa_compare.png Graphic file (type png)
<use tqa_compare.png>
Package pdftex.def Info: tqa_compare.png  used on input line 631.
(pdftex.def)             Requested size: 173.59755pt x 117.13805pt.
<tqz_compare.png, id=1450, 700.6175pt x 472.76625pt>
File: tqz_compare.png Graphic file (type png)
<use tqz_compare.png>
Package pdftex.def Info: tqz_compare.png  used on input line 631.
(pdftex.def)             Requested size: 173.59755pt x 117.13805pt.
File: index_logo.png Graphic file (type png)
<use index_logo.png>
Package pdftex.def Info: index_logo.png  used on input line 631.
(pdftex.def)             Requested size: 42.67912pt x 23.67725pt.
 [16

 <./tqa_compare.png> <./tqz_compare.png>]
File: index_logo.png Graphic file (type png)
<use index_logo.png>
Package pdftex.def Info: index_logo.png  used on input line 660.
(pdftex.def)             Requested size: 42.67912pt x 23.67725pt.
 [17

]
<thank3.png, id=1509, 963.6pt x 542.025pt>
File: thank3.png Graphic file (type png)
<use thank3.png>
Package pdftex.def Info: thank3.png  used on input line 664.
(pdftex.def)             Requested size: 208.31918pt x 117.1782pt.
File: index_logo.png Graphic file (type png)
<use index_logo.png>
Package pdftex.def Info: index_logo.png  used on input line 664.
(pdftex.def)             Requested size: 42.67912pt x 23.67725pt.
 [18

 <./thank3.png>]
\tf@nav=\write6
\openout6 = `Top_FCNC.nav'.

\tf@toc=\write7
\openout7 = `Top_FCNC.toc'.

\tf@snm=\write8
\openout8 = `Top_FCNC.snm'.

 (./Top_FCNC.aux)
 ***********
LaTeX2e <2023-11-01> patch level 1
L3 programming layer <2024-01-22>
 ***********
Package rerunfilecheck Info: File `Top_FCNC.out' has not changed.
(rerunfilecheck)             Checksum: 5D1627B3F38A16AC53531612607B1857;1212.
 ) 
Here is how much of TeX's memory you used:
 29397 strings out of 474222
 603832 string characters out of 5748732
 1951975 words of memory out of 5000000
 51008 multiletter control sequences out of 15000+600000
 580291 words of font info for 94 fonts, out of 8000000 for 9000
 1141 hyphenation exceptions out of 8191
 128i,18n,123p,486b,1129s stack positions out of 10000i,1000n,20000p,200000b,200000s
</usr/share/texlive/texmf-dist/fonts/type1/ascender/opensans/OpenSans-Bold.pf
b></usr/share/texlive/texmf-dist/fonts/type1/ascender/opensans/OpenSans-Italic.
pfb></usr/share/texlive/texmf-dist/fonts/type1/ascender/opensans/OpenSans-Regul
ar.pfb></usr/share/texlive/texmf-dist/fonts/type1/public/amsfonts/cm/cmmi10.pfb
></usr/share/texlive/texmf-dist/fonts/type1/public/amsfonts/cm/cmmi5.pfb></usr/
share/texlive/texmf-dist/fonts/type1/public/amsfonts/cm/cmmi7.pfb></usr/share/t
exlive/texmf-dist/fonts/type1/public/amsfonts/cm/cmmi8.pfb></usr/share/texlive/
texmf-dist/fonts/type1/public/amsfonts/cm/cmr10.pfb></usr/share/texlive/texmf-d
ist/fonts/type1/public/amsfonts/cm/cmr6.pfb></usr/share/texlive/texmf-dist/font
s/type1/public/amsfonts/cm/cmr7.pfb></usr/share/texlive/texmf-dist/fonts/type1/
public/amsfonts/cm/cmr8.pfb></usr/share/texlive/texmf-dist/fonts/type1/public/a
msfonts/cm/cmsy10.pfb></usr/share/texlive/texmf-dist/fonts/type1/public/amsfont
s/cm/cmsy5.pfb></usr/share/texlive/texmf-dist/fonts/type1/public/amsfonts/cm/cm
sy6.pfb></usr/share/texlive/texmf-dist/fonts/type1/public/amsfonts/cm/cmsy7.pfb
></usr/share/texlive/texmf-dist/fonts/type1/public/amsfonts/cm/cmsy8.pfb></usr/
share/texlive/texmf-dist/fonts/type1/urw/palatino/uplr8a.pfb></usr/share/texliv
e/texmf-dist/fonts/type1/urw/palatino/uplri8a.pfb>
Output written on Top_FCNC.pdf (18 pages, 1245327 bytes).
PDF statistics:
 1628 PDF objects out of 1728 (max. 8388607)
 958 compressed objects within 10 object streams
 47 named destinations out of 1000 (max. 500000)
 327 words of extra memory for PDF output out of 10000 (max. 10000000)

