This is pdfTeX, Version 3.141592653-2.6-1.40.25 (TeX Live 2023/Debian) (preloaded format=pdflatex 2025.11.27)  9 MAY 2026 22:04
entering extended mode
 restricted \write18 enabled.
 %&-line parsing enabled.
**Hamzeh_Khanpour_top_FCNC_FCCee_enriched_slides_3_19.tex
(./Hamzeh_Khanpour_top_FCNC_FCCee_enriched_slides_3_19.tex
LaTeX2e <2023-11-01> patch level 1
L3 programming layer <2024-01-22>
(/usr/share/texlive/texmf-dist/tex/latex/beamer/beamer.cls
Document Class: beamer 2024/01/06 v3.71 A class for typesetting presentations
(/usr/share/texlive/texmf-dist/tex/latex/beamer/beamerbasemodes.sty
(/usr/share/texlive/texmf-dist/tex/latex/etoolbox/etoolbox.sty
Package: etoolbox 2020/10/05 v2.5k e-TeX tools for LaTeX (JAW)
\etb@tempcnta=\count187
)
\beamer@tempbox=\box51
\beamer@tempcount=\count188
\c@beamerpauses=\count189

(/usr/share/texlive/texmf-dist/tex/latex/beamer/beamerbasedecode.sty
\beamer@slideinframe=\count190
\beamer@minimum=\count191
\beamer@decode@box=\box52
)
\beamer@commentbox=\box53
\beamer@modecount=\count192
)
(/usr/share/texlive/texmf-dist/tex/generic/iftex/iftex.sty
Package: iftex 2022/02/03 v1.0f TeX engine tests
)
\headdp=\dimen140
\footheight=\dimen141
\sidebarheight=\dimen142
\beamer@tempdim=\dimen143
\beamer@finalheight=\dimen144
\beamer@animht=\dimen145
\beamer@animdp=\dimen146
\beamer@animwd=\dimen147
\beamer@leftmargin=\dimen148
\beamer@rightmargin=\dimen149
\beamer@leftsidebar=\dimen150
\beamer@rightsidebar=\dimen151
\beamer@boxsize=\dimen152
\beamer@vboxoffset=\dimen153
\beamer@descdefault=\dimen154
\beamer@descriptionwidth=\dimen155
\beamer@lastskip=\skip48
\beamer@areabox=\box54
\beamer@animcurrent=\box55
\beamer@animshowbox=\box56
\beamer@sectionbox=\box57
\beamer@logobox=\box58
\beamer@linebox=\box59
\beamer@sectioncount=\count193
\beamer@subsubsectionmax=\count194
\beamer@subsectionmax=\count195
\beamer@sectionmax=\count196
\beamer@totalheads=\count197
\beamer@headcounter=\count198
\beamer@partstartpage=\count199
\beamer@sectionstartpage=\count266
\beamer@subsectionstartpage=\count267
\beamer@animationtempa=\count268
\beamer@animationtempb=\count269
\beamer@xpos=\count270
\beamer@ypos=\count271
\beamer@ypos@offset=\count272
\beamer@showpartnumber=\count273
\beamer@currentsubsection=\count274
\beamer@coveringdepth=\count275
\beamer@sectionadjust=\count276
\beamer@toclastsection=\count277
\beamer@tocsectionnumber=\count278

(/usr/share/texlive/texmf-dist/tex/latex/beamer/beamerbaseoptions.sty
(/usr/share/texlive/texmf-dist/tex/latex/graphics/keyval.sty
Package: keyval 2022/05/29 v1.15 key=value parser (DPC)
\KV@toks@=\toks17
))
\beamer@paperwidth=\skip49
\beamer@paperheight=\skip50

(/usr/share/texlive/texmf-dist/tex/latex/geometry/geometry.sty
Package: geometry 2020/01/02 v5.9 Page Geometry

(/usr/share/texlive/texmf-dist/tex/generic/iftex/ifvtex.sty
Package: ifvtex 2019/10/25 v1.7 ifvtex legacy package. Use iftex instead.
)
\Gm@cnth=\count279
\Gm@cntv=\count280
\c@Gm@tempcnt=\count281
\Gm@bindingoffset=\dimen156
\Gm@wd@mp=\dimen157
\Gm@odd@mp=\dimen158
\Gm@even@mp=\dimen159
\Gm@layoutwidth=\dimen160
\Gm@layoutheight=\dimen161
\Gm@layouthoffset=\dimen162
\Gm@layoutvoffset=\dimen163
\Gm@dimlist=\toks18
)
(/usr/share/texlive/texmf-dist/tex/latex/pgf/math/pgfmath.sty
(/usr/share/texlive/texmf-dist/tex/latex/pgf/utilities/pgfrcs.sty
(/usr/share/texlive/texmf-dist/tex/generic/pgf/utilities/pgfutil-common.tex
\pgfutil@everybye=\toks19
\pgfutil@tempdima=\dimen164
\pgfutil@tempdimb=\dimen165
)
(/usr/share/texlive/texmf-dist/tex/generic/pgf/utilities/pgfutil-latex.def
\pgfutil@abb=\box60
)
(/usr/share/texlive/texmf-dist/tex/generic/pgf/utilities/pgfrcs.code.tex
(/usr/share/texlive/texmf-dist/tex/generic/pgf/pgf.revision.tex)
Package: pgfrcs 2023-01-15 v3.1.10 (3.1.10)
))
(/usr/share/texlive/texmf-dist/tex/latex/pgf/utilities/pgfkeys.sty
(/usr/share/texlive/texmf-dist/tex/generic/pgf/utilities/pgfkeys.code.tex
\pgfkeys@pathtoks=\toks20
\pgfkeys@temptoks=\toks21

(/usr/share/texlive/texmf-dist/tex/generic/pgf/utilities/pgfkeyslibraryfiltered
.code.tex
\pgfkeys@tmptoks=\toks22
)))
(/usr/share/texlive/texmf-dist/tex/generic/pgf/math/pgfmath.code.tex
(/usr/share/texlive/texmf-dist/tex/generic/pgf/math/pgfmathutil.code.tex
\pgf@x=\dimen166
\pgf@xa=\dimen167
\pgf@xb=\dimen168
\pgf@xc=\dimen169
\pgf@y=\dimen170
\pgf@ya=\dimen171
\pgf@yb=\dimen172
\pgf@yc=\dimen173
\c@pgf@counta=\count282
\c@pgf@countb=\count283
\c@pgf@countc=\count284
\c@pgf@countd=\count285
)
(/usr/share/texlive/texmf-dist/tex/generic/pgf/math/pgfmathparser.code.tex
\pgfmath@dimen=\dimen174
\pgfmath@count=\count286
\pgfmath@box=\box61
\pgfmath@toks=\toks23
\pgfmath@stack@operand=\toks24
\pgfmath@stack@operation=\toks25
)
(/usr/share/texlive/texmf-dist/tex/generic/pgf/math/pgfmathfunctions.code.tex)
(/usr/share/texlive/texmf-dist/tex/generic/pgf/math/pgfmathfunctions.basic.code
.tex)
(/usr/share/texlive/texmf-dist/tex/generic/pgf/math/pgfmathfunctions.trigonomet
ric.code.tex)
(/usr/share/texlive/texmf-dist/tex/generic/pgf/math/pgfmathfunctions.random.cod
e.tex)
(/usr/share/texlive/texmf-dist/tex/generic/pgf/math/pgfmathfunctions.comparison
.code.tex)
(/usr/share/texlive/texmf-dist/tex/generic/pgf/math/pgfmathfunctions.base.code.
tex)
(/usr/share/texlive/texmf-dist/tex/generic/pgf/math/pgfmathfunctions.round.code
.tex)
(/usr/share/texlive/texmf-dist/tex/generic/pgf/math/pgfmathfunctions.misc.code.
tex)
(/usr/share/texlive/texmf-dist/tex/generic/pgf/math/pgfmathfunctions.integerari
thmetics.code.tex)
(/usr/share/texlive/texmf-dist/tex/generic/pgf/math/pgfmathcalc.code.tex)
(/usr/share/texlive/texmf-dist/tex/generic/pgf/math/pgfmathfloat.code.tex
\c@pgfmathroundto@lastzeros=\count287
)))
(/usr/share/texlive/texmf-dist/tex/latex/base/size10.clo
File: size10.clo 2023/05/17 v1.4n Standard LaTeX file (size option)
)
(/usr/share/texlive/texmf-dist/tex/latex/pgf/basiclayer/pgfcore.sty
(/usr/share/texlive/texmf-dist/tex/latex/graphics/graphicx.sty
Package: graphicx 2021/09/16 v1.2d Enhanced LaTeX Graphics (DPC,SPQR)

(/usr/share/texlive/texmf-dist/tex/latex/graphics/graphics.sty
Package: graphics 2022/03/10 v1.4e Standard LaTeX Graphics (DPC,SPQR)

(/usr/share/texlive/texmf-dist/tex/latex/graphics/trig.sty
Package: trig 2021/08/11 v1.11 sin cos tan (DPC)
)
(/usr/share/texlive/texmf-dist/tex/latex/graphics-cfg/graphics.cfg
File: graphics.cfg 2016/06/04 v1.11 sample graphics configuration
)
Package graphics Info: Driver file: pdftex.def on input line 107.

(/usr/share/texlive/texmf-dist/tex/latex/graphics-def/pdftex.def
File: pdftex.def 2022/09/22 v1.2b Graphics/color driver for pdftex
))
\Gin@req@height=\dimen175
\Gin@req@width=\dimen176
)
(/usr/share/texlive/texmf-dist/tex/latex/pgf/systemlayer/pgfsys.sty
(/usr/share/texlive/texmf-dist/tex/generic/pgf/systemlayer/pgfsys.code.tex
Package: pgfsys 2023-01-15 v3.1.10 (3.1.10)
\pgf@x=\dimen177
\pgf@y=\dimen178
\pgf@xa=\dimen179
\pgf@ya=\dimen180
\pgf@xb=\dimen181
\pgf@yb=\dimen182
\pgf@xc=\dimen183
\pgf@yc=\dimen184
\pgf@xd=\dimen185
\pgf@yd=\dimen186
\w@pgf@writea=\write3
\r@pgf@reada=\read2
\c@pgf@counta=\count288
\c@pgf@countb=\count289
\c@pgf@countc=\count290
\c@pgf@countd=\count291
\t@pgf@toka=\toks26
\t@pgf@tokb=\toks27
\t@pgf@tokc=\toks28
\pgf@sys@id@count=\count292

(/usr/share/texlive/texmf-dist/tex/generic/pgf/systemlayer/pgf.cfg
File: pgf.cfg 2023-01-15 v3.1.10 (3.1.10)
)
Driver file for pgf: pgfsys-pdftex.def

(/usr/share/texlive/texmf-dist/tex/generic/pgf/systemlayer/pgfsys-pdftex.def
File: pgfsys-pdftex.def 2023-01-15 v3.1.10 (3.1.10)

(/usr/share/texlive/texmf-dist/tex/generic/pgf/systemlayer/pgfsys-common-pdf.de
f
File: pgfsys-common-pdf.def 2023-01-15 v3.1.10 (3.1.10)
)))
(/usr/share/texlive/texmf-dist/tex/generic/pgf/systemlayer/pgfsyssoftpath.code.
tex
File: pgfsyssoftpath.code.tex 2023-01-15 v3.1.10 (3.1.10)
\pgfsyssoftpath@smallbuffer@items=\count293
\pgfsyssoftpath@bigbuffer@items=\count294
)
(/usr/share/texlive/texmf-dist/tex/generic/pgf/systemlayer/pgfsysprotocol.code.
tex
File: pgfsysprotocol.code.tex 2023-01-15 v3.1.10 (3.1.10)
)) (/usr/share/texlive/texmf-dist/tex/latex/xcolor/xcolor.sty
Package: xcolor 2023/11/15 v3.01 LaTeX color extensions (UK)

(/usr/share/texlive/texmf-dist/tex/latex/graphics-cfg/color.cfg
File: color.cfg 2016/01/02 v1.6 sample color configuration
)
Package xcolor Info: Driver file: pdftex.def on input line 274.

(/usr/share/texlive/texmf-dist/tex/latex/graphics/mathcolor.ltx)
Package xcolor Info: Model `cmy' substituted by `cmy0' on input line 1350.
Package xcolor Info: Model `hsb' substituted by `rgb' on input line 1354.
Package xcolor Info: Model `RGB' extended on input line 1366.
Package xcolor Info: Model `HTML' substituted by `rgb' on input line 1368.
Package xcolor Info: Model `Hsb' substituted by `hsb' on input line 1369.
Package xcolor Info: Model `tHsb' substituted by `hsb' on input line 1370.
Package xcolor Info: Model `HSB' substituted by `hsb' on input line 1371.
Package xcolor Info: Model `Gray' substituted by `gray' on input line 1372.
Package xcolor Info: Model `wave' substituted by `hsb' on input line 1373.
)
(/usr/share/texlive/texmf-dist/tex/generic/pgf/basiclayer/pgfcore.code.tex
Package: pgfcore 2023-01-15 v3.1.10 (3.1.10)

(/usr/share/texlive/texmf-dist/tex/generic/pgf/math/pgfint.code.tex)
(/usr/share/texlive/texmf-dist/tex/generic/pgf/basiclayer/pgfcorepoints.code.te
x
File: pgfcorepoints.code.tex 2023-01-15 v3.1.10 (3.1.10)
\pgf@picminx=\dimen187
\pgf@picmaxx=\dimen188
\pgf@picminy=\dimen189
\pgf@picmaxy=\dimen190
\pgf@pathminx=\dimen191
\pgf@pathmaxx=\dimen192
\pgf@pathminy=\dimen193
\pgf@pathmaxy=\dimen194
\pgf@xx=\dimen195
\pgf@xy=\dimen196
\pgf@yx=\dimen197
\pgf@yy=\dimen198
\pgf@zx=\dimen199
\pgf@zy=\dimen256
)
(/usr/share/texlive/texmf-dist/tex/generic/pgf/basiclayer/pgfcorepathconstruct.
code.tex
File: pgfcorepathconstruct.code.tex 2023-01-15 v3.1.10 (3.1.10)
\pgf@path@lastx=\dimen257
\pgf@path@lasty=\dimen258
)
(/usr/share/texlive/texmf-dist/tex/generic/pgf/basiclayer/pgfcorepathusage.code
.tex
File: pgfcorepathusage.code.tex 2023-01-15 v3.1.10 (3.1.10)
\pgf@shorten@end@additional=\dimen259
\pgf@shorten@start@additional=\dimen260
)
(/usr/share/texlive/texmf-dist/tex/generic/pgf/basiclayer/pgfcorescopes.code.te
x
File: pgfcorescopes.code.tex 2023-01-15 v3.1.10 (3.1.10)
\pgfpic=\box62
\pgf@hbox=\box63
\pgf@layerbox@main=\box64
\pgf@picture@serial@count=\count295
)
(/usr/share/texlive/texmf-dist/tex/generic/pgf/basiclayer/pgfcoregraphicstate.c
ode.tex
File: pgfcoregraphicstate.code.tex 2023-01-15 v3.1.10 (3.1.10)
\pgflinewidth=\dimen261
)
(/usr/share/texlive/texmf-dist/tex/generic/pgf/basiclayer/pgfcoretransformation
s.code.tex
File: pgfcoretransformations.code.tex 2023-01-15 v3.1.10 (3.1.10)
\pgf@pt@x=\dimen262
\pgf@pt@y=\dimen263
\pgf@pt@temp=\dimen264
)
(/usr/share/texlive/texmf-dist/tex/generic/pgf/basiclayer/pgfcorequick.code.tex
File: pgfcorequick.code.tex 2023-01-15 v3.1.10 (3.1.10)
)
(/usr/share/texlive/texmf-dist/tex/generic/pgf/basiclayer/pgfcoreobjects.code.t
ex
File: pgfcoreobjects.code.tex 2023-01-15 v3.1.10 (3.1.10)
)
(/usr/share/texlive/texmf-dist/tex/generic/pgf/basiclayer/pgfcorepathprocessing
.code.tex
File: pgfcorepathprocessing.code.tex 2023-01-15 v3.1.10 (3.1.10)
)
(/usr/share/texlive/texmf-dist/tex/generic/pgf/basiclayer/pgfcorearrows.code.te
x
File: pgfcorearrows.code.tex 2023-01-15 v3.1.10 (3.1.10)
\pgfarrowsep=\dimen265
)
(/usr/share/texlive/texmf-dist/tex/generic/pgf/basiclayer/pgfcoreshade.code.tex
File: pgfcoreshade.code.tex 2023-01-15 v3.1.10 (3.1.10)
\pgf@max=\dimen266
\pgf@sys@shading@range@num=\count296
\pgf@shadingcount=\count297
)
(/usr/share/texlive/texmf-dist/tex/generic/pgf/basiclayer/pgfcoreimage.code.tex
File: pgfcoreimage.code.tex 2023-01-15 v3.1.10 (3.1.10)
)
(/usr/share/texlive/texmf-dist/tex/generic/pgf/basiclayer/pgfcoreexternal.code.
tex
File: pgfcoreexternal.code.tex 2023-01-15 v3.1.10 (3.1.10)
\pgfexternal@startupbox=\box65
)
(/usr/share/texlive/texmf-dist/tex/generic/pgf/basiclayer/pgfcorelayers.code.te
x
File: pgfcorelayers.code.tex 2023-01-15 v3.1.10 (3.1.10)
)
(/usr/share/texlive/texmf-dist/tex/generic/pgf/basiclayer/pgfcoretransparency.c
ode.tex
File: pgfcoretransparency.code.tex 2023-01-15 v3.1.10 (3.1.10)
)
(/usr/share/texlive/texmf-dist/tex/generic/pgf/basiclayer/pgfcorepatterns.code.
tex
File: pgfcorepatterns.code.tex 2023-01-15 v3.1.10 (3.1.10)
)
(/usr/share/texlive/texmf-dist/tex/generic/pgf/basiclayer/pgfcorerdf.code.tex
File: pgfcorerdf.code.tex 2023-01-15 v3.1.10 (3.1.10)
))) (/usr/share/texlive/texmf-dist/tex/latex/pgf/utilities/xxcolor.sty
Package: xxcolor 2003/10/24 ver 0.1
\XC@nummixins=\count298
\XC@countmixins=\count299
)
(/usr/share/texlive/texmf-dist/tex/latex/base/atbegshi-ltx.sty
Package: atbegshi-ltx 2021/01/10 v1.0c Emulation of the original atbegshi
package with kernel methods
)
(/usr/share/texlive/texmf-dist/tex/latex/hyperref/hyperref.sty
Package: hyperref 2024-01-20 v7.01h Hypertext links for LaTeX

(/usr/share/texlive/texmf-dist/tex/latex/kvsetkeys/kvsetkeys.sty
Package: kvsetkeys 2022-10-05 v1.19 Key value parser (HO)
)
(/usr/share/texlive/texmf-dist/tex/generic/kvdefinekeys/kvdefinekeys.sty
Package: kvdefinekeys 2019-12-19 v1.6 Define keys (HO)
)
(/usr/share/texlive/texmf-dist/tex/generic/pdfescape/pdfescape.sty
Package: pdfescape 2019/12/09 v1.15 Implements pdfTeX's escape features (HO)

(/usr/share/texlive/texmf-dist/tex/generic/ltxcmds/ltxcmds.sty
Package: ltxcmds 2023-12-04 v1.26 LaTeX kernel commands for general use (HO)
)
(/usr/share/texlive/texmf-dist/tex/generic/pdftexcmds/pdftexcmds.sty
Package: pdftexcmds 2020-06-27 v0.33 Utility functions of pdfTeX for LuaTeX (HO
)

(/usr/share/texlive/texmf-dist/tex/generic/infwarerr/infwarerr.sty
Package: infwarerr 2019/12/03 v1.5 Providing info/warning/error messages (HO)
)
Package pdftexcmds Info: \pdf@primitive is available.
Package pdftexcmds Info: \pdf@ifprimitive is available.
Package pdftexcmds Info: \pdfdraftmode found.
))
(/usr/share/texlive/texmf-dist/tex/latex/hycolor/hycolor.sty
Package: hycolor 2020-01-27 v1.10 Color options for hyperref/bookmark (HO)
)
(/usr/share/texlive/texmf-dist/tex/latex/auxhook/auxhook.sty
Package: auxhook 2019-12-17 v1.6 Hooks for auxiliary files (HO)
)
(/usr/share/texlive/texmf-dist/tex/latex/hyperref/nameref.sty
Package: nameref 2023-11-26 v2.56 Cross-referencing by name of section

(/usr/share/texlive/texmf-dist/tex/latex/refcount/refcount.sty
Package: refcount 2019/12/15 v3.6 Data extraction from label references (HO)
)
(/usr/share/texlive/texmf-dist/tex/generic/gettitlestring/gettitlestring.sty
Package: gettitlestring 2019/12/15 v1.6 Cleanup title references (HO)

(/usr/share/texlive/texmf-dist/tex/latex/kvoptions/kvoptions.sty
Package: kvoptions 2022-06-15 v3.15 Key value format for package options (HO)
))
\c@section@level=\count300
)
\@linkdim=\dimen267
\Hy@linkcounter=\count301
\Hy@pagecounter=\count302

(/usr/share/texlive/texmf-dist/tex/latex/hyperref/pd1enc.def
File: pd1enc.def 2024-01-20 v7.01h Hyperref: PDFDocEncoding definition (HO)
Now handling font encoding PD1 ...
... no UTF-8 mapping file for font encoding PD1
)
(/usr/share/texlive/texmf-dist/tex/generic/intcalc/intcalc.sty
Package: intcalc 2019/12/15 v1.3 Expandable calculations with integers (HO)
)
\Hy@SavedSpaceFactor=\count303

(/usr/share/texlive/texmf-dist/tex/latex/hyperref/puenc.def
File: puenc.def 2024-01-20 v7.01h Hyperref: PDF Unicode definition (HO)
Now handling font encoding PU ...
... no UTF-8 mapping file for font encoding PU
)
Package hyperref Info: Option `bookmarks' set `true' on input line 4062.
Package hyperref Info: Option `bookmarksopen' set `true' on input line 4062.
Package hyperref Info: Option `implicit' set `false' on input line 4062.
Package hyperref Info: Hyper figures OFF on input line 4179.
Package hyperref Info: Link nesting OFF on input line 4184.
Package hyperref Info: Hyper index ON on input line 4187.
Package hyperref Info: Plain pages OFF on input line 4194.
Package hyperref Info: Backreferencing OFF on input line 4199.
Package hyperref Info: Implicit mode OFF; no redefinition of LaTeX internals.
Package hyperref Info: Bookmarks ON on input line 4446.
\c@Hy@tempcnt=\count304

(/usr/share/texlive/texmf-dist/tex/latex/url/url.sty
\Urlmuskip=\muskip16
Package: url 2013/09/16  ver 3.4  Verb mode for urls, etc.
)
LaTeX Info: Redefining \url on input line 4784.
\XeTeXLinkMargin=\dimen268

(/usr/share/texlive/texmf-dist/tex/generic/bitset/bitset.sty
Package: bitset 2019/12/09 v1.3 Handle bit-vector datatype (HO)

(/usr/share/texlive/texmf-dist/tex/generic/bigintcalc/bigintcalc.sty
Package: bigintcalc 2019/12/15 v1.5 Expandable calculations on big integers (HO
)
))
\Fld@menulength=\count305
\Field@Width=\dimen269
\Fld@charsize=\dimen270
Package hyperref Info: Hyper figures OFF on input line 6063.
Package hyperref Info: Link nesting OFF on input line 6068.
Package hyperref Info: Hyper index ON on input line 6071.
Package hyperref Info: backreferencing OFF on input line 6078.
Package hyperref Info: Link coloring OFF on input line 6083.
Package hyperref Info: Link coloring with OCG OFF on input line 6088.
Package hyperref Info: PDF/A mode OFF on input line 6093.
\Hy@abspage=\count306


Package hyperref Message: Stopped early.

)
Package hyperref Info: Driver (autodetected): hpdftex.
 (/usr/share/texlive/texmf-dist/tex/latex/hyperref/hpdftex.def
File: hpdftex.def 2024-01-20 v7.01h Hyperref driver for pdfTeX

(/usr/share/texlive/texmf-dist/tex/latex/base/atveryend-ltx.sty
Package: atveryend-ltx 2020/08/19 v1.0a Emulation of the original atveryend pac
kage
with kernel methods
)
\Fld@listcount=\count307
\c@bookmark@seq@number=\count308

(/usr/share/texlive/texmf-dist/tex/latex/rerunfilecheck/rerunfilecheck.sty
Package: rerunfilecheck 2022-07-10 v1.10 Rerun checks for auxiliary files (HO)

(/usr/share/texlive/texmf-dist/tex/generic/uniquecounter/uniquecounter.sty
Package: uniquecounter 2019/12/15 v1.4 Provide unlimited unique counter (HO)
)
Package uniquecounter Info: New unique counter `rerunfilecheck' on input line 2
85.
))
(/usr/share/texlive/texmf-dist/tex/latex/beamer/beamerbaserequires.sty
(/usr/share/texlive/texmf-dist/tex/latex/beamer/beamerbasecompatibility.sty)
(/usr/share/texlive/texmf-dist/tex/latex/beamer/beamerbasefont.sty
(/usr/share/texlive/texmf-dist/tex/latex/amsfonts/amssymb.sty
Package: amssymb 2013/01/14 v3.01 AMS font symbols

(/usr/share/texlive/texmf-dist/tex/latex/amsfonts/amsfonts.sty
Package: amsfonts 2013/01/14 v3.01 Basic AMSFonts support
\@emptytoks=\toks29
\symAMSa=\mathgroup4
\symAMSb=\mathgroup5
LaTeX Font Info:    Redeclaring math symbol \hbar on input line 98.
LaTeX Font Info:    Overwriting math alphabet `\mathfrak' in version `bold'
(Font)                  U/euf/m/n --> U/euf/b/n on input line 106.
))
(/usr/share/texlive/texmf-dist/tex/latex/sansmathaccent/sansmathaccent.sty
Package: sansmathaccent 2020/01/31

(/usr/share/texlive/texmf-dist/tex/latex/koma-script/scrlfile.sty
Package: scrlfile 2023/07/07 v3.41 KOMA-Script package (file load hooks)

(/usr/share/texlive/texmf-dist/tex/latex/koma-script/scrlfile-hook.sty
Package: scrlfile-hook 2023/07/07 v3.41 KOMA-Script package (using LaTeX hooks)


(/usr/share/texlive/texmf-dist/tex/latex/koma-script/scrlogo.sty
Package: scrlogo 2023/07/07 v3.41 KOMA-Script package (logo)
)))))
(/usr/share/texlive/texmf-dist/tex/latex/beamer/beamerbasetranslator.sty
(/usr/share/texlive/texmf-dist/tex/latex/translator/translator.sty
Package: translator 2021-05-31 v1.12d Easy translation of strings in LaTeX
))
(/usr/share/texlive/texmf-dist/tex/latex/beamer/beamerbasemisc.sty)
(/usr/share/texlive/texmf-dist/tex/latex/beamer/beamerbasetwoscreens.sty)
(/usr/share/texlive/texmf-dist/tex/latex/beamer/beamerbaseoverlay.sty
\beamer@argscount=\count309
\beamer@lastskipcover=\skip51
\beamer@trivlistdepth=\count310
)
(/usr/share/texlive/texmf-dist/tex/latex/beamer/beamerbasetitle.sty)
(/usr/share/texlive/texmf-dist/tex/latex/beamer/beamerbasesection.sty
\c@lecture=\count311
\c@part=\count312
\c@section=\count313
\c@subsection=\count314
\c@subsubsection=\count315
)
(/usr/share/texlive/texmf-dist/tex/latex/beamer/beamerbaseframe.sty
\beamer@framebox=\box66
\beamer@frametitlebox=\box67
\beamer@zoombox=\box68
\beamer@zoomcount=\count316
\beamer@zoomframecount=\count317
\beamer@frametextheight=\dimen271
\c@subsectionslide=\count318
\beamer@frametopskip=\skip52
\beamer@framebottomskip=\skip53
\beamer@frametopskipautobreak=\skip54
\beamer@framebottomskipautobreak=\skip55
\beamer@envbody=\toks30
\framewidth=\dimen272
\c@framenumber=\count319
)
(/usr/share/texlive/texmf-dist/tex/latex/beamer/beamerbaseverbatim.sty
\beamer@verbatimfileout=\write4
)
(/usr/share/texlive/texmf-dist/tex/latex/beamer/beamerbaseframesize.sty
\beamer@splitbox=\box69
\beamer@autobreakcount=\count320
\beamer@autobreaklastheight=\dimen273
\beamer@frametitletoks=\toks31
\beamer@framesubtitletoks=\toks32
)
(/usr/share/texlive/texmf-dist/tex/latex/beamer/beamerbaseframecomponents.sty
\beamer@footins=\box70
)
(/usr/share/texlive/texmf-dist/tex/latex/beamer/beamerbasecolor.sty)
(/usr/share/texlive/texmf-dist/tex/latex/beamer/beamerbasenotes.sty
\beamer@frameboxcopy=\box71
)
(/usr/share/texlive/texmf-dist/tex/latex/beamer/beamerbasetoc.sty)
(/usr/share/texlive/texmf-dist/tex/latex/beamer/beamerbasetemplates.sty
\beamer@sbttoks=\toks33

(/usr/share/texlive/texmf-dist/tex/latex/beamer/beamerbaseauxtemplates.sty
(/usr/share/texlive/texmf-dist/tex/latex/beamer/beamerbaseboxes.sty
\bmb@box=\box72
\bmb@colorbox=\box73
\bmb@boxwidth=\dimen274
\bmb@boxheight=\dimen275
\bmb@prevheight=\dimen276
\bmb@temp=\dimen277
\bmb@dima=\dimen278
\bmb@dimb=\dimen279
\bmb@prevheight=\dimen280
)
\beamer@blockheadheight=\dimen281
))
(/usr/share/texlive/texmf-dist/tex/latex/beamer/beamerbaselocalstructure.sty
(/usr/share/texlive/texmf-dist/tex/latex/tools/enumerate.sty
Package: enumerate 2023/07/04 v3.00 enumerate extensions (DPC)
\@enLab=\toks34
)
\beamer@bibiconwidth=\skip56
\c@figure=\count321
\c@table=\count322
\abovecaptionskip=\skip57
\belowcaptionskip=\skip58
)
(/usr/share/texlive/texmf-dist/tex/latex/beamer/beamerbasenavigation.sty
(/usr/share/texlive/texmf-dist/tex/latex/beamer/beamerbasenavigationsymbols.tex
)
\beamer@section@min@dim=\dimen282
) (/usr/share/texlive/texmf-dist/tex/latex/beamer/beamerbasetheorems.sty
(/usr/share/texlive/texmf-dist/tex/latex/amsmath/amsmath.sty
Package: amsmath 2023/05/13 v2.17o AMS math features
\@mathmargin=\skip59

For additional information on amsmath, use the `?' option.
(/usr/share/texlive/texmf-dist/tex/latex/amsmath/amstext.sty
Package: amstext 2021/08/26 v2.01 AMS text

(/usr/share/texlive/texmf-dist/tex/latex/amsmath/amsgen.sty
File: amsgen.sty 1999/11/30 v2.0 generic functions
\@emptytoks=\toks35
\ex@=\dimen283
))
(/usr/share/texlive/texmf-dist/tex/latex/amsmath/amsbsy.sty
Package: amsbsy 1999/11/29 v1.2d Bold Symbols
\pmbraise@=\dimen284
)
(/usr/share/texlive/texmf-dist/tex/latex/amsmath/amsopn.sty
Package: amsopn 2022/04/08 v2.04 operator names
)
\inf@bad=\count323
LaTeX Info: Redefining \frac on input line 234.
\uproot@=\count324
\leftroot@=\count325
LaTeX Info: Redefining \overline on input line 399.
LaTeX Info: Redefining \colon on input line 410.
\classnum@=\count326
\DOTSCASE@=\count327
LaTeX Info: Redefining \ldots on input line 496.
LaTeX Info: Redefining \dots on input line 499.
LaTeX Info: Redefining \cdots on input line 620.
\Mathstrutbox@=\box74
\strutbox@=\box75
LaTeX Info: Redefining \big on input line 722.
LaTeX Info: Redefining \Big on input line 723.
LaTeX Info: Redefining \bigg on input line 724.
LaTeX Info: Redefining \Bigg on input line 725.
\big@size=\dimen285
LaTeX Font Info:    Redeclaring font encoding OML on input line 743.
LaTeX Font Info:    Redeclaring font encoding OMS on input line 744.
\macc@depth=\count328
LaTeX Info: Redefining \bmod on input line 905.
LaTeX Info: Redefining \pmod on input line 910.
LaTeX Info: Redefining \smash on input line 940.
LaTeX Info: Redefining \relbar on input line 970.
LaTeX Info: Redefining \Relbar on input line 971.
\c@MaxMatrixCols=\count329
\dotsspace@=\muskip17
\c@parentequation=\count330
\dspbrk@lvl=\count331
\tag@help=\toks36
\row@=\count332
\column@=\count333
\maxfields@=\count334
\andhelp@=\toks37
\eqnshift@=\dimen286
\alignsep@=\dimen287
\tagshift@=\dimen288
\tagwidth@=\dimen289
\totwidth@=\dimen290
\lineht@=\dimen291
\@envbody=\toks38
\multlinegap=\skip60
\multlinetaggap=\skip61
\mathdisplay@stack=\toks39
LaTeX Info: Redefining \[ on input line 2953.
LaTeX Info: Redefining \] on input line 2954.
)
(/usr/share/texlive/texmf-dist/tex/latex/amscls/amsthm.sty
Package: amsthm 2020/05/29 v2.20.6
\thm@style=\toks40
\thm@bodyfont=\toks41
\thm@headfont=\toks42
\thm@notefont=\toks43
\thm@headpunct=\toks44
\thm@preskip=\skip62
\thm@postskip=\skip63
\thm@headsep=\skip64
\dth@everypar=\toks45
)
\c@theorem=\count335
)
(/usr/share/texlive/texmf-dist/tex/latex/beamer/beamerbasethemes.sty))
(/usr/share/texlive/texmf-dist/tex/latex/beamer/beamerthemedefault.sty
(/usr/share/texlive/texmf-dist/tex/latex/beamer/beamerfontthemedefault.sty)
(/usr/share/texlive/texmf-dist/tex/latex/beamer/beamercolorthemedefault.sty)
(/usr/share/texlive/texmf-dist/tex/latex/beamer/beamerinnerthemedefault.sty
\beamer@dima=\dimen292
\beamer@dimb=\dimen293
)
(/usr/share/texlive/texmf-dist/tex/latex/beamer/beamerouterthemedefault.sty)))
(/usr/share/texlive/texmf-dist/tex/generic/babel/babel.sty
Package: babel 2024/01/07 v24.1 The Babel package
\babel@savecnt=\count336
\U@D=\dimen294
\l@unhyphenated=\language89

(/usr/share/texlive/texmf-dist/tex/generic/babel/txtbabel.def)
\bbl@readstream=\read3
LaTeX Info: Redefining \textlatin on input line 3986.
\bbl@dirlevel=\count337

(/usr/share/texlive/texmf-dist/tex/generic/babel-english/english.ldf
Language: english 2017/06/06 v3.3r English support from the babel system
Package babel Info: Hyphen rules for 'canadian' set to \l@english
(babel)             (\language0). Reported on input line 102.
Package babel Info: Hyphen rules for 'australian' set to \l@ukenglish
(babel)             (\language28). Reported on input line 105.
Package babel Info: Hyphen rules for 'newzealand' set to \l@ukenglish
(babel)             (\language28). Reported on input line 108.
))
(/usr/share/texlive/texmf-dist/tex/generic/babel/locale/en/babel-english.tex
Package babel Info: Importing font and identification data for english
(babel)             from babel-en.ini. Reported on input line 11.
)
(/usr/share/texlive/texmf-dist/tex/latex/base/fontenc.sty
Package: fontenc 2021/04/29 v2.0v Standard LaTeX package
)
(/usr/share/texlive/texmf-dist/tex/latex/base/inputenc.sty
Package: inputenc 2021/02/14 v1.3d Input encoding file
\inpenc@prehook=\toks46
\inpenc@posthook=\toks47
)
(/usr/share/texmf/tex/latex/lm/lmodern.sty
Package: lmodern 2015/05/01 v1.6.1 Latin Modern Fonts
LaTeX Font Info:    Overwriting symbol font `operators' in version `normal'
(Font)                  OT1/cmr/m/n --> OT1/lmr/m/n on input line 22.
LaTeX Font Info:    Overwriting symbol font `letters' in version `normal'
(Font)                  OML/cmm/m/it --> OML/lmm/m/it on input line 23.
LaTeX Font Info:    Overwriting symbol font `symbols' in version `normal'
(Font)                  OMS/cmsy/m/n --> OMS/lmsy/m/n on input line 24.
LaTeX Font Info:    Overwriting symbol font `largesymbols' in version `normal'
(Font)                  OMX/cmex/m/n --> OMX/lmex/m/n on input line 25.
LaTeX Font Info:    Overwriting symbol font `operators' in version `bold'
(Font)                  OT1/cmr/bx/n --> OT1/lmr/bx/n on input line 26.
LaTeX Font Info:    Overwriting symbol font `letters' in version `bold'
(Font)                  OML/cmm/b/it --> OML/lmm/b/it on input line 27.
LaTeX Font Info:    Overwriting symbol font `symbols' in version `bold'
(Font)                  OMS/cmsy/b/n --> OMS/lmsy/b/n on input line 28.
LaTeX Font Info:    Overwriting symbol font `largesymbols' in version `bold'
(Font)                  OMX/cmex/m/n --> OMX/lmex/m/n on input line 29.
LaTeX Font Info:    Overwriting math alphabet `\mathbf' in version `normal'
(Font)                  OT1/cmr/bx/n --> OT1/lmr/bx/n on input line 31.
LaTeX Font Info:    Overwriting math alphabet `\mathsf' in version `normal'
(Font)                  OT1/cmss/m/n --> OT1/lmss/m/n on input line 32.
LaTeX Font Info:    Overwriting math alphabet `\mathit' in version `normal'
(Font)                  OT1/cmr/m/it --> OT1/lmr/m/it on input line 33.
LaTeX Font Info:    Overwriting math alphabet `\mathtt' in version `normal'
(Font)                  OT1/cmtt/m/n --> OT1/lmtt/m/n on input line 34.
LaTeX Font Info:    Overwriting math alphabet `\mathbf' in version `bold'
(Font)                  OT1/cmr/bx/n --> OT1/lmr/bx/n on input line 35.
LaTeX Font Info:    Overwriting math alphabet `\mathsf' in version `bold'
(Font)                  OT1/cmss/bx/n --> OT1/lmss/bx/n on input line 36.
LaTeX Font Info:    Overwriting math alphabet `\mathit' in version `bold'
(Font)                  OT1/cmr/bx/it --> OT1/lmr/bx/it on input line 37.
LaTeX Font Info:    Overwriting math alphabet `\mathtt' in version `bold'
(Font)                  OT1/cmtt/m/n --> OT1/lmtt/m/n on input line 38.
)
\sympureletters=\mathgroup6
LaTeX Font Info:    Overwriting symbol font `pureletters' in version `bold'
(Font)                  OT1/mathkerncmss/m/sl --> OT1/mathkerncmss/bx/sl on inp
ut line 15.

(/usr/share/texlive/texmf-dist/tex/latex/tools/bm.sty
Package: bm 2023/07/08 v1.2f Bold Symbol Support (DPC/FMi)
\symboldoperators=\mathgroup7
\symboldletters=\mathgroup8
\symboldsymbols=\mathgroup9
Package bm Info: No bold for \OMX/lmex/m/n, using \pmb.
Package bm Info: No bold for \U/msa/m/n, using \pmb.
Package bm Info: No bold for \U/msb/m/n, using \pmb.
\symboldpureletters=\mathgroup10
LaTeX Font Info:    Redeclaring math alphabet \mathbf on input line 149.
)
(/usr/share/texlive/texmf-dist/tex/latex/tools/array.sty
Package: array 2023/10/16 v2.5g Tabular extension package (FMi)
\col@sep=\dimen295
\ar@mcellbox=\box76
\extrarowheight=\dimen296
\NC@list=\toks48
\extratabsurround=\skip65
\backup@length=\skip66
\ar@cellbox=\box77
)
(/usr/share/texlive/texmf-dist/tex/latex/booktabs/booktabs.sty
Package: booktabs 2020/01/12 v1.61803398 Publication quality tables
\heavyrulewidth=\dimen297
\lightrulewidth=\dimen298
\cmidrulewidth=\dimen299
\belowrulesep=\dimen300
\belowbottomsep=\dimen301
\aboverulesep=\dimen302
\abovetopsep=\dimen303
\cmidrulesep=\dimen304
\cmidrulekern=\dimen305
\defaultaddspace=\dimen306
\@cmidla=\count338
\@cmidlb=\count339
\@aboverulesep=\dimen307
\@belowrulesep=\dimen308
\@thisruleclass=\count340
\@lastruleclass=\count341
\@thisrulewidth=\dimen309
)
(/usr/share/texlive/texmf-dist/tex/latex/multirow/multirow.sty
Package: multirow 2021/03/15 v2.8 Span multiple rows of a table
\multirow@colwidth=\skip67
\multirow@cntb=\count342
\multirow@dima=\skip68
\bigstrutjot=\dimen310
)
(/usr/share/texlive/texmf-dist/tex/latex/ragged2e/ragged2e.sty
Package: ragged2e 2023/06/22 v3.6 ragged2e Package
\CenteringLeftskip=\skip69
\RaggedLeftLeftskip=\skip70
\RaggedRightLeftskip=\skip71
\CenteringRightskip=\skip72
\RaggedLeftRightskip=\skip73
\RaggedRightRightskip=\skip74
\CenteringParfillskip=\skip75
\RaggedLeftParfillskip=\skip76
\RaggedRightParfillskip=\skip77
\JustifyingParfillskip=\skip78
\CenteringParindent=\skip79
\RaggedLeftParindent=\skip80
\RaggedRightParindent=\skip81
\JustifyingParindent=\skip82
)
(/usr/share/texlive/texmf-dist/tex/latex/pgf/frontendlayer/tikz.sty
(/usr/share/texlive/texmf-dist/tex/latex/pgf/basiclayer/pgf.sty
Package: pgf 2023-01-15 v3.1.10 (3.1.10)

(/usr/share/texlive/texmf-dist/tex/generic/pgf/modules/pgfmoduleshapes.code.tex
File: pgfmoduleshapes.code.tex 2023-01-15 v3.1.10 (3.1.10)
\pgfnodeparttextbox=\box78
) (/usr/share/texlive/texmf-dist/tex/generic/pgf/modules/pgfmoduleplot.code.tex
File: pgfmoduleplot.code.tex 2023-01-15 v3.1.10 (3.1.10)
)
(/usr/share/texlive/texmf-dist/tex/latex/pgf/compatibility/pgfcomp-version-0-65
.sty
Package: pgfcomp-version-0-65 2023-01-15 v3.1.10 (3.1.10)
\pgf@nodesepstart=\dimen311
\pgf@nodesepend=\dimen312
)
(/usr/share/texlive/texmf-dist/tex/latex/pgf/compatibility/pgfcomp-version-1-18
.sty
Package: pgfcomp-version-1-18 2023-01-15 v3.1.10 (3.1.10)
)) (/usr/share/texlive/texmf-dist/tex/latex/pgf/utilities/pgffor.sty
(/usr/share/texlive/texmf-dist/tex/generic/pgf/utilities/pgffor.code.tex
Package: pgffor 2023-01-15 v3.1.10 (3.1.10)
\pgffor@iter=\dimen313
\pgffor@skip=\dimen314
\pgffor@stack=\toks49
\pgffor@toks=\toks50
))
(/usr/share/texlive/texmf-dist/tex/generic/pgf/frontendlayer/tikz/tikz.code.tex
Package: tikz 2023-01-15 v3.1.10 (3.1.10)

(/usr/share/texlive/texmf-dist/tex/generic/pgf/libraries/pgflibraryplothandlers
.code.tex
File: pgflibraryplothandlers.code.tex 2023-01-15 v3.1.10 (3.1.10)
\pgf@plot@mark@count=\count343
\pgfplotmarksize=\dimen315
)
\tikz@lastx=\dimen316
\tikz@lasty=\dimen317
\tikz@lastxsaved=\dimen318
\tikz@lastysaved=\dimen319
\tikz@lastmovetox=\dimen320
\tikz@lastmovetoy=\dimen321
\tikzleveldistance=\dimen322
\tikzsiblingdistance=\dimen323
\tikz@figbox=\box79
\tikz@figbox@bg=\box80
\tikz@tempbox=\box81
\tikz@tempbox@bg=\box82
\tikztreelevel=\count344
\tikznumberofchildren=\count345
\tikznumberofcurrentchild=\count346
\tikz@fig@count=\count347

(/usr/share/texlive/texmf-dist/tex/generic/pgf/modules/pgfmodulematrix.code.tex
File: pgfmodulematrix.code.tex 2023-01-15 v3.1.10 (3.1.10)
\pgfmatrixcurrentrow=\count348
\pgfmatrixcurrentcolumn=\count349
\pgf@matrix@numberofcolumns=\count350
)
\tikz@expandcount=\count351

(/usr/share/texlive/texmf-dist/tex/generic/pgf/frontendlayer/tikz/libraries/tik
zlibrarytopaths.code.tex
File: tikzlibrarytopaths.code.tex 2023-01-15 v3.1.10 (3.1.10)
)))
(/usr/share/texlive/texmf-dist/tex/latex/tools/tabularx.sty
Package: tabularx 2023/07/08 v2.11c `tabularx' package (DPC)
\TX@col@width=\dimen324
\TX@old@table=\dimen325
\TX@old@col=\dimen326
\TX@target=\dimen327
\TX@delta=\dimen328
\TX@cols=\count352
\TX@ftn=\toks51
)
(/usr/share/texlive/texmf-dist/tex/latex/tcolorbox/tcolorbox.sty
Package: tcolorbox 2024/01/10 version 6.2.0 text color boxes

(/usr/share/texlive/texmf-dist/tex/latex/tools/verbatim.sty
Package: verbatim 2023-11-06 v1.5v LaTeX2e package for verbatim enhancements
\every@verbatim=\toks52
\verbatim@line=\toks53
\verbatim@in@stream=\read4
)
(/usr/share/texlive/texmf-dist/tex/latex/environ/environ.sty
Package: environ 2014/05/04 v0.3 A new way to define environments

(/usr/share/texlive/texmf-dist/tex/latex/trimspaces/trimspaces.sty
Package: trimspaces 2009/09/17 v1.1 Trim spaces around a token list
))
\tcb@titlebox=\box83
\tcb@upperbox=\box84
\tcb@lowerbox=\box85
\tcb@phantombox=\box86
\c@tcbbreakpart=\count353
\c@tcblayer=\count354
\c@tcolorbox@number=\count355
\l__tcobox_tmpa_box=\box87
\l__tcobox_tmpa_dim=\dimen329
\tcb@temp=\box88
\tcb@temp=\box89
\tcb@temp=\box90
\tcb@temp=\box91
)
(/usr/share/texlive/texmf-dist/tex/generic/pgf/libraries/pgflibraryarrows.meta.
code.tex
File: pgflibraryarrows.meta.code.tex 2023-01-15 v3.1.10 (3.1.10)
\pgfarrowinset=\dimen330
\pgfarrowlength=\dimen331
\pgfarrowwidth=\dimen332
\pgfarrowlinewidth=\dimen333
)
(/usr/share/texlive/texmf-dist/tex/generic/pgf/frontendlayer/tikz/libraries/tik
zlibrarydecorations.markings.code.tex
(/usr/share/texlive/texmf-dist/tex/generic/pgf/frontendlayer/tikz/libraries/tik
zlibrarydecorations.code.tex
(/usr/share/texlive/texmf-dist/tex/generic/pgf/modules/pgfmoduledecorations.cod
e.tex
\pgfdecoratedcompleteddistance=\dimen334
\pgfdecoratedremainingdistance=\dimen335
\pgfdecoratedinputsegmentcompleteddistance=\dimen336
\pgfdecoratedinputsegmentremainingdistance=\dimen337
\pgf@decorate@distancetomove=\dimen338
\pgf@decorate@repeatstate=\count356
\pgfdecorationsegmentamplitude=\dimen339
\pgfdecorationsegmentlength=\dimen340
)
\tikz@lib@dec@box=\box92
)
(/usr/share/texlive/texmf-dist/tex/generic/pgf/libraries/decorations/pgflibrary
decorations.markings.code.tex))
(/usr/share/texlive/texmf-dist/tex/generic/pgf/frontendlayer/tikz/libraries/tik
zlibrarydecorations.pathmorphing.code.tex
(/usr/share/texlive/texmf-dist/tex/generic/pgf/libraries/decorations/pgflibrary
decorations.pathmorphing.code.tex))
(/usr/share/texlive/texmf-dist/tex/generic/pgf/frontendlayer/tikz/libraries/tik
zlibrarycalc.code.tex
File: tikzlibrarycalc.code.tex 2023-01-15 v3.1.10 (3.1.10)
)
(/usr/share/texlive/texmf-dist/tex/generic/pgf/frontendlayer/tikz/libraries/tik
zlibrarypositioning.code.tex
File: tikzlibrarypositioning.code.tex 2023-01-15 v3.1.10 (3.1.10)
)
(/usr/share/texlive/texmf-dist/tex/generic/pgf/frontendlayer/tikz/libraries/tik
zlibraryshapes.geometric.code.tex
File: tikzlibraryshapes.geometric.code.tex 2023-01-15 v3.1.10 (3.1.10)

(/usr/share/texlive/texmf-dist/tex/generic/pgf/libraries/shapes/pgflibraryshape
s.geometric.code.tex
File: pgflibraryshapes.geometric.code.tex 2023-01-15 v3.1.10 (3.1.10)
))
(/usr/share/texlive/texmf-dist/tex/generic/pgf/frontendlayer/tikz/libraries/tik
zlibraryfit.code.tex
File: tikzlibraryfit.code.tex 2023-01-15 v3.1.10 (3.1.10)
)
Package hyperref Info: Option `colorlinks' set `true' on input line 46.
 (./beamerthemeAGH.sty
Package: beamerthemeAGH 2024/02/03

(/usr/share/texlive/texmf-dist/tex/latex/base/ifthen.sty
Package: ifthen 2022/04/13 v1.1d Standard LaTeX ifthen package (DPC)
)
\coloredlinesskip=\dimen341
\leftedgeskip=\dimen342
\textleftmargin=\dimen343
\textrightmargin=\dimen344

(/usr/share/texlive/texmf-dist/tex/latex/beamer/beamerinnerthemerounded.sty)
(/usr/share/texlive/texmf-dist/tex/latex/beamer/beamerouterthemeinfolines.sty)
(./beamercolorthemeAGH.sty
Package: beamercolorthemeAGH 2024/02/02
))

Package hyperref Warning: Token not allowed in a PDF string (Unicode):
(hyperref)                removing `\color' on input line 119.

LaTeX Font Info:    Trying to load font information for T1+lmss on input line 1
19.
(/usr/share/texmf/tex/latex/lm/t1lmss.fd
File: t1lmss.fd 2015/05/01 v1.6.1 Font defs for Latin Modern
)
(/usr/share/texlive/texmf-dist/tex/latex/l3backend/l3backend-pdftex.def
File: l3backend-pdftex.def 2024-01-04 L3 backend support: PDF output (pdfTeX)
\l__color_backend_stack_int=\count357
\l__pdf_internal_box=\box93
)
(./Hamzeh_Khanpour_top_FCNC_FCCee_enriched_slides_3_19.aux)
\openout1 = `Hamzeh_Khanpour_top_FCNC_FCCee_enriched_slides_3_19.aux'.

LaTeX Font Info:    Checking defaults for OML/cmm/m/it on input line 119.
LaTeX Font Info:    ... okay on input line 119.
LaTeX Font Info:    Checking defaults for OMS/cmsy/m/n on input line 119.
LaTeX Font Info:    ... okay on input line 119.
LaTeX Font Info:    Checking defaults for OT1/cmr/m/n on input line 119.
LaTeX Font Info:    ... okay on input line 119.
LaTeX Font Info:    Checking defaults for T1/cmr/m/n on input line 119.
LaTeX Font Info:    ... okay on input line 119.
LaTeX Font Info:    Checking defaults for TS1/cmr/m/n on input line 119.
LaTeX Font Info:    ... okay on input line 119.
LaTeX Font Info:    Checking defaults for OMX/cmex/m/n on input line 119.
LaTeX Font Info:    ... okay on input line 119.
LaTeX Font Info:    Checking defaults for U/cmr/m/n on input line 119.
LaTeX Font Info:    ... okay on input line 119.
LaTeX Font Info:    Checking defaults for PD1/pdf/m/n on input line 119.
LaTeX Font Info:    ... okay on input line 119.
LaTeX Font Info:    Checking defaults for PU/pdf/m/n on input line 119.
LaTeX Font Info:    ... okay on input line 119.

*geometry* driver: auto-detecting
*geometry* detected driver: pdftex
*geometry* verbose mode - [ preamble ] result:
* driver: pdftex
* paper: custom
* layout: <same size as paper>
* layoutoffset:(h,v)=(0.0pt,0.0pt)
* modes: includehead includefoot 
* h-part:(L,W,R)=(49.9878pt, 355.2685pt, 49.9878pt)
* v-part:(T,H,B)=(0.0pt, 284.52756pt, 0.0pt)
* \paperwidth=455.24408pt
* \paperheight=284.52756pt
* \textwidth=355.2685pt
* \textheight=256.07483pt
* \oddsidemargin=-22.2822pt
* \evensidemargin=-22.2822pt
* \topmargin=-72.26999pt
* \headheight=14.22636pt
* \headsep=0.0pt
* \topskip=10.0pt
* \footskip=14.22636pt
* \marginparwidth=3.0pt
* \marginparsep=11.0pt
* \columnsep=10.0pt
* \skip\footins=9.0pt plus 4.0pt minus 2.0pt
* \hoffset=0.0pt
* \voffset=0.0pt
* \mag=1000
* \@twocolumnfalse
* \@twosidefalse
* \@mparswitchfalse
* \@reversemarginfalse
* (1in=72.27pt=25.4mm, 1cm=28.453pt)

(/usr/share/texlive/texmf-dist/tex/context/base/mkii/supp-pdf.mkii
[Loading MPS to PDF converter (version 2006.09.02).]
\scratchcounter=\count358
\scratchdimen=\dimen345
\scratchbox=\box94
\nofMPsegments=\count359
\nofMParguments=\count360
\everyMPshowfont=\toks54
\MPscratchCnt=\count361
\MPscratchDim=\dimen346
\MPnumerator=\count362
\makeMPintoPDFobject=\count363
\everyMPtoPDFconversion=\toks55
) (/usr/share/texlive/texmf-dist/tex/latex/epstopdf-pkg/epstopdf-base.sty
Package: epstopdf-base 2020-01-24 v2.11 Base part for package epstopdf
Package epstopdf-base Info: Redefining graphics rule for `.eps' on input line 4
85.

(/usr/share/texlive/texmf-dist/tex/latex/latexconfig/epstopdf-sys.cfg
File: epstopdf-sys.cfg 2010/07/13 v1.3 Configuration of (r)epstopdf for TeX Liv
e
))
Package hyperref Info: Link coloring ON on input line 119.

(./Hamzeh_Khanpour_top_FCNC_FCCee_enriched_slides_3_19.out)
(./Hamzeh_Khanpour_top_FCNC_FCCee_enriched_slides_3_19.out)
\@outlinefile=\write5
\openout5 = `Hamzeh_Khanpour_top_FCNC_FCCee_enriched_slides_3_19.out'.

LaTeX Font Info:    Overwriting symbol font `operators' in version `normal'
(Font)                  OT1/lmr/m/n --> OT1/cmss/m/n on input line 119.
LaTeX Font Info:    Overwriting symbol font `operators' in version `bold'
(Font)                  OT1/lmr/bx/n --> OT1/cmss/b/n on input line 119.
LaTeX Font Info:    Overwriting symbol font `operators' in version `normal'
(Font)                  OT1/cmss/m/n --> OT1/lmss/m/n on input line 119.
LaTeX Font Info:    Overwriting symbol font `operators' in version `bold'
(Font)                  OT1/cmss/b/n --> OT1/lmss/b/n on input line 119.
\symnumbers=\mathgroup11
LaTeX Font Info:    Redeclaring symbol font `pureletters' on input line 119.
LaTeX Font Info:    Encoding `OT1' has changed to `T1' for symbol font
(Font)              `pureletters' in the math version `normal' on input line 11
9.
LaTeX Font Info:    Overwriting symbol font `pureletters' in version `normal'
(Font)                  OT1/mathkerncmss/m/sl --> T1/lmss/m/it on input line 11
9.
LaTeX Font Info:    Encoding `OT1' has changed to `T1' for symbol font
(Font)              `pureletters' in the math version `bold' on input line 119.

LaTeX Font Info:    Overwriting symbol font `pureletters' in version `bold'
(Font)                  OT1/mathkerncmss/bx/sl --> T1/lmss/m/it on input line 1
19.
LaTeX Font Info:    Overwriting math alphabet `\mathrm' in version `normal'
(Font)                  OT1/lmss/m/n --> T1/lmr/m/n on input line 119.
LaTeX Font Info:    Redeclaring math alphabet \mathbf on input line 119.
LaTeX Font Info:    Redeclaring math alphabet \mathsf on input line 119.
LaTeX Font Info:    Overwriting math alphabet `\mathsf' in version `normal'
(Font)                  OT1/lmss/m/n --> T1/lmss/m/n on input line 119.
LaTeX Font Info:    Overwriting math alphabet `\mathsf' in version `bold'
(Font)                  OT1/lmss/bx/n --> T1/lmss/m/n on input line 119.
LaTeX Font Info:    Redeclaring math alphabet \mathit on input line 119.
LaTeX Font Info:    Overwriting math alphabet `\mathit' in version `normal'
(Font)                  OT1/lmr/m/it --> T1/lmss/m/it on input line 119.
LaTeX Font Info:    Overwriting math alphabet `\mathit' in version `bold'
(Font)                  OT1/lmr/bx/it --> T1/lmss/m/it on input line 119.
LaTeX Font Info:    Redeclaring math alphabet \mathtt on input line 119.
LaTeX Font Info:    Overwriting math alphabet `\mathtt' in version `normal'
(Font)                  OT1/lmtt/m/n --> T1/lmtt/m/n on input line 119.
LaTeX Font Info:    Overwriting math alphabet `\mathtt' in version `bold'
(Font)                  OT1/lmtt/m/n --> T1/lmtt/m/n on input line 119.
LaTeX Font Info:    Overwriting symbol font `numbers' in version `bold'
(Font)                  T1/lmss/m/n --> T1/lmss/b/n on input line 119.
LaTeX Font Info:    Overwriting symbol font `pureletters' in version `bold'
(Font)                  T1/lmss/m/it --> T1/lmss/b/it on input line 119.
LaTeX Font Info:    Overwriting math alphabet `\mathrm' in version `bold'
(Font)                  OT1/lmss/b/n --> T1/lmr/b/n on input line 119.
LaTeX Font Info:    Overwriting math alphabet `\mathbf' in version `bold'
(Font)                  T1/lmss/b/n --> T1/lmss/b/n on input line 119.
LaTeX Font Info:    Overwriting math alphabet `\mathsf' in version `bold'
(Font)                  T1/lmss/m/n --> T1/lmss/b/n on input line 119.
LaTeX Font Info:    Overwriting math alphabet `\mathit' in version `bold'
(Font)                  T1/lmss/m/it --> T1/lmss/b/it on input line 119.
LaTeX Font Info:    Overwriting math alphabet `\mathtt' in version `bold'
(Font)                  T1/lmtt/m/n --> T1/lmtt/b/n on input line 119.
LaTeX Font Info:    Redeclaring symbol font `boldpureletters' on input line 119
.
LaTeX Font Info:    Encoding `OT1' has changed to `T1' for symbol font
(Font)              `boldpureletters' in the math version `normal' on input lin
e 119.
LaTeX Font Info:    Overwriting symbol font `boldpureletters' in version `norma
l'
(Font)                  OT1/mathkerncmss/bx/sl --> T1/lmss/bx/it on input line 
119.
LaTeX Font Info:    Encoding `OT1' has changed to `T1' for symbol font
(Font)              `boldpureletters' in the math version `bold' on input line 
119.
LaTeX Font Info:    Overwriting symbol font `boldpureletters' in version `bold'

(Font)                  OT1/mathkerncmss/bx/sl --> T1/lmss/bx/it on input line 
119.

(/usr/share/texlive/texmf-dist/tex/latex/translator/translator-basic-dictionary
-English.dict
Dictionary: translator-basic-dictionary, Language: English 
)
(/usr/share/texlive/texmf-dist/tex/latex/translator/translator-bibliography-dic
tionary-English.dict
Dictionary: translator-bibliography-dictionary, Language: English 
)
(/usr/share/texlive/texmf-dist/tex/latex/translator/translator-environment-dict
ionary-English.dict
Dictionary: translator-environment-dictionary, Language: English 
)
(/usr/share/texlive/texmf-dist/tex/latex/translator/translator-months-dictionar
y-English.dict
Dictionary: translator-months-dictionary, Language: English 
)
(/usr/share/texlive/texmf-dist/tex/latex/translator/translator-numbers-dictiona
ry-English.dict
Dictionary: translator-numbers-dictionary, Language: English 
)
(/usr/share/texlive/texmf-dist/tex/latex/translator/translator-theorem-dictiona
ry-English.dict
Dictionary: translator-theorem-dictionary, Language: English 
)
..................................................................
You are using the AGH beamer theme created by Stanislaw Polak
Version: 1.6.1, Feb 2024
..................................................................
(./Hamzeh_Khanpour_top_FCNC_FCCee_enriched_slides_3_19.nav)
<FCC.jpg, id=31, 637.38126pt x 282.05376pt>
File: FCC.jpg Graphic file (type jpg)
<use FCC.jpg>
Package pdftex.def Info: FCC.jpg  used on input line 144.
(pdftex.def)             Requested size: 86.78099pt x 38.39839pt.
LaTeX Font Info:    Trying to load font information for OT1+lmss on input line 
144.

(/usr/share/texmf/tex/latex/lm/ot1lmss.fd
File: ot1lmss.fd 2015/05/01 v1.6.1 Font defs for Latin Modern
)
LaTeX Font Info:    Trying to load font information for OML+lmm on input line 1
44.

(/usr/share/texmf/tex/latex/lm/omllmm.fd
File: omllmm.fd 2015/05/01 v1.6.1 Font defs for Latin Modern
)
LaTeX Font Info:    Trying to load font information for OMS+lmsy on input line 
144.

(/usr/share/texmf/tex/latex/lm/omslmsy.fd
File: omslmsy.fd 2015/05/01 v1.6.1 Font defs for Latin Modern
)
LaTeX Font Info:    Trying to load font information for OMX+lmex on input line 
144.

(/usr/share/texmf/tex/latex/lm/omxlmex.fd
File: omxlmex.fd 2015/05/01 v1.6.1 Font defs for Latin Modern
)
LaTeX Font Info:    External font `lmex10' loaded for size
(Font)              <10> on input line 144.
LaTeX Font Info:    External font `lmex10' loaded for size
(Font)              <7> on input line 144.
LaTeX Font Info:    External font `lmex10' loaded for size
(Font)              <5> on input line 144.
LaTeX Font Info:    Trying to load font information for U+msa on input line 144
.

(/usr/share/texlive/texmf-dist/tex/latex/amsfonts/umsa.fd
File: umsa.fd 2013/01/14 v3.01 AMS symbols A
)
LaTeX Font Info:    Trying to load font information for U+msb on input line 144
.

(/usr/share/texlive/texmf-dist/tex/latex/amsfonts/umsb.fd
File: umsb.fd 2013/01/14 v3.01 AMS symbols B
)
LaTeX Font Info:    Font shape `T1/lmss/m/it' in size <10> not available
(Font)              Font shape `T1/lmss/m/sl' tried instead on input line 144.
LaTeX Font Info:    Font shape `T1/lmss/m/it' in size <7> not available
(Font)              Font shape `T1/lmss/m/sl' tried instead on input line 144.
LaTeX Font Info:    Font shape `T1/lmss/m/it' in size <5> not available
(Font)              Font shape `T1/lmss/m/sl' tried instead on input line 144.
LaTeX Font Info:    Trying to load font information for OT1+lmr on input line 1
44.

(/usr/share/texmf/tex/latex/lm/ot1lmr.fd
File: ot1lmr.fd 2015/05/01 v1.6.1 Font defs for Latin Modern
)
LaTeX Font Info:    Font shape `T1/lmss/bx/it' in size <10> not available
(Font)              Font shape `T1/lmss/bx/sl' tried instead on input line 144.

LaTeX Font Info:    Font shape `T1/lmss/bx/it' in size <7> not available
(Font)              Font shape `T1/lmss/bx/sl' tried instead on input line 144.

LaTeX Font Info:    Font shape `T1/lmss/bx/it' in size <5> not available
(Font)              Font shape `T1/lmss/bx/sl' tried instead on input line 144.

 [1{/var/lib/texmf/fonts/map/pdftex/updmap/pdftex.map}{/usr/share/texmf/fonts/e
nc/dvips/lm/lm-ec.enc}

 <./FCC.jpg>]
LaTeX Font Info:    External font `lmex10' loaded for size
(Font)              <9> on input line 176.
LaTeX Font Info:    External font `lmex10' loaded for size
(Font)              <6> on input line 176.
LaTeX Font Info:    Font shape `T1/lmss/m/it' in size <9> not available
(Font)              Font shape `T1/lmss/m/sl' tried instead on input line 176.
LaTeX Font Info:    Font shape `T1/lmss/m/it' in size <6> not available
(Font)              Font shape `T1/lmss/m/sl' tried instead on input line 176.
LaTeX Font Info:    Font shape `T1/lmss/bx/it' in size <9> not available
(Font)              Font shape `T1/lmss/bx/sl' tried instead on input line 176.

LaTeX Font Info:    Font shape `T1/lmss/bx/it' in size <6> not available
(Font)              Font shape `T1/lmss/bx/sl' tried instead on input line 176.


[2

{/usr/share/texmf/fonts/enc/dvips/lm/lm-mathit.enc}]

Package hyperref Warning: Token not allowed in a PDF string (Unicode):
(hyperref)                removing `\color' on input line 184.


Underfull \hbox (badness 10000) in paragraph at lines 222--222
[]|\T1/lmss/m/n/7 Precision ob-serv-ables +
 []


Underfull \hbox (badness 4686) in paragraph at lines 222--222
\T1/lmss/m/n/7 rare/forbidden pro-cesses + later
 []

LaTeX Font Info:    External font `lmex10' loaded for size
(Font)              <8> on input line 222.
LaTeX Font Info:    Font shape `T1/lmss/m/it' in size <8> not available
(Font)              Font shape `T1/lmss/m/sl' tried instead on input line 222.
LaTeX Font Info:    Font shape `T1/lmss/bx/it' in size <8> not available
(Font)              Font shape `T1/lmss/bx/sl' tried instead on input line 222.

[3

{/usr/share/texmf/fonts/enc/dvips/lm/lm-mathsy.enc}]
File: FCC.jpg Graphic file (type jpg)
<use FCC.jpg>
Package pdftex.def Info: FCC.jpg  used on input line 257.
(pdftex.def)             Requested size: 131.37613pt x 58.13556pt.

(/usr/share/texmf/tex/latex/lm/t1lmr.fd)
Underfull \hbox (badness 10000) in paragraph at lines 257--257
[]|\T1/lmss/m/n/7 Precision/intensity
 []


Underfull \hbox (badness 10000) in paragraph at lines 257--257
[]|\T1/lmss/m/n/7 Core out-
 []


Underfull \hbox (badness 3536) in paragraph at lines 257--257
[]|$\T1/lmss/m/sl/7 Z$\T1/lmss/m/n/7 , $\T1/lmss/m/sl/7 WW$\T1/lmss/m/n/7 , $\T
1/lmss/m/sl/7 ZH$\T1/lmss/m/n/7 , $\T1/lmss/m/sl/7 t[]$
 []


Underfull \hbox (badness 5696) in paragraph at lines 257--257
[]|\T1/lmss/m/n/7 direct BSM reach,
 []


Underfull \hbox (badness 10000) in paragraph at lines 257--257
[]|\T1/lmss/m/n/7 absolute $\OML/lmm/m/it/7 ^^T[]$\T1/lmss/m/n/7 , $\OT1/lmss/m
/n/7 ^^@[]$\T1/lmss/m/n/7 ,
 []


Underfull \hbox (badness 2359) in paragraph at lines 257--257
[]|\T1/lmss/m/n/7 high-energy com-ple-
 []

[4

{/usr/share/texmf/fonts/enc/dvips/lm/lm-rm.enc}] [5

]
<Fig1_2505.00272.png, id=204, 1599.9775pt x 883.3pt>
File: Fig1_2505.00272.png Graphic file (type png)
<use Fig1_2505.00272.png>
Package pdftex.def Info: Fig1_2505.00272.png  used on input line 338.
(pdftex.def)             Requested size: 124.2032pt x 68.56287pt.
<FCC_ee_1.png, id=205, 1541.76pt x 1027.84pt>
File: FCC_ee_1.png Graphic file (type png)
<use FCC_ee_1.png>
Package pdftex.def Info: FCC_ee_1.png  used on input line 338.
(pdftex.def)             Requested size: 124.2032pt x 82.79349pt.

Underfull \hbox (badness 2103) in paragraph at lines 338--338
[]|\T1/lmss/m/n/7 EW, flavour,
 []

[6

 <./Fig1_2505.00272.png> <./FCC_ee_1.png (PNG copy)>]
Underfull \hbox (badness 3536) in paragraph at lines 382--382
[]|\T1/lmss/m/n/7 inclusive $\OML/lmm/m/it/7 ^^[\OT1/lmss/m/n/7 (\T1/lmss/m/sl/
7 ZH\OT1/lmss/m/n/7 )$\T1/lmss/m/n/7 , Higgs branch-ing
 []

[7

]
Underfull \hbox (badness 10000) in paragraph at lines 403--403
[]|\T1/lmss/m/n/7 Representative pre-ci-sion /
 []


Underfull \hbox (badness 1325) in paragraph at lines 403--403
[]|\T1/lmss/m/n/7 keV/sub-MeV and $\OMS/lmsy/m/n/7 O\OT1/lmss/m/n/7 (\T1/lmss/m
/n/7 10[]\OT1/lmss/m/n/7 )$
 []


Underfull \hbox (badness 8075) in paragraph at lines 403--403
[]|\T1/lmss/m/n/7 SMEFT, rare de-cays, LLPs,
 []


Underfull \hbox (badness 3302) in paragraph at lines 403--403
[]|\T1/lmss/m/n/7 clean ini-tial state, huge
 []

[8

]
Underfull \hbox (badness 10000) in paragraph at lines 434--434
[]|$\OMS/lmsy/m/n/7 ^^X
 []


Underfull \hbox (badness 10000) in paragraph at lines 434--434
\T1/lmss/m/n/7 190\OMS/lmsy/m/n/7 ^^B$
 []


Underfull \hbox (badness 10000) in paragraph at lines 434--434
[]|$\T1/lmss/m/n/7 1\OML/lmm/m/it/7 :\T1/lmss/m/n/7 2 \OMS/lmsy/m/n/7 ^^B \T1/l
mss/m/n/7 10[]$
 []


Underfull \hbox (badness 10000) in paragraph at lines 434--434
[]|$\OMS/lmsy/m/n/7 ^^X
 []


Underfull \hbox (badness 10000) in paragraph at lines 434--434
[]|$\T1/lmss/m/n/7 0\OML/lmm/m/it/7 :\T1/lmss/m/n/7 25\OML/lmm/m/it/7 =\T1/lmss
/m/n/7 0\OML/lmm/m/it/7 :\T1/lmss/m/n/7 3 \OMS/lmsy/m/n/7 ^^B
 []


Underfull \hbox (badness 10000) in paragraph at lines 434--434
[]|$\OML/lmm/m/it/7 >
 []


Underfull \hbox (badness 10000) in paragraph at lines 434--434
[]|$\T1/lmss/m/n/7 0\OML/lmm/m/it/7 :\T1/lmss/m/n/7 09\OML/lmm/m/it/7 =\T1/lmss
/m/n/7 0\OML/lmm/m/it/7 :\T1/lmss/m/n/7 12 \OMS/lmsy/m/n/7 ^^B
 []

LaTeX Font Info:    External font `lmex10' loaded for size
(Font)              <14.4> on input line 434.
LaTeX Font Info:    Font shape `T1/lmss/m/it' in size <14.4> not available
(Font)              Font shape `T1/lmss/m/sl' tried instead on input line 434.
LaTeX Font Info:    Font shape `T1/lmss/bx/it' in size <14.4> not available
(Font)              Font shape `T1/lmss/bx/sl' tried instead on input line 434.

[9

] [10

] [11

]
<arXiv-2505.00272v1/Physics/PhysicsCase/Figs/circos_FCCee_nomargin_newFSR.pdf, 
id=363, 2619.7875pt x 2810.5pt>
File: arXiv-2505.00272v1/Physics/PhysicsCase/Figs/circos_FCCee_nomargin_newFSR.
pdf Graphic file (type pdf)
<use arXiv-2505.00272v1/Physics/PhysicsCase/Figs/circos_FCCee_nomargin_newFSR.p
df>
Package pdftex.def Info: arXiv-2505.00272v1/Physics/PhysicsCase/Figs/circos_FCC
ee_nomargin_newFSR.pdf  used on input line 526.
(pdftex.def)             Requested size: 146.22722pt x 156.87231pt.
 [12

 <./arXiv-2505.00272v1/Physics/PhysicsCase/Figs/circos_FCCee_nomargin_newFSR.pd
f>]
<arXiv-2505.00272v1/Physics/DetectorRequirements/Figs/HiggsRecoil_IDEA_IDEAL_2T
_3T_CLD_mumu_mrec.pdf, id=402, 569.12625pt x 555.07375pt>
File: arXiv-2505.00272v1/Physics/DetectorRequirements/Figs/HiggsRecoil_IDEA_IDE
AL_2T_3T_CLD_mumu_mrec.pdf Graphic file (type pdf)
<use arXiv-2505.00272v1/Physics/DetectorRequirements/Figs/HiggsRecoil_IDEA_IDEA
L_2T_3T_CLD_mumu_mrec.pdf>
Package pdftex.def Info: arXiv-2505.00272v1/Physics/DetectorRequirements/Figs/H
iggsRecoil_IDEA_IDEAL_2T_3T_CLD_mumu_mrec.pdf  used on input line 552.
(pdftex.def)             Requested size: 153.47601pt x 149.68558pt.
 [13

 <./arXiv-2505.00272v1/Physics/DetectorRequirements/Figs/HiggsRecoil_IDEA_IDEAL
_2T_3T_CLD_mumu_mrec.pdf, page is rotated 90 degrees>]
[14

] [15

]
Underfull \hbox (badness 2452) in paragraph at lines 649--649
[]|\T1/lmss/m/n/7 365 GeV con-tri-bu-
 []


Underfull \hbox (badness 3568) in paragraph at lines 649--649
[]|\T1/lmss/m/n/7 improves $\OML/lmm/m/it/7 ^^T[]$ \T1/lmss/m/n/7 and $\OT1/lms
s/m/n/7 ^^@[]$ \T1/lmss/m/n/7 con-
 []


Underfull \hbox (badness 3354) in paragraph at lines 649--649
[]|\T1/lmss/m/n/7 exposes EFT en-ergy de-pen-
 []


Underfull \hbox (badness 3635) in paragraph at lines 649--649
[]|$\OML/lmm/m/it/7 ^^[\OT1/lmss/m/n/7 (\T1/lmss/m/sl/7 ZH\OT1/lmss/m/n/7 )$ \T
1/lmss/m/n/7 en-ergy de-
 []


Underfull \hbox (badness 1448) in paragraph at lines 649--649
[]|\T1/lmss/m/n/7 contributes to in-di-rect Higgs
 []

<arXiv-2505.00272v1/Physics/PhysicsCase/Figs/H3Httplot_FCCee_noHL.pdf, id=511, 
361.35pt x 248.93pt>
File: arXiv-2505.00272v1/Physics/PhysicsCase/Figs/H3Httplot_FCCee_noHL.pdf Grap
hic file (type pdf)
<use arXiv-2505.00272v1/Physics/PhysicsCase/Figs/H3Httplot_FCCee_noHL.pdf>
Package pdftex.def Info: arXiv-2505.00272v1/Physics/PhysicsCase/Figs/H3Httplot_
FCCee_noHL.pdf  used on input line 649.
(pdftex.def)             Requested size: 163.63637pt x 112.72775pt.

Overfull \vbox (9.40123pt too high) detected at line 649
 []

[16

 <./arXiv-2505.00272v1/Physics/PhysicsCase/Figs/H3Httplot_FCCee_noHL.pdf>]
<arXiv-2505.00272v1/Physics/PhysicsCase/Figs/Coeff_Plot_Scale.pdf, id=543, 573.
76755pt x 569.11229pt>
File: arXiv-2505.00272v1/Physics/PhysicsCase/Figs/Coeff_Plot_Scale.pdf Graphic 
file (type pdf)
<use arXiv-2505.00272v1/Physics/PhysicsCase/Figs/Coeff_Plot_Scale.pdf>
Package pdftex.def Info: arXiv-2505.00272v1/Physics/PhysicsCase/Figs/Coeff_Plot
_Scale.pdf  used on input line 676.
(pdftex.def)             Requested size: 174.0808pt x 172.66284pt.
<arXiv-2505.00272v1/Physics/PhysicsCase/Figs/CQplot.pdf, id=544, 252.945pt x 25
5.95625pt>
File: arXiv-2505.00272v1/Physics/PhysicsCase/Figs/CQplot.pdf Graphic file (type
 pdf)
<use arXiv-2505.00272v1/Physics/PhysicsCase/Figs/CQplot.pdf>
Package pdftex.def Info: arXiv-2505.00272v1/Physics/PhysicsCase/Figs/CQplot.pdf
  used on input line 676.
(pdftex.def)             Requested size: 174.0808pt x 176.15694pt.

Overfull \vbox (134.18596pt too high) detected at line 676
 []

[17

{/usr/share/texmf/fonts/enc/dvips/lm/lm-mathex.enc} <./arXiv-2505.00272v1/Physi
cs/PhysicsCase/Figs/Coeff_Plot_Scale.pdf> <./arXiv-2505.00272v1/Physics/Physics
Case/Figs/CQplot.pdf>]
Underfull \hbox (badness 10000) in paragraph at lines 712--712
[]|\T1/lmss/m/n/7 FCC-
 []


Underfull \hbox (badness 10000) in paragraph at lines 712--712
\T1/lmss/m/n/7 ee
 []


Underfull \hbox (badness 10000) in paragraph at lines 712--712
[]|\T1/lmss/m/n/7 FCC-
 []


Underfull \hbox (badness 10000) in paragraph at lines 712--712
\T1/lmss/m/n/7 ee
 []


Underfull \hbox (badness 10000) in paragraph at lines 712--712
[]|$\T1/lmss/m/n/7 172570 \OMS/lmsy/m/n/7 ^^F
 []


Overfull \hbox (4.34305pt too wide) in paragraph at lines 712--712
[]|\T1/lmss/m/n/7 4.2 MeV| 
 []


Overfull \hbox (4.34305pt too wide) in paragraph at lines 712--712
[]|\T1/lmss/m/n/7 4.9 MeV| 
 []


Underfull \hbox (badness 10000) in paragraph at lines 712--712
[]|$\T1/lmss/m/n/7 1420 \OMS/lmsy/m/n/7 ^^F
 []


Overfull \hbox (2.27704pt too wide) in paragraph at lines 712--712
[]|\T1/lmss/m/n/7 10 MeV| 
 []


Underfull \hbox (badness 10000) in paragraph at lines 712--712
[]|$\T1/lmss/m/n/7 0\OML/lmm/m/it/7 :\T1/lmss/m/n/7 5$--
 []

LaTeX Font Info:    Trying to load font information for T1+lmtt on input line 7
12.
(/usr/share/texmf/tex/latex/lm/t1lmtt.fd
File: t1lmtt.fd 2015/05/01 v1.6.1 Font defs for Latin Modern
)
! Missing $ inserted.
<inserted text> 
                $
l.712 \end{frame}
                 
I've inserted a begin-math/end-math symbol since I think
you left one out. Proceed, with fingers crossed.

! Extra }, or forgotten $.
<recently read> \egroup 
                        
l.712 \end{frame}
                 
I've deleted a group-closing symbol because it seems to be
spurious, as in `$x}$'. But perhaps the } is legitimate and
you forgot something else, as in `\hbox{$x}'. In such cases
the way to recover is to insert both the forgotten and the
deleted material, e.g., by typing `I$}'.

! Missing $ inserted.
<inserted text> 
                $
l.712 \end{frame}
                 
I've inserted a begin-math/end-math symbol since I think
you left one out. Proceed, with fingers crossed.

! Missing } inserted.
<inserted text> 
                }
l.712 \end{frame}
                 
I've inserted something that you may have forgotten.
(See the <inserted text> above.)
With luck, this will get me unwedged. But if you
really didn't forget anything, try typing `2' now; then
my insertion and my current dilemma will both disappear.


Overfull \vbox (26.1681pt too high) detected at line 712
 []

[18

]
Underfull \hbox (badness 10000) in paragraph at lines 751--751
[]|\T1/lmss/m/n/7 SM ex-pec-ta-
 []


Underfull \hbox (badness 7504) in paragraph at lines 751--751
[]|\T1/lmss/m/n/7 Higgs/EW de-vi-a-
 []


Underfull \hbox (badness 10000) in paragraph at lines 751--751
[]|\T1/lmss/m/n/7 small
 []


Underfull \hbox (badness 10000) in paragraph at lines 751--751
\T1/lmss/m/n/7 loop/EFT
 []


Underfull \hbox (badness 10000) in paragraph at lines 751--751
[]|\T1/lmss/m/n/7 heavy or
 []


Underfull \hbox (badness 10000) in paragraph at lines 751--751
[]|\T1/lmss/m/n/7 forbidden or
 []


Underfull \hbox (badness 10000) in paragraph at lines 751--751
[]|\T1/lmss/m/n/7 flavour or
 []


Underfull \hbox (badness 10000) in paragraph at lines 751--751
\T1/lmss/m/n/7 hidden-sector
 []


Underfull \hbox (badness 10000) in paragraph at lines 751--751
[]|\T1/lmss/m/n/7 clean new-
 []

[19

]

Package hyperref Warning: Token not allowed in a PDF string (Unicode):
(hyperref)                removing `\color' on input line 760.


Underfull \hbox (badness 2478) in paragraph at lines 791--791
\T1/lmss/m/n/10 be-yond the reach of cur-rent ex-per-i-
 []

<Presentation_Higgs_performance_meeting19marc_2024/FCNC_SM.png, id=735, 641.396
26pt x 612.2875pt>
File: Presentation_Higgs_performance_meeting19marc_2024/FCNC_SM.png Graphic fil
e (type png)
<use Presentation_Higgs_performance_meeting19marc_2024/FCNC_SM.png>
Package pdftex.def Info: Presentation_Higgs_performance_meeting19marc_2024/FCNC
_SM.png  used on input line 791.
(pdftex.def)             Requested size: 47.35611pt x 45.20018pt.
<Presentation_Higgs_performance_meeting19marc_2024/FCNC_SM_loop.png, id=736, 62
9.35126pt x 592.2125pt>
File: Presentation_Higgs_performance_meeting19marc_2024/FCNC_SM_loop.png Graphi
c file (type png)
<use Presentation_Higgs_performance_meeting19marc_2024/FCNC_SM_loop.png>
Package pdftex.def Info: Presentation_Higgs_performance_meeting19marc_2024/FCNC
_SM_loop.png  used on input line 791.
(pdftex.def)             Requested size: 47.35611pt x 44.5586pt.
<Presentation_Higgs_performance_meeting19marc_2024/FCNC_SM_pin.png, id=737, 551
.05875pt x 575.14874pt>
File: Presentation_Higgs_performance_meeting19marc_2024/FCNC_SM_pin.png Graphic
 file (type png)
<use Presentation_Higgs_performance_meeting19marc_2024/FCNC_SM_pin.png>
Package pdftex.def Info: Presentation_Higgs_performance_meeting19marc_2024/FCNC
_SM_pin.png  used on input line 791.
(pdftex.def)             Requested size: 47.35611pt x 49.41794pt.
[20

 <./Presentation_Higgs_performance_meeting19marc_2024/FCNC_SM.png> <./Presentat
ion_Higgs_performance_meeting19marc_2024/FCNC_SM_loop.png> <./Presentation_Higg
s_performance_meeting19marc_2024/FCNC_SM_pin.png>]
<FCNC.jpg, id=749, 334.24875pt x 281.33679pt>
File: FCNC.jpg Graphic file (type jpg)
<use FCNC.jpg>
Package pdftex.def Info: FCNC.jpg  used on input line 821.
(pdftex.def)             Requested size: 142.10522pt x 119.61162pt.
 [21

 <./FCNC.jpg>]
<Presentation_Higgs_performance_meeting19marc_2024/fcnc_summarybsm_nov23.png, i
d=768, 569.12625pt x 509.14215pt>
File: Presentation_Higgs_performance_meeting19marc_2024/fcnc_summarybsm_nov23.p
ng Graphic file (type png)
<use Presentation_Higgs_performance_meeting19marc_2024/fcnc_summarybsm_nov23.pn
g>
Package pdftex.def Info: Presentation_Higgs_performance_meeting19marc_2024/fcnc
_summarybsm_nov23.png  used on input line 851.
(pdftex.def)             Requested size: 166.97662pt x 149.3799pt.

Underfull \hbox (badness 1337) in paragraph at lines 851--851
[]\T1/lmss/m/n/10 Several top-FCNC chan-nels are con-
 []

[22

 <./Presentation_Higgs_performance_meeting19marc_2024/fcnc_summarybsm_nov23.png
>]
<tqgamma.jpg, id=791, 166.90929pt x 175.08267pt>
File: tqgamma.jpg Graphic file (type jpg)
<use tqgamma.jpg>
Package pdftex.def Info: tqgamma.jpg  used on input line 881.
(pdftex.def)             Requested size: 93.79234pt x 98.3849pt.
 [23

 <./tqgamma.jpg>]
<fcnc1.jpg, id=814, 197.02179pt x 221.11179pt>
File: fcnc1.jpg Graphic file (type jpg)
<use fcnc1.jpg>
Package pdftex.def Info: fcnc1.jpg  used on input line 932.
(pdftex.def)             Requested size: 51.21504pt x 57.47758pt.
<fcnc2.jpg, id=815, 199.17268pt x 212.07803pt>
File: fcnc2.jpg Graphic file (type jpg)
<use fcnc2.jpg>
Package pdftex.def Info: fcnc2.jpg  used on input line 932.
(pdftex.def)             Requested size: 51.21504pt x 54.5306pt.
<fcnc3.jpg, id=816, 204.765pt x 217.24017pt>
File: fcnc3.jpg Graphic file (type jpg)
<use fcnc3.jpg>
Package pdftex.def Info: fcnc3.jpg  used on input line 932.
(pdftex.def)             Requested size: 51.21504pt x 54.3331pt.
<fcnc4.jpg, id=817, 204.765pt x 217.24017pt>
File: fcnc4.jpg Graphic file (type jpg)
<use fcnc4.jpg>
Package pdftex.def Info: fcnc4.jpg  used on input line 932.
(pdftex.def)             Requested size: 51.21504pt x 54.3331pt.
 [24

 <./fcnc1.jpg> <./fcnc2.jpg> <./fcnc3.jpg> <./fcnc4.jpg>]
Overfull \hbox (6.86754pt too wide) in paragraph at lines 979--979
 [][] 
 []


Underfull \hbox (badness 2134) in paragraph at lines 979--979
[]\T1/lmss/m/n/9 Quoted sen-si-tiv-i-ties are ob-
 []

[25

]
LaTeX Font Info:    External font `lmex10' loaded for size
(Font)              <12> on input line 1027.
LaTeX Font Info:    Font shape `T1/lmss/m/it' in size <12> not available
(Font)              Font shape `T1/lmss/m/sl' tried instead on input line 1027.

LaTeX Font Info:    Font shape `T1/lmss/bx/it' in size <12> not available
(Font)              Font shape `T1/lmss/bx/sl' tried instead on input line 1027
.

Underfull \hbox (badness 3281) in paragraph at lines 1027--1027
[]\T1/lmss/m/n/9 Event kine-mat-ics re-main closer to
 []


Underfull \hbox (badness 2253) in paragraph at lines 1027--1027
\T1/lmss/m/n/9 thresh-old, so re-con-structed masses,
 []


Underfull \hbox (badness 10000) in paragraph at lines 1027--1027
\T1/lmss/m/n/9 miss-ing en-ergy, and momentum-
 []


Underfull \hbox (badness 5036) in paragraph at lines 1027--1027
\T1/lmss/m/n/9 balance ob-serv-ables pro-vide strong
 []

[26

]

Package hyperref Warning: Token not allowed in a PDF string (Unicode):
(hyperref)                removing `\color' on input line 1036.

[27

]
Overfull \hbox (21.90207pt too wide) in paragraph at lines 1109--1109
 []\T1/lmss/m/n/9 MadGraph5_aMC@NLO 
 []

[28

]
Underfull \hbox (badness 1590) in paragraph at lines 1138--1138
[]\T1/lmss/m/n/10 The anal-y-sis is per-formed in the []of-fi-
 []


Underfull \hbox (badness 6063) in paragraph at lines 1138--1138
\T1/lmtt/m/n/10 MadGraph5_aMC@NLO \T1/lmss/m/n/10 us-ing the FCNC
 []


Underfull \hbox (badness 10000) in paragraph at lines 1138--1138
\T1/lmss/m/n/10 ef-fec-tive model im-ple-mented through
 []


Underfull \hbox (badness 10000) in paragraph at lines 1138--1138
[]\T1/lmss/m/n/10 Jet re-con-struc-tion al-go-rithm: ee-kT
 []

<FCCanalysis.jpg, id=941, 790.23804pt x 246.06215pt>
File: FCCanalysis.jpg Graphic file (type jpg)
<use FCCanalysis.jpg>
Package pdftex.def Info: FCCanalysis.jpg  used on input line 1138.
(pdftex.def)             Requested size: 138.55449pt x 43.14037pt.
[29

 <./FCCanalysis.jpg>]
Overfull \hbox (58.19885pt too wide) in paragraph at lines 1247--1247
[][]  
 []


Underfull \hbox (badness 1077) in paragraph at lines 1247--1247
[]\T1/lmss/m/n/10 Baseline se-lec-tion: $\T1/lmss/m/sl/10 p[] \OML/lmm/m/it/10 
>
 []

[30

]
Overfull \hbox (58.19885pt too wide) in paragraph at lines 1354--1354
[][]  
 []


Underfull \hbox (badness 2547) in paragraph at lines 1354--1354
[]\T1/lmss/m/n/10 Baseline se-lec-tion: $\T1/lmss/m/sl/10 p[] \OML/lmm/m/it/10 
>
 []

[31

]
Underfull \hbox (badness 1990) in paragraph at lines 1416--1416
[]\T1/lmss/m/n/9 The dom-i-nant ir-re-ducible back-ground is
 []

[32

]
<algorithms_1.jpg, id=1060, 572.56767pt x 419.85428pt>
File: algorithms_1.jpg Graphic file (type jpg)
<use algorithms_1.jpg>
Package pdftex.def Info: algorithms_1.jpg  used on input line 1445.
(pdftex.def)             Requested size: 159.86974pt x 117.22525pt.
<algorithms_2.jpg, id=1061, 576.43929pt x 410.82054pt>
File: algorithms_2.jpg Graphic file (type jpg)
<use algorithms_2.jpg>
Package pdftex.def Info: algorithms_2.jpg  used on input line 1445.
(pdftex.def)             Requested size: 159.86974pt x 113.93195pt.
 [33

 <./algorithms_1.jpg> <./algorithms_2.jpg>]
<Wmass-240GeV-leptonic.jpg, id=1071, 647.84892pt x 461.15143pt>
File: Wmass-240GeV-leptonic.jpg Graphic file (type jpg)
<use Wmass-240GeV-leptonic.jpg>
Package pdftex.def Info: Wmass-240GeV-leptonic.jpg  used on input line 1472.
(pdftex.def)             Requested size: 166.97662pt x 118.85512pt.
<topmass-240GeV-leptonic.jpg, id=1072, 646.5584pt x 464.16267pt>
File: topmass-240GeV-leptonic.jpg Graphic file (type jpg)
<use topmass-240GeV-leptonic.jpg>
Package pdftex.def Info: topmass-240GeV-leptonic.jpg  used on input line 1472.
(pdftex.def)             Requested size: 166.97662pt x 119.87204pt.
 [34

 <./Wmass-240GeV-leptonic.jpg> <./topmass-240GeV-leptonic.jpg>]
<Wmass-full-240GeV.jpg, id=1082, 646.5584pt x 465.02304pt>
File: Wmass-full-240GeV.jpg Graphic file (type jpg)
<use Wmass-full-240GeV.jpg>
Package pdftex.def Info: Wmass-full-240GeV.jpg  used on input line 1498.
(pdftex.def)             Requested size: 166.97662pt x 120.09422pt.
<topmass-full-240GeV.jpg, id=1083, 644.83768pt x 456.84964pt>
File: topmass-full-240GeV.jpg Graphic file (type jpg)
<use topmass-full-240GeV.jpg>
Package pdftex.def Info: topmass-full-240GeV.jpg  used on input line 1498.
(pdftex.def)             Requested size: 166.97662pt x 118.2971pt.
 [35

 <./Wmass-full-240GeV.jpg> <./topmass-full-240GeV.jpg>]
<plightjet-240GeV-leptonic.jpg, id=1093, 638.81519pt x 467.17393pt>
File: plightjet-240GeV-leptonic.jpg Graphic file (type jpg)
<use plightjet-240GeV-leptonic.jpg>
Package pdftex.def Info: plightjet-240GeV-leptonic.jpg  used on input line 1525
.
(pdftex.def)             Requested size: 166.97662pt x 122.11104pt.
<plightjet-full-240GeV.jpg, id=1094, 640.53589pt x 468.03429pt>
File: plightjet-full-240GeV.jpg Graphic file (type jpg)
<use plightjet-full-240GeV.jpg>
Package pdftex.def Info: plightjet-full-240GeV.jpg  used on input line 1525.
(pdftex.def)             Requested size: 166.97662pt x 122.00742pt.
 [36

 <./plightjet-240GeV-leptonic.jpg> <./plightjet-full-240GeV.jpg>]
Underfull \hbox (badness 10000) in paragraph at lines 1570--1570
[]\T1/lmss/bx/n/9 Hadronic 240&365 GeV: \T1/lmss/m/n/9 category-
 []


Underfull \hbox (badness 1675) in paragraph at lines 1570--1570
\T1/lmss/m/n/9 chan-nel starts from a harsher
 []


Underfull \hbox (badness 4036) in paragraph at lines 1570--1570
\T1/lmss/m/n/9 pro-vides use-ful com-ple-men-tary
 []


Underfull \hbox (badness 1430) in paragraph at lines 1570--1570
\T1/lmss/m/n/9 sen-si-tiv-ity once topology-driven
 []


Overfull \hbox (9.41797pt too wide) in paragraph at lines 1570--1570
[][] 
 []

[37

] [38

]

Package hyperref Warning: Token not allowed in a PDF string (Unicode):
(hyperref)                removing `\color' on input line 1624.


Underfull \hbox (badness 3078) in paragraph at lines 1670--1670
[]\T1/lmss/m/n/9 Best single-channel sen-si-tiv-ity in
 []


Underfull \hbox (badness 6510) in paragraph at lines 1670--1670
\T1/lmss/m/n/9 the cur-rent study comes from
 []

[39

]
Underfull \hbox (badness 10000) detected at line 1717
[][][][][][][][][]
 []

[40

]
Underfull \hbox (badness 1472) in paragraph at lines 1757--1757
[]\T1/lmss/m/n/10 The com-bined semilep-tonic bench-
 []

[41

]
Overfull \hbox (1.38077pt too wide) in paragraph at lines 1777--1777
[]\T1/lmss/m/n/10 The clean $\T1/lmss/m/sl/10 e[]e[]$ \T1/lmss/m/n/10 en-vi-ron
-ment makes FCC-ee highly com-pet-i-tive for prob-ing anoma-
 []

[42

]
<Thank_You_2.jpg, id=1244, 911.54839pt x 577.29964pt>
File: Thank_You_2.jpg Graphic file (type jpg)
<use Thank_You_2.jpg>
Package pdftex.def Info: Thank_You_2.jpg  used on input line 1787.
(pdftex.def)             Requested size: 381.87407pt x 241.84756pt.

Overfull \hbox (26.60558pt too wide) in paragraph at lines 1787--1787
 [][] 
 []

[43

 <./Thank_You_2.jpg>]
\tf@nav=\write6
\openout6 = `Hamzeh_Khanpour_top_FCNC_FCCee_enriched_slides_3_19.nav'.

\tf@toc=\write7
\openout7 = `Hamzeh_Khanpour_top_FCNC_FCCee_enriched_slides_3_19.toc'.

\tf@snm=\write8
\openout8 = `Hamzeh_Khanpour_top_FCNC_FCCee_enriched_slides_3_19.snm'.


(./Hamzeh_Khanpour_top_FCNC_FCCee_enriched_slides_3_19.aux)
 ***********
LaTeX2e <2023-11-01> patch level 1
L3 programming layer <2024-01-22>
 ***********


LaTeX Warning: Label(s) may have changed. Rerun to get cross-references right.

Package rerunfilecheck Info: File `Hamzeh_Khanpour_top_FCNC_FCCee_enriched_slid
es_3_19.out' has not changed.
(rerunfilecheck)             Checksum: 3CEEF9E651E466823199B67DE42677E3;951.
 ) 
Here is how much of TeX's memory you used:
 31912 strings out of 474222
 664961 string characters out of 5748732
 1956975 words of memory out of 5000000
 53419 multiletter control sequences out of 15000+600000
 721565 words of font info for 142 fonts, out of 8000000 for 9000
 1141 hyphenation exceptions out of 8191
 128i,17n,123p,14605b,1391s stack positions out of 10000i,1000n,20000p,200000b,200000s
</usr/share/texmf/fonts/type1/public/lm/lmex10.pfb></usr/share/texmf/fonts/ty
pe1/public/lm/lmmi10.pfb></usr/share/texmf/fonts/type1/public/lm/lmmi12.pfb></u
sr/share/texmf/fonts/type1/public/lm/lmmi5.pfb></usr/share/texmf/fonts/type1/pu
blic/lm/lmmi6.pfb></usr/share/texmf/fonts/type1/public/lm/lmmi7.pfb></usr/share
/texmf/fonts/type1/public/lm/lmmi8.pfb></usr/share/texmf/fonts/type1/public/lm/
lmmi9.pfb></usr/share/texmf/fonts/type1/public/lm/lmr10.pfb></usr/share/texmf/f
onts/type1/public/lm/lmr12.pfb></usr/share/texmf/fonts/type1/public/lm/lmr5.pfb
></usr/share/texmf/fonts/type1/public/lm/lmr6.pfb></usr/share/texmf/fonts/type1
/public/lm/lmr7.pfb></usr/share/texmf/fonts/type1/public/lm/lmr9.pfb></usr/shar
e/texmf/fonts/type1/public/lm/lmss10.pfb></usr/share/texmf/fonts/type1/public/l
m/lmss12.pfb></usr/share/texmf/fonts/type1/public/lm/lmss8.pfb></usr/share/texm
f/fonts/type1/public/lm/lmss9.pfb></usr/share/texmf/fonts/type1/public/lm/lmssb
x10.pfb></usr/share/texmf/fonts/type1/public/lm/lmsso10.pfb></usr/share/texmf/f
onts/type1/public/lm/lmsso12.pfb></usr/share/texmf/fonts/type1/public/lm/lmsso8
.pfb></usr/share/texmf/fonts/type1/public/lm/lmsso9.pfb></usr/share/texmf/fonts
/type1/public/lm/lmsy10.pfb></usr/share/texmf/fonts/type1/public/lm/lmsy5.pfb><
/usr/share/texmf/fonts/type1/public/lm/lmsy6.pfb></usr/share/texmf/fonts/type1/
public/lm/lmsy7.pfb></usr/share/texmf/fonts/type1/public/lm/lmsy8.pfb></usr/sha
re/texmf/fonts/type1/public/lm/lmsy9.pfb></usr/share/texmf/fonts/type1/public/l
m/lmtt10.pfb></usr/share/texmf/fonts/type1/public/lm/lmtt8.pfb></usr/share/texm
f/fonts/type1/public/lm/lmtt9.pfb>
Output written on Hamzeh_Khanpour_top_FCNC_FCCee_enriched_slides_3_19.pdf (43 p
ages, 5004829 bytes).
PDF statistics:
 1422 PDF objects out of 1440 (max. 8388607)
 773 compressed objects within 8 object streams
 91 named destinations out of 1000 (max. 500000)
 2015 words of extra memory for PDF output out of 10000 (max. 10000000)

