This is pdfTeX, Version 3.141592653-2.6-1.40.27 (TeX Live 2025) (preloaded format=pdflatex 2025.11.27)  15 MAY 2026 09:46
entering extended mode
 restricted \write18 enabled.
 %&-line parsing enabled.
**Hamzeh_Khanpour_top_FCNC_FCCee.tex
(./Hamzeh_Khanpour_top_FCNC_FCCee.tex
LaTeX2e <2024-11-01> patch level 2
L3 programming layer <2025-01-18>
(d:/texlive/2025/texmf-dist/tex/latex/beamer/beamer.cls
Document Class: beamer 2025/02/04 v3.72 A class for typesetting presentations
(d:/texlive/2025/texmf-dist/tex/latex/beamer/beamerbasemodes.sty
(d:/texlive/2025/texmf-dist/tex/latex/etoolbox/etoolbox.sty
Package: etoolbox 2025/02/11 v2.5l e-TeX tools for LaTeX (JAW)
\etb@tempcnta=\count196
)
\beamer@tempbox=\box52
\beamer@tempcount=\count197
\c@beamerpauses=\count198

(d:/texlive/2025/texmf-dist/tex/latex/beamer/beamerbasedecode.sty
\beamer@slideinframe=\count199
\beamer@minimum=\count266
\beamer@decode@box=\box53
)
\beamer@commentbox=\box54
\beamer@modecount=\count267
)
(d:/texlive/2025/texmf-dist/tex/generic/iftex/iftex.sty
Package: iftex 2024/12/12 v1.0g TeX engine tests
)
\headdp=\dimen141
\footheight=\dimen142
\sidebarheight=\dimen143
\beamer@tempdim=\dimen144
\beamer@finalheight=\dimen145
\beamer@animht=\dimen146
\beamer@animdp=\dimen147
\beamer@animwd=\dimen148
\beamer@leftmargin=\dimen149
\beamer@rightmargin=\dimen150
\beamer@leftsidebar=\dimen151
\beamer@rightsidebar=\dimen152
\beamer@boxsize=\dimen153
\beamer@vboxoffset=\dimen154
\beamer@descdefault=\dimen155
\beamer@descriptionwidth=\dimen156
\beamer@lastskip=\skip49
\beamer@areabox=\box55
\beamer@animcurrent=\box56
\beamer@animshowbox=\box57
\beamer@sectionbox=\box58
\beamer@logobox=\box59
\beamer@linebox=\box60
\beamer@sectioncount=\count268
\beamer@subsubsectionmax=\count269
\beamer@subsectionmax=\count270
\beamer@sectionmax=\count271
\beamer@totalheads=\count272
\beamer@headcounter=\count273
\beamer@partstartpage=\count274
\beamer@sectionstartpage=\count275
\beamer@subsectionstartpage=\count276
\beamer@animationtempa=\count277
\beamer@animationtempb=\count278
\beamer@xpos=\count279
\beamer@ypos=\count280
\beamer@ypos@offset=\count281
\beamer@showpartnumber=\count282
\beamer@currentsubsection=\count283
\beamer@coveringdepth=\count284
\beamer@sectionadjust=\count285
\beamer@toclastsection=\count286
\beamer@tocsectionnumber=\count287

(d:/texlive/2025/texmf-dist/tex/latex/beamer/beamerbaseoptions.sty
(d:/texlive/2025/texmf-dist/tex/latex/graphics/keyval.sty
Package: keyval 2022/05/29 v1.15 key=value parser (DPC)
\KV@toks@=\toks17
))
\beamer@paperwidth=\skip50
\beamer@paperheight=\skip51

(d:/texlive/2025/texmf-dist/tex/latex/geometry/geometry.sty
Package: geometry 2020/01/02 v5.9 Page Geometry

(d:/texlive/2025/texmf-dist/tex/generic/iftex/ifvtex.sty
Package: ifvtex 2019/10/25 v1.7 ifvtex legacy package. Use iftex instead.
)
\Gm@cnth=\count288
\Gm@cntv=\count289
\c@Gm@tempcnt=\count290
\Gm@bindingoffset=\dimen157
\Gm@wd@mp=\dimen158
\Gm@odd@mp=\dimen159
\Gm@even@mp=\dimen160
\Gm@layoutwidth=\dimen161
\Gm@layoutheight=\dimen162
\Gm@layouthoffset=\dimen163
\Gm@layoutvoffset=\dimen164
\Gm@dimlist=\toks18
)
(d:/texlive/2025/texmf-dist/tex/latex/pgf/math/pgfmath.sty
(d:/texlive/2025/texmf-dist/tex/latex/pgf/utilities/pgfrcs.sty
(d:/texlive/2025/texmf-dist/tex/generic/pgf/utilities/pgfutil-common.tex
\pgfutil@everybye=\toks19
\pgfutil@tempdima=\dimen165
\pgfutil@tempdimb=\dimen166
)
(d:/texlive/2025/texmf-dist/tex/generic/pgf/utilities/pgfutil-latex.def
\pgfutil@abb=\box61
)
(d:/texlive/2025/texmf-dist/tex/generic/pgf/utilities/pgfrcs.code.tex
(d:/texlive/2025/texmf-dist/tex/generic/pgf/pgf.revision.tex)
Package: pgfrcs 2023-01-15 v3.1.10 (3.1.10)
))
(d:/texlive/2025/texmf-dist/tex/latex/pgf/utilities/pgfkeys.sty
(d:/texlive/2025/texmf-dist/tex/generic/pgf/utilities/pgfkeys.code.tex
\pgfkeys@pathtoks=\toks20
\pgfkeys@temptoks=\toks21

(d:/texlive/2025/texmf-dist/tex/generic/pgf/utilities/pgfkeyslibraryfiltered.co
de.tex
\pgfkeys@tmptoks=\toks22
))) (d:/texlive/2025/texmf-dist/tex/generic/pgf/math/pgfmath.code.tex
(d:/texlive/2025/texmf-dist/tex/generic/pgf/math/pgfmathutil.code.tex
\pgf@x=\dimen167
\pgf@xa=\dimen168
\pgf@xb=\dimen169
\pgf@xc=\dimen170
\pgf@y=\dimen171
\pgf@ya=\dimen172
\pgf@yb=\dimen173
\pgf@yc=\dimen174
\c@pgf@counta=\count291
\c@pgf@countb=\count292
\c@pgf@countc=\count293
\c@pgf@countd=\count294
)
(d:/texlive/2025/texmf-dist/tex/generic/pgf/math/pgfmathparser.code.tex
\pgfmath@dimen=\dimen175
\pgfmath@count=\count295
\pgfmath@box=\box62
\pgfmath@toks=\toks23
\pgfmath@stack@operand=\toks24
\pgfmath@stack@operation=\toks25
)
(d:/texlive/2025/texmf-dist/tex/generic/pgf/math/pgfmathfunctions.code.tex)
(d:/texlive/2025/texmf-dist/tex/generic/pgf/math/pgfmathfunctions.basic.code.te
x)
(d:/texlive/2025/texmf-dist/tex/generic/pgf/math/pgfmathfunctions.trigonometric
.code.tex)
(d:/texlive/2025/texmf-dist/tex/generic/pgf/math/pgfmathfunctions.random.code.t
ex)
(d:/texlive/2025/texmf-dist/tex/generic/pgf/math/pgfmathfunctions.comparison.co
de.tex)
(d:/texlive/2025/texmf-dist/tex/generic/pgf/math/pgfmathfunctions.base.code.tex
)
(d:/texlive/2025/texmf-dist/tex/generic/pgf/math/pgfmathfunctions.round.code.te
x)
(d:/texlive/2025/texmf-dist/tex/generic/pgf/math/pgfmathfunctions.misc.code.tex
)
(d:/texlive/2025/texmf-dist/tex/generic/pgf/math/pgfmathfunctions.integerarithm
etics.code.tex)
(d:/texlive/2025/texmf-dist/tex/generic/pgf/math/pgfmathcalc.code.tex)
(d:/texlive/2025/texmf-dist/tex/generic/pgf/math/pgfmathfloat.code.tex
\c@pgfmathroundto@lastzeros=\count296
)))
(d:/texlive/2025/texmf-dist/tex/latex/base/size10.clo
File: size10.clo 2024/06/29 v1.4n Standard LaTeX file (size option)
)
(d:/texlive/2025/texmf-dist/tex/latex/pgf/basiclayer/pgfcore.sty
(d:/texlive/2025/texmf-dist/tex/latex/graphics/graphicx.sty
Package: graphicx 2021/09/16 v1.2d Enhanced LaTeX Graphics (DPC,SPQR)

(d:/texlive/2025/texmf-dist/tex/latex/graphics/graphics.sty
Package: graphics 2024/08/06 v1.4g Standard LaTeX Graphics (DPC,SPQR)

(d:/texlive/2025/texmf-dist/tex/latex/graphics/trig.sty
Package: trig 2023/12/02 v1.11 sin cos tan (DPC)
)
(d:/texlive/2025/texmf-dist/tex/latex/graphics-cfg/graphics.cfg
File: graphics.cfg 2016/06/04 v1.11 sample graphics configuration
)
Package graphics Info: Driver file: pdftex.def on input line 106.

(d:/texlive/2025/texmf-dist/tex/latex/graphics-def/pdftex.def
File: pdftex.def 2024/04/13 v1.2c Graphics/color driver for pdftex
))
\Gin@req@height=\dimen176
\Gin@req@width=\dimen177
)
(d:/texlive/2025/texmf-dist/tex/latex/pgf/systemlayer/pgfsys.sty
(d:/texlive/2025/texmf-dist/tex/generic/pgf/systemlayer/pgfsys.code.tex
Package: pgfsys 2023-01-15 v3.1.10 (3.1.10)
\pgf@x=\dimen178
\pgf@y=\dimen179
\pgf@xa=\dimen180
\pgf@ya=\dimen181
\pgf@xb=\dimen182
\pgf@yb=\dimen183
\pgf@xc=\dimen184
\pgf@yc=\dimen185
\pgf@xd=\dimen186
\pgf@yd=\dimen187
\w@pgf@writea=\write3
\r@pgf@reada=\read2
\c@pgf@counta=\count297
\c@pgf@countb=\count298
\c@pgf@countc=\count299
\c@pgf@countd=\count300
\t@pgf@toka=\toks26
\t@pgf@tokb=\toks27
\t@pgf@tokc=\toks28
\pgf@sys@id@count=\count301

(d:/texlive/2025/texmf-dist/tex/generic/pgf/systemlayer/pgf.cfg
File: pgf.cfg 2023-01-15 v3.1.10 (3.1.10)
)
Driver file for pgf: pgfsys-pdftex.def

(d:/texlive/2025/texmf-dist/tex/generic/pgf/systemlayer/pgfsys-pdftex.def
File: pgfsys-pdftex.def 2023-01-15 v3.1.10 (3.1.10)

(d:/texlive/2025/texmf-dist/tex/generic/pgf/systemlayer/pgfsys-common-pdf.def
File: pgfsys-common-pdf.def 2023-01-15 v3.1.10 (3.1.10)
)))
(d:/texlive/2025/texmf-dist/tex/generic/pgf/systemlayer/pgfsyssoftpath.code.tex
File: pgfsyssoftpath.code.tex 2023-01-15 v3.1.10 (3.1.10)
\pgfsyssoftpath@smallbuffer@items=\count302
\pgfsyssoftpath@bigbuffer@items=\count303
)
(d:/texlive/2025/texmf-dist/tex/generic/pgf/systemlayer/pgfsysprotocol.code.tex
File: pgfsysprotocol.code.tex 2023-01-15 v3.1.10 (3.1.10)
)) (d:/texlive/2025/texmf-dist/tex/latex/xcolor/xcolor.sty
Package: xcolor 2024/09/29 v3.02 LaTeX color extensions (UK)

(d:/texlive/2025/texmf-dist/tex/latex/graphics-cfg/color.cfg
File: color.cfg 2016/01/02 v1.6 sample color configuration
)
Package xcolor Info: Driver file: pdftex.def on input line 274.

(d:/texlive/2025/texmf-dist/tex/latex/graphics/mathcolor.ltx)
Package xcolor Info: Model `cmy' substituted by `cmy0' on input line 1349.
Package xcolor Info: Model `hsb' substituted by `rgb' on input line 1353.
Package xcolor Info: Model `RGB' extended on input line 1365.
Package xcolor Info: Model `HTML' substituted by `rgb' on input line 1367.
Package xcolor Info: Model `Hsb' substituted by `hsb' on input line 1368.
Package xcolor Info: Model `tHsb' substituted by `hsb' on input line 1369.
Package xcolor Info: Model `HSB' substituted by `hsb' on input line 1370.
Package xcolor Info: Model `Gray' substituted by `gray' on input line 1371.
Package xcolor Info: Model `wave' substituted by `hsb' on input line 1372.
)
(d:/texlive/2025/texmf-dist/tex/generic/pgf/basiclayer/pgfcore.code.tex
Package: pgfcore 2023-01-15 v3.1.10 (3.1.10)

(d:/texlive/2025/texmf-dist/tex/generic/pgf/math/pgfint.code.tex)
(d:/texlive/2025/texmf-dist/tex/generic/pgf/basiclayer/pgfcorepoints.code.tex
File: pgfcorepoints.code.tex 2023-01-15 v3.1.10 (3.1.10)
\pgf@picminx=\dimen188
\pgf@picmaxx=\dimen189
\pgf@picminy=\dimen190
\pgf@picmaxy=\dimen191
\pgf@pathminx=\dimen192
\pgf@pathmaxx=\dimen193
\pgf@pathminy=\dimen194
\pgf@pathmaxy=\dimen195
\pgf@xx=\dimen196
\pgf@xy=\dimen197
\pgf@yx=\dimen198
\pgf@yy=\dimen199
\pgf@zx=\dimen256
\pgf@zy=\dimen257
)
(d:/texlive/2025/texmf-dist/tex/generic/pgf/basiclayer/pgfcorepathconstruct.cod
e.tex
File: pgfcorepathconstruct.code.tex 2023-01-15 v3.1.10 (3.1.10)
\pgf@path@lastx=\dimen258
\pgf@path@lasty=\dimen259
)
(d:/texlive/2025/texmf-dist/tex/generic/pgf/basiclayer/pgfcorepathusage.code.te
x
File: pgfcorepathusage.code.tex 2023-01-15 v3.1.10 (3.1.10)
\pgf@shorten@end@additional=\dimen260
\pgf@shorten@start@additional=\dimen261
)
(d:/texlive/2025/texmf-dist/tex/generic/pgf/basiclayer/pgfcorescopes.code.tex
File: pgfcorescopes.code.tex 2023-01-15 v3.1.10 (3.1.10)
\pgfpic=\box63
\pgf@hbox=\box64
\pgf@layerbox@main=\box65
\pgf@picture@serial@count=\count304
)
(d:/texlive/2025/texmf-dist/tex/generic/pgf/basiclayer/pgfcoregraphicstate.code
.tex
File: pgfcoregraphicstate.code.tex 2023-01-15 v3.1.10 (3.1.10)
\pgflinewidth=\dimen262
)
(d:/texlive/2025/texmf-dist/tex/generic/pgf/basiclayer/pgfcoretransformations.c
ode.tex
File: pgfcoretransformations.code.tex 2023-01-15 v3.1.10 (3.1.10)
\pgf@pt@x=\dimen263
\pgf@pt@y=\dimen264
\pgf@pt@temp=\dimen265
)
(d:/texlive/2025/texmf-dist/tex/generic/pgf/basiclayer/pgfcorequick.code.tex
File: pgfcorequick.code.tex 2023-01-15 v3.1.10 (3.1.10)
)
(d:/texlive/2025/texmf-dist/tex/generic/pgf/basiclayer/pgfcoreobjects.code.tex
File: pgfcoreobjects.code.tex 2023-01-15 v3.1.10 (3.1.10)
)
(d:/texlive/2025/texmf-dist/tex/generic/pgf/basiclayer/pgfcorepathprocessing.co
de.tex
File: pgfcorepathprocessing.code.tex 2023-01-15 v3.1.10 (3.1.10)
)
(d:/texlive/2025/texmf-dist/tex/generic/pgf/basiclayer/pgfcorearrows.code.tex
File: pgfcorearrows.code.tex 2023-01-15 v3.1.10 (3.1.10)
\pgfarrowsep=\dimen266
)
(d:/texlive/2025/texmf-dist/tex/generic/pgf/basiclayer/pgfcoreshade.code.tex
File: pgfcoreshade.code.tex 2023-01-15 v3.1.10 (3.1.10)
\pgf@max=\dimen267
\pgf@sys@shading@range@num=\count305
\pgf@shadingcount=\count306
)
(d:/texlive/2025/texmf-dist/tex/generic/pgf/basiclayer/pgfcoreimage.code.tex
File: pgfcoreimage.code.tex 2023-01-15 v3.1.10 (3.1.10)
)
(d:/texlive/2025/texmf-dist/tex/generic/pgf/basiclayer/pgfcoreexternal.code.tex
File: pgfcoreexternal.code.tex 2023-01-15 v3.1.10 (3.1.10)
\pgfexternal@startupbox=\box66
) (d:/texlive/2025/texmf-dist/tex/generic/pgf/basiclayer/pgfcorelayers.code.tex
File: pgfcorelayers.code.tex 2023-01-15 v3.1.10 (3.1.10)
)
(d:/texlive/2025/texmf-dist/tex/generic/pgf/basiclayer/pgfcoretransparency.code
.tex
File: pgfcoretransparency.code.tex 2023-01-15 v3.1.10 (3.1.10)
)
(d:/texlive/2025/texmf-dist/tex/generic/pgf/basiclayer/pgfcorepatterns.code.tex
File: pgfcorepatterns.code.tex 2023-01-15 v3.1.10 (3.1.10)
) (d:/texlive/2025/texmf-dist/tex/generic/pgf/basiclayer/pgfcorerdf.code.tex
File: pgfcorerdf.code.tex 2023-01-15 v3.1.10 (3.1.10)
))) (d:/texlive/2025/texmf-dist/tex/latex/pgf/utilities/xxcolor.sty
Package: xxcolor 2003/10/24 ver 0.1
\XC@nummixins=\count307
\XC@countmixins=\count308
)
(d:/texlive/2025/texmf-dist/tex/latex/base/atbegshi-ltx.sty
Package: atbegshi-ltx 2021/01/10 v1.0c Emulation of the original atbegshi
package with kernel methods
)
(d:/texlive/2025/texmf-dist/tex/latex/hyperref/hyperref.sty
Package: hyperref 2024-11-05 v7.01l Hypertext links for LaTeX

(d:/texlive/2025/texmf-dist/tex/latex/kvsetkeys/kvsetkeys.sty
Package: kvsetkeys 2022-10-05 v1.19 Key value parser (HO)
)
(d:/texlive/2025/texmf-dist/tex/generic/kvdefinekeys/kvdefinekeys.sty
Package: kvdefinekeys 2019-12-19 v1.6 Define keys (HO)
)
(d:/texlive/2025/texmf-dist/tex/generic/pdfescape/pdfescape.sty
Package: pdfescape 2019/12/09 v1.15 Implements pdfTeX's escape features (HO)

(d:/texlive/2025/texmf-dist/tex/generic/ltxcmds/ltxcmds.sty
Package: ltxcmds 2023-12-04 v1.26 LaTeX kernel commands for general use (HO)
)
(d:/texlive/2025/texmf-dist/tex/generic/pdftexcmds/pdftexcmds.sty
Package: pdftexcmds 2020-06-27 v0.33 Utility functions of pdfTeX for LuaTeX (HO
)

(d:/texlive/2025/texmf-dist/tex/generic/infwarerr/infwarerr.sty
Package: infwarerr 2019/12/03 v1.5 Providing info/warning/error messages (HO)
)
Package pdftexcmds Info: \pdf@primitive is available.
Package pdftexcmds Info: \pdf@ifprimitive is available.
Package pdftexcmds Info: \pdfdraftmode found.
))
(d:/texlive/2025/texmf-dist/tex/latex/hycolor/hycolor.sty
Package: hycolor 2020-01-27 v1.10 Color options for hyperref/bookmark (HO)
)
(d:/texlive/2025/texmf-dist/tex/latex/hyperref/nameref.sty
Package: nameref 2023-11-26 v2.56 Cross-referencing by name of section

(d:/texlive/2025/texmf-dist/tex/latex/refcount/refcount.sty
Package: refcount 2019/12/15 v3.6 Data extraction from label references (HO)
)
(d:/texlive/2025/texmf-dist/tex/generic/gettitlestring/gettitlestring.sty
Package: gettitlestring 2019/12/15 v1.6 Cleanup title references (HO)

(d:/texlive/2025/texmf-dist/tex/latex/kvoptions/kvoptions.sty
Package: kvoptions 2022-06-15 v3.15 Key value format for package options (HO)
))
\c@section@level=\count309
)
(d:/texlive/2025/texmf-dist/tex/generic/stringenc/stringenc.sty
Package: stringenc 2019/11/29 v1.12 Convert strings between diff. encodings (HO
)
)
\@linkdim=\dimen268
\Hy@linkcounter=\count310
\Hy@pagecounter=\count311

(d:/texlive/2025/texmf-dist/tex/latex/hyperref/pd1enc.def
File: pd1enc.def 2024-11-05 v7.01l Hyperref: PDFDocEncoding definition (HO)
Now handling font encoding PD1 ...
... no UTF-8 mapping file for font encoding PD1
)
(d:/texlive/2025/texmf-dist/tex/generic/intcalc/intcalc.sty
Package: intcalc 2019/12/15 v1.3 Expandable calculations with integers (HO)
)
\Hy@SavedSpaceFactor=\count312

(d:/texlive/2025/texmf-dist/tex/latex/hyperref/puenc.def
File: puenc.def 2024-11-05 v7.01l Hyperref: PDF Unicode definition (HO)
Now handling font encoding PU ...
... no UTF-8 mapping file for font encoding PU
)
Package hyperref Info: Option `bookmarks' set `true' on input line 4040.
Package hyperref Info: Option `bookmarksopen' set `true' on input line 4040.
Package hyperref Info: Option `implicit' set `false' on input line 4040.
Package hyperref Info: Hyper figures OFF on input line 4157.
Package hyperref Info: Link nesting OFF on input line 4162.
Package hyperref Info: Hyper index ON on input line 4165.
Package hyperref Info: Plain pages OFF on input line 4172.
Package hyperref Info: Backreferencing OFF on input line 4177.
Package hyperref Info: Implicit mode OFF; no redefinition of LaTeX internals.
Package hyperref Info: Bookmarks ON on input line 4424.
\c@Hy@tempcnt=\count313

(d:/texlive/2025/texmf-dist/tex/latex/url/url.sty
\Urlmuskip=\muskip17
Package: url 2013/09/16  ver 3.4  Verb mode for urls, etc.
)
LaTeX Info: Redefining \url on input line 4763.
\XeTeXLinkMargin=\dimen269

(d:/texlive/2025/texmf-dist/tex/generic/bitset/bitset.sty
Package: bitset 2019/12/09 v1.3 Handle bit-vector datatype (HO)

(d:/texlive/2025/texmf-dist/tex/generic/bigintcalc/bigintcalc.sty
Package: bigintcalc 2019/12/15 v1.5 Expandable calculations on big integers (HO
)
))
\Fld@menulength=\count314
\Field@Width=\dimen270
\Fld@charsize=\dimen271
Package hyperref Info: Hyper figures OFF on input line 6042.
Package hyperref Info: Link nesting OFF on input line 6047.
Package hyperref Info: Hyper index ON on input line 6050.
Package hyperref Info: backreferencing OFF on input line 6057.
Package hyperref Info: Link coloring OFF on input line 6062.
Package hyperref Info: Link coloring with OCG OFF on input line 6067.
Package hyperref Info: PDF/A mode OFF on input line 6072.
\Hy@abspage=\count315


Package hyperref Message: Stopped early.

)
Package hyperref Info: Driver (autodetected): hpdftex.
 (d:/texlive/2025/texmf-dist/tex/latex/hyperref/hpdftex.def
File: hpdftex.def 2024-11-05 v7.01l Hyperref driver for pdfTeX

(d:/texlive/2025/texmf-dist/tex/latex/base/atveryend-ltx.sty
Package: atveryend-ltx 2020/08/19 v1.0a Emulation of the original atveryend pac
kage
with kernel methods
)
\Fld@listcount=\count316
\c@bookmark@seq@number=\count317

(d:/texlive/2025/texmf-dist/tex/latex/rerunfilecheck/rerunfilecheck.sty
Package: rerunfilecheck 2022-07-10 v1.10 Rerun checks for auxiliary files (HO)

(d:/texlive/2025/texmf-dist/tex/generic/uniquecounter/uniquecounter.sty
Package: uniquecounter 2019/12/15 v1.4 Provide unlimited unique counter (HO)
)
Package uniquecounter Info: New unique counter `rerunfilecheck' on input line 2
85.
))
(d:/texlive/2025/texmf-dist/tex/latex/beamer/beamerbaserequires.sty
(d:/texlive/2025/texmf-dist/tex/latex/beamer/beamerbasecompatibility.sty)
(d:/texlive/2025/texmf-dist/tex/latex/beamer/beamerbasefont.sty
(d:/texlive/2025/texmf-dist/tex/latex/amsfonts/amssymb.sty
Package: amssymb 2013/01/14 v3.01 AMS font symbols

(d:/texlive/2025/texmf-dist/tex/latex/amsfonts/amsfonts.sty
Package: amsfonts 2013/01/14 v3.01 Basic AMSFonts support
\@emptytoks=\toks29
\symAMSa=\mathgroup4
\symAMSb=\mathgroup5
LaTeX Font Info:    Redeclaring math symbol \hbar on input line 98.
LaTeX Font Info:    Overwriting math alphabet `\mathfrak' in version `bold'
(Font)                  U/euf/m/n --> U/euf/b/n on input line 106.
))
(d:/texlive/2025/texmf-dist/tex/latex/sansmathaccent/sansmathaccent.sty
Package: sansmathaccent 2020/01/31

(d:/texlive/2025/texmf-dist/tex/latex/koma-script/scrlfile.sty
Package: scrlfile 2024/10/24 v3.43 KOMA-Script package (file load hooks)

(d:/texlive/2025/texmf-dist/tex/latex/koma-script/scrlfile-hook.sty
Package: scrlfile-hook 2024/10/24 v3.43 KOMA-Script package (using LaTeX hooks)


(d:/texlive/2025/texmf-dist/tex/latex/koma-script/scrlogo.sty
Package: scrlogo 2024/10/24 v3.43 KOMA-Script package (logo)
)))))
(d:/texlive/2025/texmf-dist/tex/latex/beamer/beamerbasetranslator.sty
(d:/texlive/2025/texmf-dist/tex/latex/translator/translator.sty
Package: translator 2021-05-31 v1.12d Easy translation of strings in LaTeX
))
(d:/texlive/2025/texmf-dist/tex/latex/beamer/beamerbasemisc.sty)
(d:/texlive/2025/texmf-dist/tex/latex/beamer/beamerbasetwoscreens.sty)
(d:/texlive/2025/texmf-dist/tex/latex/beamer/beamerbaseoverlay.sty
\beamer@argscount=\count318
\beamer@lastskipcover=\skip52
\beamer@trivlistdepth=\count319
)
(d:/texlive/2025/texmf-dist/tex/latex/beamer/beamerbasetitle.sty)
(d:/texlive/2025/texmf-dist/tex/latex/beamer/beamerbasesection.sty
\c@lecture=\count320
\c@part=\count321
\c@section=\count322
\c@subsection=\count323
\c@subsubsection=\count324
)
(d:/texlive/2025/texmf-dist/tex/latex/beamer/beamerbaseframe.sty
\beamer@framebox=\box67
\beamer@frametitlebox=\box68
\beamer@zoombox=\box69
\beamer@zoomcount=\count325
\beamer@zoomframecount=\count326
\beamer@frametextheight=\dimen272
\c@subsectionslide=\count327
\beamer@frametopskip=\skip53
\beamer@framebottomskip=\skip54
\beamer@frametopskipautobreak=\skip55
\beamer@framebottomskipautobreak=\skip56
\beamer@envbody=\toks30
\framewidth=\dimen273
\c@framenumber=\count328
)
(d:/texlive/2025/texmf-dist/tex/latex/beamer/beamerbaseverbatim.sty
\beamer@verbatimfileout=\write4
)
(d:/texlive/2025/texmf-dist/tex/latex/beamer/beamerbaseframesize.sty
\beamer@splitbox=\box70
\beamer@autobreakcount=\count329
\beamer@autobreaklastheight=\dimen274
\beamer@frametitletoks=\toks31
\beamer@framesubtitletoks=\toks32
)
(d:/texlive/2025/texmf-dist/tex/latex/beamer/beamerbaseframecomponents.sty
\beamer@footins=\box71
)
(d:/texlive/2025/texmf-dist/tex/latex/beamer/beamerbasecolor.sty)
(d:/texlive/2025/texmf-dist/tex/latex/beamer/beamerbasenotes.sty
\beamer@frameboxcopy=\box72
)
(d:/texlive/2025/texmf-dist/tex/latex/beamer/beamerbasetoc.sty)
(d:/texlive/2025/texmf-dist/tex/latex/beamer/beamerbasetemplates.sty
\beamer@sbttoks=\toks33

(d:/texlive/2025/texmf-dist/tex/latex/beamer/beamerbaseauxtemplates.sty
(d:/texlive/2025/texmf-dist/tex/latex/beamer/beamerbaseboxes.sty
\bmb@box=\box73
\bmb@colorbox=\box74
\bmb@boxwidth=\dimen275
\bmb@boxheight=\dimen276
\bmb@prevheight=\dimen277
\bmb@temp=\dimen278
\bmb@dima=\dimen279
\bmb@dimb=\dimen280
\bmb@prevheight=\dimen281
)
\beamer@blockheadheight=\dimen282
))
(d:/texlive/2025/texmf-dist/tex/latex/beamer/beamerbaselocalstructure.sty
(d:/texlive/2025/texmf-dist/tex/latex/tools/enumerate.sty
Package: enumerate 2023/07/04 v3.00 enumerate extensions (DPC)
\@enLab=\toks34
)
\beamer@bibiconwidth=\skip57
\c@figure=\count330
\c@table=\count331
\abovecaptionskip=\skip58
\belowcaptionskip=\skip59
)
(d:/texlive/2025/texmf-dist/tex/latex/beamer/beamerbasenavigation.sty
(d:/texlive/2025/texmf-dist/tex/latex/beamer/beamerbasenavigationsymbols.tex)
\beamer@section@min@dim=\dimen283
)
(d:/texlive/2025/texmf-dist/tex/latex/beamer/beamerbasetheorems.sty
(d:/texlive/2025/texmf-dist/tex/latex/amsmath/amsmath.sty
Package: amsmath 2024/11/05 v2.17t AMS math features
\@mathmargin=\skip60

For additional information on amsmath, use the `?' option.
(d:/texlive/2025/texmf-dist/tex/latex/amsmath/amstext.sty
Package: amstext 2021/08/26 v2.01 AMS text

(d:/texlive/2025/texmf-dist/tex/latex/amsmath/amsgen.sty
File: amsgen.sty 1999/11/30 v2.0 generic functions
\@emptytoks=\toks35
\ex@=\dimen284
))
(d:/texlive/2025/texmf-dist/tex/latex/amsmath/amsbsy.sty
Package: amsbsy 1999/11/29 v1.2d Bold Symbols
\pmbraise@=\dimen285
)
(d:/texlive/2025/texmf-dist/tex/latex/amsmath/amsopn.sty
Package: amsopn 2022/04/08 v2.04 operator names
)
\inf@bad=\count332
LaTeX Info: Redefining \frac on input line 233.
\uproot@=\count333
\leftroot@=\count334
LaTeX Info: Redefining \overline on input line 398.
LaTeX Info: Redefining \colon on input line 409.
\classnum@=\count335
\DOTSCASE@=\count336
LaTeX Info: Redefining \ldots on input line 495.
LaTeX Info: Redefining \dots on input line 498.
LaTeX Info: Redefining \cdots on input line 619.
\Mathstrutbox@=\box75
\strutbox@=\box76
LaTeX Info: Redefining \big on input line 721.
LaTeX Info: Redefining \Big on input line 722.
LaTeX Info: Redefining \bigg on input line 723.
LaTeX Info: Redefining \Bigg on input line 724.
\big@size=\dimen286
LaTeX Font Info:    Redeclaring font encoding OML on input line 742.
LaTeX Font Info:    Redeclaring font encoding OMS on input line 743.
\macc@depth=\count337
LaTeX Info: Redefining \bmod on input line 904.
LaTeX Info: Redefining \pmod on input line 909.
LaTeX Info: Redefining \smash on input line 939.
LaTeX Info: Redefining \relbar on input line 969.
LaTeX Info: Redefining \Relbar on input line 970.
\c@MaxMatrixCols=\count338
\dotsspace@=\muskip18
\c@parentequation=\count339
\dspbrk@lvl=\count340
\tag@help=\toks36
\row@=\count341
\column@=\count342
\maxfields@=\count343
\andhelp@=\toks37
\eqnshift@=\dimen287
\alignsep@=\dimen288
\tagshift@=\dimen289
\tagwidth@=\dimen290
\totwidth@=\dimen291
\lineht@=\dimen292
\@envbody=\toks38
\multlinegap=\skip61
\multlinetaggap=\skip62
\mathdisplay@stack=\toks39
LaTeX Info: Redefining \[ on input line 2953.
LaTeX Info: Redefining \] on input line 2954.
)
(d:/texlive/2025/texmf-dist/tex/latex/amscls/amsthm.sty
Package: amsthm 2020/05/29 v2.20.6
\thm@style=\toks40
\thm@bodyfont=\toks41
\thm@headfont=\toks42
\thm@notefont=\toks43
\thm@headpunct=\toks44
\thm@preskip=\skip63
\thm@postskip=\skip64
\thm@headsep=\skip65
\dth@everypar=\toks45
)
\c@theorem=\count344
)
(d:/texlive/2025/texmf-dist/tex/latex/beamer/beamerbasethemes.sty))
(d:/texlive/2025/texmf-dist/tex/latex/beamer/beamerthemedefault.sty
(d:/texlive/2025/texmf-dist/tex/latex/beamer/beamerfontthemedefault.sty)
(d:/texlive/2025/texmf-dist/tex/latex/beamer/beamercolorthemedefault.sty)
(d:/texlive/2025/texmf-dist/tex/latex/beamer/beamerinnerthemedefault.sty
\beamer@dima=\dimen293
\beamer@dimb=\dimen294
)
(d:/texlive/2025/texmf-dist/tex/latex/beamer/beamerouterthemedefault.sty)))
(d:/texlive/2025/texmf-dist/tex/generic/babel/babel.sty
Package: babel 2025/02/14 v25.4 The multilingual framework for pdfLaTeX, LuaLaT
eX and XeLaTeX
\babel@savecnt=\count345
\U@D=\dimen295
\l@unhyphenated=\language90

(d:/texlive/2025/texmf-dist/tex/generic/babel/txtbabel.def)
\bbl@readstream=\read3
LaTeX Info: Redefining \textlatin on input line 3835.
\bbl@dirlevel=\count346

(d:/texlive/2025/texmf-dist/tex/generic/babel-english/english.ldf
Language: english 2017/06/06 v3.3r English support from the babel system
Package babel Info: Hyphen rules for 'canadian' set to \l@english
(babel)             (\language0). Reported on input line 102.
Package babel Info: Hyphen rules for 'australian' set to \l@ukenglish
(babel)             (\language22). Reported on input line 105.
Package babel Info: Hyphen rules for 'newzealand' set to \l@ukenglish
(babel)             (\language22). Reported on input line 108.
))
(d:/texlive/2025/texmf-dist/tex/generic/babel/locale/en/babel-english.tex
Package babel Info: Importing font and identification data for english
(babel)             from babel-en.ini. Reported on input line 11.
)
(d:/texlive/2025/texmf-dist/tex/latex/base/fontenc.sty
Package: fontenc 2021/04/29 v2.0v Standard LaTeX package
)
(d:/texlive/2025/texmf-dist/tex/latex/base/inputenc.sty
Package: inputenc 2024/02/08 v1.3d Input encoding file
\inpenc@prehook=\toks46
\inpenc@posthook=\toks47
)
(d:/texlive/2025/texmf-dist/tex/latex/lm/lmodern.sty
Package: lmodern 2015/05/01 v1.6.1 Latin Modern Fonts
LaTeX Font Info:    Overwriting symbol font `operators' in version `normal'
(Font)                  OT1/cmr/m/n --> OT1/lmr/m/n on input line 22.
LaTeX Font Info:    Overwriting symbol font `letters' in version `normal'
(Font)                  OML/cmm/m/it --> OML/lmm/m/it on input line 23.
LaTeX Font Info:    Overwriting symbol font `symbols' in version `normal'
(Font)                  OMS/cmsy/m/n --> OMS/lmsy/m/n on input line 24.
LaTeX Font Info:    Overwriting symbol font `largesymbols' in version `normal'
(Font)                  OMX/cmex/m/n --> OMX/lmex/m/n on input line 25.
LaTeX Font Info:    Overwriting symbol font `operators' in version `bold'
(Font)                  OT1/cmr/bx/n --> OT1/lmr/bx/n on input line 26.
LaTeX Font Info:    Overwriting symbol font `letters' in version `bold'
(Font)                  OML/cmm/b/it --> OML/lmm/b/it on input line 27.
LaTeX Font Info:    Overwriting symbol font `symbols' in version `bold'
(Font)                  OMS/cmsy/b/n --> OMS/lmsy/b/n on input line 28.
LaTeX Font Info:    Overwriting symbol font `largesymbols' in version `bold'
(Font)                  OMX/cmex/m/n --> OMX/lmex/m/n on input line 29.
LaTeX Font Info:    Overwriting math alphabet `\mathbf' in version `normal'
(Font)                  OT1/cmr/bx/n --> OT1/lmr/bx/n on input line 31.
LaTeX Font Info:    Overwriting math alphabet `\mathsf' in version `normal'
(Font)                  OT1/cmss/m/n --> OT1/lmss/m/n on input line 32.
LaTeX Font Info:    Overwriting math alphabet `\mathit' in version `normal'
(Font)                  OT1/cmr/m/it --> OT1/lmr/m/it on input line 33.
LaTeX Font Info:    Overwriting math alphabet `\mathtt' in version `normal'
(Font)                  OT1/cmtt/m/n --> OT1/lmtt/m/n on input line 34.
LaTeX Font Info:    Overwriting math alphabet `\mathbf' in version `bold'
(Font)                  OT1/cmr/bx/n --> OT1/lmr/bx/n on input line 35.
LaTeX Font Info:    Overwriting math alphabet `\mathsf' in version `bold'
(Font)                  OT1/cmss/bx/n --> OT1/lmss/bx/n on input line 36.
LaTeX Font Info:    Overwriting math alphabet `\mathit' in version `bold'
(Font)                  OT1/cmr/bx/it --> OT1/lmr/bx/it on input line 37.
LaTeX Font Info:    Overwriting math alphabet `\mathtt' in version `bold'
(Font)                  OT1/cmtt/m/n --> OT1/lmtt/m/n on input line 38.
)
\sympureletters=\mathgroup6
LaTeX Font Info:    Overwriting symbol font `pureletters' in version `bold'
(Font)                  OT1/mathkerncmss/m/sl --> OT1/mathkerncmss/bx/sl on inp
ut line 15.

(d:/texlive/2025/texmf-dist/tex/latex/tools/bm.sty
Package: bm 2023/12/19 v1.2f Bold Symbol Support (DPC/FMi)
\symboldoperators=\mathgroup7
\symboldletters=\mathgroup8
\symboldsymbols=\mathgroup9
Package bm Info: No bold for \OMX/lmex/m/n, using \pmb.
Package bm Info: No bold for \U/msa/m/n, using \pmb.
Package bm Info: No bold for \U/msb/m/n, using \pmb.
\symboldpureletters=\mathgroup10
LaTeX Font Info:    Redeclaring math alphabet \mathbf on input line 149.
)
(d:/texlive/2025/texmf-dist/tex/latex/tools/array.sty
Package: array 2024/10/17 v2.6g Tabular extension package (FMi)
\col@sep=\dimen296
\ar@mcellbox=\box77
\extrarowheight=\dimen297
\NC@list=\toks48
\extratabsurround=\skip66
\backup@length=\skip67
\ar@cellbox=\box78
)
(d:/texlive/2025/texmf-dist/tex/latex/booktabs/booktabs.sty
Package: booktabs 2020/01/12 v1.61803398 Publication quality tables
\heavyrulewidth=\dimen298
\lightrulewidth=\dimen299
\cmidrulewidth=\dimen300
\belowrulesep=\dimen301
\belowbottomsep=\dimen302
\aboverulesep=\dimen303
\abovetopsep=\dimen304
\cmidrulesep=\dimen305
\cmidrulekern=\dimen306
\defaultaddspace=\dimen307
\@cmidla=\count347
\@cmidlb=\count348
\@aboverulesep=\dimen308
\@belowrulesep=\dimen309
\@thisruleclass=\count349
\@lastruleclass=\count350
\@thisrulewidth=\dimen310
)
(d:/texlive/2025/texmf-dist/tex/latex/multirow/multirow.sty
Package: multirow 2024/11/12 v2.9 Span multiple rows of a table
\multirow@colwidth=\skip68
\multirow@cntb=\count351
\multirow@dima=\skip69
\bigstrutjot=\dimen311
)
(d:/texlive/2025/texmf-dist/tex/latex/ragged2e/ragged2e.sty
Package: ragged2e 2023/06/22 v3.6 ragged2e Package
\CenteringLeftskip=\skip70
\RaggedLeftLeftskip=\skip71
\RaggedRightLeftskip=\skip72
\CenteringRightskip=\skip73
\RaggedLeftRightskip=\skip74
\RaggedRightRightskip=\skip75
\CenteringParfillskip=\skip76
\RaggedLeftParfillskip=\skip77
\RaggedRightParfillskip=\skip78
\JustifyingParfillskip=\skip79
\CenteringParindent=\skip80
\RaggedLeftParindent=\skip81
\RaggedRightParindent=\skip82
\JustifyingParindent=\skip83
)
(d:/texlive/2025/texmf-dist/tex/latex/pgf/frontendlayer/tikz.sty
(d:/texlive/2025/texmf-dist/tex/latex/pgf/basiclayer/pgf.sty
Package: pgf 2023-01-15 v3.1.10 (3.1.10)

(d:/texlive/2025/texmf-dist/tex/generic/pgf/modules/pgfmoduleshapes.code.tex
File: pgfmoduleshapes.code.tex 2023-01-15 v3.1.10 (3.1.10)
\pgfnodeparttextbox=\box79
)
(d:/texlive/2025/texmf-dist/tex/generic/pgf/modules/pgfmoduleplot.code.tex
File: pgfmoduleplot.code.tex 2023-01-15 v3.1.10 (3.1.10)
)
(d:/texlive/2025/texmf-dist/tex/latex/pgf/compatibility/pgfcomp-version-0-65.st
y
Package: pgfcomp-version-0-65 2023-01-15 v3.1.10 (3.1.10)
\pgf@nodesepstart=\dimen312
\pgf@nodesepend=\dimen313
)
(d:/texlive/2025/texmf-dist/tex/latex/pgf/compatibility/pgfcomp-version-1-18.st
y
Package: pgfcomp-version-1-18 2023-01-15 v3.1.10 (3.1.10)
)) (d:/texlive/2025/texmf-dist/tex/latex/pgf/utilities/pgffor.sty
(d:/texlive/2025/texmf-dist/tex/generic/pgf/utilities/pgffor.code.tex
Package: pgffor 2023-01-15 v3.1.10 (3.1.10)
\pgffor@iter=\dimen314
\pgffor@skip=\dimen315
\pgffor@stack=\toks49
\pgffor@toks=\toks50
))
(d:/texlive/2025/texmf-dist/tex/generic/pgf/frontendlayer/tikz/tikz.code.tex
Package: tikz 2023-01-15 v3.1.10 (3.1.10)

(d:/texlive/2025/texmf-dist/tex/generic/pgf/libraries/pgflibraryplothandlers.co
de.tex
File: pgflibraryplothandlers.code.tex 2023-01-15 v3.1.10 (3.1.10)
\pgf@plot@mark@count=\count352
\pgfplotmarksize=\dimen316
)
\tikz@lastx=\dimen317
\tikz@lasty=\dimen318
\tikz@lastxsaved=\dimen319
\tikz@lastysaved=\dimen320
\tikz@lastmovetox=\dimen321
\tikz@lastmovetoy=\dimen322
\tikzleveldistance=\dimen323
\tikzsiblingdistance=\dimen324
\tikz@figbox=\box80
\tikz@figbox@bg=\box81
\tikz@tempbox=\box82
\tikz@tempbox@bg=\box83
\tikztreelevel=\count353
\tikznumberofchildren=\count354
\tikznumberofcurrentchild=\count355
\tikz@fig@count=\count356

(d:/texlive/2025/texmf-dist/tex/generic/pgf/modules/pgfmodulematrix.code.tex
File: pgfmodulematrix.code.tex 2023-01-15 v3.1.10 (3.1.10)
\pgfmatrixcurrentrow=\count357
\pgfmatrixcurrentcolumn=\count358
\pgf@matrix@numberofcolumns=\count359
)
\tikz@expandcount=\count360

(d:/texlive/2025/texmf-dist/tex/generic/pgf/frontendlayer/tikz/libraries/tikzli
brarytopaths.code.tex
File: tikzlibrarytopaths.code.tex 2023-01-15 v3.1.10 (3.1.10)
)))
(d:/texlive/2025/texmf-dist/tex/latex/tools/tabularx.sty
Package: tabularx 2023/12/11 v2.12a `tabularx' package (DPC)
\TX@col@width=\dimen325
\TX@old@table=\dimen326
\TX@old@col=\dimen327
\TX@target=\dimen328
\TX@delta=\dimen329
\TX@cols=\count361
\TX@ftn=\toks51
)
(d:/texlive/2025/texmf-dist/tex/latex/tcolorbox/tcolorbox.sty
Package: tcolorbox 2024/10/22 version 6.4.1 text color boxes

(d:/texlive/2025/texmf-dist/tex/latex/tools/verbatim.sty
Package: verbatim 2024-01-22 v1.5x LaTeX2e package for verbatim enhancements
\every@verbatim=\toks52
\verbatim@line=\toks53
\verbatim@in@stream=\read4
)
(d:/texlive/2025/texmf-dist/tex/latex/environ/environ.sty
Package: environ 2014/05/04 v0.3 A new way to define environments

(d:/texlive/2025/texmf-dist/tex/latex/trimspaces/trimspaces.sty
Package: trimspaces 2009/09/17 v1.1 Trim spaces around a token list
))
\tcb@titlebox=\box84
\tcb@upperbox=\box85
\tcb@lowerbox=\box86
\tcb@phantombox=\box87
\c@tcbbreakpart=\count362
\c@tcblayer=\count363
\c@tcolorbox@number=\count364
\l__tcobox_tmpa_box=\box88
\l__tcobox_tmpa_dim=\dimen330
\tcb@temp=\box89
\tcb@temp=\box90
\tcb@temp=\box91
\tcb@temp=\box92
)
(d:/texlive/2025/texmf-dist/tex/generic/pgf/libraries/pgflibraryarrows.meta.cod
e.tex
File: pgflibraryarrows.meta.code.tex 2023-01-15 v3.1.10 (3.1.10)
\pgfarrowinset=\dimen331
\pgfarrowlength=\dimen332
\pgfarrowwidth=\dimen333
\pgfarrowlinewidth=\dimen334
)
(d:/texlive/2025/texmf-dist/tex/generic/pgf/frontendlayer/tikz/libraries/tikzli
brarydecorations.markings.code.tex
(d:/texlive/2025/texmf-dist/tex/generic/pgf/frontendlayer/tikz/libraries/tikzli
brarydecorations.code.tex
(d:/texlive/2025/texmf-dist/tex/generic/pgf/modules/pgfmoduledecorations.code.t
ex
\pgfdecoratedcompleteddistance=\dimen335
\pgfdecoratedremainingdistance=\dimen336
\pgfdecoratedinputsegmentcompleteddistance=\dimen337
\pgfdecoratedinputsegmentremainingdistance=\dimen338
\pgf@decorate@distancetomove=\dimen339
\pgf@decorate@repeatstate=\count365
\pgfdecorationsegmentamplitude=\dimen340
\pgfdecorationsegmentlength=\dimen341
)
\tikz@lib@dec@box=\box93
)
(d:/texlive/2025/texmf-dist/tex/generic/pgf/libraries/decorations/pgflibrarydec
orations.markings.code.tex))
(d:/texlive/2025/texmf-dist/tex/generic/pgf/frontendlayer/tikz/libraries/tikzli
brarydecorations.pathmorphing.code.tex
(d:/texlive/2025/texmf-dist/tex/generic/pgf/libraries/decorations/pgflibrarydec
orations.pathmorphing.code.tex))
(d:/texlive/2025/texmf-dist/tex/generic/pgf/frontendlayer/tikz/libraries/tikzli
brarycalc.code.tex
File: tikzlibrarycalc.code.tex 2023-01-15 v3.1.10 (3.1.10)
)
(d:/texlive/2025/texmf-dist/tex/generic/pgf/frontendlayer/tikz/libraries/tikzli
brarypositioning.code.tex
File: tikzlibrarypositioning.code.tex 2023-01-15 v3.1.10 (3.1.10)
)
(d:/texlive/2025/texmf-dist/tex/generic/pgf/frontendlayer/tikz/libraries/tikzli
braryshapes.geometric.code.tex
File: tikzlibraryshapes.geometric.code.tex 2023-01-15 v3.1.10 (3.1.10)

(d:/texlive/2025/texmf-dist/tex/generic/pgf/libraries/shapes/pgflibraryshapes.g
eometric.code.tex
File: pgflibraryshapes.geometric.code.tex 2023-01-15 v3.1.10 (3.1.10)
))
(d:/texlive/2025/texmf-dist/tex/generic/pgf/frontendlayer/tikz/libraries/tikzli
braryfit.code.tex
File: tikzlibraryfit.code.tex 2023-01-15 v3.1.10 (3.1.10)
)
Package hyperref Info: Option `colorlinks' set `true' on input line 49.
 (./beamerthemeAGH.sty
Package: beamerthemeAGH 2024/02/03

(d:/texlive/2025/texmf-dist/tex/latex/base/ifthen.sty
Package: ifthen 2024/03/16 v1.1e Standard LaTeX ifthen package (DPC)
)
\coloredlinesskip=\dimen342
\leftedgeskip=\dimen343
\textleftmargin=\dimen344
\textrightmargin=\dimen345

(d:/texlive/2025/texmf-dist/tex/latex/beamer/beamerinnerthemerounded.sty)
(d:/texlive/2025/texmf-dist/tex/latex/beamer/beamerouterthemeinfolines.sty)
(./beamercolorthemeAGH.sty
Package: beamercolorthemeAGH 2024/02/02
))

Package hyperref Warning: Token not allowed in a PDF string (Unicode):
(hyperref)                removing `\\' on input line 111.


Package hyperref Warning: Token not allowed in a PDF string (Unicode):
(hyperref)                removing `\color' on input line 111.


Package hyperref Warning: Token not allowed in a PDF string (Unicode):
(hyperref)                removing `\color' on input line 128.

LaTeX Font Info:    Trying to load font information for T1+lmss on input line 1
28.
(d:/texlive/2025/texmf-dist/tex/latex/lm/t1lmss.fd
File: t1lmss.fd 2015/05/01 v1.6.1 Font defs for Latin Modern
)
(d:/texlive/2025/texmf-dist/tex/latex/l3backend/l3backend-pdftex.def
File: l3backend-pdftex.def 2024-05-08 L3 backend support: PDF output (pdfTeX)
\l__color_backend_stack_int=\count366
\l__pdf_internal_box=\box94
)
(./Hamzeh_Khanpour_top_FCNC_FCCee.aux)
\openout1 = `Hamzeh_Khanpour_top_FCNC_FCCee.aux'.

LaTeX Font Info:    Checking defaults for OML/cmm/m/it on input line 128.
LaTeX Font Info:    ... okay on input line 128.
LaTeX Font Info:    Checking defaults for OMS/cmsy/m/n on input line 128.
LaTeX Font Info:    ... okay on input line 128.
LaTeX Font Info:    Checking defaults for OT1/cmr/m/n on input line 128.
LaTeX Font Info:    ... okay on input line 128.
LaTeX Font Info:    Checking defaults for T1/cmr/m/n on input line 128.
LaTeX Font Info:    ... okay on input line 128.
LaTeX Font Info:    Checking defaults for TS1/cmr/m/n on input line 128.
LaTeX Font Info:    ... okay on input line 128.
LaTeX Font Info:    Checking defaults for OMX/cmex/m/n on input line 128.
LaTeX Font Info:    ... okay on input line 128.
LaTeX Font Info:    Checking defaults for U/cmr/m/n on input line 128.
LaTeX Font Info:    ... okay on input line 128.
LaTeX Font Info:    Checking defaults for PD1/pdf/m/n on input line 128.
LaTeX Font Info:    ... okay on input line 128.
LaTeX Font Info:    Checking defaults for PU/pdf/m/n on input line 128.
LaTeX Font Info:    ... okay on input line 128.

*geometry* driver: auto-detecting
*geometry* detected driver: pdftex
*geometry* verbose mode - [ preamble ] result:
* driver: pdftex
* paper: custom
* layout: <same size as paper>
* layoutoffset:(h,v)=(0.0pt,0.0pt)
* modes: includehead includefoot 
* h-part:(L,W,R)=(49.9878pt, 355.2685pt, 49.9878pt)
* v-part:(T,H,B)=(0.0pt, 284.52756pt, 0.0pt)
* \paperwidth=455.24408pt
* \paperheight=284.52756pt
* \textwidth=355.2685pt
* \textheight=256.07483pt
* \oddsidemargin=-22.2822pt
* \evensidemargin=-22.2822pt
* \topmargin=-72.26999pt
* \headheight=14.22636pt
* \headsep=0.0pt
* \topskip=10.0pt
* \footskip=14.22636pt
* \marginparwidth=3.0pt
* \marginparsep=11.0pt
* \columnsep=10.0pt
* \skip\footins=9.0pt plus 4.0pt minus 2.0pt
* \hoffset=0.0pt
* \voffset=0.0pt
* \mag=1000
* \@twocolumnfalse
* \@twosidefalse
* \@mparswitchfalse
* \@reversemarginfalse
* (1in=72.27pt=25.4mm, 1cm=28.453pt)

(d:/texlive/2025/texmf-dist/tex/context/base/mkii/supp-pdf.mkii
[Loading MPS to PDF converter (version 2006.09.02).]
\scratchcounter=\count367
\scratchdimen=\dimen346
\scratchbox=\box95
\nofMPsegments=\count368
\nofMParguments=\count369
\everyMPshowfont=\toks54
\MPscratchCnt=\count370
\MPscratchDim=\dimen347
\MPnumerator=\count371
\makeMPintoPDFobject=\count372
\everyMPtoPDFconversion=\toks55
) (d:/texlive/2025/texmf-dist/tex/latex/epstopdf-pkg/epstopdf-base.sty
Package: epstopdf-base 2020-01-24 v2.11 Base part for package epstopdf
Package epstopdf-base Info: Redefining graphics rule for `.eps' on input line 4
85.

(d:/texlive/2025/texmf-dist/tex/latex/latexconfig/epstopdf-sys.cfg
File: epstopdf-sys.cfg 2010/07/13 v1.3 Configuration of (r)epstopdf for TeX Liv
e
))
Package hyperref Info: Link coloring ON on input line 128.

(./Hamzeh_Khanpour_top_FCNC_FCCee.out) (./Hamzeh_Khanpour_top_FCNC_FCCee.out)
\@outlinefile=\write5
\openout5 = `Hamzeh_Khanpour_top_FCNC_FCCee.out'.

LaTeX Font Info:    Overwriting symbol font `operators' in version `normal'
(Font)                  OT1/lmr/m/n --> OT1/cmss/m/n on input line 128.
LaTeX Font Info:    Overwriting symbol font `operators' in version `bold'
(Font)                  OT1/lmr/bx/n --> OT1/cmss/b/n on input line 128.
LaTeX Font Info:    Overwriting symbol font `operators' in version `normal'
(Font)                  OT1/cmss/m/n --> OT1/lmss/m/n on input line 128.
LaTeX Font Info:    Overwriting symbol font `operators' in version `bold'
(Font)                  OT1/cmss/b/n --> OT1/lmss/b/n on input line 128.
\symnumbers=\mathgroup11
LaTeX Font Info:    Redeclaring symbol font `pureletters' on input line 128.
LaTeX Font Info:    Encoding `OT1' has changed to `T1' for symbol font
(Font)              `pureletters' in the math version `normal' on input line 12
8.
LaTeX Font Info:    Overwriting symbol font `pureletters' in version `normal'
(Font)                  OT1/mathkerncmss/m/sl --> T1/lmss/m/it on input line 12
8.
LaTeX Font Info:    Encoding `OT1' has changed to `T1' for symbol font
(Font)              `pureletters' in the math version `bold' on input line 128.

LaTeX Font Info:    Overwriting symbol font `pureletters' in version `bold'
(Font)                  OT1/mathkerncmss/bx/sl --> T1/lmss/m/it on input line 1
28.
LaTeX Font Info:    Overwriting math alphabet `\mathrm' in version `normal'
(Font)                  OT1/lmss/m/n --> T1/lmr/m/n on input line 128.
LaTeX Font Info:    Redeclaring math alphabet \mathbf on input line 128.
LaTeX Font Info:    Redeclaring math alphabet \mathsf on input line 128.
LaTeX Font Info:    Overwriting math alphabet `\mathsf' in version `normal'
(Font)                  OT1/lmss/m/n --> T1/lmss/m/n on input line 128.
LaTeX Font Info:    Overwriting math alphabet `\mathsf' in version `bold'
(Font)                  OT1/lmss/bx/n --> T1/lmss/m/n on input line 128.
LaTeX Font Info:    Redeclaring math alphabet \mathit on input line 128.
LaTeX Font Info:    Overwriting math alphabet `\mathit' in version `normal'
(Font)                  OT1/lmr/m/it --> T1/lmss/m/it on input line 128.
LaTeX Font Info:    Overwriting math alphabet `\mathit' in version `bold'
(Font)                  OT1/lmr/bx/it --> T1/lmss/m/it on input line 128.
LaTeX Font Info:    Redeclaring math alphabet \mathtt on input line 128.
LaTeX Font Info:    Overwriting math alphabet `\mathtt' in version `normal'
(Font)                  OT1/lmtt/m/n --> T1/lmtt/m/n on input line 128.
LaTeX Font Info:    Overwriting math alphabet `\mathtt' in version `bold'
(Font)                  OT1/lmtt/m/n --> T1/lmtt/m/n on input line 128.
LaTeX Font Info:    Overwriting symbol font `numbers' in version `bold'
(Font)                  T1/lmss/m/n --> T1/lmss/b/n on input line 128.
LaTeX Font Info:    Overwriting symbol font `pureletters' in version `bold'
(Font)                  T1/lmss/m/it --> T1/lmss/b/it on input line 128.
LaTeX Font Info:    Overwriting math alphabet `\mathrm' in version `bold'
(Font)                  OT1/lmss/b/n --> T1/lmr/b/n on input line 128.
LaTeX Font Info:    Overwriting math alphabet `\mathbf' in version `bold'
(Font)                  T1/lmss/b/n --> T1/lmss/b/n on input line 128.
LaTeX Font Info:    Overwriting math alphabet `\mathsf' in version `bold'
(Font)                  T1/lmss/m/n --> T1/lmss/b/n on input line 128.
LaTeX Font Info:    Overwriting math alphabet `\mathit' in version `bold'
(Font)                  T1/lmss/m/it --> T1/lmss/b/it on input line 128.
LaTeX Font Info:    Overwriting math alphabet `\mathtt' in version `bold'
(Font)                  T1/lmtt/m/n --> T1/lmtt/b/n on input line 128.
LaTeX Font Info:    Redeclaring symbol font `boldpureletters' on input line 128
.
LaTeX Font Info:    Encoding `OT1' has changed to `T1' for symbol font
(Font)              `boldpureletters' in the math version `normal' on input lin
e 128.
LaTeX Font Info:    Overwriting symbol font `boldpureletters' in version `norma
l'
(Font)                  OT1/mathkerncmss/bx/sl --> T1/lmss/bx/it on input line 
128.
LaTeX Font Info:    Encoding `OT1' has changed to `T1' for symbol font
(Font)              `boldpureletters' in the math version `bold' on input line 
128.
LaTeX Font Info:    Overwriting symbol font `boldpureletters' in version `bold'

(Font)                  OT1/mathkerncmss/bx/sl --> T1/lmss/bx/it on input line 
128.

(d:/texlive/2025/texmf-dist/tex/latex/translator/translator-basic-dictionary-En
glish.dict
Dictionary: translator-basic-dictionary, Language: English 
)
(d:/texlive/2025/texmf-dist/tex/latex/translator/translator-bibliography-dictio
nary-English.dict
Dictionary: translator-bibliography-dictionary, Language: English 
)
(d:/texlive/2025/texmf-dist/tex/latex/translator/translator-environment-diction
ary-English.dict
Dictionary: translator-environment-dictionary, Language: English 
)
(d:/texlive/2025/texmf-dist/tex/latex/translator/translator-months-dictionary-E
nglish.dict
Dictionary: translator-months-dictionary, Language: English 
)
(d:/texlive/2025/texmf-dist/tex/latex/translator/translator-numbers-dictionary-
English.dict
Dictionary: translator-numbers-dictionary, Language: English 
)
(d:/texlive/2025/texmf-dist/tex/latex/translator/translator-theorem-dictionary-
English.dict
Dictionary: translator-theorem-dictionary, Language: English 
)
..................................................................
You are using the AGH beamer theme created by Stanislaw Polak
Version: 1.6.1, Feb 2024
..................................................................
(./Hamzeh_Khanpour_top_FCNC_FCCee.nav)
<FCC.jpg, id=43, 637.38126pt x 282.05376pt>
File: FCC.jpg Graphic file (type jpg)
<use FCC.jpg>
Package pdftex.def Info: FCC.jpg  used on input line 146.
(pdftex.def)             Requested size: 86.78099pt x 38.39839pt.
LaTeX Font Info:    Trying to load font information for OT1+lmss on input line 
146.

(d:/texlive/2025/texmf-dist/tex/latex/lm/ot1lmss.fd
File: ot1lmss.fd 2015/05/01 v1.6.1 Font defs for Latin Modern
)
LaTeX Font Info:    Trying to load font information for OML+lmm on input line 1
46.

(d:/texlive/2025/texmf-dist/tex/latex/lm/omllmm.fd
File: omllmm.fd 2015/05/01 v1.6.1 Font defs for Latin Modern
)
LaTeX Font Info:    Trying to load font information for OMS+lmsy on input line 
146.

(d:/texlive/2025/texmf-dist/tex/latex/lm/omslmsy.fd
File: omslmsy.fd 2015/05/01 v1.6.1 Font defs for Latin Modern
)
LaTeX Font Info:    Trying to load font information for OMX+lmex on input line 
146.

(d:/texlive/2025/texmf-dist/tex/latex/lm/omxlmex.fd
File: omxlmex.fd 2015/05/01 v1.6.1 Font defs for Latin Modern
)
LaTeX Font Info:    External font `lmex10' loaded for size
(Font)              <10> on input line 146.
LaTeX Font Info:    External font `lmex10' loaded for size
(Font)              <7> on input line 146.
LaTeX Font Info:    External font `lmex10' loaded for size
(Font)              <5> on input line 146.
LaTeX Font Info:    Trying to load font information for U+msa on input line 146
.

(d:/texlive/2025/texmf-dist/tex/latex/amsfonts/umsa.fd
File: umsa.fd 2013/01/14 v3.01 AMS symbols A
)
LaTeX Font Info:    Trying to load font information for U+msb on input line 146
.

(d:/texlive/2025/texmf-dist/tex/latex/amsfonts/umsb.fd
File: umsb.fd 2013/01/14 v3.01 AMS symbols B
)
LaTeX Font Info:    Font shape `T1/lmss/m/it' in size <10> not available
(Font)              Font shape `T1/lmss/m/sl' tried instead on input line 146.
LaTeX Font Info:    Font shape `T1/lmss/m/it' in size <7> not available
(Font)              Font shape `T1/lmss/m/sl' tried instead on input line 146.
LaTeX Font Info:    Font shape `T1/lmss/m/it' in size <5> not available
(Font)              Font shape `T1/lmss/m/sl' tried instead on input line 146.
LaTeX Font Info:    Trying to load font information for OT1+lmr on input line 1
46.

(d:/texlive/2025/texmf-dist/tex/latex/lm/ot1lmr.fd
File: ot1lmr.fd 2015/05/01 v1.6.1 Font defs for Latin Modern
)
LaTeX Font Info:    Font shape `T1/lmss/bx/it' in size <10> not available
(Font)              Font shape `T1/lmss/bx/sl' tried instead on input line 146.

LaTeX Font Info:    Font shape `T1/lmss/bx/it' in size <7> not available
(Font)              Font shape `T1/lmss/bx/sl' tried instead on input line 146.

LaTeX Font Info:    Font shape `T1/lmss/bx/it' in size <5> not available
(Font)              Font shape `T1/lmss/bx/sl' tried instead on input line 146.



[1{d:/texlive/2025/texmf-var/fonts/map/pdftex/updmap/pdftex.map}{d:/texlive/202
5/texmf-dist/fonts/enc/dvips/lm/lm-ec.enc}

 <./FCC.jpg>]
LaTeX Font Info:    External font `lmex10' loaded for size
(Font)              <9> on input line 202.
LaTeX Font Info:    External font `lmex10' loaded for size
(Font)              <6> on input line 202.
LaTeX Font Info:    Font shape `T1/lmss/m/it' in size <9> not available
(Font)              Font shape `T1/lmss/m/sl' tried instead on input line 202.
LaTeX Font Info:    Font shape `T1/lmss/m/it' in size <6> not available
(Font)              Font shape `T1/lmss/m/sl' tried instead on input line 202.
LaTeX Font Info:    Font shape `T1/lmss/bx/it' in size <9> not available
(Font)              Font shape `T1/lmss/bx/sl' tried instead on input line 202.

LaTeX Font Info:    Font shape `T1/lmss/bx/it' in size <6> not available
(Font)              Font shape `T1/lmss/bx/sl' tried instead on input line 202.

File: FCC.jpg Graphic file (type jpg)
<use FCC.jpg>
Package pdftex.def Info: FCC.jpg  used on input line 202.
(pdftex.def)             Requested size: 51.21504pt x 22.65944pt.


[2

{d:/texlive/2025/texmf-dist/fonts/enc/dvips/lm/lm-mathit.enc}]

Package hyperref Warning: Token not allowed in a PDF string (Unicode):
(hyperref)                removing `\color' on input line 210.


Underfull \hbox (badness 2903) in paragraph at lines 255--255
[]\T1/lmss/m/n/9 FCC Physics Op-por-tu-ni-ties, FCC CDR[]: physics case and ben
ch-mark pro-gramme,
 []

File: FCC.jpg Graphic file (type jpg)
<use FCC.jpg>
Package pdftex.def Info: FCC.jpg  used on input line 255.
(pdftex.def)             Requested size: 51.21504pt x 22.65944pt.


[3

{d:/texlive/2025/texmf-dist/fonts/enc/dvips/lm/lm-rm.enc}{d:/texlive/2025/texmf
-dist/fonts/enc/dvips/lm/lm-mathsy.enc}]
<FCC_plan.jpg, id=114, 2292.565pt x 917.4275pt>
File: FCC_plan.jpg Graphic file (type jpg)
<use FCC_plan.jpg>
Package pdftex.def Info: FCC_plan.jpg  used on input line 324.
(pdftex.def)             Requested size: 355.2685pt x 142.15779pt.
File: FCC.jpg Graphic file (type jpg)
<use FCC.jpg>
Package pdftex.def Info: FCC.jpg  used on input line 324.
(pdftex.def)             Requested size: 51.21504pt x 22.65944pt.

Overfull \vbox (29.2722pt too high) detected at line 324
 []



[4

 <./FCC_plan.jpg>]
<FCC_Poland.jpg, id=154, 2467.2175pt x 790.955pt>
File: FCC_Poland.jpg Graphic file (type jpg)
<use FCC_Poland.jpg>
Package pdftex.def Info: FCC_Poland.jpg  used on input line 408.
(pdftex.def)             Requested size: 187.58409pt x 60.12769pt.
<AGH_FCC.jpg, id=155, 2549.525pt x 1266.7325pt>
File: AGH_FCC.jpg Graphic file (type jpg)
<use AGH_FCC.jpg>
Package pdftex.def Info: AGH_FCC.jpg  used on input line 408.
(pdftex.def)             Requested size: 187.58409pt x 93.18393pt.
<AGH_FCC_2.jpg, id=156, 1925.1925pt x 1092.08pt>
File: AGH_FCC_2.jpg Graphic file (type jpg)
<use AGH_FCC_2.jpg>
Package pdftex.def Info: AGH_FCC_2.jpg  used on input line 408.
(pdftex.def)             Requested size: 187.58409pt x 106.39821pt.

Underfull \hbox (badness 1490) in paragraph at lines 408--408
[]\T1/lmss/m/n/9 AGH Uni-ver-sity of Krakow ap-pears pub-licly
 []

File: FCC.jpg Graphic file (type jpg)
<use FCC.jpg>
Package pdftex.def Info: FCC.jpg  used on input line 408.
(pdftex.def)             Requested size: 51.21504pt x 22.65944pt.

Overfull \vbox (36.35335pt too high) detected at line 408
 []



[5

 <./FCC_Poland.jpg> <./AGH_FCC.jpg> <./AGH_FCC_2.jpg>]
LaTeX Font Info:    Trying to load font information for T1+lmr on input line 45
5.

(d:/texlive/2025/texmf-dist/tex/latex/lm/t1lmr.fd
File: t1lmr.fd 2015/05/01 v1.6.1 Font defs for Latin Modern
)
<FCC_ee_1.png, id=194, 1541.76pt x 1027.84pt>
File: FCC_ee_1.png Graphic file (type png)
<use FCC_ee_1.png>
Package pdftex.def Info: FCC_ee_1.png  used on input line 455.
(pdftex.def)             Requested size: 177.63425pt x 118.41084pt.
File: FCC.jpg Graphic file (type jpg)
<use FCC.jpg>
Package pdftex.def Info: FCC.jpg  used on input line 455.
(pdftex.def)             Requested size: 51.21504pt x 22.65944pt.

Overfull \vbox (12.2292pt too high) detected at line 455
 []



[6

 <./FCC_ee_1.png (PNG copy)>]
<The_FCC_ee_baseline_design_luminosity.jpg, id=219, 612.57428pt x 335.53929pt>
File: The_FCC_ee_baseline_design_luminosity.jpg Graphic file (type jpg)
<use The_FCC_ee_baseline_design_luminosity.jpg>
Package pdftex.def Info: The_FCC_ee_baseline_design_luminosity.jpg  used on inp
ut line 512.
(pdftex.def)             Requested size: 177.63425pt x 97.29877pt.

Underfull \hbox (badness 2326) in paragraph at lines 512--512
[]|$\T1/lmss/m/sl/7 m[]$\T1/lmss/m/n/7 , $\OT1/lmss/m/n/7 ^^@[]$\T1/lmss/m/n/7 
, $\T1/lmss/m/sl/7 W[]W[]$ \T1/lmss/m/n/7 thresh-old
 []


Underfull \hbox (badness 10000) in paragraph at lines 512--512
[]|$\T1/lmss/m/sl/7 ZH$ \T1/lmss/m/n/7 Higgs
 []


Underfull \hbox (badness 10000) in paragraph at lines 512--512
\T1/lmss/m/n/7 section max-i-mum: re-coil
 []


Underfull \hbox (badness 1852) in paragraph at lines 512--512
\T1/lmss/m/n/7 method, $\OML/lmm/m/it/7 ^^T[]$ \T1/lmss/m/n/7 an-chor, ab-so-lu
te
 []


Underfull \hbox (badness 10000) in paragraph at lines 512--512
\T1/lmss/m/n/7 Higgs nor-mal-i-sa-tion, in-vis-i-
 []


Underfull \hbox (badness 4647) in paragraph at lines 512--512
[]|\T1/lmss/m/n/7 Top thresh-
 []


Underfull \hbox (badness 10000) in paragraph at lines 512--512
\T1/lmss/m/n/7 old and
 []


Underfull \hbox (badness 10000) in paragraph at lines 512--512
[]|\T1/lmss/m/n/7 340-350,
 []

File: FCC.jpg Graphic file (type jpg)
<use FCC.jpg>
Package pdftex.def Info: FCC.jpg  used on input line 512.
(pdftex.def)             Requested size: 51.21504pt x 22.65944pt.

Overfull \vbox (3.26031pt too high) detected at line 512
 []



[7

 <./The_FCC_ee_baseline_design_luminosity.jpg>]
<FCC_baseline_operation.jpg, id=244, 1694.33pt x 815.045pt>
File: FCC_baseline_operation.jpg Graphic file (type jpg)
<use FCC_baseline_operation.jpg>
Package pdftex.def Info: FCC_baseline_operation.jpg  used on input line 583.
(pdftex.def)             Requested size: 177.63425pt x 85.43922pt.
<FCC_program.jpg, id=245, 1816.7875pt x 568.1225pt>
File: FCC_program.jpg Graphic file (type jpg)
<use FCC_program.jpg>
Package pdftex.def Info: FCC_program.jpg  used on input line 583.
(pdftex.def)             Requested size: 177.63425pt x 55.54124pt.

Underfull \hbox (badness 10000) in paragraph at lines 583--583
[]|\T1/lmss/bx/n/7 Integrated
 []


Underfull \hbox (badness 2865) in paragraph at lines 583--583
[]|$\T1/lmss/m/n/7 2\OML/lmm/m/it/7 :\T1/lmss/m/n/7 2 \OMS/lmsy/m/n/7 ^^B [][]$
 $\T1/lmss/m/sl/7 ZH$ $\OT1/lmss/m/n/7 +\T1/lmss/m/n/7 65\T1/lmr/m/n/7 k$
 []


Underfull \hbox (badness 10000) in paragraph at lines 583--583
[]|$\T1/lmss/m/n/7 0\OML/lmm/m/it/7 :\T1/lmss/m/n/7 42 \OT1/lmss/m/n/7 +
 []

File: FCC.jpg Graphic file (type jpg)
<use FCC.jpg>
Package pdftex.def Info: FCC.jpg  used on input line 583.
(pdftex.def)             Requested size: 51.21504pt x 22.65944pt.

Overfull \vbox (10.43726pt too high) detected at line 583
 []



[8

 <./FCC_baseline_operation.jpg> <./FCC_program.jpg>]
Underfull \hbox (badness 1755) in paragraph at lines 653--653
[]\T1/lmss/m/n/9 model-independent Higgs char-ac-ter-i-sa-
 []


Underfull \hbox (badness 10000) in paragraph at lines 653--653
[]\T1/lmss/m/n/9 dedicated top-threshold and above-
 []

File: FCC.jpg Graphic file (type jpg)
<use FCC.jpg>
Package pdftex.def Info: FCC.jpg  used on input line 653.
(pdftex.def)             Requested size: 51.21504pt x 22.65944pt.
LaTeX Font Info:    External font `lmex10' loaded for size
(Font)              <14.4> on input line 653.
LaTeX Font Info:    Font shape `T1/lmss/m/it' in size <14.4> not available
(Font)              Font shape `T1/lmss/m/sl' tried instead on input line 653.
LaTeX Font Info:    Font shape `T1/lmss/bx/it' in size <14.4> not available
(Font)              Font shape `T1/lmss/bx/sl' tried instead on input line 653.


Overfull \vbox (3.55351pt too high) detected at line 653
 []



[9

]
<FCC_ee_2.png, id=315, 1541.76pt x 1027.84pt>
File: FCC_ee_2.png Graphic file (type png)
<use FCC_ee_2.png>
Package pdftex.def Info: FCC_ee_2.png  used on input line 681.
(pdftex.def)             Requested size: 248.68686pt x 165.79086pt.
File: FCC.jpg Graphic file (type jpg)
<use FCC.jpg>
Package pdftex.def Info: FCC.jpg  used on input line 681.
(pdftex.def)             Requested size: 51.21504pt x 22.65944pt.


[10

 <./FCC_ee_2.png (PNG copy)>]
Underfull \hbox (badness 2478) in paragraph at lines 747--747
[]\T1/lmss/m/n/9 Central ob-serv-ables in-clude $\T1/lmss/m/sl/9 m[]$\T1/lmss/m
/n/9 , $\OT1/lmss/m/n/9 ^^@[]$\T1/lmss/m/n/9 ,
 []


Underfull \hbox (badness 10000) in paragraph at lines 747--747
[]|$\OMS/lmsy/m/n/7 ^^X
 []


Underfull \hbox (badness 10000) in paragraph at lines 747--747
\T1/lmss/m/n/7 190\OMS/lmsy/m/n/7 ^^B$
 []


Underfull \hbox (badness 10000) in paragraph at lines 747--747
[]|$\T1/lmss/m/n/7 1\OML/lmm/m/it/7 :\T1/lmss/m/n/7 2 \OMS/lmsy/m/n/7 ^^B \T1/l
mss/m/n/7 10[]$
 []


Underfull \hbox (badness 10000) in paragraph at lines 747--747
[]|$\OMS/lmsy/m/n/7 ^^X
 []


Underfull \hbox (badness 10000) in paragraph at lines 747--747
[]|$\T1/lmss/m/n/7 0\OML/lmm/m/it/7 :\T1/lmss/m/n/7 25\OML/lmm/m/it/7 =\T1/lmss
/m/n/7 0\OML/lmm/m/it/7 :\T1/lmss/m/n/7 3 \OMS/lmsy/m/n/7 ^^B
 []


Underfull \hbox (badness 10000) in paragraph at lines 747--747
[]|$\OML/lmm/m/it/7 >
 []


Underfull \hbox (badness 10000) in paragraph at lines 747--747
[]|$\T1/lmss/m/n/7 0\OML/lmm/m/it/7 :\T1/lmss/m/n/7 09\OML/lmm/m/it/7 =\T1/lmss
/m/n/7 0\OML/lmm/m/it/7 :\T1/lmss/m/n/7 12 \OMS/lmsy/m/n/7 ^^B
 []


Underfull \hbox (badness 10000) in paragraph at lines 747--747
[]|\T1/lmss/m/n/7 stat.
 []


Underfull \hbox (badness 2600) in paragraph at lines 747--747
\T1/lmss/m/n/7 0\OML/lmm/m/it/7 :\T1/lmss/m/n/7 04 \OMS/lmsy/m/n/7 ^^B \T1/lmss
/m/n/7 10[]$,
 []


Underfull \hbox (badness 10000) in paragraph at lines 747--747
\T1/lmss/m/n/7 syst.
 []


Underfull \hbox (badness 1675) in paragraph at lines 747--747
[]|\T1/lmss/m/n/7 stat. $0\OML/lmm/m/it/7 :\T1/lmss/m/n/7 1 \OMS/lmsy/m/n/7 ^^B

 []

LaTeX Font Info:    External font `lmex10' loaded for size
(Font)              <12> on input line 747.
LaTeX Font Info:    External font `lmex10' loaded for size
(Font)              <8> on input line 747.
LaTeX Font Info:    Font shape `T1/lmss/m/it' in size <12> not available
(Font)              Font shape `T1/lmss/m/sl' tried instead on input line 747.
LaTeX Font Info:    Font shape `T1/lmss/m/it' in size <8> not available
(Font)              Font shape `T1/lmss/m/sl' tried instead on input line 747.
LaTeX Font Info:    Font shape `T1/lmss/bx/it' in size <12> not available
(Font)              Font shape `T1/lmss/bx/sl' tried instead on input line 747.

LaTeX Font Info:    Font shape `T1/lmss/bx/it' in size <8> not available
(Font)              Font shape `T1/lmss/bx/sl' tried instead on input line 747.

File: FCC.jpg Graphic file (type jpg)
<use FCC.jpg>
Package pdftex.def Info: FCC.jpg  used on input line 747.
(pdftex.def)             Requested size: 51.21504pt x 22.65944pt.

Overfull \vbox (14.57999pt too high) detected at line 747
 []



[11

]
File: FCC.jpg Graphic file (type jpg)
<use FCC.jpg>
Package pdftex.def Info: FCC.jpg  used on input line 834.
(pdftex.def)             Requested size: 51.21504pt x 22.65944pt.

Overfull \vbox (0.34027pt too high) detected at line 834
 []



[12

]
Underfull \hbox (badness 4846) in paragraph at lines 907--907
[]\T1/lmss/m/n/9 Differential an-gu-lar in-for-ma-tion con-
 []


Underfull \hbox (badness 1642) in paragraph at lines 907--907
[]\T1/lmss/m/n/9 Above thresh-old, $\T1/lmss/m/sl/9 e[]e[] \OMS/lmsy/m/n/9 ! \T
1/lmss/m/sl/9 W[]W[]$
 []


Underfull \hbox (badness 10000) in paragraph at lines 907--907
[]|$\OMS/lmsy/m/n/7 ^^X
 []


Underfull \hbox (badness 10000) in paragraph at lines 907--907
[]|$\OMS/lmsy/m/n/7 ^^X
 []


Underfull \hbox (badness 1038) in paragraph at lines 907--907
[]|\T1/lmss/m/n/7 stat. $2 \OMS/lmsy/m/n/7 ^^B \T1/lmss/m/n/7 10[]$,
 []


Underfull \hbox (badness 10000) in paragraph at lines 907--907
[]|$\OMS/lmsy/m/n/7 ^^X
 []


Underfull \hbox (badness 10000) in paragraph at lines 907--907
[]|$\OMS/lmsy/m/n/7 ^^X
 []


Overfull \hbox (0.55656pt too wide) in paragraph at lines 907--907
\T1/lmss/m/n/7 100\OMS/lmsy/m/n/7 ^^B$| 
 []

File: FCC.jpg Graphic file (type jpg)
<use FCC.jpg>
Package pdftex.def Info: FCC.jpg  used on input line 907.
(pdftex.def)             Requested size: 51.21504pt x 22.65944pt.


[13

]
<Figs/circos_FCCee_nomargin_newFSR.pdf, id=428, 2619.7875pt x 2810.5pt>
File: Figs/circos_FCCee_nomargin_newFSR.pdf Graphic file (type pdf)
<use Figs/circos_FCCee_nomargin_newFSR.pdf>
Package pdftex.def Info: Figs/circos_FCCee_nomargin_newFSR.pdf  used on input l
ine 954.
(pdftex.def)             Requested size: 214.9398pt x 230.54826pt.

Overfull \hbox (19.54106pt too wide) in paragraph at lines 954--954
 [][] 
 []


Underfull \hbox (badness 4303) in paragraph at lines 954--954
\T1/lmss/m/n/9 gen-era-cies be-tween Higgs and elec-
 []

File: FCC.jpg Graphic file (type jpg)
<use FCC.jpg>
Package pdftex.def Info: FCC.jpg  used on input line 954.
(pdftex.def)             Requested size: 51.21504pt x 22.65944pt.


[14

 <./Figs/circos_FCCee_nomargin_newFSR.pdf>]
<Higgs_rec.jpg, id=455, 1282.7925pt x 843.15pt>
File: Higgs_rec.jpg Graphic file (type jpg)
<use Higgs_rec.jpg>
Package pdftex.def Info: Higgs_rec.jpg  used on input line 1011.
(pdftex.def)             Requested size: 195.39874pt x 128.42258pt.

Overfull \hbox (17.7645pt too wide) in paragraph at lines 1011--1011
[][]
 []

File: FCC.jpg Graphic file (type jpg)
<use FCC.jpg>
Package pdftex.def Info: FCC.jpg  used on input line 1011.
(pdftex.def)             Requested size: 51.21504pt x 22.65944pt.

Overfull \vbox (14.79063pt too high) detected at line 1011
 []



[15

 <./Higgs_rec.jpg>]
File: FCC.jpg Graphic file (type jpg)
<use FCC.jpg>
Package pdftex.def Info: FCC.jpg  used on input line 1104.
(pdftex.def)             Requested size: 51.21504pt x 22.65944pt.

Overfull \vbox (0.83359pt too high) detected at line 1104
 []



[16

{d:/texlive/2025/texmf-dist/fonts/enc/dvips/lm/lm-mathex.enc}]
Underfull \hbox (badness 10000) in paragraph at lines 1251--1251
[]|\T1/lmss/m/n/7 FCC-
 []


Underfull \hbox (badness 10000) in paragraph at lines 1251--1251
\T1/lmss/m/n/7 ee+FCC-
 []


Underfull \hbox (badness 10000) in paragraph at lines 1251--1251
[]|$\T1/lmss/m/n/7 2\OML/lmm/m/it/7 :\T1/lmss/m/n/7 3 \OMS/lmsy/m/n/7 ^^B
 []


Underfull \hbox (badness 10000) in paragraph at lines 1251--1251
[]|$\T1/lmss/m/n/7 6\OML/lmm/m/it/7 :\T1/lmss/m/n/7 7 \OMS/lmsy/m/n/7 ^^B
 []


Overfull \hbox (8.20609pt too wide) detected at line 1251
[]  \OT1/lmss/m/n/9 =[]\OMS/lmsy/m/n/9 )  []\OML/lmm/m/it/9 :
 []

File: FCC.jpg Graphic file (type jpg)
<use FCC.jpg>
Package pdftex.def Info: FCC.jpg  used on input line 1251.
(pdftex.def)             Requested size: 51.21504pt x 22.65944pt.

Overfull \vbox (15.52652pt too high) detected at line 1251
 []



[17

]
<Figs/fermionmodifierHLLHC.pdf, id=521, 448.35826pt x 333.16472pt>
File: Figs/fermionmodifierHLLHC.pdf Graphic file (type pdf)
<use Figs/fermionmodifierHLLHC.pdf>
Package pdftex.def Info: Figs/fermionmodifierHLLHC.pdf  used on input line 1318
.
(pdftex.def)             Requested size: 142.15718pt x 105.63176pt.

Overfull \hbox (1.0209pt too wide) detected at line 1318
\OML/lmm/m/it/7 ^^T[] \OMS/lmsy/m/n/7 ^^T \T1/lmss/m/n/7 1 \OT1/lmss/m/n/7 (\T1
/lmss/m/sl/7 V \OT1/lmss/m/n/7 = \T1/lmss/m/sl/7 W\OML/lmm/m/it/7 ; \T1/lmss/m/
sl/7 Z\OT1/lmss/m/n/7 ) \OML/lmm/m/it/7 ; \OMS/lmsy/m/n/7 f\OML/lmm/m/it/7 ^^T[
];  [][];  [][]\OMS/lmsy/m/n/7 g\OML/lmm/m/it/7 :
 []

<Figs/vectormodifierHLLHC.pdf, id=534, 448.35826pt x 333.16472pt>
File: Figs/vectormodifierHLLHC.pdf Graphic file (type pdf)
<use Figs/vectormodifierHLLHC.pdf>
Package pdftex.def Info: Figs/vectormodifierHLLHC.pdf  used on input line 1318.

(pdftex.def)             Requested size: 142.15718pt x 105.63176pt.
<Figs/loopmodifierHLLHC.pdf, id=535, 448.4219pt x 333.16472pt>
File: Figs/loopmodifierHLLHC.pdf Graphic file (type pdf)
<use Figs/loopmodifierHLLHC.pdf>
Package pdftex.def Info: Figs/loopmodifierHLLHC.pdf  used on input line 1318.
(pdftex.def)             Requested size: 142.17735pt x 105.63176pt.

Overfull \vbox (0.27614pt too high) detected at line 1318
 []



[18

 <./Figs/fermionmodifierHLLHC.pdf> <./Figs/vectormodifierHLLHC.pdf> <./Figs/loo
pmodifierHLLHC.pdf>]
Underfull \hbox (badness 10000) in paragraph at lines 1413--1413
[]|\T1/lmss/m/n/7 stat.
 []


Underfull \hbox (badness 10000) in paragraph at lines 1413--1413
\T1/lmss/m/n/7 4\OML/lmm/m/it/7 :\T1/lmss/m/n/7 2 []$,
 []


Underfull \hbox (badness 10000) in paragraph at lines 1413--1413
\T1/lmss/m/n/7 syst.
 []


Underfull \hbox (badness 10000) in paragraph at lines 1413--1413
[]|\T1/lmss/m/n/7 order-
 []


Underfull \hbox (badness 5050) in paragraph at lines 1413--1413
[]\T1/lmss/m/n/9 Threshold line-shape in-for-ma-tion and above-
 []

File: FCC.jpg Graphic file (type jpg)
<use FCC.jpg>
Package pdftex.def Info: FCC.jpg  used on input line 1413.
(pdftex.def)             Requested size: 51.21504pt x 22.65944pt.


[19

]
<Figs/ZttHttplot_FCCee.pdf, id=679, 361.35pt x 245.91875pt>
File: Figs/ZttHttplot_FCCee.pdf Graphic file (type pdf)
<use Figs/ZttHttplot_FCCee.pdf>
Package pdftex.def Info: Figs/ZttHttplot_FCCee.pdf  used on input line 1480.
(pdftex.def)             Requested size: 136.77852pt x 93.0861pt.
<Figs/H3Httplot_FCCee_noHL.pdf, id=680, 361.35pt x 248.93pt>
File: Figs/H3Httplot_FCCee_noHL.pdf Graphic file (type pdf)
<use Figs/H3Httplot_FCCee_noHL.pdf>
Package pdftex.def Info: Figs/H3Httplot_FCCee_noHL.pdf  used on input line 1480
.
(pdftex.def)             Requested size: 136.77852pt x 94.22594pt.
File: FCC.jpg Graphic file (type jpg)
<use FCC.jpg>
Package pdftex.def Info: FCC.jpg  used on input line 1480.
(pdftex.def)             Requested size: 51.21504pt x 22.65944pt.


[20

 <./Figs/ZttHttplot_FCCee.pdf> <./Figs/H3Httplot_FCCee_noHL.pdf

pdfTeX warning: pdflatex.exe (file ./Figs/H3Httplot_FCCee_noHL.pdf): PDF inclus
ion: multiple pdfs with page group included in a single page
>]

Package hyperref Warning: Token not allowed in a PDF string (Unicode):
(hyperref)                removing `\color' on input line 1491.

<Presentation_Higgs_performance_meeting19marc_2024/FCNC_SM.png, id=726, 641.396
26pt x 612.2875pt>
File: Presentation_Higgs_performance_meeting19marc_2024/FCNC_SM.png Graphic fil
e (type png)
<use Presentation_Higgs_performance_meeting19marc_2024/FCNC_SM.png>
Package pdftex.def Info: Presentation_Higgs_performance_meeting19marc_2024/FCNC
_SM.png  used on input line 1543.
(pdftex.def)             Requested size: 49.55922pt x 47.3023pt.
<Presentation_Higgs_performance_meeting19marc_2024/FCNC_SM_loop.png, id=727, 62
9.35126pt x 592.2125pt>
File: Presentation_Higgs_performance_meeting19marc_2024/FCNC_SM_loop.png Graphi
c file (type png)
<use Presentation_Higgs_performance_meeting19marc_2024/FCNC_SM_loop.png>
Package pdftex.def Info: Presentation_Higgs_performance_meeting19marc_2024/FCNC
_SM_loop.png  used on input line 1543.
(pdftex.def)             Requested size: 49.55922pt x 46.62793pt.
<Presentation_Higgs_performance_meeting19marc_2024/FCNC_SM_pin.png, id=728, 551
.05875pt x 575.14874pt>
File: Presentation_Higgs_performance_meeting19marc_2024/FCNC_SM_pin.png Graphic
 file (type png)
<use Presentation_Higgs_performance_meeting19marc_2024/FCNC_SM_pin.png>
Package pdftex.def Info: Presentation_Higgs_performance_meeting19marc_2024/FCNC
_SM_pin.png  used on input line 1543.
(pdftex.def)             Requested size: 49.55922pt x 51.71727pt.
File: FCC.jpg Graphic file (type jpg)
<use FCC.jpg>
Package pdftex.def Info: FCC.jpg  used on input line 1543.
(pdftex.def)             Requested size: 51.21504pt x 22.65944pt.


[21

 <./Presentation_Higgs_performance_meeting19marc_2024/FCNC_SM.png> <./Presentat
ion_Higgs_performance_meeting19marc_2024/FCNC_SM_loop.png> <./Presentation_Higg
s_performance_meeting19marc_2024/FCNC_SM_pin.png>]
<FCNC.jpg, id=739, 334.24875pt x 281.33679pt>
File: FCNC.jpg Graphic file (type jpg)
<use FCNC.jpg>
Package pdftex.def Info: FCNC.jpg  used on input line 1586.
(pdftex.def)             Requested size: 142.10522pt x 119.61162pt.
File: FCC.jpg Graphic file (type jpg)
<use FCC.jpg>
Package pdftex.def Info: FCC.jpg  used on input line 1586.
(pdftex.def)             Requested size: 51.21504pt x 22.65944pt.


[22

 <./FCNC.jpg>]
<Presentation_Higgs_performance_meeting19marc_2024/fcnc_summarybsm_nov23.png, i
d=762, 569.12625pt x 509.14215pt>
File: Presentation_Higgs_performance_meeting19marc_2024/fcnc_summarybsm_nov23.p
ng Graphic file (type png)
<use Presentation_Higgs_performance_meeting19marc_2024/fcnc_summarybsm_nov23.pn
g>
Package pdftex.def Info: Presentation_Higgs_performance_meeting19marc_2024/fcnc
_summarybsm_nov23.png  used on input line 1630.
(pdftex.def)             Requested size: 166.97662pt x 149.3799pt.

Underfull \hbox (badness 1337) in paragraph at lines 1630--1630
[]\T1/lmss/m/n/10 Several top-FCNC chan-nels are con-
 []

File: FCC.jpg Graphic file (type jpg)
<use FCC.jpg>
Package pdftex.def Info: FCC.jpg  used on input line 1630.
(pdftex.def)             Requested size: 51.21504pt x 22.65944pt.


[23

 <./Presentation_Higgs_performance_meeting19marc_2024/fcnc_summarybsm_nov23.png
>]
<tqgamma.jpg, id=797, 166.90929pt x 175.08267pt>
File: tqgamma.jpg Graphic file (type jpg)
<use tqgamma.jpg>
Package pdftex.def Info: tqgamma.jpg  used on input line 1688.
(pdftex.def)             Requested size: 97.69937pt x 102.48305pt.
File: FCC.jpg Graphic file (type jpg)
<use FCC.jpg>
Package pdftex.def Info: FCC.jpg  used on input line 1688.
(pdftex.def)             Requested size: 51.21504pt x 22.65944pt.


[24

 <./tqgamma.jpg>]
<fcnc1.jpg, id=819, 197.02179pt x 221.11179pt>
File: fcnc1.jpg Graphic file (type jpg)
<use fcnc1.jpg>
Package pdftex.def Info: fcnc1.jpg  used on input line 1759.
(pdftex.def)             Requested size: 51.21504pt x 57.47758pt.
<fcnc2.jpg, id=820, 199.17268pt x 212.07803pt>
File: fcnc2.jpg Graphic file (type jpg)
<use fcnc2.jpg>
Package pdftex.def Info: fcnc2.jpg  used on input line 1759.
(pdftex.def)             Requested size: 51.21504pt x 54.5306pt.
<fcnc3.jpg, id=821, 204.765pt x 217.24017pt>
File: fcnc3.jpg Graphic file (type jpg)
<use fcnc3.jpg>
Package pdftex.def Info: fcnc3.jpg  used on input line 1759.
(pdftex.def)             Requested size: 51.21504pt x 54.3331pt.
<fcnc4.jpg, id=822, 204.765pt x 217.24017pt>
File: fcnc4.jpg Graphic file (type jpg)
<use fcnc4.jpg>
Package pdftex.def Info: fcnc4.jpg  used on input line 1759.
(pdftex.def)             Requested size: 51.21504pt x 54.3331pt.
File: FCC.jpg Graphic file (type jpg)
<use FCC.jpg>
Package pdftex.def Info: FCC.jpg  used on input line 1759.
(pdftex.def)             Requested size: 51.21504pt x 22.65944pt.


[25

 <./fcnc1.jpg> <./fcnc2.jpg> <./fcnc3.jpg> <./fcnc4.jpg>]
Overfull \hbox (6.86754pt too wide) in paragraph at lines 1822--1822
 [][] 
 []


Underfull \hbox (badness 2134) in paragraph at lines 1822--1822
[]\T1/lmss/m/n/9 Quoted sen-si-tiv-i-ties are ob-
 []

File: FCC.jpg Graphic file (type jpg)
<use FCC.jpg>
Package pdftex.def Info: FCC.jpg  used on input line 1822.
(pdftex.def)             Requested size: 51.21504pt x 22.65944pt.


[26

]

Package hyperref Warning: Token not allowed in a PDF string (Unicode):
(hyperref)                removing `\color' on input line 1833.


Overfull \hbox (21.90207pt too wide) in paragraph at lines 1905--1905
 []\T1/lmss/m/n/9 MadGraph5_aMC@NLO 
 []

File: FCC.jpg Graphic file (type jpg)
<use FCC.jpg>
Package pdftex.def Info: FCC.jpg  used on input line 1905.
(pdftex.def)             Requested size: 51.21504pt x 22.65944pt.

Overfull \vbox (1.44737pt too high) detected at line 1905
 []



[27

]
Underfull \hbox (badness 1590) in paragraph at lines 1989--1989
[]\T1/lmss/m/n/10 The anal-y-sis is per-formed in the []of-fi-
 []

LaTeX Font Info:    Trying to load font information for T1+lmtt on input line 1
989.
(d:/texlive/2025/texmf-dist/tex/latex/lm/t1lmtt.fd
File: t1lmtt.fd 2015/05/01 v1.6.1 Font defs for Latin Modern
)
Underfull \hbox (badness 6063) in paragraph at lines 1989--1989
[]\T1/lmtt/m/n/10 MadGraph5_aMC@NLO[] \T1/lmss/m/n/10 us-ing the FCNC
 []


Underfull \hbox (badness 10000) in paragraph at lines 1989--1989
\T1/lmss/m/n/10 ef-fec-tive model im-ple-mented through
 []


Underfull \hbox (badness 10000) in paragraph at lines 1989--1989
[]\T1/lmss/m/n/10 Jet re-con-struc-tion al-go-rithm: []ee-kT
 []

<FCCanalysis.jpg, id=886, 790.23804pt x 246.06215pt>
File: FCCanalysis.jpg Graphic file (type jpg)
<use FCCanalysis.jpg>
Package pdftex.def Info: FCCanalysis.jpg  used on input line 1989.
(pdftex.def)             Requested size: 138.55449pt x 43.14037pt.
File: FCC.jpg Graphic file (type jpg)
<use FCC.jpg>
Package pdftex.def Info: FCC.jpg  used on input line 1989.
(pdftex.def)             Requested size: 51.21504pt x 22.65944pt.

Overfull \vbox (13.36765pt too high) detected at line 1989
 []



[28

 <./FCCanalysis.jpg>]
Overfull \hbox (22.66983pt too wide) in paragraph at lines 2114--2114
[][]  
 []


Underfull \hbox (badness 1077) in paragraph at lines 2114--2114
[]\T1/lmss/m/n/10 Baseline se-lec-tion: $\T1/lmss/m/sl/10 p[] \OML/lmm/m/it/10 
>
 []

File: FCC.jpg Graphic file (type jpg)
<use FCC.jpg>
Package pdftex.def Info: FCC.jpg  used on input line 2114.
(pdftex.def)             Requested size: 51.21504pt x 22.65944pt.


[29

]
Overfull \hbox (22.66983pt too wide) in paragraph at lines 2238--2238
[][]  
 []


Underfull \hbox (badness 2547) in paragraph at lines 2238--2238
[]\T1/lmss/m/n/10 Baseline se-lec-tion: $\T1/lmss/m/sl/10 p[] \OML/lmm/m/it/10 
>
 []

File: FCC.jpg Graphic file (type jpg)
<use FCC.jpg>
Package pdftex.def Info: FCC.jpg  used on input line 2238.
(pdftex.def)             Requested size: 51.21504pt x 22.65944pt.


[30

]
Underfull \hbox (badness 1990) in paragraph at lines 2315--2315
[]\T1/lmss/m/n/9 The dom-i-nant ir-re-ducible back-ground is
 []

File: FCC.jpg Graphic file (type jpg)
<use FCC.jpg>
Package pdftex.def Info: FCC.jpg  used on input line 2315.
(pdftex.def)             Requested size: 51.21504pt x 22.65944pt.


[31

]
<algorithms_1.jpg, id=1033, 572.56767pt x 419.85428pt>
File: algorithms_1.jpg Graphic file (type jpg)
<use algorithms_1.jpg>
Package pdftex.def Info: algorithms_1.jpg  used on input line 2358.
(pdftex.def)             Requested size: 177.63425pt x 130.25598pt.
<algorithms_2.jpg, id=1034, 576.43929pt x 410.82054pt>
File: algorithms_2.jpg Graphic file (type jpg)
<use algorithms_2.jpg>
Package pdftex.def Info: algorithms_2.jpg  used on input line 2358.
(pdftex.def)             Requested size: 177.63425pt x 126.59454pt.
File: FCC.jpg Graphic file (type jpg)
<use FCC.jpg>
Package pdftex.def Info: FCC.jpg  used on input line 2358.
(pdftex.def)             Requested size: 51.21504pt x 22.65944pt.


[32

 <./algorithms_1.jpg> <./algorithms_2.jpg>]
<Wmass-240GeV-leptonic.jpg, id=1044, 647.84892pt x 461.15143pt>
File: Wmass-240GeV-leptonic.jpg Graphic file (type jpg)
<use Wmass-240GeV-leptonic.jpg>
Package pdftex.def Info: Wmass-240GeV-leptonic.jpg  used on input line 2398.
(pdftex.def)             Requested size: 177.63425pt x 126.44057pt.
<topmass-240GeV-leptonic.jpg, id=1045, 646.5584pt x 464.16267pt>
File: topmass-240GeV-leptonic.jpg Graphic file (type jpg)
<use topmass-240GeV-leptonic.jpg>
Package pdftex.def Info: topmass-240GeV-leptonic.jpg  used on input line 2398.
(pdftex.def)             Requested size: 177.63425pt x 127.52118pt.
File: FCC.jpg Graphic file (type jpg)
<use FCC.jpg>
Package pdftex.def Info: FCC.jpg  used on input line 2398.
(pdftex.def)             Requested size: 51.21504pt x 22.65944pt.


[33

 <./Wmass-240GeV-leptonic.jpg> <./topmass-240GeV-leptonic.jpg>]
<Wmass-full-240GeV.jpg, id=1055, 646.5584pt x 465.02304pt>
File: Wmass-full-240GeV.jpg Graphic file (type jpg)
<use Wmass-full-240GeV.jpg>
Package pdftex.def Info: Wmass-full-240GeV.jpg  used on input line 2439.
(pdftex.def)             Requested size: 177.63425pt x 127.75755pt.
<topmass-full-240GeV.jpg, id=1056, 644.83768pt x 456.84964pt>
File: topmass-full-240GeV.jpg Graphic file (type jpg)
<use topmass-full-240GeV.jpg>
Package pdftex.def Info: topmass-full-240GeV.jpg  used on input line 2439.
(pdftex.def)             Requested size: 177.63425pt x 125.84665pt.
File: FCC.jpg Graphic file (type jpg)
<use FCC.jpg>
Package pdftex.def Info: FCC.jpg  used on input line 2439.
(pdftex.def)             Requested size: 51.21504pt x 22.65944pt.


[34

 <./Wmass-full-240GeV.jpg> <./topmass-full-240GeV.jpg>]
<plightjet-240GeV-leptonic.jpg, id=1066, 638.81519pt x 467.17393pt>
File: plightjet-240GeV-leptonic.jpg Graphic file (type jpg)
<use plightjet-240GeV-leptonic.jpg>
Package pdftex.def Info: plightjet-240GeV-leptonic.jpg  used on input line 2480
.
(pdftex.def)             Requested size: 177.63425pt x 129.90248pt.
<plightjet-full-240GeV.jpg, id=1067, 640.53589pt x 468.03429pt>
File: plightjet-full-240GeV.jpg Graphic file (type jpg)
<use plightjet-full-240GeV.jpg>
Package pdftex.def Info: plightjet-full-240GeV.jpg  used on input line 2480.
(pdftex.def)             Requested size: 177.63425pt x 129.79178pt.
File: FCC.jpg Graphic file (type jpg)
<use FCC.jpg>
Package pdftex.def Info: FCC.jpg  used on input line 2480.
(pdftex.def)             Requested size: 51.21504pt x 22.65944pt.


[35

 <./plightjet-240GeV-leptonic.jpg> <./plightjet-full-240GeV.jpg>]
Underfull \hbox (badness 10000) in paragraph at lines 2538--2538
[]\T1/lmss/bx/n/9 Hadronic 240&365 GeV: \T1/lmss/m/n/9 category-
 []


Underfull \hbox (badness 1675) in paragraph at lines 2538--2538
\T1/lmss/m/n/9 chan-nel starts from a harsher
 []


Underfull \hbox (badness 4036) in paragraph at lines 2538--2538
\T1/lmss/m/n/9 pro-vides use-ful com-ple-men-tary
 []


Underfull \hbox (badness 1430) in paragraph at lines 2538--2538
\T1/lmss/m/n/9 sen-si-tiv-ity once topology-driven
 []


Overfull \hbox (9.41797pt too wide) in paragraph at lines 2538--2538
[][] 
 []

File: FCC.jpg Graphic file (type jpg)
<use FCC.jpg>
Package pdftex.def Info: FCC.jpg  used on input line 2538.
(pdftex.def)             Requested size: 51.21504pt x 22.65944pt.


[36

]
File: FCC.jpg Graphic file (type jpg)
<use FCC.jpg>
Package pdftex.def Info: FCC.jpg  used on input line 2604.
(pdftex.def)             Requested size: 51.21504pt x 22.65944pt.


[37

]

Package hyperref Warning: Token not allowed in a PDF string (Unicode):
(hyperref)                removing `\color' on input line 2612.


Underfull \hbox (badness 3078) in paragraph at lines 2682--2682
[]\T1/lmss/m/n/9 Best single-channel sen-si-tiv-ity in
 []


Underfull \hbox (badness 6510) in paragraph at lines 2682--2682
\T1/lmss/m/n/9 the cur-rent study comes from
 []

File: FCC.jpg Graphic file (type jpg)
<use FCC.jpg>
Package pdftex.def Info: FCC.jpg  used on input line 2682.
(pdftex.def)             Requested size: 51.21504pt x 22.65944pt.


[38

]
File: FCC.jpg Graphic file (type jpg)
<use FCC.jpg>
Package pdftex.def Info: FCC.jpg  used on input line 2743.
(pdftex.def)             Requested size: 51.21504pt x 22.65944pt.


[39

]
Underfull \hbox (badness 1472) in paragraph at lines 2808--2808
[]\T1/lmss/m/n/10 The []com-bined semilep-tonic bench-
 []

File: FCC.jpg Graphic file (type jpg)
<use FCC.jpg>
Package pdftex.def Info: FCC.jpg  used on input line 2808.
(pdftex.def)             Requested size: 51.21504pt x 22.65944pt.


[40

]

Package hyperref Warning: Token not allowed in a PDF string (Unicode):
(hyperref)                removing `\color' on input line 2813.


Overfull \hbox (1.38077pt too wide) in paragraph at lines 2849--2849
[]\T1/lmss/m/n/10 The clean $\T1/lmss/m/sl/10 e[]e[]$ \T1/lmss/m/n/10 en-vi-ron
-ment makes FCC-ee highly com-pet-i-tive for prob-ing anoma-
 []

File: FCC.jpg Graphic file (type jpg)
<use FCC.jpg>
Package pdftex.def Info: FCC.jpg  used on input line 2849.
(pdftex.def)             Requested size: 51.21504pt x 22.65944pt.


[41

]

Package hyperref Warning: Token not allowed in a PDF string (Unicode):
(hyperref)                removing `\color' on input line 2855.

<Thank_You_2.jpg, id=1220, 911.54839pt x 577.29964pt>
File: Thank_You_2.jpg Graphic file (type jpg)
<use Thank_You_2.jpg>
Package pdftex.def Info: Thank_You_2.jpg  used on input line 2874.
(pdftex.def)             Requested size: 381.87407pt x 241.84756pt.

Overfull \hbox (26.60558pt too wide) in paragraph at lines 2874--2874
 [][] 
 []

File: FCC.jpg Graphic file (type jpg)
<use FCC.jpg>
Package pdftex.def Info: FCC.jpg  used on input line 2874.
(pdftex.def)             Requested size: 51.21504pt x 22.65944pt.


[42

 <./Thank_You_2.jpg>]

Package hyperref Warning: Token not allowed in a PDF string (Unicode):
(hyperref)                removing `\color' on input line 2880.


Overfull \hbox (29.28993pt too wide) in paragraph at lines 2946--2946
[][]  
 []

File: FCC.jpg Graphic file (type jpg)
<use FCC.jpg>
Package pdftex.def Info: FCC.jpg  used on input line 2946.
(pdftex.def)             Requested size: 51.21504pt x 22.65944pt.


[43

]
Underfull \hbox (badness 1661) in paragraph at lines 3038--3038
[]\T1/lmss/m/n/9 Ultra-high statis-tics at the
 []


Underfull \hbox (badness 2486) in paragraph at lines 3038--3038
\T1/lmss/m/n/9 the $\T1/lmss/m/sl/9 WW$ \T1/lmss/m/n/9 thresh-old en-able
 []


Underfull \hbox (badness 10000) in paragraph at lines 3038--3038
\T1/lmss/m/n/9 struc-ture, flavour ob-serv-
 []


Underfull \hbox (badness 1584) in paragraph at lines 3038--3038
\T1/lmss/m/n/9 ables, $\OML/lmm/m/it/9 []\OT1/lmss/m/n/9 (\T1/lmss/m/sl/9 m[]\
OT1/lmss/m/n/9 )$\T1/lmss/m/n/9 , $\OML/lmm/m/it/9 []\OT1/lmss/m/n/9 (\T1/lmss
/m/sl/9 m[]\OT1/lmss/m/n/9 )$\T1/lmss/m/n/9 ,
 []


Underfull \hbox (badness 10000) in paragraph at lines 3038--3038
[]\T1/lmss/m/n/9 Threshold run-ning around
 []


Underfull \hbox (badness 2443) in paragraph at lines 3038--3038
[]  \OMS/lmsy/m/n/9 ^^X  \T1/lmss/m/n/9 340[]350 []$ and
 []


Underfull \hbox (badness 10000) in paragraph at lines 3038--3038
\T1/lmss/m/n/9 above-threshold op-er-a-tion
 []


Underfull \hbox (badness 4686) in paragraph at lines 3038--3038
\T1/lmss/m/n/9 elec-troweak cou-plings, the
 []

File: FCC.jpg Graphic file (type jpg)
<use FCC.jpg>
Package pdftex.def Info: FCC.jpg  used on input line 3038.
(pdftex.def)             Requested size: 51.21504pt x 22.65944pt.

Overfull \vbox (22.67775pt too high) detected at line 3038
 []



[44

]
<Figs/Hselfcoupling-precision-1b.pdf, id=1316, 961.70314pt x 540.60239pt>
File: Figs/Hselfcoupling-precision-1b.pdf Graphic file (type pdf)
<use Figs/Hselfcoupling-precision-1b.pdf>
Package pdftex.def Info: Figs/Hselfcoupling-precision-1b.pdf  used on input lin
e 3086.
(pdftex.def)             Requested size: 175.85768pt x 98.85503pt.

Overfull \hbox (15.98795pt too wide) in paragraph at lines 3086--3086
 [][] 
 []

File: FCC.jpg Graphic file (type jpg)
<use FCC.jpg>
Package pdftex.def Info: FCC.jpg  used on input line 3086.
(pdftex.def)             Requested size: 51.21504pt x 22.65944pt.


[45

 <./Figs/Hselfcoupling-precision-1b.pdf>]
<Figs/barplotsnow-xo1-smpar_newFSR-CL.pdf, id=1384, 794.97pt x 617.30624pt>
File: Figs/barplotsnow-xo1-smpar_newFSR-CL.pdf Graphic file (type pdf)
<use Figs/barplotsnow-xo1-smpar_newFSR-CL.pdf>
Package pdftex.def Info: Figs/barplotsnow-xo1-smpar_newFSR-CL.pdf  used on inpu
t line 3127.
(pdftex.def)             Requested size: 234.48087pt x 182.0755pt.

Overfull \hbox (21.31761pt too wide) in paragraph at lines 3127--3127
 [][] 
 []


Underfull \hbox (badness 1383) in paragraph at lines 3127--3127
[]\T1/lmss/m/n/9 SMEFT pa-ram-e-terises heavy new
 []

File: FCC.jpg Graphic file (type jpg)
<use FCC.jpg>
Package pdftex.def Info: FCC.jpg  used on input line 3127.
(pdftex.def)             Requested size: 51.21504pt x 22.65944pt.


[46

 <./Figs/barplotsnow-xo1-smpar_newFSR-CL.pdf>]
<Figs/IDEA_baseline_radial_evelope_07_01_2025-v2.pdf, id=2548, 1066.19325pt x 8
15.37424pt>
File: Figs/IDEA_baseline_radial_evelope_07_01_2025-v2.pdf Graphic file (type pd
f)
<use Figs/IDEA_baseline_radial_evelope_07_01_2025-v2.pdf>
Package pdftex.def Info: Figs/IDEA_baseline_radial_evelope_07_01_2025-v2.pdf  u
sed on input line 3207.
(pdftex.def)             Requested size: 193.44582pt x 147.93054pt.

Underfull \hbox (badness 10000) in paragraph at lines 3207--3207
[][]
 []

File: FCC.jpg Graphic file (type jpg)
<use FCC.jpg>
Package pdftex.def Info: FCC.jpg  used on input line 3207.
(pdftex.def)             Requested size: 51.21504pt x 22.65944pt.

Overfull \vbox (18.06943pt too high) detected at line 3207
 []



[47

 <./Figs/IDEA_baseline_radial_evelope_07_01_2025-v2.pdf>]
Underfull \hbox (badness 3281) in paragraph at lines 3270--3270
[]\T1/lmss/m/n/9 Event kine-mat-ics re-main closer to
 []


Underfull \hbox (badness 2253) in paragraph at lines 3270--3270
\T1/lmss/m/n/9 thresh-old, so re-con-structed masses,
 []


Underfull \hbox (badness 10000) in paragraph at lines 3270--3270
\T1/lmss/m/n/9 miss-ing en-ergy, and momentum-
 []


Underfull \hbox (badness 5036) in paragraph at lines 3270--3270
\T1/lmss/m/n/9 balance ob-serv-ables pro-vide strong
 []

File: FCC.jpg Graphic file (type jpg)
<use FCC.jpg>
Package pdftex.def Info: FCC.jpg  used on input line 3270.
(pdftex.def)             Requested size: 51.21504pt x 22.65944pt.

Overfull \vbox (10.06433pt too high) detected at line 3270
 []



[48

]
Underfull \hbox (badness 1297) in paragraph at lines 3356--3356
[]\T1/lmss/m/n/9 Study-level re-con-struc-tion choices: $\OML/lmm/m/it/9 ^^O[] 
\OT1/lmss/m/n/9 =
 []

File: FCCanalysis.jpg Graphic file (type jpg)
<use FCCanalysis.jpg>
Package pdftex.def Info: FCCanalysis.jpg  used on input line 3356.
(pdftex.def)             Requested size: 156.31958pt x 48.67088pt.
File: FCC.jpg Graphic file (type jpg)
<use FCC.jpg>
Package pdftex.def Info: FCC.jpg  used on input line 3356.
(pdftex.def)             Requested size: 51.21504pt x 22.65944pt.


[49

]
\tf@nav=\write6
\openout6 = `Hamzeh_Khanpour_top_FCNC_FCCee.nav'.

\tf@toc=\write7
\openout7 = `Hamzeh_Khanpour_top_FCNC_FCCee.toc'.

\tf@snm=\write8
\openout8 = `Hamzeh_Khanpour_top_FCNC_FCCee.snm'.

 (./Hamzeh_Khanpour_top_FCNC_FCCee.aux)
 ***********
LaTeX2e <2024-11-01> patch level 2
L3 programming layer <2025-01-18>
 ***********
Package rerunfilecheck Info: File `Hamzeh_Khanpour_top_FCNC_FCCee.out' has not 
changed.
(rerunfilecheck)             Checksum: 2E8026A256C552620FD7F7423E2CFE00;1344.
 ) 
Here is how much of TeX's memory you used:
 32396 strings out of 473190
 673988 string characters out of 5719978
 1394154 words of memory out of 5000000
 54888 multiletter control sequences out of 15000+600000
 724780 words of font info for 142 fonts, out of 8000000 for 9000
 1141 hyphenation exceptions out of 8191
 128i,17n,123p,14584b,1383s stack positions out of 10000i,1000n,20000p,200000b,200000s
<d:/texlive/2025/texmf-dist/fonts/type1/public/amsfonts/cm/cmmi10.pfb><d:/tex
live/2025/texmf-dist/fonts/type1/public/amsfonts/cm/cmmi12.pfb><d:/texlive/2025
/texmf-dist/fonts/type1/public/amsfonts/cm/cmmi9.pfb><d:/texlive/2025/texmf-dis
t/fonts/type1/public/amsfonts/cm/cmr10.pfb><d:/texlive/2025/texmf-dist/fonts/ty
pe1/public/amsfonts/cm/cmr12.pfb><d:/texlive/2025/texmf-dist/fonts/type1/public
/amsfonts/cm/cmr9.pfb><d:/texlive/2025/texmf-dist/fonts/type1/public/amsfonts/c
m/cmsy10.pfb><d:/texlive/2025/texmf-dist/fonts/type1/public/lm/lmex10.pfb><d:/t
exlive/2025/texmf-dist/fonts/type1/public/lm/lmmi10.pfb><d:/texlive/2025/texmf-
dist/fonts/type1/public/lm/lmmi12.pfb><d:/texlive/2025/texmf-dist/fonts/type1/p
ublic/lm/lmmi5.pfb><d:/texlive/2025/texmf-dist/fonts/type1/public/lm/lmmi6.pfb>
<d:/texlive/2025/texmf-dist/fonts/type1/public/lm/lmmi7.pfb><d:/texlive/2025/te
xmf-dist/fonts/type1/public/lm/lmmi9.pfb><d:/texlive/2025/texmf-dist/fonts/type
1/public/lm/lmr10.pfb><d:/texlive/2025/texmf-dist/fonts/type1/public/lm/lmr12.p
fb><d:/texlive/2025/texmf-dist/fonts/type1/public/lm/lmr5.pfb><d:/texlive/2025/
texmf-dist/fonts/type1/public/lm/lmr6.pfb><d:/texlive/2025/texmf-dist/fonts/typ
e1/public/lm/lmr7.pfb><d:/texlive/2025/texmf-dist/fonts/type1/public/lm/lmr9.pf
b><d:/texlive/2025/texmf-dist/fonts/type1/public/lm/lmss10.pfb><d:/texlive/2025
/texmf-dist/fonts/type1/public/lm/lmss12.pfb><d:/texlive/2025/texmf-dist/fonts/
type1/public/lm/lmss8.pfb><d:/texlive/2025/texmf-dist/fonts/type1/public/lm/lms
s9.pfb><d:/texlive/2025/texmf-dist/fonts/type1/public/lm/lmssbx10.pfb><d:/texli
ve/2025/texmf-dist/fonts/type1/public/lm/lmsso10.pfb><d:/texlive/2025/texmf-dis
t/fonts/type1/public/lm/lmsso12.pfb><d:/texlive/2025/texmf-dist/fonts/type1/pub
lic/lm/lmsso8.pfb><d:/texlive/2025/texmf-dist/fonts/type1/public/lm/lmsso9.pfb>
<d:/texlive/2025/texmf-dist/fonts/type1/public/lm/lmsy10.pfb><d:/texlive/2025/t
exmf-dist/fonts/type1/public/lm/lmsy5.pfb><d:/texlive/2025/texmf-dist/fonts/typ
e1/public/lm/lmsy6.pfb><d:/texlive/2025/texmf-dist/fonts/type1/public/lm/lmsy7.
pfb><d:/texlive/2025/texmf-dist/fonts/type1/public/lm/lmsy8.pfb><d:/texlive/202
5/texmf-dist/fonts/type1/public/lm/lmsy9.pfb><d:/texlive/2025/texmf-dist/fonts/
type1/public/lm/lmtt10.pfb><d:/texlive/2025/texmf-dist/fonts/type1/public/lm/lm
tt9.pfb>
Output written on Hamzeh_Khanpour_top_FCNC_FCCee.pdf (49 pages, 8911795 bytes).

PDF statistics:
 2859 PDF objects out of 2984 (max. 8388607)
 1572 compressed objects within 16 object streams
 106 named destinations out of 1000 (max. 500000)
 2549 words of extra memory for PDF output out of 10000 (max. 10000000)

